IQ-TREE version 1.5.3 for Linux 64-bit built Mar 12 2017
Copyright (c) 2011-2016 Nguyen Lam Tung, Olga Chernomor, Arndt von Haeseler and Bui Quang Minh.

Host:    r1014.uppmax.uu.se (AVX2, FMA3, 251 GB RAM)
Command: iqtree -s mafft/component100/component100.mafft -m LG+C60+F -nt 1 -bb 1000 -redo
Seed:    867515 (Using SPRNG - Scalable Parallel Random Number Generator)
Time:    Fri Aug  5 12:09:12 2022
Kernel:  AVX+FMA

NOTE: Consider using the multicore version because your CPU has 16 cores!

Reading alignment file mafft/component100/component100.mafft ... Fasta format detected
Alignment most likely contains protein sequences
Alignment has 100 sequences with 198 columns and 198 patterns (148 informative sites, 22 constant sites)
WARNING: Some sequence names are changed as follows:
Dunn2008:Acanthoscurria_gomesiana:115339:Tribe179 -> Dunn2008_Acanthoscurria_gomesiana_115339_Tribe179
Dunn2008:Anoplodactylus_eroticus:488521:Tribe179 -> Dunn2008_Anoplodactylus_eroticus_488521_Tribe179
Dunn2008:Aplysia_californica:6500:Tribe179 -> Dunn2008_Aplysia_californica_6500_Tribe179
Dunn2008:Argopecten_irradians:31199:Tribe179 -> Dunn2008_Argopecten_irradians_31199_Tribe179
Dunn2008:Asterina_pectinifera:7594:Tribe179 -> Dunn2008_Asterina_pectinifera_7594_Tribe179
Dunn2008:Biomphalaria_glabrata:6526:Tribe179 -> Dunn2008_Biomphalaria_glabrata_6526_Tribe179
Dunn2008:Boophilus_microplus:6941:Tribe179 -> Dunn2008_Boophilus_microplus_6941_Tribe179
Dunn2008:Branchiostoma_floridae:7739:Tribe179 -> Dunn2008_Branchiostoma_floridae_7739_Tribe179
Dunn2008:Capitella_teleta:283909:Tribe179 -> Dunn2008_Capitella_teleta_283909_Tribe179
Dunn2008:Capsaspora_owczarzaki:192875:Tribe179 -> Dunn2008_Capsaspora_owczarzaki_192875_Tribe179
Dunn2008:Carcinus_maenas:6759:Tribe179 -> Dunn2008_Carcinus_maenas_6759_Tribe179
Dunn2008:Carinoma_mutabilis:187807:Tribe179 -> Dunn2008_Carinoma_mutabilis_187807_Tribe179
Dunn2008:Cerebratulus_lacteus:6221:Tribe179 -> Dunn2008_Cerebratulus_lacteus_6221_Tribe179
Dunn2008:Chaetoderma_nitidulum:256131:Tribe179 -> Dunn2008_Chaetoderma_nitidulum_256131_Tribe179
Dunn2008:Chaetopleura_apiculata:58794:Tribe179 -> Dunn2008_Chaetopleura_apiculata_58794_Tribe179
Dunn2008:Ciona_intestinalis:7719:Tribe179 -> Dunn2008_Ciona_intestinalis_7719_Tribe179
Dunn2008:Crassostrea_virginica:6565:Tribe179 -> Dunn2008_Crassostrea_virginica_6565_Tribe179
Dunn2008:Cryptococcus_neoformans:5207:Tribe179 -> Dunn2008_Cryptococcus_neoformans_5207_Tribe179
Dunn2008:Cyanea_capillata:27804:Tribe179 -> Dunn2008_Cyanea_capillata_27804_Tribe179
Dunn2008:Daphnia_magna:35525:Tribe179 -> Dunn2008_Daphnia_magna_35525_Tribe179
Dunn2008:Drosophila_melanogaster:7227:Tribe179 -> Dunn2008_Drosophila_melanogaster_7227_Tribe179
Dunn2008:Echinococcus_granulosus:6210:Tribe179 -> Dunn2008_Echinococcus_granulosus_6210_Tribe179
Dunn2008:Echinoderes_horni:488522:Tribe179 -> Dunn2008_Echinoderes_horni_488522_Tribe179
Dunn2008:Euperipatoides_kanangrensis:488523:Tribe179 -> Dunn2008_Euperipatoides_kanangrensis_488523_Tribe179
Dunn2008:Euprymna_scolopes:6613:Tribe179 -> Dunn2008_Euprymna_scolopes_6613_Tribe179
Dunn2008:Haementeria_depressa:279730:Tribe179 -> Dunn2008_Haementeria_depressa_279730_Tribe179
Dunn2008:Homo_sapiens:9606:Tribe179 -> Dunn2008_Homo_sapiens_9606_Tribe179
Dunn2008:Hydractinia_echinata:35630:Tribe179 -> Dunn2008_Hydractinia_echinata_35630_Tribe179
Dunn2008:Hypsibius_dujardini:232323:Tribe179 -> Dunn2008_Hypsibius_dujardini_232323_Tribe179
Dunn2008:Lumbricus_rubellus:35632:Tribe179 -> Dunn2008_Lumbricus_rubellus_35632_Tribe179
Dunn2008:Macrostomum_lignano:282301:Tribe179 -> Dunn2008_Macrostomum_lignano_282301_Tribe179
Dunn2008:Mertensiid_sp:140499:Tribe179 -> Dunn2008_Mertensiid_sp_140499_Tribe179
Dunn2008:Mnemiopsis_leidyi:27923:Tribe179 -> Dunn2008_Mnemiopsis_leidyi_27923_Tribe179
Dunn2008:Monosiga_ovata:81526:Tribe179 -> Dunn2008_Monosiga_ovata_81526_Tribe179
Dunn2008:Nematostella_vectensis:45351:Tribe179 -> Dunn2008_Nematostella_vectensis_45351_Tribe179
Dunn2008:Oscarella_carmela:386100:Tribe179 -> Dunn2008_Oscarella_carmela_386100_Tribe179
Dunn2008:Ptychodera_flava:63121:Tribe179 -> Dunn2008_Ptychodera_flava_63121_Tribe179
Dunn2008:Saccharomyces_cerevisiae:4932:Tribe179 -> Dunn2008_Saccharomyces_cerevisiae_4932_Tribe179
Dunn2008:Saccoglossus_kowalevskii:10224:Tribe179 -> Dunn2008_Saccoglossus_kowalevskii_10224_Tribe179
Dunn2008:Schmidtea_mediterranea:79327:Tribe179 -> Dunn2008_Schmidtea_mediterranea_79327_Tribe179
Dunn2008:Scutigera_coleoptrata:29022:Tribe179 -> Dunn2008_Scutigera_coleoptrata_29022_Tribe179
Dunn2008:Sphaeroforma_arctica:72019:Tribe179 -> Dunn2008_Sphaeroforma_arctica_72019_Tribe179
Dunn2008:Strongylocentrotus_purpuratus:7668:Tribe179 -> Dunn2008_Strongylocentrotus_purpuratus_7668_Tribe179
Dunn2008:Terebratalia_transversa:34513:Tribe179 -> Dunn2008_Terebratalia_transversa_34513_Tribe179
Dunn2008:Themiste_lageniformis:216211:Tribe179 -> Dunn2008_Themiste_lageniformis_216211_Tribe179
Dunn2008:Trichinella_spiralis:6334:Tribe179 -> Dunn2008_Trichinella_spiralis_6334_Tribe179
Dunn2008:Urechis_caupo:6431:Tribe179 -> Dunn2008_Urechis_caupo_6431_Tribe179
Dunn2008:Xenoturbella_bocki:242395:Tribe179 -> Dunn2008_Xenoturbella_bocki_242395_Tribe179
Dunn2008:Xiphinema_index:46003:Tribe179 -> Dunn2008_Xiphinema_index_46003_Tribe179
Philippe2009:Acropora_millepora:45264:Gene_0059 -> Philippe2009_Acropora_millepora_45264_Gene_0059
Philippe2009:Allomyces_macrogynus:28583:Gene_0059 -> Philippe2009_Allomyces_macrogynus_28583_Gene_0059
Philippe2009:Anoplodactylus_eroticus:488521:Gene_0059 -> Philippe2009_Anoplodactylus_eroticus_488521_Gene_0059
Philippe2009:Aplysia_californica:6500:Gene_0059 -> Philippe2009_Aplysia_californica_6500_Gene_0059
Philippe2009:Batrachochytrium_dendrobatidis:109871:Gene_0059 -> Philippe2009_Batrachochytrium_dendrobatidis_109871_Gene_0059
Philippe2009:Branchiostoma_floridae:7739:Gene_0059 -> Philippe2009_Branchiostoma_floridae_7739_Gene_0059
Philippe2009:Capitella_teleta:283909:Gene_0059 -> Philippe2009_Capitella_teleta_283909_Gene_0059
Philippe2009:Capsaspora_owczarzaki:192875:Gene_0059 -> Philippe2009_Capsaspora_owczarzaki_192875_Gene_0059
Philippe2009:Carteriospongia_foliascens:593584:Gene_0059 -> Philippe2009_Carteriospongia_foliascens_593584_Gene_0059
Philippe2009:Ciona_savignyi:51511:Gene_0059 -> Philippe2009_Ciona_savignyi_51511_Gene_0059
Philippe2009:Clytia_hemisphaerica:252671:Gene_0059 -> Philippe2009_Clytia_hemisphaerica_252671_Gene_0059
Philippe2009:Crassostrea_gigas:29159:Gene_0059 -> Philippe2009_Crassostrea_gigas_29159_Gene_0059
Philippe2009:Cyanea_capillata:27804:Gene_0059 -> Philippe2009_Cyanea_capillata_27804_Gene_0059
Philippe2009:Danio_rerio:7955:Gene_0059 -> Philippe2009_Danio_rerio_7955_Gene_0059
Philippe2009:Daphnia_pulex:6669:Gene_0059 -> Philippe2009_Daphnia_pulex_6669_Gene_0059
Philippe2009:Euperipatoides_kanangrensis:488523:Gene_0059 -> Philippe2009_Euperipatoides_kanangrensis_488523_Gene_0059
Philippe2009:Euprymna_scolopes:6613:Gene_0059 -> Philippe2009_Euprymna_scolopes_6613_Gene_0059
Philippe2009:Helobdella_robusta:6412:Gene_0059 -> Philippe2009_Helobdella_robusta_6412_Gene_0059
Philippe2009:Hydra_magnipapillata:6087:Gene_0059 -> Philippe2009_Hydra_magnipapillata_6087_Gene_0059
Philippe2009:Hydractinia_echinata:35630:Gene_0059 -> Philippe2009_Hydractinia_echinata_35630_Gene_0059
Philippe2009:Ixodes_scapularis:6945:Gene_0059 -> Philippe2009_Ixodes_scapularis_6945_Gene_0059
Philippe2009:Leucetta_chagosensis:185688:Gene_0059 -> Philippe2009_Leucetta_chagosensis_185688_Gene_0059
Philippe2009:Metridium_senile:6116:Gene_0059 -> Philippe2009_Metridium_senile_6116_Gene_0059
Philippe2009:Mnemiopsis_leidyi:27923:Gene_0059 -> Philippe2009_Mnemiopsis_leidyi_27923_Gene_0059
Philippe2009:Molgula_tectiformis:30286:Gene_0059 -> Philippe2009_Molgula_tectiformis_30286_Gene_0059
Philippe2009:Monosiga_brevicollis:81824:Gene_0059 -> Philippe2009_Monosiga_brevicollis_81824_Gene_0059
Philippe2009:Monosiga_ovata:81526:Gene_0059 -> Philippe2009_Monosiga_ovata_81526_Gene_0059
Philippe2009:Montastraea_faveolata:48498:Gene_0059 -> Philippe2009_Montastraea_faveolata_48498_Gene_0059
Philippe2009:Nasonia_vitripennis:7425:Gene_0059 -> Philippe2009_Nasonia_vitripennis_7425_Gene_0059
Philippe2009:Nematostella_vectensis:45351:Gene_0059 -> Philippe2009_Nematostella_vectensis_45351_Gene_0059
Philippe2009:Oscarella_carmela:386100:Gene_0059 -> Philippe2009_Oscarella_carmela_386100_Gene_0059
Philippe2009:Pedicellina_cernua:43123:Gene_0059 -> Philippe2009_Pedicellina_cernua_43123_Gene_0059
Philippe2009:Pediculus_humanus:121225:Gene_0059 -> Philippe2009_Pediculus_humanus_121225_Gene_0059
Philippe2009:Petromyzon_marinus:7757:Gene_0059 -> Philippe2009_Petromyzon_marinus_7757_Gene_0059
Philippe2009:Phycomyces_blakesleeanus:4837:Gene_0059 -> Philippe2009_Phycomyces_blakesleeanus_4837_Gene_0059
Philippe2009:Pleurobrachia_pileus:140457:Gene_0059 -> Philippe2009_Pleurobrachia_pileus_140457_Gene_0059
Philippe2009:Podocoryne_carnea:6096:Gene_0059 -> Philippe2009_Podocoryne_carnea_6096_Gene_0059
Philippe2009:Proterospongia_sp:218847:Gene_0059 -> Philippe2009_Proterospongia_sp_218847_Gene_0059
Philippe2009:Amphimedon_queenslandica:400682:Gene_0059 -> Philippe2009_Amphimedon_queenslandica_400682_Gene_0059
Philippe2009:Rhizopus_oryzae:64495:Gene_0059 -> Philippe2009_Rhizopus_oryzae_64495_Gene_0059
Philippe2009:Saccoglossus_kowalevskii:10224:Gene_0059 -> Philippe2009_Saccoglossus_kowalevskii_10224_Gene_0059
Philippe2009:Scutigera_coleoptrata:29022:Gene_0059 -> Philippe2009_Scutigera_coleoptrata_29022_Gene_0059
Philippe2009:Sphaeroforma_arctica:72019:Gene_0059 -> Philippe2009_Sphaeroforma_arctica_72019_Gene_0059
Philippe2009:Spizellomyces_punctatus:109760:Gene_0059 -> Philippe2009_Spizellomyces_punctatus_109760_Gene_0059
Philippe2009:Strongylocentrotus_purpuratus:7668:Gene_0059 -> Philippe2009_Strongylocentrotus_purpuratus_7668_Gene_0059
Philippe2009:Suberites_domuncula:55567:Gene_0059 -> Philippe2009_Suberites_domuncula_55567_Gene_0059
Philippe2009:Sycon_raphanus:56443:Gene_0059 -> Philippe2009_Sycon_raphanus_56443_Gene_0059
Philippe2009:Trichoplax_adhaerens:10228:Gene_0059 -> Philippe2009_Trichoplax_adhaerens_10228_Gene_0059
Philippe2009:Tubifex_tubifex:6386:Gene_0059 -> Philippe2009_Tubifex_tubifex_6386_Gene_0059
Philippe2009:Xenoturbella_bocki:242395:Gene_0059 -> Philippe2009_Xenoturbella_bocki_242395_Gene_0059
Philippe2009:Mertensiid_sp:140499:Gene_0059 -> Philippe2009_Mertensiid_sp_140499_Gene_0059

                                                              Gap/Ambiguity  Composition  p-value
   1  Dunn2008_Acanthoscurria_gomesiana_115339_Tribe179               8.08%    passed     99.97%
   2  Dunn2008_Anoplodactylus_eroticus_488521_Tribe179                5.56%    passed     99.99%
   3  Dunn2008_Aplysia_californica_6500_Tribe179                     75.76%    passed     38.73%
   4  Dunn2008_Argopecten_irradians_31199_Tribe179                    5.56%    passed    100.00%
   5  Dunn2008_Asterina_pectinifera_7594_Tribe179                     5.56%    passed    100.00%
   6  Dunn2008_Biomphalaria_glabrata_6526_Tribe179                    5.56%    passed     99.98%
   7  Dunn2008_Boophilus_microplus_6941_Tribe179                      5.56%    passed     94.64%
   8  Dunn2008_Branchiostoma_floridae_7739_Tribe179                   5.56%    passed     56.28%
   9  Dunn2008_Capitella_teleta_283909_Tribe179                       5.56%    passed     99.23%
  10  Dunn2008_Capsaspora_owczarzaki_192875_Tribe179                  6.57%    passed     76.43%
  11  Dunn2008_Carcinus_maenas_6759_Tribe179                          5.56%    passed     99.96%
  12  Dunn2008_Carinoma_mutabilis_187807_Tribe179                    15.66%    passed     73.49%
  13  Dunn2008_Cerebratulus_lacteus_6221_Tribe179                     5.56%    passed     99.62%
  14  Dunn2008_Chaetoderma_nitidulum_256131_Tribe179                  4.55%    passed    100.00%
  15  Dunn2008_Chaetopleura_apiculata_58794_Tribe179                  5.56%    passed     99.96%
  16  Dunn2008_Ciona_intestinalis_7719_Tribe179                       6.06%    passed     98.98%
  17  Dunn2008_Crassostrea_virginica_6565_Tribe179                    5.56%    passed     99.98%
  18  Dunn2008_Cryptococcus_neoformans_5207_Tribe179                  7.07%    passed     90.12%
  19  Dunn2008_Cyanea_capillata_27804_Tribe179                       24.75%    passed     98.21%
  20  Dunn2008_Daphnia_magna_35525_Tribe179                           5.56%    passed    100.00%
  21  Dunn2008_Drosophila_melanogaster_7227_Tribe179                  5.56%    passed     99.72%
  22  Dunn2008_Echinococcus_granulosus_6210_Tribe179                  9.09%    passed     99.29%
  23  Dunn2008_Echinoderes_horni_488522_Tribe179                     28.28%    passed     54.58%
  24  Dunn2008_Euperipatoides_kanangrensis_488523_Tribe179            5.56%    passed     99.00%
  25  Dunn2008_Euprymna_scolopes_6613_Tribe179                        8.59%    passed     97.43%
  26  Dunn2008_Haementeria_depressa_279730_Tribe179                  50.00%    passed     90.47%
  27  Dunn2008_Homo_sapiens_9606_Tribe179                             5.56%    passed     99.89%
  28  Dunn2008_Hydractinia_echinata_35630_Tribe179                    5.56%    passed     99.89%
  29  Dunn2008_Hypsibius_dujardini_232323_Tribe179                    6.57%    passed     99.07%
  30  Dunn2008_Lumbricus_rubellus_35632_Tribe179                      5.56%    passed     99.81%
  31  Dunn2008_Macrostomum_lignano_282301_Tribe179                   19.19%    failed      0.00%
  32  Dunn2008_Mertensiid_sp_140499_Tribe179                          6.57%    passed     38.06%
  33  Dunn2008_Mnemiopsis_leidyi_27923_Tribe179                       6.06%    passed     97.62%
  34  Dunn2008_Monosiga_ovata_81526_Tribe179                         15.66%    passed     82.72%
  35  Dunn2008_Nematostella_vectensis_45351_Tribe179                  5.56%    passed     99.97%
  36  Dunn2008_Oscarella_carmela_386100_Tribe179                     28.79%    passed     17.97%
  37  Dunn2008_Ptychodera_flava_63121_Tribe179                        5.56%    passed     99.99%
  38  Dunn2008_Saccharomyces_cerevisiae_4932_Tribe179                15.66%    passed     90.25%
  39  Dunn2008_Saccoglossus_kowalevskii_10224_Tribe179                5.56%    passed    100.00%
  40  Dunn2008_Schmidtea_mediterranea_79327_Tribe179                  6.06%    passed     93.62%
  41  Dunn2008_Scutigera_coleoptrata_29022_Tribe179                   5.56%    passed     99.99%
  42  Dunn2008_Sphaeroforma_arctica_72019_Tribe179                    7.58%    passed     99.96%
  43  Dunn2008_Strongylocentrotus_purpuratus_7668_Tribe179           17.68%    passed     77.52%
  44  Dunn2008_Terebratalia_transversa_34513_Tribe179                 5.56%    passed     99.90%
  45  Dunn2008_Themiste_lageniformis_216211_Tribe179                 14.65%    passed     99.96%
  46  Dunn2008_Trichinella_spiralis_6334_Tribe179                    13.13%    passed     98.97%
  47  Dunn2008_Urechis_caupo_6431_Tribe179                            5.56%    passed     99.98%
  48  Dunn2008_Xenoturbella_bocki_242395_Tribe179                     5.56%    passed     73.41%
  49  Dunn2008_Xiphinema_index_46003_Tribe179                         5.56%    passed     99.79%
  50  Philippe2009_Acropora_millepora_45264_Gene_0059                16.67%    passed     99.98%
  51  Philippe2009_Allomyces_macrogynus_28583_Gene_0059              17.17%    passed     85.65%
  52  Philippe2009_Anoplodactylus_eroticus_488521_Gene_0059          16.67%    passed     99.99%
  53  Philippe2009_Aplysia_californica_6500_Gene_0059                17.17%    passed     99.88%
  54  Philippe2009_Batrachochytrium_dendrobatidis_109871_Gene_0059   16.67%    passed     89.43%
  55  Philippe2009_Branchiostoma_floridae_7739_Gene_0059             16.67%    passed     38.42%
  56  Philippe2009_Capitella_teleta_283909_Gene_0059                 16.67%    passed     99.18%
  57  Philippe2009_Capsaspora_owczarzaki_192875_Gene_0059            16.67%    passed     88.66%
  58  Philippe2009_Carteriospongia_foliascens_593584_Gene_0059       16.67%    passed    100.00%
  59  Philippe2009_Ciona_savignyi_51511_Gene_0059                    17.17%    passed     97.18%
  60  Philippe2009_Clytia_hemisphaerica_252671_Gene_0059             16.67%    passed     96.73%
  61  Philippe2009_Crassostrea_gigas_29159_Gene_0059                 16.67%    passed    100.00%
  62  Philippe2009_Cyanea_capillata_27804_Gene_0059                  16.67%    passed     99.62%
  63  Philippe2009_Danio_rerio_7955_Gene_0059                        17.68%    passed     99.45%
  64  Philippe2009_Daphnia_pulex_6669_Gene_0059                      16.67%    passed     99.99%
  65  Philippe2009_Euperipatoides_kanangrensis_488523_Gene_0059      16.67%    passed     99.68%
  66  Philippe2009_Euprymna_scolopes_6613_Gene_0059                  16.67%    passed     99.51%
  67  Philippe2009_Helobdella_robusta_6412_Gene_0059                 16.67%    passed     96.50%
  68  Philippe2009_Hydra_magnipapillata_6087_Gene_0059               16.67%    passed     98.66%
  69  Philippe2009_Hydractinia_echinata_35630_Gene_0059              16.67%    passed    100.00%
  70  Philippe2009_Ixodes_scapularis_6945_Gene_0059                  16.67%    passed     99.99%
  71  Philippe2009_Leucetta_chagosensis_185688_Gene_0059             16.67%    passed     99.96%
  72  Philippe2009_Metridium_senile_6116_Gene_0059                   16.67%    passed     99.97%
  73  Philippe2009_Mnemiopsis_leidyi_27923_Gene_0059                 16.67%    passed     98.75%
  74  Philippe2009_Molgula_tectiformis_30286_Gene_0059               16.67%    passed     99.73%
  75  Philippe2009_Monosiga_brevicollis_81824_Gene_0059              16.67%    passed     99.91%
  76  Philippe2009_Monosiga_ovata_81526_Gene_0059                    16.67%    passed     99.92%
  77  Philippe2009_Montastraea_faveolata_48498_Gene_0059             16.67%    passed     99.92%
  78  Philippe2009_Nasonia_vitripennis_7425_Gene_0059                16.67%    passed     99.20%
  79  Philippe2009_Nematostella_vectensis_45351_Gene_0059            16.67%    passed     99.97%
  80  Philippe2009_Oscarella_carmela_386100_Gene_0059                17.68%    passed     77.79%
  81  Philippe2009_Pedicellina_cernua_43123_Gene_0059                19.70%    passed    100.00%
  82  Philippe2009_Pediculus_humanus_121225_Gene_0059                16.67%    passed    100.00%
  83  Philippe2009_Petromyzon_marinus_7757_Gene_0059                 16.67%    passed     99.96%
  84  Philippe2009_Phycomyces_blakesleeanus_4837_Gene_0059           17.17%    passed     70.79%
  85  Philippe2009_Pleurobrachia_pileus_140457_Gene_0059             16.67%    passed     84.29%
  86  Philippe2009_Podocoryne_carnea_6096_Gene_0059                  16.67%    passed     99.99%
  87  Philippe2009_Proterospongia_sp_218847_Gene_0059                16.67%    passed     99.35%
  88  Philippe2009_Amphimedon_queenslandica_400682_Gene_0059         16.67%    passed     99.25%
  89  Philippe2009_Rhizopus_oryzae_64495_Gene_0059                   17.17%    passed     70.20%
  90  Philippe2009_Saccoglossus_kowalevskii_10224_Gene_0059          16.67%    passed    100.00%
  91  Philippe2009_Scutigera_coleoptrata_29022_Gene_0059             19.70%    passed     99.92%
  92  Philippe2009_Sphaeroforma_arctica_72019_Gene_0059              16.67%    passed     99.97%
  93  Philippe2009_Spizellomyces_punctatus_109760_Gene_0059          16.67%    passed     99.64%
  94  Philippe2009_Strongylocentrotus_purpuratus_7668_Gene_0059      16.67%    passed     96.73%
  95  Philippe2009_Suberites_domuncula_55567_Gene_0059               17.17%    passed    100.00%
  96  Philippe2009_Sycon_raphanus_56443_Gene_0059                    16.67%    passed     99.98%
  97  Philippe2009_Trichoplax_adhaerens_10228_Gene_0059              16.67%    passed     99.85%
  98  Philippe2009_Tubifex_tubifex_6386_Gene_0059                    16.67%    passed    100.00%
  99  Philippe2009_Xenoturbella_bocki_242395_Gene_0059               16.67%    passed     64.53%
 100  Philippe2009_Mertensiid_sp_140499_Gene_0059                    16.67%    passed     98.99%
WARNING: 1 sequences contain more than 50% gaps/ambiguity
****  TOTAL                                                          14.02%  1 sequences failed composition chi2 test (p-value<5%; df=19)

Create initial parsimony tree by phylogenetic likelihood library (PLL)... 0.053 seconds
Generating 1000 samples for ultrafast bootstrap (seed: 867515)...
Model LG+C60+F is alias for LG+POISSON+G+FMIX{C60pi1:1:0.0169698865,C60pi2:1:0.0211683374,C60pi3:1:0.0276589079,C60pi4:1:0.0065675964,C60pi5:1:0.0141221416,C60pi6:1:0.0068774834,C60pi7:1:0.0146909701,C60pi8:1:0.0067225777,C60pi9:1:0.0018396660,C60pi10:1:0.0102547197,C60pi11:1:0.0230896163,C60pi12:1:0.0057941033,C60pi13:1:0.0125394534,C60pi14:1:0.0204526478,C60pi15:1:0.0070629602,C60pi16:1:0.0117982741,C60pi17:1:0.0068334668,C60pi18:1:0.0433775839,C60pi19:1:0.0318278731,C60pi20:1:0.0222546108,C60pi21:1:0.0102264969,C60pi22:1:0.0150545891,C60pi23:1:0.0134159878,C60pi24:1:0.0148552065,C60pi25:1:0.0239111516,C60pi26:1:0.0128776278,C60pi27:1:0.0222318842,C60pi28:1:0.0247444742,C60pi29:1:0.0214274810,C60pi30:1:0.0115001882,C60pi31:1:0.0076017389,C60pi32:1:0.0130258568,C60pi33:1:0.0093701965,C60pi34:1:0.0467194264,C60pi35:1:0.0441940314,C60pi36:1:0.0322263154,C60pi37:1:0.0402999891,C60pi38:1:0.0150234227,C60pi39:1:0.0104589903,C60pi40:1:0.0214742395,C60pi41:1:0.0154957836,C60pi42:1:0.0101789953,C60pi43:1:0.0227980379,C60pi44:1:0.0123204539,C60pi45:1:0.0066777583,C60pi46:1:0.0004150083,C60pi47:1:0.0344385130,C60pi48:1:0.0113663379,C60pi49:1:0.0127143049,C60pi50:1:0.0124323741,C60pi51:1:0.0262124415,C60pi52:1:0.0064994957,C60pi53:1:0.0103203293,C60pi54:1:0.0142463512,C60pi55:1:0.0215600067,C60pi56:1:0.0199150700,C60pi57:1:0.0038964200,C60pi58:1:0.0113448855,C60pi59:1:0.0128595846,C60pi60:1:0.0117656776}+F

NOTE: 830 MB RAM (0 GB) is required!
Estimate model parameters (epsilon = 0.100)
1. Initial log-likelihood: -11420.724
2. Current log-likelihood: -11028.591
3. Current log-likelihood: -11015.146
4. Current log-likelihood: -11013.501
5. Current log-likelihood: -11012.862
6. Current log-likelihood: -11011.579
Optimal log-likelihood: -11011.548
Mixture weights: 0.086 0.000 0.016 0.017 0.004 0.000 0.006 0.023 0.015 0.005 0.000 0.000 0.048 0.011 0.024 0.000 0.008 0.086 0.000 0.007 0.000 0.000 0.057 0.003 0.000 0.019 0.018 0.045 0.014 0.000 0.020 0.011 0.000 0.066 0.014 0.000 0.018 0.009 0.015 0.000 0.000 0.009 0.000 0.032 0.013 0.054 0.000 0.004 0.000 0.000 0.073 0.005 0.056 0.035 0.005 0.000 0.000 0.028 0.000 0.000 0.019
Gamma shape alpha: 0.731
Parameters optimization took 6 rounds (93.304 sec)
WARNING: The mixture model might be overfitting because some mixture weights are estimated close to zero
Computing ML distances based on estimated model parameters... 2.986 sec
Computing BIONJ tree...
0.008 seconds
Log-likelihood of BIONJ tree: -10979.517
--------------------------------------------------------------------
|             INITIALIZING CANDIDATE TREE SET                      |
--------------------------------------------------------------------
Generating 98 parsimony trees... 3.892 second
Computing log-likelihood of 98 initial trees ... 707.112 seconds
Current best score: -10970.133

Do NNI search on 20 best initial trees
Estimate model parameters (epsilon = 0.100)
WARNING: The mixture model might be overfitting because some mixture weights are estimated close to zero
BETTER TREE FOUND at iteration 1: -10912.138
Estimate model parameters (epsilon = 0.100)
WARNING: The mixture model might be overfitting because some mixture weights are estimated close to zero
BETTER TREE FOUND at iteration 8: -10902.172
Iteration 10 / LogL: -10915.381 / Time: 0h:32m:44s
Estimate model parameters (epsilon = 0.100)
WARNING: The mixture model might be overfitting because some mixture weights are estimated close to zero
BETTER TREE FOUND at iteration 18: -10889.792
Iteration 20 / LogL: -10921.310 / Time: 0h:52m:13s
Finish initializing candidate tree set (20)
Current best tree score: -10889.792 / CPU time: 2999.660
Number of iterations: 20
--------------------------------------------------------------------
|               OPTIMIZING CANDIDATE TREE SET                      |
--------------------------------------------------------------------
Estimate model parameters (epsilon = 0.100)
WARNING: The mixture model might be overfitting because some mixture weights are estimated close to zero
BETTER TREE FOUND at iteration 21: -10882.333

******************************************************
CHECKPOINT: Resuming analysis from mafft/component100/component100.mafft.ckp.gz

IQ-TREE version 1.5.3 for Linux 64-bit built Mar 12 2017
Copyright (c) 2011-2016 Nguyen Lam Tung, Olga Chernomor, Arndt von Haeseler and Bui Quang Minh.

Host:    rackham2.uppmax.uu.se (AVX2, FMA3, 251 GB RAM)
Command: iqtree -s mafft/component100/component100.mafft -nt 8 -bb 1000
Seed:    867515 (Using SPRNG - Scalable Parallel Random Number Generator)
Time:    Fri Aug  5 14:13:05 2022
Kernel:  AVX+FMA

ERROR: Number of threads must be 1 for sequential version.

******************************************************
CHECKPOINT: Resuming analysis from mafft/component100/component100.mafft.ckp.gz

IQ-TREE version 1.5.3 for Linux 64-bit built Mar 12 2017
Copyright (c) 2011-2016 Nguyen Lam Tung, Olga Chernomor, Arndt von Haeseler and Bui Quang Minh.

Host:    rackham2.uppmax.uu.se (AVX2, FMA3, 251 GB RAM)
Command: iqtree -s mafft/component100/component100.mafft -nt AUTO -bb 1000
Seed:    867515 (Using SPRNG - Scalable Parallel Random Number Generator)
Time:    Fri Aug  5 14:13:54 2022
Kernel:  AVX+FMA

ERROR: Number of threads must be 1 for sequential version.

******************************************************
CHECKPOINT: Resuming analysis from mafft/component100/component100.mafft.ckp.gz

IQ-TREE version 1.5.3 for Linux 64-bit built Mar 12 2017
Copyright (c) 2011-2016 Nguyen Lam Tung, Olga Chernomor, Arndt von Haeseler and Bui Quang Minh.

Host:    rackham2.uppmax.uu.se (AVX2, FMA3, 251 GB RAM)
Command: iqtree -s mafft/component100/component100.mafft -nt AUTO
Seed:    867515 (Using SPRNG - Scalable Parallel Random Number Generator)
Time:    Fri Aug  5 14:14:00 2022
Kernel:  AVX+FMA

ERROR: Number of threads must be 1 for sequential version.
