IQ-TREE multicore version 1.6.7 for Linux 64-bit built Aug 23 2018
Developed by Bui Quang Minh, Nguyen Lam Tung, Olga Chernomor,
Heiko Schmidt, Dominik Schrempf, Michael Woodhams.

Host:    c27n06.farnam.hpc.yale.internal (AVX2, FMA3, 251 GB RAM)
Command: iqtree -s Borowiec2015_Best108.phy -nt 20 -bb 1000 -m GTR20+F+G -pre Borowiec2015-Best108.GTR20
Seed:    323986 (Using SPRNG - Scalable Parallel Random Number Generator)
Time:    Wed Nov  7 13:23:15 2018
Kernel:  AVX+FMA - 20 threads (28 CPU cores detected)

Reading alignment file Borowiec2015_Best108.phy ... Phylip format detected
Alignment most likely contains protein sequences
Alignment has 36 sequences with 41808 columns, 39898 distinct patterns
29144 parsimony-informative, 6799 singleton sites, 5864 constant sites
                               Gap/Ambiguity  Composition  p-value
   1  Okopleura_dioica                22.47%    failed      0.00%
   2  Apis_mellifera                   4.24%    failed      0.00%
   3  Monosiga_brevicollis            10.88%    failed      0.00%
   4  Salpingoeca_rosetta             10.61%    failed      0.00%
   5  Tribolium_castaneum              4.00%    failed      0.00%
   6  Tetranychus_urticae             13.78%    failed      0.00%
   7  Acropora_digitifera             44.02%    failed      0.64%
   8  Hydra_magnipapillata            23.31%    failed      0.00%
   9  Acyrthosiphon_pisum              3.35%    failed      0.00%
  10  Danaus_plexippus                10.10%    failed      0.00%
  11  Caenorhabditis_elegans          12.88%    failed      0.00%
  12  Drosophila_melanogaster          3.20%    failed      0.09%
  13  Nematostella_vectensis          10.29%    failed      4.31%
  14  Amphimedon_queenslandica        16.37%    failed      0.00%
  15  Mnemiopsis_leiydei_             12.07%    failed      0.01%
  16  Ixodes_scapularis               18.25%    failed      0.00%
  17  Trichoplax_adhaerens             6.10%    failed      0.00%
  18  Xenopus_tropicalis               8.16%    failed      0.92%
  19  Takifugu                         7.40%    failed      0.00%
  20  Gasterosteus_aculeatus           5.51%    failed      0.00%
  21  Homo_sapiens                    15.04%    failed      0.00%
  22  Latimeria_chalumnae              6.59%    failed      0.23%
  23  Gallus_gallus                   41.04%    failed      0.13%
  24  Anolis_carolinensis             11.22%    failed      2.39%
  25  Ciona_savignyi                  21.52%    failed      2.01%
  26  Strigamia_maritima              14.03%    passed     12.58%
  27  Daphnia_magna                    7.69%    passed     13.23%
  28  Strongylocentrotus_purpuratus   19.09%    passed     36.19%
  29  Capitella_telata                 6.77%    passed     23.63%
  30  Saccoglossus_kowalevskii        10.90%    failed      4.42%
  31  Lottia_gigantea                  6.58%    failed      0.00%
  32  Branchiostoma_floridae           7.34%    failed      0.00%
  33  Pinctada_fucata                 54.19%    failed      0.63%
  34  Brugia_malayi                   15.82%    failed      0.00%
  35  Rhodnius_prolixus               67.20%    failed      0.00%
  36  Bombus_terrestris                7.75%    failed      0.00%
WARNING: 2 sequences contain more than 50% gaps/ambiguity
****  TOTAL                           15.55%  32 sequences failed composition chi2 test (p-value<5%; df=19)

Create initial parsimony tree by phylogenetic likelihood library (PLL)... 0.653 seconds
Generating 1000 samples for ultrafast bootstrap (seed: 323986)...
WARNING: GTR20 model will estimate 189 substitution rates that might be overfitting!
WARNING: Please only use GTR20 with very large data and always test for model fit!

NOTE: 1040 MB RAM (1 GB) is required!
Estimate model parameters (epsilon = 0.100)
1. Initial log-likelihood: -1450615.853
2. Current log-likelihood: -1419866.586
3. Current log-likelihood: -1419636.822
4. Current log-likelihood: -1419597.255
5. Current log-likelihood: -1419591.338
6. Current log-likelihood: -1419590.122
7. Current log-likelihood: -1419589.846
8. Current log-likelihood: -1419589.712
9. Current log-likelihood: -1419589.482
10. Current log-likelihood: -1419587.815
11. Current log-likelihood: -1419586.870
12. Current log-likelihood: -1419586.713
Optimal log-likelihood: -1419586.638
Gamma shape alpha: 0.734
Parameters optimization took 12 rounds (1675.580 sec)
Computing ML distances based on estimated model parameters... 0.859 sec
Computing BIONJ tree...
0.001 seconds
Log-likelihood of BIONJ tree: -1419241.532
--------------------------------------------------------------------
|             INITIALIZING CANDIDATE TREE SET                      |
--------------------------------------------------------------------
Generating 98 parsimony trees... 70.791 second
Computing log-likelihood of 98 initial trees ... 35.953 seconds
Current best score: -1418727.905

Do NNI search on 20 best initial trees
Estimate model parameters (epsilon = 0.100)
BETTER TREE FOUND at iteration 1: -1418596.728
Estimate model parameters (epsilon = 0.100)
BETTER TREE FOUND at iteration 2: -1418462.699
Iteration 10 / LogL: -1418839.743 / Time: 0h:33m:51s
Iteration 20 / LogL: -1419205.096 / Time: 0h:34m:28s
Finish initializing candidate tree set (9)
Current best tree score: -1418462.699 / CPU time: 388.668
Number of iterations: 20
--------------------------------------------------------------------
|               OPTIMIZING CANDIDATE TREE SET                      |
--------------------------------------------------------------------
Iteration 30 / LogL: -1418602.804 / Time: 0h:35m:2s (1h:26m:57s left)
Iteration 40 / LogL: -1418468.414 / Time: 0h:35m:33s (0h:56m:30s left)
Iteration 50 / LogL: -1418872.431 / Time: 0h:36m:10s (0h:38m:22s left)
Log-likelihood cutoff on original alignment: -1418636.818
Iteration 60 / LogL: -1418467.000 / Time: 0h:36m:44s (0h:26m:8s left)
Iteration 70 / LogL: -1418465.558 / Time: 0h:37m:17s (0h:17m:17s left)
Iteration 80 / LogL: -1418472.127 / Time: 0h:37m:48s (0h:10m:31s left)
Iteration 90 / LogL: -1418838.898 / Time: 0h:38m:20s (0h:5m:10s left)
Iteration 100 / LogL: -1418598.428 / Time: 0h:38m:56s (0h:0m:47s left)
Log-likelihood cutoff on original alignment: -1418636.818
NOTE: Bootstrap correlation coefficient of split occurrence frequencies: 1.000
TREE SEARCH COMPLETED AFTER 103 ITERATIONS / Time: 0h:39m:6s

--------------------------------------------------------------------
|                    FINALIZING TREE SEARCH                        |
--------------------------------------------------------------------
Performs final model parameters optimization
Estimate model parameters (epsilon = 0.010)
1. Initial log-likelihood: -1418462.699
2. Current log-likelihood: -1418462.565
3. Current log-likelihood: -1418462.517
4. Current log-likelihood: -1418462.467
5. Current log-likelihood: -1418462.426
6. Current log-likelihood: -1418462.387
7. Current log-likelihood: -1418462.351
8. Current log-likelihood: -1418462.316
9. Current log-likelihood: -1418462.284
10. Current log-likelihood: -1418462.252
11. Current log-likelihood: -1418462.222
12. Current log-likelihood: -1418462.193
13. Current log-likelihood: -1418462.165
14. Current log-likelihood: -1418462.138
15. Current log-likelihood: -1418462.111
16. Current log-likelihood: -1418462.085
17. Current log-likelihood: -1418462.060
18. Current log-likelihood: -1418462.034
19. Current log-likelihood: -1418462.010
20. Current log-likelihood: -1418461.986
21. Current log-likelihood: -1418461.962
22. Current log-likelihood: -1418461.939
23. Current log-likelihood: -1418461.916
24. Current log-likelihood: -1418461.893
25. Current log-likelihood: -1418461.871
26. Current log-likelihood: -1418461.849
27. Current log-likelihood: -1418461.827
28. Current log-likelihood: -1418461.806
29. Current log-likelihood: -1418461.784
30. Current log-likelihood: -1418461.763
31. Current log-likelihood: -1418461.743
32. Current log-likelihood: -1418461.722
33. Current log-likelihood: -1418461.702
34. Current log-likelihood: -1418461.682
35. Current log-likelihood: -1418461.662
36. Current log-likelihood: -1418461.642
37. Current log-likelihood: -1418461.623
38. Current log-likelihood: -1418461.604
39. Current log-likelihood: -1418461.585
40. Current log-likelihood: -1418461.566
41. Current log-likelihood: -1418461.547
42. Current log-likelihood: -1418461.528
43. Current log-likelihood: -1418461.510
44. Current log-likelihood: -1418461.492
45. Current log-likelihood: -1418461.474
46. Current log-likelihood: -1418461.456
47. Current log-likelihood: -1418461.438
48. Current log-likelihood: -1418461.421
49. Current log-likelihood: -1418461.403
50. Current log-likelihood: -1418461.386
51. Current log-likelihood: -1418461.369
52. Current log-likelihood: -1418461.352
53. Current log-likelihood: -1418461.335
54. Current log-likelihood: -1418461.319
55. Current log-likelihood: -1418461.302
56. Current log-likelihood: -1418461.286
57. Current log-likelihood: -1418461.270
58. Current log-likelihood: -1418461.254
59. Current log-likelihood: -1418461.238
60. Current log-likelihood: -1418461.222
61. Current log-likelihood: -1418461.206
62. Current log-likelihood: -1418461.191
63. Current log-likelihood: -1418461.175
64. Current log-likelihood: -1418461.160
65. Current log-likelihood: -1418461.145
66. Current log-likelihood: -1418461.130
67. Current log-likelihood: -1418461.115
68. Current log-likelihood: -1418461.100
69. Current log-likelihood: -1418461.086
70. Current log-likelihood: -1418461.071
71. Current log-likelihood: -1418461.057
72. Current log-likelihood: -1418461.043
73. Current log-likelihood: -1418461.029
74. Current log-likelihood: -1418461.014
75. Current log-likelihood: -1418461.001
76. Current log-likelihood: -1418460.987
77. Current log-likelihood: -1418460.973
78. Current log-likelihood: -1418460.959
79. Current log-likelihood: -1418460.946
80. Current log-likelihood: -1418460.933
81. Current log-likelihood: -1418460.919
82. Current log-likelihood: -1418460.906
83. Current log-likelihood: -1418460.893
84. Current log-likelihood: -1418460.880
85. Current log-likelihood: -1418460.867
86. Current log-likelihood: -1418460.855
87. Current log-likelihood: -1418460.842
88. Current log-likelihood: -1418460.829
89. Current log-likelihood: -1418460.817
90. Current log-likelihood: -1418460.805
91. Current log-likelihood: -1418460.793
92. Current log-likelihood: -1418460.780
93. Current log-likelihood: -1418460.768
94. Current log-likelihood: -1418460.756
95. Current log-likelihood: -1418460.745
96. Current log-likelihood: -1418460.733
97. Current log-likelihood: -1418460.721
98. Current log-likelihood: -1418460.710
99. Current log-likelihood: -1418460.698
Optimal log-likelihood: -1418460.698
Gamma shape alpha: 0.733
Parameters optimization took 99 rounds (1380.044 sec)
BEST SCORE FOUND : -1418460.698
Creating bootstrap support values...
Split supports printed to NEXUS file Borowiec2015-Best108.GTR20.splits.nex
Total tree length: 13.946

Total number of iterations: 103
CPU time used for tree search: 11920.080 sec (3h:18m:40s)
Wall-clock time used for tree search: 667.481 sec (0h:11m:7s)
Total CPU time used: 72588.196 sec (20h:9m:48s)
Total wall-clock time used: 3726.983 sec (1h:2m:6s)

Computing bootstrap consensus tree...
Reading input file Borowiec2015-Best108.GTR20.splits.nex...
36 taxa and 82 splits.
Consensus tree written to Borowiec2015-Best108.GTR20.contree
Reading input trees file Borowiec2015-Best108.GTR20.contree
Log-likelihood of consensus tree: -1418460.699

Analysis results written to: 
  IQ-TREE report:                Borowiec2015-Best108.GTR20.iqtree
  Maximum-likelihood tree:       Borowiec2015-Best108.GTR20.treefile
  Likelihood distances:          Borowiec2015-Best108.GTR20.mldist

Ultrafast bootstrap approximation results written to:
  Split support values:          Borowiec2015-Best108.GTR20.splits.nex
  Consensus tree:                Borowiec2015-Best108.GTR20.contree
  Screen log file:               Borowiec2015-Best108.GTR20.log

Date and Time: Wed Nov  7 14:25:24 2018
