IQ-TREE multicore version 1.6.7 for Linux 64-bit built Aug 23 2018
Developed by Bui Quang Minh, Nguyen Lam Tung, Olga Chernomor,
Heiko Schmidt, Dominik Schrempf, Michael Woodhams.

Host:    c27n03.farnam.hpc.yale.internal (AVX2, FMA3, 251 GB RAM)
Command: iqtree -s Borowiec2015_Total1080.phy -nt 20 -bb 1000 -m GTR20+F+G -pre Borowiec2015-Total1080.GTR20
Seed:    659381 (Using SPRNG - Scalable Parallel Random Number Generator)
Time:    Wed Nov  7 13:23:15 2018
Kernel:  AVX+FMA - 20 threads (28 CPU cores detected)

Reading alignment file Borowiec2015_Total1080.phy ... Phylip format detected
Alignment most likely contains protein sequences
Alignment has 36 sequences with 384981 columns, 376433 distinct patterns
302196 parsimony-informative, 49757 singleton sites, 33028 constant sites
                               Gap/Ambiguity  Composition  p-value
   1  Salpingoeca_rosetta             40.07%    failed      0.00%
   2  Monosiga_brevicollis            45.95%    failed      0.00%
   3  Amphimedon_queenslandica        27.77%    failed      0.00%
   4  Mnemiopsis_leiydei_             29.00%    failed      0.00%
   5  Ciona_savignyi                  31.62%    failed      0.00%
   6  Trichoplax_adhaerens            18.32%    failed      0.00%
   7  Branchiostoma_floridae          12.89%    failed      0.00%
   8  Nematostella_vectensis          17.86%    failed      0.00%
   9  Homo_sapiens                    21.62%    failed      0.00%
  10  Takifugu                        17.98%    failed      0.00%
  11  Gasterosteus_aculeatus           5.75%    failed      0.00%
  12  Anolis_carolinensis             13.55%    failed      0.00%
  13  Gallus_gallus                   39.44%    failed      0.00%
  14  Latimeria_chalumnae              8.18%    failed      0.00%
  15  Strongylocentrotus_purpuratus   24.01%    failed      0.00%
  16  Danaus_plexippus                15.18%    failed      0.00%
  17  Tetranychus_urticae             26.57%    failed      0.00%
  18  Ixodes_scapularis               26.77%    failed      0.00%
  19  Acyrthosiphon_pisum             13.97%    failed      0.00%
  20  Lottia_gigantea                  8.94%    failed      0.00%
  21  Rhodnius_prolixus               68.21%    failed      0.00%
  22  Drosophila_melanogaster          7.65%    failed      0.00%
  23  Tribolium_castaneum              7.45%    failed      0.00%
  24  Apis_mellifera                  12.58%    failed      0.00%
  25  Bombus_terrestris               13.36%    failed      0.00%
  26  Capitella_telata                10.77%    failed      0.00%
  27  Strigamia_maritima              16.57%    failed      0.00%
  28  Brugia_malayi                   41.56%    failed      0.00%
  29  Caenorhabditis_elegans          33.65%    failed      0.00%
  30  Daphnia_magna                   11.72%    failed      0.00%
  31  Hydra_magnipapillata            30.77%    failed      0.00%
  32  Xenopus_tropicalis               8.93%    failed      0.00%
  33  Acropora_digitifera             47.05%    failed      0.00%
  34  Pinctada_fucata                 58.23%    failed      0.00%
  35  Saccoglossus_kowalevskii        15.04%    failed      0.00%
  36  Okopleura_dioica                40.47%    failed      0.00%
WARNING: 2 sequences contain more than 50% gaps/ambiguity
****  TOTAL                           24.15%  36 sequences failed composition chi2 test (p-value<5%; df=19)
NOTE: minimal branch length is reduced to 0.000000259753 for long alignment

Create initial parsimony tree by phylogenetic likelihood library (PLL)... 12.238 seconds
Generating 1000 samples for ultrafast bootstrap (seed: 659381)...
WARNING: GTR20 model will estimate 189 substitution rates that might be overfitting!
WARNING: Please only use GTR20 with very large data and always test for model fit!

NOTE: 9811 MB RAM (9 GB) is required!
Estimate model parameters (epsilon = 0.100)
1. Initial log-likelihood: -15603977.236
2. Current log-likelihood: -15190498.056
3. Current log-likelihood: -15188841.373
4. Current log-likelihood: -15188592.632
5. Current log-likelihood: -15188522.599
6. Current log-likelihood: -15188492.974
7. Current log-likelihood: -15188490.389
8. Current log-likelihood: -15188489.651
9. Current log-likelihood: -15188489.153
10. Current log-likelihood: -15188488.742
11. Current log-likelihood: -15188488.378
12. Current log-likelihood: -15188488.033
13. Current log-likelihood: -15188487.710
14. Current log-likelihood: -15188487.424
15. Current log-likelihood: -15188487.148
16. Current log-likelihood: -15188486.872
17. Current log-likelihood: -15188486.600
18. Current log-likelihood: -15188486.351
19. Current log-likelihood: -15188486.104
20. Current log-likelihood: -15188485.854
21. Current log-likelihood: -15188485.604
22. Current log-likelihood: -15188485.371
23. Current log-likelihood: -15188485.138
24. Current log-likelihood: -15188484.902
25. Current log-likelihood: -15188484.665
26. Current log-likelihood: -15188484.442
27. Current log-likelihood: -15188484.219
28. Current log-likelihood: -15188483.993
29. Current log-likelihood: -15188483.767
30. Current log-likelihood: -15188483.552
31. Current log-likelihood: -15188483.337
32. Current log-likelihood: -15188483.120
33. Current log-likelihood: -15188482.903
34. Current log-likelihood: -15188482.696
35. Current log-likelihood: -15188482.488
36. Current log-likelihood: -15188482.279
37. Current log-likelihood: -15188482.070
38. Current log-likelihood: -15188481.870
39. Current log-likelihood: -15188481.669
40. Current log-likelihood: -15188481.468
41. Current log-likelihood: -15188481.267
42. Current log-likelihood: -15188481.073
43. Current log-likelihood: -15188480.878
44. Current log-likelihood: -15188480.685
45. Current log-likelihood: -15188480.490
46. Current log-likelihood: -15188480.303
47. Current log-likelihood: -15188480.115
48. Current log-likelihood: -15188479.928
49. Current log-likelihood: -15188479.740
50. Current log-likelihood: -15188479.559
51. Current log-likelihood: -15188479.376
52. Current log-likelihood: -15188479.175
53. Current log-likelihood: -15188478.978
54. Current log-likelihood: -15188478.804
55. Current log-likelihood: -15188478.631
56. Current log-likelihood: -15188478.444
57. Current log-likelihood: -15188478.258
58. Current log-likelihood: -15188478.089
59. Current log-likelihood: -15188477.922
60. Current log-likelihood: -15188477.743
61. Current log-likelihood: -15188477.564
62. Current log-likelihood: -15188477.401
63. Current log-likelihood: -15188477.238
64. Current log-likelihood: -15188477.066
65. Current log-likelihood: -15188476.894
66. Current log-likelihood: -15188476.736
67. Current log-likelihood: -15188476.577
68. Current log-likelihood: -15188476.412
69. Current log-likelihood: -15188476.246
70. Current log-likelihood: -15188476.092
71. Current log-likelihood: -15188475.938
72. Current log-likelihood: -15188475.778
73. Current log-likelihood: -15188475.619
74. Current log-likelihood: -15188475.469
75. Current log-likelihood: -15188475.319
76. Current log-likelihood: -15188475.165
77. Current log-likelihood: -15188475.011
78. Current log-likelihood: -15188474.865
79. Current log-likelihood: -15188474.720
80. Current log-likelihood: -15188474.571
81. Current log-likelihood: -15188474.422
82. Current log-likelihood: -15188474.280
83. Current log-likelihood: -15188474.139
84. Current log-likelihood: -15188473.995
85. Current log-likelihood: -15188473.851
86. Current log-likelihood: -15188473.713
87. Current log-likelihood: -15188473.576
88. Current log-likelihood: -15188473.436
89. Current log-likelihood: -15188473.296
90. Current log-likelihood: -15188473.163
91. Current log-likelihood: -15188473.029
92. Current log-likelihood: -15188472.894
93. Current log-likelihood: -15188472.759
94. Current log-likelihood: -15188472.629
95. Current log-likelihood: -15188472.499
96. Current log-likelihood: -15188472.367
97. Current log-likelihood: -15188472.236
98. Current log-likelihood: -15188472.110
99. Current log-likelihood: -15188471.984
Optimal log-likelihood: -15188471.984
Gamma shape alpha: 0.813
Parameters optimization took 99 rounds (26002.758 sec)
Computing ML distances based on estimated model parameters... 16.409 sec
Computing BIONJ tree...
0.001 seconds
Log-likelihood of BIONJ tree: -15198384.397
--------------------------------------------------------------------
|             INITIALIZING CANDIDATE TREE SET                      |
--------------------------------------------------------------------
Generating 98 parsimony trees... 965.015 second
Computing log-likelihood of 98 initial trees ... 484.881 seconds
Current best score: -15188471.984

Do NNI search on 20 best initial trees
Estimate model parameters (epsilon = 0.100)
BETTER TREE FOUND at iteration 1: -15188468.051
Estimate model parameters (epsilon = 0.100)
BETTER TREE FOUND at iteration 2: -15187093.512
Estimate model parameters (epsilon = 0.100)
BETTER TREE FOUND at iteration 3: -15184672.671
Iteration 10 / LogL: -15184734.786 / Time: 10h:30m:12s
Iteration 20 / LogL: -15188579.657 / Time: 10h:37m:56s
Finish initializing candidate tree set (9)
Current best tree score: -15184672.671 / CPU time: 12221.322
Number of iterations: 20
--------------------------------------------------------------------
|               OPTIMIZING CANDIDATE TREE SET                      |
--------------------------------------------------------------------
Estimate model parameters (epsilon = 0.100)
BETTER TREE FOUND at iteration 29: -15184347.157
Iteration 30 / LogL: -15186501.002 / Time: 11h:18m:5s (38h:34m:9s left)
Estimate model parameters (epsilon = 0.100)
BETTER TREE FOUND at iteration 40: -15183378.202
Iteration 40 / LogL: -15183378.202 / Time: 11h:55m:39s (30h:34m:29s left)
Iteration 50 / LogL: -15187698.786 / Time: 12h:3m:20s (22h:8m:12s left)
Log-likelihood cutoff on original alignment: -15183431.082
Iteration 60 / LogL: -15184612.630 / Time: 12h:10m:58s (16h:30m:51s left)
Iteration 70 / LogL: -15183405.999 / Time: 12h:17m:50s (12h:28m:19s left)
Iteration 80 / LogL: -15183397.638 / Time: 12h:26m:0s (9h:26m:25s left)
Iteration 90 / LogL: -15184540.750 / Time: 12h:32m:55s (7h:2m:52s left)
Iteration 100 / LogL: -15183395.725 / Time: 12h:40m:24s (5h:7m:9s left)
Log-likelihood cutoff on original alignment: -15183405.999
NOTE: Bootstrap correlation coefficient of split occurrence frequencies: 1.000
Iteration 110 / LogL: -15184634.298 / Time: 12h:47m:29s (10h:33m:31s left)
Iteration 120 / LogL: -15184691.288 / Time: 12h:54m:49s (8h:40m:44s left)
Iteration 130 / LogL: -15183541.663 / Time: 13h:2m:0s (7h:4m:13s left)
Iteration 140 / LogL: -15184455.670 / Time: 13h:9m:6s (5h:40m:31s left)
TREE SEARCH COMPLETED AFTER 141 ITERATIONS / Time: 13h:9m:51s

--------------------------------------------------------------------
|                    FINALIZING TREE SEARCH                        |
--------------------------------------------------------------------
Performs final model parameters optimization
Estimate model parameters (epsilon = 0.010)
1. Initial log-likelihood: -15183378.202
2. Current log-likelihood: -15183378.108
3. Current log-likelihood: -15183378.017
4. Current log-likelihood: -15183377.925
5. Current log-likelihood: -15183377.834
6. Current log-likelihood: -15183377.746
7. Current log-likelihood: -15183377.660
8. Current log-likelihood: -15183377.573
9. Current log-likelihood: -15183377.488
10. Current log-likelihood: -15183377.404
11. Current log-likelihood: -15183377.323
12. Current log-likelihood: -15183377.240
13. Current log-likelihood: -15183377.158
14. Current log-likelihood: -15183377.078
15. Current log-likelihood: -15183377.000
16. Current log-likelihood: -15183376.920
17. Current log-likelihood: -15183376.842
18. Current log-likelihood: -15183376.765
19. Current log-likelihood: -15183376.689
20. Current log-likelihood: -15183376.613
21. Current log-likelihood: -15183376.537
22. Current log-likelihood: -15183376.463
23. Current log-likelihood: -15183376.390
24. Current log-likelihood: -15183376.316
25. Current log-likelihood: -15183376.242
26. Current log-likelihood: -15183376.171
27. Current log-likelihood: -15183376.100
28. Current log-likelihood: -15183376.028
29. Current log-likelihood: -15183375.957
30. Current log-likelihood: -15183375.887
31. Current log-likelihood: -15183375.818
32. Current log-likelihood: -15183375.748
33. Current log-likelihood: -15183375.680
34. Current log-likelihood: -15183375.612
35. Current log-likelihood: -15183375.545
36. Current log-likelihood: -15183375.477
37. Current log-likelihood: -15183375.410
38. Current log-likelihood: -15183375.344
39. Current log-likelihood: -15183375.278
40. Current log-likelihood: -15183375.212
41. Current log-likelihood: -15183375.147
42. Current log-likelihood: -15183375.083
43. Current log-likelihood: -15183375.019
44. Current log-likelihood: -15183374.955
45. Current log-likelihood: -15183374.891
46. Current log-likelihood: -15183374.829
47. Current log-likelihood: -15183374.767
48. Current log-likelihood: -15183374.704
49. Current log-likelihood: -15183374.642
50. Current log-likelihood: -15183374.581
51. Current log-likelihood: -15183374.520
52. Current log-likelihood: -15183374.459
53. Current log-likelihood: -15183374.399
54. Current log-likelihood: -15183374.339
55. Current log-likelihood: -15183374.280
56. Current log-likelihood: -15183374.220
57. Current log-likelihood: -15183374.161
58. Current log-likelihood: -15183374.103
59. Current log-likelihood: -15183374.045
60. Current log-likelihood: -15183373.987
61. Current log-likelihood: -15183373.929
62. Current log-likelihood: -15183373.872
63. Current log-likelihood: -15183373.816
64. Current log-likelihood: -15183373.759
65. Current log-likelihood: -15183373.702
66. Current log-likelihood: -15183373.647
67. Current log-likelihood: -15183373.592
68. Current log-likelihood: -15183373.536
69. Current log-likelihood: -15183373.481
70. Current log-likelihood: -15183373.426
71. Current log-likelihood: -15183373.373
72. Current log-likelihood: -15183373.318
73. Current log-likelihood: -15183373.264
74. Current log-likelihood: -15183373.211
75. Current log-likelihood: -15183373.158
76. Current log-likelihood: -15183373.105
77. Current log-likelihood: -15183373.053
78. Current log-likelihood: -15183373.000
79. Current log-likelihood: -15183372.949
80. Current log-likelihood: -15183372.897
81. Current log-likelihood: -15183372.846
82. Current log-likelihood: -15183372.794
83. Current log-likelihood: -15183372.744
84. Current log-likelihood: -15183372.693
85. Current log-likelihood: -15183372.643
86. Current log-likelihood: -15183372.593
87. Current log-likelihood: -15183372.544
88. Current log-likelihood: -15183372.494
89. Current log-likelihood: -15183372.445
90. Current log-likelihood: -15183372.396
91. Current log-likelihood: -15183372.348
92. Current log-likelihood: -15183372.299
93. Current log-likelihood: -15183372.251
94. Current log-likelihood: -15183372.203
95. Current log-likelihood: -15183372.156
96. Current log-likelihood: -15183372.108
97. Current log-likelihood: -15183372.061
98. Current log-likelihood: -15183372.014
99. Current log-likelihood: -15183371.968
Optimal log-likelihood: -15183371.968
Gamma shape alpha: 0.811
Parameters optimization took 99 rounds (15006.411 sec)
BEST SCORE FOUND : -15183371.968
Creating bootstrap support values...
Split supports printed to NEXUS file Borowiec2015-Total1080.GTR20.splits.nex
Total tree length: 21.877

Total number of iterations: 141
CPU time used for tree search: 406946.876 sec (113h:2m:26s)
Wall-clock time used for tree search: 21336.478 sec (5h:55m:36s)
Total CPU time used: 1221262.381 sec (339h:14m:22s)
Total wall-clock time used: 62398.412 sec (17h:19m:58s)

Computing bootstrap consensus tree...
Reading input file Borowiec2015-Total1080.GTR20.splits.nex...
36 taxa and 69 splits.
Consensus tree written to Borowiec2015-Total1080.GTR20.contree
Reading input trees file Borowiec2015-Total1080.GTR20.contree
Log-likelihood of consensus tree: -15183371.968

Analysis results written to: 
  IQ-TREE report:                Borowiec2015-Total1080.GTR20.iqtree
  Maximum-likelihood tree:       Borowiec2015-Total1080.GTR20.treefile
  Likelihood distances:          Borowiec2015-Total1080.GTR20.mldist

Ultrafast bootstrap approximation results written to:
  Split support values:          Borowiec2015-Total1080.GTR20.splits.nex
  Consensus tree:                Borowiec2015-Total1080.GTR20.contree
  Screen log file:               Borowiec2015-Total1080.GTR20.log

Date and Time: Thu Nov  8 06:43:40 2018
