IQ-TREE multicore version 1.6.7 for Linux 64-bit built Aug 23 2018
Developed by Bui Quang Minh, Nguyen Lam Tung, Olga Chernomor,
Heiko Schmidt, Dominik Schrempf, Michael Woodhams.

Host:    bigmem01.farnam.hpc.yale.internal (AVX2, FMA3, 1511 GB RAM)
Command: iqtree -s Borowiec2015_Total1080.phy -nt 20 -bb 1000 -m WAG+F+G -pre Borowiec2015-Total1080.WAG
Seed:    647827 (Using SPRNG - Scalable Parallel Random Number Generator)
Time:    Wed Nov  7 13:32:28 2018
Kernel:  AVX+FMA - 20 threads (32 CPU cores detected)

Reading alignment file Borowiec2015_Total1080.phy ... Phylip format detected
Alignment most likely contains protein sequences
Alignment has 36 sequences with 384981 columns, 376433 distinct patterns
302196 parsimony-informative, 49757 singleton sites, 33028 constant sites
                               Gap/Ambiguity  Composition  p-value
   1  Salpingoeca_rosetta             40.07%    failed      0.00%
   2  Monosiga_brevicollis            45.95%    failed      0.00%
   3  Amphimedon_queenslandica        27.77%    failed      0.00%
   4  Mnemiopsis_leiydei_             29.00%    failed      0.00%
   5  Ciona_savignyi                  31.62%    failed      0.00%
   6  Trichoplax_adhaerens            18.32%    failed      0.00%
   7  Branchiostoma_floridae          12.89%    failed      0.00%
   8  Nematostella_vectensis          17.86%    failed      0.00%
   9  Homo_sapiens                    21.62%    failed      0.00%
  10  Takifugu                        17.98%    failed      0.00%
  11  Gasterosteus_aculeatus           5.75%    failed      0.00%
  12  Anolis_carolinensis             13.55%    failed      0.00%
  13  Gallus_gallus                   39.44%    failed      0.00%
  14  Latimeria_chalumnae              8.18%    failed      0.00%
  15  Strongylocentrotus_purpuratus   24.01%    failed      0.00%
  16  Danaus_plexippus                15.18%    failed      0.00%
  17  Tetranychus_urticae             26.57%    failed      0.00%
  18  Ixodes_scapularis               26.77%    failed      0.00%
  19  Acyrthosiphon_pisum             13.97%    failed      0.00%
  20  Lottia_gigantea                  8.94%    failed      0.00%
  21  Rhodnius_prolixus               68.21%    failed      0.00%
  22  Drosophila_melanogaster          7.65%    failed      0.00%
  23  Tribolium_castaneum              7.45%    failed      0.00%
  24  Apis_mellifera                  12.58%    failed      0.00%
  25  Bombus_terrestris               13.36%    failed      0.00%
  26  Capitella_telata                10.77%    failed      0.00%
  27  Strigamia_maritima              16.57%    failed      0.00%
  28  Brugia_malayi                   41.56%    failed      0.00%
  29  Caenorhabditis_elegans          33.65%    failed      0.00%
  30  Daphnia_magna                   11.72%    failed      0.00%
  31  Hydra_magnipapillata            30.77%    failed      0.00%
  32  Xenopus_tropicalis               8.93%    failed      0.00%
  33  Acropora_digitifera             47.05%    failed      0.00%
  34  Pinctada_fucata                 58.23%    failed      0.00%
  35  Saccoglossus_kowalevskii        15.04%    failed      0.00%
  36  Okopleura_dioica                40.47%    failed      0.00%
WARNING: 2 sequences contain more than 50% gaps/ambiguity
****  TOTAL                           24.15%  36 sequences failed composition chi2 test (p-value<5%; df=19)
NOTE: minimal branch length is reduced to 0.000000259753 for long alignment

Create initial parsimony tree by phylogenetic likelihood library (PLL)... 15.865 seconds
Generating 1000 samples for ultrafast bootstrap (seed: 647827)...

NOTE: 9811 MB RAM (9 GB) is required!
Estimate model parameters (epsilon = 0.100)
1. Initial log-likelihood: -15667903.616
2. Current log-likelihood: -15283130.700
3. Current log-likelihood: -15282270.742
4. Current log-likelihood: -15282269.297
Optimal log-likelihood: -15282269.219
Gamma shape alpha: 0.916
Parameters optimization took 4 rounds (50.395 sec)
Computing ML distances based on estimated model parameters... 31.892 sec
Computing BIONJ tree...
0.003 seconds
Log-likelihood of BIONJ tree: -15292218.748
--------------------------------------------------------------------
|             INITIALIZING CANDIDATE TREE SET                      |
--------------------------------------------------------------------
Generating 98 parsimony trees... 1517.770 second
Computing log-likelihood of 98 initial trees ... 585.806 seconds
Current best score: -15282269.219

Do NNI search on 20 best initial trees
Estimate model parameters (epsilon = 0.100)
BETTER TREE FOUND at iteration 1: -15282269.206
Estimate model parameters (epsilon = 0.100)
BETTER TREE FOUND at iteration 2: -15278390.275
Iteration 10 / LogL: -15281529.388 / Time: 0h:45m:32s
Iteration 20 / LogL: -15281550.071 / Time: 0h:56m:48s
Finish initializing candidate tree set (6)
Current best tree score: -15278390.275 / CPU time: 3290.070
Number of iterations: 20
--------------------------------------------------------------------
|               OPTIMIZING CANDIDATE TREE SET                      |
--------------------------------------------------------------------
Estimate model parameters (epsilon = 0.100)
BETTER TREE FOUND at iteration 28: -15278189.539
Iteration 30 / LogL: -15280862.523 / Time: 1h:6m:47s (3h:44m:44s left)
Estimate model parameters (epsilon = 0.100)
BETTER TREE FOUND at iteration 32: -15277210.621
Iteration 40 / LogL: -15277331.299 / Time: 1h:15m:53s (2h:58m:21s left)
Iteration 50 / LogL: -15280675.605 / Time: 1h:24m:19s (2h:20m:39s left)
Log-likelihood cutoff on original alignment: -15277587.024
Iteration 60 / LogL: -15278414.880 / Time: 1h:33m:22s (1h:53m:35s left)
Iteration 70 / LogL: -15278731.300 / Time: 1h:42m:43s (1h:32m:2s left)
Iteration 80 / LogL: -15278221.930 / Time: 1h:51m:58s (1h:13m:31s left)
Iteration 90 / LogL: -15278203.923 / Time: 2h:2m:15s (0h:57m:33s left)
Iteration 100 / LogL: -15278416.252 / Time: 2h:11m:55s (0h:42m:33s left)
Log-likelihood cutoff on original alignment: -15277558.099
NOTE: Bootstrap correlation coefficient of split occurrence frequencies: 1.000
Iteration 110 / LogL: -15277654.138 / Time: 2h:20m:24s (1h:55m:42s left)
Iteration 120 / LogL: -15277370.662 / Time: 2h:29m:41s (1h:40m:26s left)
Iteration 130 / LogL: -15278200.383 / Time: 2h:38m:31s (1h:25m:51s left)
TREE SEARCH COMPLETED AFTER 133 ITERATIONS / Time: 2h:41m:49s

--------------------------------------------------------------------
|                    FINALIZING TREE SEARCH                        |
--------------------------------------------------------------------
Performs final model parameters optimization
Estimate model parameters (epsilon = 0.010)
1. Initial log-likelihood: -15277210.621
Optimal log-likelihood: -15277210.614
Gamma shape alpha: 0.915
Parameters optimization took 1 rounds (7.574 sec)
BEST SCORE FOUND : -15277210.614
Creating bootstrap support values...
Split supports printed to NEXUS file Borowiec2015-Total1080.WAG.splits.nex
Total tree length: 18.532

Total number of iterations: 133
CPU time used for tree search: 164066.961 sec (45h:34m:26s)
Wall-clock time used for tree search: 9590.890 sec (2h:39m:50s)
Total CPU time used: 166050.905 sec (46h:7m:30s)
Total wall-clock time used: 9717.413 sec (2h:41m:57s)

Computing bootstrap consensus tree...
Reading input file Borowiec2015-Total1080.WAG.splits.nex...
36 taxa and 71 splits.
Consensus tree written to Borowiec2015-Total1080.WAG.contree
Reading input trees file Borowiec2015-Total1080.WAG.contree
Log-likelihood of consensus tree: -15277210.613

Analysis results written to: 
  IQ-TREE report:                Borowiec2015-Total1080.WAG.iqtree
  Maximum-likelihood tree:       Borowiec2015-Total1080.WAG.treefile
  Likelihood distances:          Borowiec2015-Total1080.WAG.mldist

Ultrafast bootstrap approximation results written to:
  Split support values:          Borowiec2015-Total1080.WAG.splits.nex
  Consensus tree:                Borowiec2015-Total1080.WAG.contree
  Screen log file:               Borowiec2015-Total1080.WAG.log

Date and Time: Wed Nov  7 16:15:14 2018
