IQ-TREE version 1.5.3 for Linux 64-bit built Mar 12 2017
Copyright (c) 2011-2016 Nguyen Lam Tung, Olga Chernomor, Arndt von Haeseler and Bui Quang Minh.

Host:    r483.uppmax.uu.se (AVX2, FMA3, 125 GB RAM)
Command: iqtree -s component1.mafft
Seed:    556085 (Using SPRNG - Scalable Parallel Random Number Generator)
Time:    Thu Aug  4 11:44:26 2022
Kernel:  AVX+FMA

NOTE: Consider using the multicore version because your CPU has 20 cores!

Reading alignment file component1.mafft ... Fasta format detected
Alignment most likely contains protein sequences
Alignment has 52 sequences with 248 columns and 225 patterns (164 informative sites, 55 constant sites)
WARNING: Some sequence names are changed as follows:
Philippe2009:Acropora_millepora:45264:Gene_0085 -> Philippe2009_Acropora_millepora_45264_Gene_0085
Philippe2009:Allomyces_macrogynus:28583:Gene_0085 -> Philippe2009_Allomyces_macrogynus_28583_Gene_0085
Philippe2009:Amoebidium_parasiticum:4881:Gene_0085 -> Philippe2009_Amoebidium_parasiticum_4881_Gene_0085
Philippe2009:Anoplodactylus_eroticus:488521:Gene_0085 -> Philippe2009_Anoplodactylus_eroticus_488521_Gene_0085
Philippe2009:Aplysia_californica:6500:Gene_0085 -> Philippe2009_Aplysia_californica_6500_Gene_0085
Philippe2009:Batrachochytrium_dendrobatidis:109871:Gene_0085 -> Philippe2009_Batrachochytrium_dendrobatidis_109871_Gene_0085
Philippe2009:Branchiostoma_floridae:7739:Gene_0085 -> Philippe2009_Branchiostoma_floridae_7739_Gene_0085
Philippe2009:Capitella_teleta:283909:Gene_0085 -> Philippe2009_Capitella_teleta_283909_Gene_0085
Philippe2009:Capsaspora_owczarzaki:192875:Gene_0085 -> Philippe2009_Capsaspora_owczarzaki_192875_Gene_0085
Philippe2009:Carteriospongia_foliascens:593584:Gene_0085 -> Philippe2009_Carteriospongia_foliascens_593584_Gene_0085
Philippe2009:Ciona_savignyi:51511:Gene_0085 -> Philippe2009_Ciona_savignyi_51511_Gene_0085
Philippe2009:Clytia_hemisphaerica:252671:Gene_0085 -> Philippe2009_Clytia_hemisphaerica_252671_Gene_0085
Philippe2009:Crassostrea_gigas:29159:Gene_0085 -> Philippe2009_Crassostrea_gigas_29159_Gene_0085
Philippe2009:Cyanea_capillata:27804:Gene_0085 -> Philippe2009_Cyanea_capillata_27804_Gene_0085
Philippe2009:Danio_rerio:7955:Gene_0085 -> Philippe2009_Danio_rerio_7955_Gene_0085
Philippe2009:Daphnia_pulex:6669:Gene_0085 -> Philippe2009_Daphnia_pulex_6669_Gene_0085
Philippe2009:Ephydatia_muelleri:6052:Gene_0085 -> Philippe2009_Ephydatia_muelleri_6052_Gene_0085
Philippe2009:Euperipatoides_kanangrensis:488523:Gene_0085 -> Philippe2009_Euperipatoides_kanangrensis_488523_Gene_0085
Philippe2009:Euprymna_scolopes:6613:Gene_0085 -> Philippe2009_Euprymna_scolopes_6613_Gene_0085
Philippe2009:Helobdella_robusta:6412:Gene_0085 -> Philippe2009_Helobdella_robusta_6412_Gene_0085
Philippe2009:Hydra_magnipapillata:6087:Gene_0085 -> Philippe2009_Hydra_magnipapillata_6087_Gene_0085
Philippe2009:Hydractinia_echinata:35630:Gene_0085 -> Philippe2009_Hydractinia_echinata_35630_Gene_0085
Philippe2009:Ixodes_scapularis:6945:Gene_0085 -> Philippe2009_Ixodes_scapularis_6945_Gene_0085
Philippe2009:Leucetta_chagosensis:185688:Gene_0085 -> Philippe2009_Leucetta_chagosensis_185688_Gene_0085
Philippe2009:Metridium_senile:6116:Gene_0085 -> Philippe2009_Metridium_senile_6116_Gene_0085
Philippe2009:Mnemiopsis_leidyi:27923:Gene_0085 -> Philippe2009_Mnemiopsis_leidyi_27923_Gene_0085
Philippe2009:Molgula_tectiformis:30286:Gene_0085 -> Philippe2009_Molgula_tectiformis_30286_Gene_0085
Philippe2009:Monosiga_brevicollis:81824:Gene_0085 -> Philippe2009_Monosiga_brevicollis_81824_Gene_0085
Philippe2009:Monosiga_ovata:81526:Gene_0085 -> Philippe2009_Monosiga_ovata_81526_Gene_0085
Philippe2009:Montastraea_faveolata:48498:Gene_0085 -> Philippe2009_Montastraea_faveolata_48498_Gene_0085
Philippe2009:Nasonia_vitripennis:7425:Gene_0085 -> Philippe2009_Nasonia_vitripennis_7425_Gene_0085
Philippe2009:Nematostella_vectensis:45351:Gene_0085 -> Philippe2009_Nematostella_vectensis_45351_Gene_0085
Philippe2009:Oscarella_carmela:386100:Gene_0085 -> Philippe2009_Oscarella_carmela_386100_Gene_0085
Philippe2009:Pedicellina_cernua:43123:Gene_0085 -> Philippe2009_Pedicellina_cernua_43123_Gene_0085
Philippe2009:Pediculus_humanus:121225:Gene_0085 -> Philippe2009_Pediculus_humanus_121225_Gene_0085
Philippe2009:Petromyzon_marinus:7757:Gene_0085 -> Philippe2009_Petromyzon_marinus_7757_Gene_0085
Philippe2009:Phycomyces_blakesleeanus:4837:Gene_0085 -> Philippe2009_Phycomyces_blakesleeanus_4837_Gene_0085
Philippe2009:Pleurobrachia_pileus:140457:Gene_0085 -> Philippe2009_Pleurobrachia_pileus_140457_Gene_0085
Philippe2009:Podocoryne_carnea:6096:Gene_0085 -> Philippe2009_Podocoryne_carnea_6096_Gene_0085
Philippe2009:Amphimedon_queenslandica:400682:Gene_0085 -> Philippe2009_Amphimedon_queenslandica_400682_Gene_0085
Philippe2009:Rhizopus_oryzae:64495:Gene_0085 -> Philippe2009_Rhizopus_oryzae_64495_Gene_0085
Philippe2009:Saccoglossus_kowalevskii:10224:Gene_0085 -> Philippe2009_Saccoglossus_kowalevskii_10224_Gene_0085
Philippe2009:Scutigera_coleoptrata:29022:Gene_0085 -> Philippe2009_Scutigera_coleoptrata_29022_Gene_0085
Philippe2009:Sphaeroforma_arctica:72019:Gene_0085 -> Philippe2009_Sphaeroforma_arctica_72019_Gene_0085
Philippe2009:Spizellomyces_punctatus:109760:Gene_0085 -> Philippe2009_Spizellomyces_punctatus_109760_Gene_0085
Philippe2009:Strongylocentrotus_purpuratus:7668:Gene_0085 -> Philippe2009_Strongylocentrotus_purpuratus_7668_Gene_0085
Philippe2009:Suberites_domuncula:55567:Gene_0085 -> Philippe2009_Suberites_domuncula_55567_Gene_0085
Philippe2009:Sycon_raphanus:56443:Gene_0085 -> Philippe2009_Sycon_raphanus_56443_Gene_0085
Philippe2009:Trichoplax_adhaerens:10228:Gene_0085 -> Philippe2009_Trichoplax_adhaerens_10228_Gene_0085
Philippe2009:Tubifex_tubifex:6386:Gene_0085 -> Philippe2009_Tubifex_tubifex_6386_Gene_0085
Philippe2009:Xenoturbella_bocki:242395:Gene_0085 -> Philippe2009_Xenoturbella_bocki_242395_Gene_0085
Philippe2009:Mertensiid_sp:140499:Gene_0085 -> Philippe2009_Mertensiid_sp_140499_Gene_0085

                                                              Gap/Ambiguity  Composition  p-value
   1  Philippe2009_Acropora_millepora_45264_Gene_0085                 0.00%    passed     99.79%
   2  Philippe2009_Allomyces_macrogynus_28583_Gene_0085               0.40%    passed     85.80%
   3  Philippe2009_Amoebidium_parasiticum_4881_Gene_0085             76.21%    passed      8.00%
   4  Philippe2009_Anoplodactylus_eroticus_488521_Gene_0085           0.00%    passed     99.86%
   5  Philippe2009_Aplysia_californica_6500_Gene_0085                 0.00%    passed     99.99%
   6  Philippe2009_Batrachochytrium_dendrobatidis_109871_Gene_0085    9.68%    passed     61.93%
   7  Philippe2009_Branchiostoma_floridae_7739_Gene_0085              0.00%    passed     99.96%
   8  Philippe2009_Capitella_teleta_283909_Gene_0085                  0.81%    passed     91.47%
   9  Philippe2009_Capsaspora_owczarzaki_192875_Gene_0085             0.40%    passed     72.99%
  10  Philippe2009_Carteriospongia_foliascens_593584_Gene_0085       71.77%    passed     71.43%
  11  Philippe2009_Ciona_savignyi_51511_Gene_0085                     0.00%    passed    100.00%
  12  Philippe2009_Clytia_hemisphaerica_252671_Gene_0085              0.00%    passed     99.87%
  13  Philippe2009_Crassostrea_gigas_29159_Gene_0085                  0.00%    passed     99.94%
  14  Philippe2009_Cyanea_capillata_27804_Gene_0085                  82.26%    passed     18.64%
  15  Philippe2009_Danio_rerio_7955_Gene_0085                         0.00%    passed     99.75%
  16  Philippe2009_Daphnia_pulex_6669_Gene_0085                       0.00%    passed     99.69%
  17  Philippe2009_Ephydatia_muelleri_6052_Gene_0085                  0.00%    passed     80.01%
  18  Philippe2009_Euperipatoides_kanangrensis_488523_Gene_0085       0.40%    passed    100.00%
  19  Philippe2009_Euprymna_scolopes_6613_Gene_0085                   0.00%    passed     96.75%
  20  Philippe2009_Helobdella_robusta_6412_Gene_0085                  0.00%    passed     99.90%
  21  Philippe2009_Hydra_magnipapillata_6087_Gene_0085                0.00%    passed     99.99%
  22  Philippe2009_Hydractinia_echinata_35630_Gene_0085               0.00%    passed     99.77%
  23  Philippe2009_Ixodes_scapularis_6945_Gene_0085                   0.00%    passed     99.97%
  24  Philippe2009_Leucetta_chagosensis_185688_Gene_0085              0.00%    passed     99.90%
  25  Philippe2009_Metridium_senile_6116_Gene_0085                    0.00%    passed     99.19%
  26  Philippe2009_Mnemiopsis_leidyi_27923_Gene_0085                  0.81%    passed     99.36%
  27  Philippe2009_Molgula_tectiformis_30286_Gene_0085                0.00%    passed     99.63%
  28  Philippe2009_Monosiga_brevicollis_81824_Gene_0085               1.21%    passed     86.87%
  29  Philippe2009_Monosiga_ovata_81526_Gene_0085                     0.00%    passed     74.64%
  30  Philippe2009_Montastraea_faveolata_48498_Gene_0085              0.00%    passed     99.99%
  31  Philippe2009_Nasonia_vitripennis_7425_Gene_0085                 0.00%    passed     99.31%
  32  Philippe2009_Nematostella_vectensis_45351_Gene_0085             0.00%    passed     99.99%
  33  Philippe2009_Oscarella_carmela_386100_Gene_0085                 0.00%    passed     99.64%
  34  Philippe2009_Pedicellina_cernua_43123_Gene_0085                 0.00%    passed     99.71%
  35  Philippe2009_Pediculus_humanus_121225_Gene_0085                 0.00%    passed     94.72%
  36  Philippe2009_Petromyzon_marinus_7757_Gene_0085                  0.00%    passed     99.79%
  37  Philippe2009_Phycomyces_blakesleeanus_4837_Gene_0085            0.40%    passed     98.25%
  38  Philippe2009_Pleurobrachia_pileus_140457_Gene_0085              0.81%    passed     99.48%
  39  Philippe2009_Podocoryne_carnea_6096_Gene_0085                  12.90%    passed     91.86%
  40  Philippe2009_Amphimedon_queenslandica_400682_Gene_0085          0.00%    passed     96.66%
  41  Philippe2009_Rhizopus_oryzae_64495_Gene_0085                    0.40%    passed     90.80%
  42  Philippe2009_Saccoglossus_kowalevskii_10224_Gene_0085           0.00%    passed     99.99%
  43  Philippe2009_Scutigera_coleoptrata_29022_Gene_0085              0.00%    passed     99.99%
  44  Philippe2009_Sphaeroforma_arctica_72019_Gene_0085               0.00%    passed      5.20%
  45  Philippe2009_Spizellomyces_punctatus_109760_Gene_0085           1.21%    failed      0.62%
  46  Philippe2009_Strongylocentrotus_purpuratus_7668_Gene_0085       0.00%    passed    100.00%
  47  Philippe2009_Suberites_domuncula_55567_Gene_0085                0.00%    passed    100.00%
  48  Philippe2009_Sycon_raphanus_56443_Gene_0085                     0.00%    passed     98.09%
  49  Philippe2009_Trichoplax_adhaerens_10228_Gene_0085               0.00%    passed     97.42%
  50  Philippe2009_Tubifex_tubifex_6386_Gene_0085                     0.00%    passed     92.86%
  51  Philippe2009_Xenoturbella_bocki_242395_Gene_0085                0.00%    passed     97.50%
  52  Philippe2009_Mertensiid_sp_140499_Gene_0085                     1.21%    passed     91.89%
WARNING: 3 sequences contain more than 50% gaps/ambiguity
****  TOTAL                                                           5.02%  1 sequences failed composition chi2 test (p-value<5%; df=19)

Create initial parsimony tree by phylogenetic likelihood library (PLL)... 0.019 seconds
WARNING: Default model LG may be under-fitting. Use option '-m TEST' to determine the best-fit model.

NOTE: 2 MB RAM (0 GB) is required!
Estimate model parameters (epsilon = 0.100)
1. Initial log-likelihood: -10345.825
Optimal log-likelihood: -10248.829
Parameters optimization took 1 rounds (0.028 sec)
Computing ML distances based on estimated model parameters... 0.173 sec
WARNING: Some pairwise ML distances are too long (saturated)
Computing BIONJ tree...
0.005 seconds
Log-likelihood of BIONJ tree: -10273.818
--------------------------------------------------------------------
|             INITIALIZING CANDIDATE TREE SET                      |
--------------------------------------------------------------------
Generating 98 parsimony trees... 1.190 second
Computing log-likelihood of 98 initial trees ... 1.077 seconds
Current best score: -10211.980

Do NNI search on 20 best initial trees
Estimate model parameters (epsilon = 0.100)
BETTER TREE FOUND at iteration 1: -10180.363
Iteration 10 / LogL: -10202.264 / Time: 0h:0m:3s
Iteration 20 / LogL: -10181.217 / Time: 0h:0m:4s
Finish initializing candidate tree set (20)
Current best tree score: -10180.363 / CPU time: 3.809
Number of iterations: 20
--------------------------------------------------------------------
|               OPTIMIZING CANDIDATE TREE SET                      |
--------------------------------------------------------------------
Estimate model parameters (epsilon = 0.100)
BETTER TREE FOUND at iteration 23: -10171.074
Estimate model parameters (epsilon = 0.100)
BETTER TREE FOUND at iteration 28: -10165.778
Iteration 30 / LogL: -10185.407 / Time: 0h:0m:5s (0h:0m:17s left)
Estimate model parameters (epsilon = 0.100)
BETTER TREE FOUND at iteration 31: -10164.742
Iteration 40 / LogL: -10171.415 / Time: 0h:0m:6s (0h:0m:14s left)
Estimate model parameters (epsilon = 0.100)
BETTER TREE FOUND at iteration 45: -10159.947
Iteration 50 / LogL: -10166.691 / Time: 0h:0m:7s (0h:0m:14s left)
Iteration 60 / LogL: -10164.745 / Time: 0h:0m:8s (0h:0m:12s left)
Iteration 70 / LogL: -10177.582 / Time: 0h:0m:9s (0h:0m:10s left)
Iteration 80 / LogL: -10179.101 / Time: 0h:0m:10s (0h:0m:8s left)
Iteration 90 / LogL: -10160.687 / Time: 0h:0m:11s (0h:0m:7s left)
Iteration 100 / LogL: -10159.949 / Time: 0h:0m:12s (0h:0m:5s left)
Iteration 110 / LogL: -10179.223 / Time: 0h:0m:13s (0h:0m:4s left)
Iteration 120 / LogL: -10160.266 / Time: 0h:0m:14s (0h:0m:3s left)
Iteration 130 / LogL: -10159.949 / Time: 0h:0m:15s (0h:0m:1s left)
Iteration 140 / LogL: -10166.263 / Time: 0h:0m:16s (0h:0m:0s left)
TREE SEARCH COMPLETED AFTER 146 ITERATIONS / Time: 0h:0m:17s

--------------------------------------------------------------------
|                    FINALIZING TREE SEARCH                        |
--------------------------------------------------------------------
Performs final model parameters optimization
Estimate model parameters (epsilon = 0.010)
1. Initial log-likelihood: -10159.947
Optimal log-likelihood: -10159.947
Parameters optimization took 1 rounds (0.009 sec)
BEST SCORE FOUND : -10159.947
Total tree length: 8.900

Total number of iterations: 146
CPU time used for tree search: 17.131 sec (0h:0m:17s)
Wall-clock time used for tree search: 17.151 sec (0h:0m:17s)
Total CPU time used: 17.442 sec (0h:0m:17s)
Total wall-clock time used: 17.474 sec (0h:0m:17s)

Analysis results written to: 
  IQ-TREE report:                component1.mafft.iqtree
  Maximum-likelihood tree:       component1.mafft.treefile
  Likelihood distances:          component1.mafft.mldist
  Screen log file:               component1.mafft.log

Date and Time: Thu Aug  4 11:44:44 2022
