IQ-TREE multicore version 1.6.7 for Linux 64-bit built Aug 23 2018
Developed by Bui Quang Minh, Nguyen Lam Tung, Olga Chernomor,
Heiko Schmidt, Dominik Schrempf, Michael Woodhams.

Host:    c28n06.farnam.hpc.yale.internal (AVX2, FMA3, 251 GB RAM)
Command: iqtree -s Dunn2008_Dunn2008.phy -nt 20 -bb 1000 -m Poisson+C60+F+G -pre Dunn2008.poisson_C60
Seed:    272157 (Using SPRNG - Scalable Parallel Random Number Generator)
Time:    Wed Oct 31 07:29:09 2018
Kernel:  AVX+FMA - 20 threads (28 CPU cores detected)

Reading alignment file Dunn2008_Dunn2008.phy ... Phylip format detected
Alignment most likely contains protein sequences
WARNING: 85 sites contain only gaps or ambiguous characters.
Alignment has 64 sequences with 21152 columns, 20177 distinct patterns
13818 parsimony-informative, 3872 singleton sites, 3462 constant sites
                               Gap/Ambiguity  Composition  p-value
   1  Acanthoscurria_gomesiana        49.26%    passed     91.69%
   2  Acropora_millepora              42.82%    passed     28.49%
   3  Amoebidium_parasiticum          70.11%    failed      0.00%
   4  Anoplodactylus_eroticus         50.76%    failed      0.00%
   5  Aplysia_californica             89.94%    passed     27.94%
   6  Argopecten_irradians            54.69%    passed     26.52%
   7  Patiria_pectinifera             28.60%    failed      4.04%
   8  Biomphalaria_glabrata           62.36%    passed     45.96%
   9  Rhipicephalus_microplus         30.92%    failed      1.11%
  10  Branchiostoma_floridae          40.82%    failed      0.12%
  11  Capitella_teleta                28.24%    failed      0.06%
  12  Capsaspora_owczarzaki           43.60%    failed      0.00%
  13  Carcinoscorpius_rotundicauda    92.32%    passed      9.40%
  14  Carcinus_maenas                 60.99%    failed      0.25%
  15  Carinoma_mutabilis              62.84%    failed      0.00%
  16  Cerebratulus_lacteus            54.33%    failed      3.89%
  17  Chaetoderma_nitidulum           73.40%    failed      0.00%
  18  Chaetopleura_apiculata          76.41%    failed      0.00%
  19  Chaetopterus_variopedatus       54.83%    passed     56.02%
  20  Ciona_intestinalis              22.25%    failed      0.16%
  21  Crassostrea_virginica           51.18%    passed     24.72%
  22  Cryptococcus_neoformans         26.64%    failed      0.00%
  23  Cyanea_capillata                61.77%    failed      1.17%
  24  Daphnia_magna                   53.02%    passed     24.58%
  25  Drosophila_melanogaster         12.86%    passed      8.53%
  26  Dugesia_japonica                67.89%    failed      0.05%
  27  Echinococcus_granulosus         46.46%    failed      0.00%
  28  Echinoderes_horni               57.54%    failed      0.44%
  29  Euperipatoides_kanangrensis     57.01%    failed      0.05%
  30  Euprymna_scolopes               48.38%    passed     23.70%
  31  Penaeus_chinensis               59.95%    passed     21.94%
  32  Gallus_gallus                   27.32%    failed      1.40%
  33  Haementeria_depressa            79.16%    passed     10.65%
  34  Homo_sapiens                    19.33%    failed      0.01%
  35  Hydra_vulgaris                  42.29%    failed      0.00%
  36  Hydractinia_echinata            58.79%    failed      1.73%
  37  Hypsibius_dujardini             48.65%    failed      3.65%
  38  Lumbricus_rubellus              39.87%    passed     74.53%
  39  Macrostomum_lignano             66.29%    failed      0.00%
  40  Mertensiid_sp                   64.17%    failed      0.00%
  41  Mnemiopsis_leidyi               32.19%    failed      1.19%
  42  Monosiga_ovata                  50.49%    failed      0.00%
  43  Mytilus_galloprovincialis       65.43%    passed     15.19%
  44  Nematostella_vectensis          19.81%    failed      0.21%
  45  Oscarella_carmela               76.38%    failed      3.38%
  46  Paraplanocera_oligoglena        49.87%    passed     39.37%
  47  Phoronis_vancouverensis         85.39%    failed      0.01%
  48  Platynereis_dumerilii           74.93%    passed     28.61%
  49  Priapulus_caudatus              87.44%    failed      0.07%
  50  Ptychodera_flava                48.14%    passed     27.48%
  51  Richtersius_coronifer           60.07%    passed     17.01%
  52  Saccharomyces_cerevisiae        34.82%    failed      0.00%
  53  Saccoglossus_kowalevskii        67.50%    passed     12.65%
  54  Schmidtea_mediterranea          18.23%    failed      0.00%
  55  Scutigera_coleoptrata           63.55%    failed      0.01%
  56  Sphaeroforma_arctica            47.91%    failed      0.00%
  57  Spinochordodes_tellinii         88.34%    failed      0.00%
  58  Strongylocentrotus_purpuratus   27.13%    failed      0.18%
  59  Terebratalia_transversa         45.17%    passed     47.14%
  60  Themiste_lageniformis           60.38%    passed     74.66%
  61  Trichinella_spiralis            58.24%    failed      0.04%
  62  Urechis_caupo                   53.80%    passed      8.24%
  63  Xenoturbella_bocki              54.43%    passed     18.18%
  64  Xiphinema_index                 51.29%    failed      3.65%
WARNING: 38 sequences contain more than 50% gaps/ambiguity
****  TOTAL                           53.11%  40 sequences failed composition chi2 test (p-value<5%; df=19)

Create initial parsimony tree by phylogenetic likelihood library (PLL)... 1.181 seconds
Generating 1000 samples for ultrafast bootstrap (seed: 272157)...
Model Poisson+C60+F+G is alias for Poisson+POISSON+G+FMIX{C60pi1:1:0.0169698865,C60pi2:1:0.0211683374,C60pi3:1:0.0276589079,C60pi4:1:0.0065675964,C60pi5:1:0.0141221416,C60pi6:1:0.0068774834,C60pi7:1:0.0146909701,C60pi8:1:0.0067225777,C60pi9:1:0.0018396660,C60pi10:1:0.0102547197,C60pi11:1:0.0230896163,C60pi12:1:0.0057941033,C60pi13:1:0.0125394534,C60pi14:1:0.0204526478,C60pi15:1:0.0070629602,C60pi16:1:0.0117982741,C60pi17:1:0.0068334668,C60pi18:1:0.0433775839,C60pi19:1:0.0318278731,C60pi20:1:0.0222546108,C60pi21:1:0.0102264969,C60pi22:1:0.0150545891,C60pi23:1:0.0134159878,C60pi24:1:0.0148552065,C60pi25:1:0.0239111516,C60pi26:1:0.0128776278,C60pi27:1:0.0222318842,C60pi28:1:0.0247444742,C60pi29:1:0.0214274810,C60pi30:1:0.0115001882,C60pi31:1:0.0076017389,C60pi32:1:0.0130258568,C60pi33:1:0.0093701965,C60pi34:1:0.0467194264,C60pi35:1:0.0441940314,C60pi36:1:0.0322263154,C60pi37:1:0.0402999891,C60pi38:1:0.0150234227,C60pi39:1:0.0104589903,C60pi40:1:0.0214742395,C60pi41:1:0.0154957836,C60pi42:1:0.0101789953,C60pi43:1:0.0227980379,C60pi44:1:0.0123204539,C60pi45:1:0.0066777583,C60pi46:1:0.0004150083,C60pi47:1:0.0344385130,C60pi48:1:0.0113663379,C60pi49:1:0.0127143049,C60pi50:1:0.0124323741,C60pi51:1:0.0262124415,C60pi52:1:0.0064994957,C60pi53:1:0.0103203293,C60pi54:1:0.0142463512,C60pi55:1:0.0215600067,C60pi56:1:0.0199150700,C60pi57:1:0.0038964200,C60pi58:1:0.0113448855,C60pi59:1:0.0128595846,C60pi60:1:0.0117656776}+F+G

NOTE: 48812 MB RAM (47 GB) is required!
Estimate model parameters (epsilon = 0.100)
1. Initial log-likelihood: -700447.586
2. Current log-likelihood: -677590.798
3. Current log-likelihood: -677245.979
4. Current log-likelihood: -677238.762
5. Current log-likelihood: -677238.412
Optimal log-likelihood: -677238.346
Mixture weights: 0.004 0.024 0.037 0.021 0.015 0.024 0.007 0.010 0.009 0.003 0.008 0.042 0.009 0.012 0.015 0.000 0.005 0.007 0.032 0.026 0.013 0.007 0.015 0.014 0.021 0.025 0.009 0.031 0.017 0.018 0.019 0.016 0.011 0.006 0.051 0.044 0.032 0.023 0.016 0.008 0.024 0.010 0.008 0.053 0.007 0.009 0.000 0.016 0.011 0.011 0.006 0.024 0.010 0.015 0.022 0.009 0.019 0.003 0.008 0.015 0.014
Gamma shape alpha: 0.678
Parameters optimization took 5 rounds (257.454 sec)
WARNING: The mixture model might be overfitting because some mixture weights are estimated close to zero
Computing ML distances based on estimated model parameters... 1.974 sec
Computing BIONJ tree...
0.003 seconds
Log-likelihood of BIONJ tree: -677726.788
--------------------------------------------------------------------
|             INITIALIZING CANDIDATE TREE SET                      |
--------------------------------------------------------------------
Generating 98 parsimony trees... 80.015 second
Computing log-likelihood of 98 initial trees ... 2875.006 seconds
Current best score: -677238.346

Do NNI search on 20 best initial trees
Estimate model parameters (epsilon = 0.100)
WARNING: The mixture model might be overfitting because some mixture weights are estimated close to zero
BETTER TREE FOUND at iteration 1: -676982.111
Estimate model parameters (epsilon = 0.100)
WARNING: The mixture model might be overfitting because some mixture weights are estimated close to zero
BETTER TREE FOUND at iteration 2: -676969.665
Iteration 10 / LogL: -676987.044 / Time: 1h:43m:2s
Iteration 20 / LogL: -676983.846 / Time: 2h:26m:43s
Finish initializing candidate tree set (4)
Current best tree score: -676969.665 / CPU time: 8322.298
Number of iterations: 20
--------------------------------------------------------------------
|               OPTIMIZING CANDIDATE TREE SET                      |
--------------------------------------------------------------------
Iteration 30 / LogL: -676970.303 / Time: 3h:24m:35s (8h:27m:52s left)
Iteration 40 / LogL: -676974.786 / Time: 4h:19m:16s (6h:52m:9s left)
Iteration 50 / LogL: -676970.098 / Time: 5h:17m:10s (5h:36m:34s left)
Log-likelihood cutoff on original alignment: -677035.113
Iteration 60 / LogL: -676982.864 / Time: 6h:13m:29s (4h:25m:51s left)
Iteration 70 / LogL: -676970.287 / Time: 7h:6m:57s (3h:18m:0s left)
Iteration 80 / LogL: -676973.004 / Time: 8h:3m:43s (2h:14m:42s left)
Iteration 90 / LogL: -676970.951 / Time: 9h:1m:47s (1h:13m:2s left)
Iteration 100 / LogL: -676977.207 / Time: 9h:51m:31s (0h:11m:56s left)
Log-likelihood cutoff on original alignment: -677034.278
NOTE: Bootstrap correlation coefficient of split occurrence frequencies: 0.999
TREE SEARCH COMPLETED AFTER 103 ITERATIONS / Time: 10h:9m:3s

--------------------------------------------------------------------
|                    FINALIZING TREE SEARCH                        |
--------------------------------------------------------------------
Performs final model parameters optimization
Estimate model parameters (epsilon = 0.010)
1. Initial log-likelihood: -676969.665
2. Current log-likelihood: -676969.652
Optimal log-likelihood: -676969.643
Mixture weights: 0.005 0.024 0.037 0.021 0.015 0.024 0.007 0.010 0.009 0.003 0.008 0.042 0.009 0.012 0.015 0.000 0.005 0.007 0.032 0.026 0.013 0.007 0.015 0.015 0.021 0.025 0.009 0.030 0.017 0.018 0.019 0.016 0.011 0.006 0.051 0.044 0.032 0.023 0.016 0.008 0.024 0.010 0.008 0.053 0.007 0.009 0.000 0.016 0.011 0.011 0.006 0.024 0.010 0.015 0.022 0.009 0.019 0.003 0.008 0.015 0.014
Gamma shape alpha: 0.677
Parameters optimization took 2 rounds (62.271 sec)
WARNING: The mixture model might be overfitting because some mixture weights are estimated close to zero
BEST SCORE FOUND : -676969.643
Creating bootstrap support values...
Split supports printed to NEXUS file Dunn2008.poisson_C60.splits.nex
Total tree length: 22.320

Total number of iterations: 103
CPU time used for tree search: 718741.435 sec (199h:39m:1s)
Wall-clock time used for tree search: 36062.283 sec (10h:1m:2s)
Total CPU time used: 729539.238 sec (202h:38m:59s)
Total wall-clock time used: 36605.610 sec (10h:10m:5s)

Computing bootstrap consensus tree...
Reading input file Dunn2008.poisson_C60.splits.nex...
64 taxa and 224 splits.
Consensus tree written to Dunn2008.poisson_C60.contree
Reading input trees file Dunn2008.poisson_C60.contree
Log-likelihood of consensus tree: -676969.644

Analysis results written to: 
  IQ-TREE report:                Dunn2008.poisson_C60.iqtree
  Maximum-likelihood tree:       Dunn2008.poisson_C60.treefile
  Likelihood distances:          Dunn2008.poisson_C60.mldist

Ultrafast bootstrap approximation results written to:
  Split support values:          Dunn2008.poisson_C60.splits.nex
  Consensus tree:                Dunn2008.poisson_C60.contree
  Screen log file:               Dunn2008.poisson_C60.log

Date and Time: Wed Oct 31 17:42:15 2018
