IQ-TREE multicore version 1.6.7 for Linux 64-bit built Aug 23 2018
Developed by Bui Quang Minh, Nguyen Lam Tung, Olga Chernomor,
Heiko Schmidt, Dominik Schrempf, Michael Woodhams.

Host:    c27n05.farnam.hpc.yale.internal (AVX2, FMA3, 251 GB RAM)
Command: iqtree -s Moroz2014_ED3d.phy -nt 20 -bb 1000 -m WAG+F+G -pre Moroz2014-3D.WAG
Seed:    477948 (Using SPRNG - Scalable Parallel Random Number Generator)
Time:    Wed Nov  7 13:27:20 2018
Kernel:  AVX+FMA - 20 threads (28 CPU cores detected)

Reading alignment file Moroz2014_ED3d.phy ... Phylip format detected
Alignment most likely contains protein sequences
Alignment has 46 sequences with 22772 columns, 21150 distinct patterns
13258 parsimony-informative, 4858 singleton sites, 4656 constant sites
                               Gap/Ambiguity  Composition  p-value
   1  Crassostrea_gigas               11.00%    passed     10.97%
   2  Bolinopsis_infundibulum         63.08%    failed      0.02%
   3  Ephydatia_muelleri              95.64%    failed      0.02%
   4  Podocoryne_carnea               98.19%    failed      0.01%
   5  Lottia_gigantea                 11.74%    failed      0.00%
   6  Capitella_teleta                14.85%    passed     18.17%
   7  Salpingoeca_rosetta             17.47%    failed      0.00%
   8  Trichoplax_adhaerans            15.30%    failed      0.00%
   9  Monosiga_brevicollis            20.06%    failed      0.00%
  10  Porites_astreoides              97.73%    failed      0.01%
  11  Drosophila_melanogaster          7.96%    failed      0.75%
  12  Pleurobrachia_bachei            56.02%    passed     13.49%
  13  Beroe_abyssicola                44.59%    failed      0.58%
  14  Coeloplana_astericola           66.96%    failed      0.00%
  15  Carteriospongia_foliascens      98.03%    passed     36.24%
  16  Ixodes_scapularis               59.27%    failed      0.00%
  17  Branchiostoma_floridae           7.11%    failed      0.02%
  18  Pleurobrachia_pileus            77.17%    failed      0.03%
  19  Dryodora_glandiformis_          44.91%    passed     21.10%
  20  Anemonia_viridis                86.25%    failed      0.02%
  21  Euplokamis_dunlapae             65.53%    passed     10.44%
  22  Mertensiidae_sp                 62.97%    passed      5.13%
  23  Daphnia_pulex                    9.78%    passed     65.75%
  24  Pleurobrachia_sp                33.88%    failed      0.92%
  25  Amphimedon_queenslandica        81.62%    passed      6.47%
  26  Homo_sapiens                     7.87%    failed      0.13%
  27  Strongylocentrotus_purpuratus   11.69%    passed     61.53%
  28  Hydra_vulgaris                  69.85%    failed      0.00%
  29  Vallicula_sp                    60.62%    passed     49.31%
  30  Aplysia_californica             92.57%    passed     43.53%
  31  Sycon_coacturm                  96.46%    passed      5.79%
  32  Hydractinia_echinata            96.73%    failed      1.02%
  33  Monosiga_ovata                  73.94%    failed      0.00%
  34  Oopsacas_minuta                 97.53%    passed     17.03%
  35  Gorgonia_ventalina              18.25%    passed      8.78%
  36  Mnemiopsis_leidyi               49.21%    passed      6.33%
  37  Ciona_intestinalis              12.68%    failed      0.04%
  38  Aphrocallistes_vastus           96.43%    passed     15.64%
  39  Aiptasia_pallida                92.18%    failed      2.83%
  40  Oscarella_carmela               95.32%    failed      0.45%
  41  Clytia_hemisphaerica            73.62%    failed      1.40%
  42  Acropora_digitifera             55.36%    passed     22.68%
  43  Nematostella_vectensis          18.66%    passed     98.32%
  44  Saccoglossus_kowalevskii        72.36%    failed      0.00%
  45  Leucetta_chagosensis            98.34%    failed      1.51%
  46  Heterochone_calyx               97.16%    passed      6.96%
WARNING: 28 sequences contain more than 50% gaps/ambiguity
****  TOTAL                           57.26%  26 sequences failed composition chi2 test (p-value<5%; df=19)

Create initial parsimony tree by phylogenetic likelihood library (PLL)... 0.642 seconds
Generating 1000 samples for ultrafast bootstrap (seed: 477948)...

NOTE: 682 MB RAM (0 GB) is required!
Estimate model parameters (epsilon = 0.100)
1. Initial log-likelihood: -520815.078
2. Current log-likelihood: -505253.235
3. Current log-likelihood: -505152.377
4. Current log-likelihood: -505144.476
5. Current log-likelihood: -505141.204
6. Current log-likelihood: -505139.567
7. Current log-likelihood: -505138.839
8. Current log-likelihood: -505138.628
Optimal log-likelihood: -505138.528
Gamma shape alpha: 0.793
Parameters optimization took 8 rounds (3.875 sec)
Computing ML distances based on estimated model parameters... 1.124 sec
WARNING: Some pairwise ML distances are too long (saturated)
Computing BIONJ tree...
0.002 seconds
Log-likelihood of BIONJ tree: -508826.558
--------------------------------------------------------------------
|             INITIALIZING CANDIDATE TREE SET                      |
--------------------------------------------------------------------
Generating 98 parsimony trees... 49.929 second
Computing log-likelihood of 98 initial trees ... 23.001 seconds
Current best score: -505138.528

Do NNI search on 20 best initial trees
Estimate model parameters (epsilon = 0.100)
BETTER TREE FOUND at iteration 1: -505015.705
Estimate model parameters (epsilon = 0.100)
BETTER TREE FOUND at iteration 8: -505012.752
Iteration 10 / LogL: -505029.031 / Time: 0h:1m:47s
Iteration 20 / LogL: -505020.268 / Time: 0h:2m:8s
Finish initializing candidate tree set (15)
Current best tree score: -505012.752 / CPU time: 113.854
Number of iterations: 20
--------------------------------------------------------------------
|               OPTIMIZING CANDIDATE TREE SET                      |
--------------------------------------------------------------------
Estimate model parameters (epsilon = 0.100)
UPDATE BEST LOG-LIKELIHOOD: -505012.064
Iteration 30 / LogL: -505013.240 / Time: 0h:2m:33s (0h:6m:51s left)
Estimate model parameters (epsilon = 0.100)
BETTER TREE FOUND at iteration 31: -505011.686
Iteration 40 / LogL: -505088.589 / Time: 0h:3m:7s (0h:7m:15s left)
Iteration 50 / LogL: -505018.703 / Time: 0h:3m:34s (0h:5m:52s left)
Log-likelihood cutoff on original alignment: -505084.948
Iteration 60 / LogL: -505011.702 / Time: 0h:4m:5s (0h:4m:54s left)
WARNING: NNI search needs unusual large number of steps (46) to converge!
Iteration 70 / LogL: -505011.707 / Time: 0h:4m:39s (0h:4m:6s left)
Iteration 80 / LogL: -505016.570 / Time: 0h:5m:5s (0h:3m:16s left)
Iteration 90 / LogL: -505090.534 / Time: 0h:5m:36s (0h:2m:34s left)
Iteration 100 / LogL: -505017.209 / Time: 0h:6m:2s (0h:1m:53s left)
Log-likelihood cutoff on original alignment: -505084.948
NOTE: Bootstrap correlation coefficient of split occurrence frequencies: 0.999
Iteration 110 / LogL: -505033.222 / Time: 0h:6m:37s (0h:5m:27s left)
Iteration 120 / LogL: -505087.440 / Time: 0h:7m:7s (0h:4m:47s left)
Iteration 130 / LogL: -505014.392 / Time: 0h:7m:40s (0h:4m:9s left)
TREE SEARCH COMPLETED AFTER 132 ITERATIONS / Time: 0h:7m:48s

--------------------------------------------------------------------
|                    FINALIZING TREE SEARCH                        |
--------------------------------------------------------------------
Performs final model parameters optimization
Estimate model parameters (epsilon = 0.010)
1. Initial log-likelihood: -505011.686
Optimal log-likelihood: -505011.679
Gamma shape alpha: 0.793
Parameters optimization took 1 rounds (0.323 sec)
BEST SCORE FOUND : -505011.679
Creating bootstrap support values...
Split supports printed to NEXUS file Moroz2014-3D.WAG.splits.nex
Total tree length: 11.715

Total number of iterations: 132
CPU time used for tree search: 8070.740 sec (2h:14m:30s)
Wall-clock time used for tree search: 453.656 sec (0h:7m:33s)
Total CPU time used: 8350.070 sec (2h:19m:10s)
Total wall-clock time used: 468.550 sec (0h:7m:48s)

Computing bootstrap consensus tree...
Reading input file Moroz2014-3D.WAG.splits.nex...
46 taxa and 190 splits.
Consensus tree written to Moroz2014-3D.WAG.contree
Reading input trees file Moroz2014-3D.WAG.contree
Log-likelihood of consensus tree: -505011.642

Analysis results written to: 
  IQ-TREE report:                Moroz2014-3D.WAG.iqtree
  Maximum-likelihood tree:       Moroz2014-3D.WAG.treefile
  Likelihood distances:          Moroz2014-3D.WAG.mldist

Ultrafast bootstrap approximation results written to:
  Split support values:          Moroz2014-3D.WAG.splits.nex
  Consensus tree:                Moroz2014-3D.WAG.contree
  Screen log file:               Moroz2014-3D.WAG.log

Date and Time: Wed Nov  7 13:35:12 2018
