IQ-TREE multicore version 1.6.7 for Linux 64-bit built Aug 23 2018
Developed by Bui Quang Minh, Nguyen Lam Tung, Olga Chernomor,
Heiko Schmidt, Dominik Schrempf, Michael Woodhams.

Host:    c28n03.farnam.hpc.yale.internal (AVX2, FMA3, 251 GB RAM)
Command: iqtree -s Moroz2014_ED3a.phy -nt 20 -bb 1000 -m WAG+F+G -pre Moroz2014-3A.WAG
Seed:    204970 (Using SPRNG - Scalable Parallel Random Number Generator)
Time:    Wed Nov  7 13:30:49 2018
Kernel:  AVX+FMA - 20 threads (28 CPU cores detected)

Reading alignment file Moroz2014_ED3a.phy ... Phylip format detected
Alignment most likely contains protein sequences
Alignment has 44 sequences with 170871 columns, 161658 distinct patterns
104973 parsimony-informative, 42700 singleton sites, 23198 constant sites
                            Gap/Ambiguity  Composition  p-value
   1  Mnemiopsis_leidyi            85.32%    failed      0.49%
   2  Anemonia_viridis             77.60%    failed      0.00%
   3  Sycon                        95.15%    failed      0.00%
   4  Capsaspora_owczarzaki        91.09%    failed      0.00%
   5  Nematostella                  4.44%    failed      0.31%
   6  Homo                          0.10%    failed      0.00%
   7  Ephydatia_muelleri           94.12%    failed      0.01%
   8  Capitella                     2.83%    failed      0.00%
   9  Aplysia_californica          83.36%    failed      0.00%
  10  Ciona                         3.05%    failed      0.00%
  11  Monosiga_brevicollis         13.63%    failed      0.00%
  12  Clytia_hemisphaerica         54.21%    failed      0.00%
  13  Drosophila                    0.13%    failed      0.00%
  14  Podocoryne_carnea            95.92%    failed      0.00%
  15  Blastocladiella_emersonii    70.49%    failed      0.00%
  16  Pleurobrachia_pileus         43.95%    failed      0.00%
  17  Oscarella_carmela            77.78%    failed      0.00%
  18  Hydra                        33.74%    failed      0.00%
  19  Ixodes                       35.85%    failed      0.00%
  20  Leucetta_chagosensis         94.52%    failed      0.04%
  21  Oopsacas_minuta              98.14%    failed      0.00%
  22  Spizellomyces_punctatus      90.09%    failed      0.00%
  23  Piromyces_sp                 75.70%    failed      0.00%
  24  Aiptasia                     88.16%    failed      0.00%
  25  Pleurobrachia_bachei          8.87%    failed      0.00%
  26  Caenorhabditis                0.85%    failed      0.00%
  27  Branchiostoma                 4.00%    failed      0.00%
  28  Amphimedon                   73.00%    failed      0.00%
  29  Daphnia                       2.47%    failed      0.00%
  30  Saccoglossus                 45.76%    failed      0.00%
  31  Porites_astreoides           95.04%    failed      0.00%
  32  Carteriospongia_foliascens   97.09%    failed      0.20%
  33  Glomus_intraradices          64.09%    failed      0.00%
  34  Trichoplax                    6.41%    failed      0.00%
  35  Strongylocentrotus           12.83%    failed      0.00%
  36  Acropora                     62.72%    failed      0.00%
  37  Monosiga_ovata               57.15%    failed      0.00%
  38  Sphaeroforma_arctica         87.61%    failed      0.00%
  39  Saccharomyces_cerevisiae      5.36%    failed      0.00%
  40  Heterochone_calyx            88.93%    failed      0.00%
  41  Aphrocallistes_vastus        86.59%    failed      0.05%
  42  Lottia                        3.39%    failed      0.00%
  43  Amoebidium_parasiticum       96.52%    failed      0.00%
  44  Hydractinia_echinata         93.09%    failed      0.00%
WARNING: 26 sequences contain more than 50% gaps/ambiguity
****  TOTAL                        54.57%  44 sequences failed composition chi2 test (p-value<5%; df=19)
NOTE: minimal branch length is reduced to 0.000000585237 for long alignment

Create initial parsimony tree by phylogenetic likelihood library (PLL)... 4.937 seconds
Generating 1000 samples for ultrafast bootstrap (seed: 204970)...

NOTE: 5013 MB RAM (4 GB) is required!
Estimate model parameters (epsilon = 0.100)
1. Initial log-likelihood: -4395652.411
2. Current log-likelihood: -4249760.371
3. Current log-likelihood: -4247882.985
4. Current log-likelihood: -4247813.025
5. Current log-likelihood: -4247809.665
6. Current log-likelihood: -4247809.377
Optimal log-likelihood: -4247809.290
Gamma shape alpha: 0.972
Parameters optimization took 6 rounds (26.138 sec)
Computing ML distances based on estimated model parameters... 10.492 sec
Computing BIONJ tree...
0.001 seconds
Log-likelihood of BIONJ tree: -4251684.987
--------------------------------------------------------------------
|             INITIALIZING CANDIDATE TREE SET                      |
--------------------------------------------------------------------
Generating 98 parsimony trees... 718.928 second
Computing log-likelihood of 98 initial trees ... 246.799 seconds
Current best score: -4247809.290

Do NNI search on 20 best initial trees
Estimate model parameters (epsilon = 0.100)
BETTER TREE FOUND at iteration 1: -4247657.238
Estimate model parameters (epsilon = 0.100)
BETTER TREE FOUND at iteration 5: -4246473.047
Iteration 10 / LogL: -4247786.117 / Time: 0h:21m:29s
Iteration 20 / LogL: -4247675.038 / Time: 0h:26m:42s
Finish initializing candidate tree set (11)
Current best tree score: -4246473.047 / CPU time: 1545.191
Number of iterations: 20
--------------------------------------------------------------------
|               OPTIMIZING CANDIDATE TREE SET                      |
--------------------------------------------------------------------
Iteration 30 / LogL: -4247693.820 / Time: 0h:31m:36s (1h:21m:30s left)
Iteration 40 / LogL: -4246475.208 / Time: 0h:36m:10s (1h:0m:9s left)
Iteration 50 / LogL: -4246650.774 / Time: 0h:41m:1s (0h:45m:57s left)
Log-likelihood cutoff on original alignment: -4246542.007
Iteration 60 / LogL: -4246633.758 / Time: 0h:45m:40s (0h:34m:46s left)
Iteration 70 / LogL: -4246509.912 / Time: 0h:50m:34s (0h:25m:36s left)
Iteration 80 / LogL: -4246486.717 / Time: 0h:55m:11s (0h:17m:26s left)
Iteration 90 / LogL: -4246515.558 / Time: 1h:0m:16s (0h:10m:8s left)
Iteration 100 / LogL: -4246478.247 / Time: 1h:5m:7s (0h:3m:17s left)
Log-likelihood cutoff on original alignment: -4246542.545
NOTE: Bootstrap correlation coefficient of split occurrence frequencies: 0.993
TREE SEARCH COMPLETED AFTER 106 ITERATIONS / Time: 1h:7m:53s

--------------------------------------------------------------------
|                    FINALIZING TREE SEARCH                        |
--------------------------------------------------------------------
Performs final model parameters optimization
Estimate model parameters (epsilon = 0.010)
1. Initial log-likelihood: -4246473.047
2. Current log-likelihood: -4246473.018
Optimal log-likelihood: -4246473.008
Gamma shape alpha: 0.969
Parameters optimization took 2 rounds (5.911 sec)
BEST SCORE FOUND : -4246473.008
Creating bootstrap support values...
Split supports printed to NEXUS file Moroz2014-3A.WAG.splits.nex
Total tree length: 13.987

Total number of iterations: 106
CPU time used for tree search: 67166.507 sec (18h:39m:26s)
Wall-clock time used for tree search: 4015.758 sec (1h:6m:55s)
Total CPU time used: 68285.737 sec (18h:58m:5s)
Total wall-clock time used: 4079.305 sec (1h:7m:59s)

Computing bootstrap consensus tree...
Reading input file Moroz2014-3A.WAG.splits.nex...
44 taxa and 110 splits.
Consensus tree written to Moroz2014-3A.WAG.contree
Reading input trees file Moroz2014-3A.WAG.contree
Log-likelihood of consensus tree: -4246473.004

Analysis results written to: 
  IQ-TREE report:                Moroz2014-3A.WAG.iqtree
  Maximum-likelihood tree:       Moroz2014-3A.WAG.treefile
  Likelihood distances:          Moroz2014-3A.WAG.mldist

Ultrafast bootstrap approximation results written to:
  Split support values:          Moroz2014-3A.WAG.splits.nex
  Consensus tree:                Moroz2014-3A.WAG.contree
  Screen log file:               Moroz2014-3A.WAG.log

Date and Time: Wed Nov  7 14:39:16 2018
