IQ-TREE multicore version 1.6.7 for Linux 64-bit built Aug 23 2018
Developed by Bui Quang Minh, Nguyen Lam Tung, Olga Chernomor,
Heiko Schmidt, Dominik Schrempf, Michael Woodhams.

Host:    c27n02.farnam.hpc.yale.internal (AVX2, FMA3, 251 GB RAM)
Command: iqtree -s Moroz2014_ED3a.phy -nt 20 -bb 1000 -m GTR20+F+G -pre Moroz2014-3A.GTR20
Seed:    485343 (Using SPRNG - Scalable Parallel Random Number Generator)
Time:    Wed Nov  7 13:23:15 2018
Kernel:  AVX+FMA - 20 threads (28 CPU cores detected)

Reading alignment file Moroz2014_ED3a.phy ... Phylip format detected
Alignment most likely contains protein sequences
Alignment has 44 sequences with 170871 columns, 161658 distinct patterns
104973 parsimony-informative, 42700 singleton sites, 23198 constant sites
                            Gap/Ambiguity  Composition  p-value
   1  Mnemiopsis_leidyi            85.32%    failed      0.49%
   2  Anemonia_viridis             77.60%    failed      0.00%
   3  Sycon                        95.15%    failed      0.00%
   4  Capsaspora_owczarzaki        91.09%    failed      0.00%
   5  Nematostella                  4.44%    failed      0.31%
   6  Homo                          0.10%    failed      0.00%
   7  Ephydatia_muelleri           94.12%    failed      0.01%
   8  Capitella                     2.83%    failed      0.00%
   9  Aplysia_californica          83.36%    failed      0.00%
  10  Ciona                         3.05%    failed      0.00%
  11  Monosiga_brevicollis         13.63%    failed      0.00%
  12  Clytia_hemisphaerica         54.21%    failed      0.00%
  13  Drosophila                    0.13%    failed      0.00%
  14  Podocoryne_carnea            95.92%    failed      0.00%
  15  Blastocladiella_emersonii    70.49%    failed      0.00%
  16  Pleurobrachia_pileus         43.95%    failed      0.00%
  17  Oscarella_carmela            77.78%    failed      0.00%
  18  Hydra                        33.74%    failed      0.00%
  19  Ixodes                       35.85%    failed      0.00%
  20  Leucetta_chagosensis         94.52%    failed      0.04%
  21  Oopsacas_minuta              98.14%    failed      0.00%
  22  Spizellomyces_punctatus      90.09%    failed      0.00%
  23  Piromyces_sp                 75.70%    failed      0.00%
  24  Aiptasia                     88.16%    failed      0.00%
  25  Pleurobrachia_bachei          8.87%    failed      0.00%
  26  Caenorhabditis                0.85%    failed      0.00%
  27  Branchiostoma                 4.00%    failed      0.00%
  28  Amphimedon                   73.00%    failed      0.00%
  29  Daphnia                       2.47%    failed      0.00%
  30  Saccoglossus                 45.76%    failed      0.00%
  31  Porites_astreoides           95.04%    failed      0.00%
  32  Carteriospongia_foliascens   97.09%    failed      0.20%
  33  Glomus_intraradices          64.09%    failed      0.00%
  34  Trichoplax                    6.41%    failed      0.00%
  35  Strongylocentrotus           12.83%    failed      0.00%
  36  Acropora                     62.72%    failed      0.00%
  37  Monosiga_ovata               57.15%    failed      0.00%
  38  Sphaeroforma_arctica         87.61%    failed      0.00%
  39  Saccharomyces_cerevisiae      5.36%    failed      0.00%
  40  Heterochone_calyx            88.93%    failed      0.00%
  41  Aphrocallistes_vastus        86.59%    failed      0.05%
  42  Lottia                        3.39%    failed      0.00%
  43  Amoebidium_parasiticum       96.52%    failed      0.00%
  44  Hydractinia_echinata         93.09%    failed      0.00%
WARNING: 26 sequences contain more than 50% gaps/ambiguity
****  TOTAL                        54.57%  44 sequences failed composition chi2 test (p-value<5%; df=19)
NOTE: minimal branch length is reduced to 0.000000585237 for long alignment

Create initial parsimony tree by phylogenetic likelihood library (PLL)... 6.806 seconds
Generating 1000 samples for ultrafast bootstrap (seed: 485343)...
WARNING: GTR20 model will estimate 189 substitution rates that might be overfitting!
WARNING: Please only use GTR20 with very large data and always test for model fit!

NOTE: 5013 MB RAM (4 GB) is required!
Estimate model parameters (epsilon = 0.100)
1. Initial log-likelihood: -4374669.135
2. Current log-likelihood: -4220848.000
3. Current log-likelihood: -4219403.601
4. Current log-likelihood: -4219325.444
5. Current log-likelihood: -4219318.941
6. Current log-likelihood: -4219317.358
7. Current log-likelihood: -4219316.996
8. Current log-likelihood: -4219316.811
9. Current log-likelihood: -4219316.664
10. Current log-likelihood: -4219316.533
11. Current log-likelihood: -4219316.409
12. Current log-likelihood: -4219316.291
13. Current log-likelihood: -4219316.177
14. Current log-likelihood: -4219316.067
15. Current log-likelihood: -4219315.960
16. Current log-likelihood: -4219315.856
17. Current log-likelihood: -4219315.754
Optimal log-likelihood: -4219315.655
Gamma shape alpha: 0.908
Parameters optimization took 17 rounds (5849.706 sec)
Computing ML distances based on estimated model parameters... 10.599 sec
Computing BIONJ tree...
0.001 seconds
Log-likelihood of BIONJ tree: -4222466.448
--------------------------------------------------------------------
|             INITIALIZING CANDIDATE TREE SET                      |
--------------------------------------------------------------------
Generating 98 parsimony trees... 717.002 second
Computing log-likelihood of 98 initial trees ... 247.081 seconds
Current best score: -4219315.655

Do NNI search on 20 best initial trees
Estimate model parameters (epsilon = 0.100)
BETTER TREE FOUND at iteration 1: -4219101.596
Estimate model parameters (epsilon = 0.100)
BETTER TREE FOUND at iteration 2: -4217819.591
Iteration 10 / LogL: -4219335.183 / Time: 2h:24m:3s
Iteration 20 / LogL: -4219112.833 / Time: 2h:28m:23s
Finish initializing candidate tree set (12)
Current best tree score: -4217819.591 / CPU time: 3015.501
Number of iterations: 20
--------------------------------------------------------------------
|               OPTIMIZING CANDIDATE TREE SET                      |
--------------------------------------------------------------------
Iteration 30 / LogL: -4219013.047 / Time: 2h:33m:0s (6h:19m:34s left)
Iteration 40 / LogL: -4217853.444 / Time: 2h:37m:51s (4h:10m:45s left)
Iteration 50 / LogL: -4219132.646 / Time: 2h:42m:29s (2h:52m:18s left)
Log-likelihood cutoff on original alignment: -4217889.589
Iteration 60 / LogL: -4217822.998 / Time: 2h:47m:32s (1h:59m:11s left)
Iteration 70 / LogL: -4218043.710 / Time: 2h:52m:26s (1h:19m:55s left)
Iteration 80 / LogL: -4217936.983 / Time: 2h:57m:52s (0h:49m:30s left)
Iteration 90 / LogL: -4217834.932 / Time: 3h:2m:39s (0h:24m:36s left)
Iteration 100 / LogL: -4217876.480 / Time: 3h:6m:51s (0h:3m:46s left)
Log-likelihood cutoff on original alignment: -4217888.317
NOTE: Bootstrap correlation coefficient of split occurrence frequencies: 0.978
NOTE: UFBoot does not converge, continue at least 100 more iterations
Iteration 110 / LogL: -4218044.929 / Time: 3h:12m:13s (2h:38m:37s left)
Iteration 120 / LogL: -4217844.412 / Time: 3h:17m:27s (2h:12m:39s left)
Iteration 130 / LogL: -4217822.305 / Time: 3h:22m:20s (1h:49m:43s left)
Iteration 140 / LogL: -4217869.257 / Time: 3h:26m:55s (1h:29m:16s left)
Iteration 150 / LogL: -4218396.690 / Time: 3h:31m:40s (1h:10m:59s left)
Log-likelihood cutoff on original alignment: -4217888.317
Iteration 160 / LogL: -4217847.428 / Time: 3h:36m:8s (0h:54m:20s left)
Iteration 170 / LogL: -4217865.740 / Time: 3h:41m:14s (0h:39m:15s left)
Iteration 180 / LogL: -4217824.902 / Time: 3h:46m:5s (0h:25m:14s left)
Iteration 190 / LogL: -4217928.073 / Time: 3h:50m:22s (0h:12m:10s left)
Iteration 200 / LogL: -4217993.409 / Time: 3h:54m:58s (0h:0m:0s left)
Log-likelihood cutoff on original alignment: -4217890.219
NOTE: Bootstrap correlation coefficient of split occurrence frequencies: 0.999
TREE SEARCH COMPLETED AFTER 200 ITERATIONS / Time: 3h:54m:58s

--------------------------------------------------------------------
|                    FINALIZING TREE SEARCH                        |
--------------------------------------------------------------------
Performs final model parameters optimization
Estimate model parameters (epsilon = 0.010)
1. Initial log-likelihood: -4217819.591
2. Current log-likelihood: -4217819.504
3. Current log-likelihood: -4217819.409
4. Current log-likelihood: -4217819.322
5. Current log-likelihood: -4217819.240
6. Current log-likelihood: -4217819.164
7. Current log-likelihood: -4217819.082
8. Current log-likelihood: -4217819.006
9. Current log-likelihood: -4217818.933
10. Current log-likelihood: -4217818.865
11. Current log-likelihood: -4217818.792
12. Current log-likelihood: -4217818.724
13. Current log-likelihood: -4217818.657
14. Current log-likelihood: -4217818.595
15. Current log-likelihood: -4217818.529
16. Current log-likelihood: -4217818.466
17. Current log-likelihood: -4217818.405
18. Current log-likelihood: -4217818.348
19. Current log-likelihood: -4217818.287
20. Current log-likelihood: -4217818.229
21. Current log-likelihood: -4217818.173
22. Current log-likelihood: -4217818.119
23. Current log-likelihood: -4217818.063
24. Current log-likelihood: -4217818.009
25. Current log-likelihood: -4217817.957
26. Current log-likelihood: -4217817.907
27. Current log-likelihood: -4217817.854
28. Current log-likelihood: -4217817.804
29. Current log-likelihood: -4217817.755
30. Current log-likelihood: -4217817.708
31. Current log-likelihood: -4217817.659
32. Current log-likelihood: -4217817.612
33. Current log-likelihood: -4217817.566
34. Current log-likelihood: -4217817.522
35. Current log-likelihood: -4217817.476
36. Current log-likelihood: -4217817.432
37. Current log-likelihood: -4217817.388
38. Current log-likelihood: -4217817.347
39. Current log-likelihood: -4217817.303
40. Current log-likelihood: -4217817.258
41. Current log-likelihood: -4217817.216
42. Current log-likelihood: -4217817.176
43. Current log-likelihood: -4217817.133
44. Current log-likelihood: -4217817.093
45. Current log-likelihood: -4217817.054
46. Current log-likelihood: -4217817.016
47. Current log-likelihood: -4217816.976
48. Current log-likelihood: -4217816.938
49. Current log-likelihood: -4217816.901
50. Current log-likelihood: -4217816.865
51. Current log-likelihood: -4217816.828
52. Current log-likelihood: -4217816.792
53. Current log-likelihood: -4217816.757
54. Current log-likelihood: -4217816.723
55. Current log-likelihood: -4217816.688
56. Current log-likelihood: -4217816.654
57. Current log-likelihood: -4217816.620
58. Current log-likelihood: -4217816.588
59. Current log-likelihood: -4217816.555
60. Current log-likelihood: -4217816.523
61. Current log-likelihood: -4217816.491
62. Current log-likelihood: -4217816.460
63. Current log-likelihood: -4217816.429
64. Current log-likelihood: -4217816.399
65. Current log-likelihood: -4217816.368
66. Current log-likelihood: -4217816.339
67. Current log-likelihood: -4217816.309
68. Current log-likelihood: -4217816.281
69. Current log-likelihood: -4217816.252
70. Current log-likelihood: -4217816.224
71. Current log-likelihood: -4217816.195
72. Current log-likelihood: -4217816.167
73. Current log-likelihood: -4217816.138
74. Current log-likelihood: -4217816.111
75. Current log-likelihood: -4217816.081
76. Current log-likelihood: -4217816.052
77. Current log-likelihood: -4217816.021
78. Current log-likelihood: -4217815.992
79. Current log-likelihood: -4217815.960
80. Current log-likelihood: -4217815.931
81. Current log-likelihood: -4217815.899
82. Current log-likelihood: -4217815.870
83. Current log-likelihood: -4217815.839
84. Current log-likelihood: -4217815.810
85. Current log-likelihood: -4217815.780
86. Current log-likelihood: -4217815.752
87. Current log-likelihood: -4217815.723
88. Current log-likelihood: -4217815.695
89. Current log-likelihood: -4217815.667
90. Current log-likelihood: -4217815.640
91. Current log-likelihood: -4217815.613
92. Current log-likelihood: -4217815.587
93. Current log-likelihood: -4217815.560
94. Current log-likelihood: -4217815.535
95. Current log-likelihood: -4217815.510
96. Current log-likelihood: -4217815.486
97. Current log-likelihood: -4217815.461
98. Current log-likelihood: -4217815.437
99. Current log-likelihood: -4217815.413
Optimal log-likelihood: -4217815.413
Gamma shape alpha: 0.907
Parameters optimization took 99 rounds (6911.961 sec)
BEST SCORE FOUND : -4217815.413
Creating bootstrap support values...
Split supports printed to NEXUS file Moroz2014-3A.GTR20.splits.nex
Total tree length: 15.467

Total number of iterations: 200
CPU time used for tree search: 150791.558 sec (41h:53m:11s)
Wall-clock time used for tree search: 8210.549 sec (2h:16m:50s)
Total CPU time used: 405430.069 sec (112h:37m:10s)
Total wall-clock time used: 21010.937 sec (5h:50m:10s)

Computing bootstrap consensus tree...
Reading input file Moroz2014-3A.GTR20.splits.nex...
44 taxa and 111 splits.
Consensus tree written to Moroz2014-3A.GTR20.contree
Reading input trees file Moroz2014-3A.GTR20.contree
Log-likelihood of consensus tree: -4217815.415

Analysis results written to: 
  IQ-TREE report:                Moroz2014-3A.GTR20.iqtree
  Maximum-likelihood tree:       Moroz2014-3A.GTR20.treefile
  Likelihood distances:          Moroz2014-3A.GTR20.mldist

Ultrafast bootstrap approximation results written to:
  Split support values:          Moroz2014-3A.GTR20.splits.nex
  Consensus tree:                Moroz2014-3A.GTR20.contree
  Screen log file:               Moroz2014-3A.GTR20.log

Date and Time: Wed Nov  7 19:13:56 2018
