IQ-TREE multicore version 1.6.7 for Linux 64-bit built Aug 23 2018
Developed by Bui Quang Minh, Nguyen Lam Tung, Olga Chernomor,
Heiko Schmidt, Dominik Schrempf, Michael Woodhams.

Host:    c27n06.farnam.hpc.yale.internal (AVX2, FMA3, 251 GB RAM)
Command: iqtree -s Moroz2014_ED3d.phy -nt 20 -bb 1000 -m Poisson+C60+F+G -pre Moroz2014-3D.poisson_C60
Seed:    45895 (Using SPRNG - Scalable Parallel Random Number Generator)
Time:    Wed Oct 31 06:07:34 2018
Kernel:  AVX+FMA - 20 threads (28 CPU cores detected)

Reading alignment file Moroz2014_ED3d.phy ... Phylip format detected
Alignment most likely contains protein sequences
Alignment has 46 sequences with 22772 columns, 21150 distinct patterns
13258 parsimony-informative, 4858 singleton sites, 4656 constant sites
                               Gap/Ambiguity  Composition  p-value
   1  Crassostrea_gigas               11.00%    passed     10.97%
   2  Bolinopsis_infundibulum         63.08%    failed      0.02%
   3  Ephydatia_muelleri              95.64%    failed      0.02%
   4  Podocoryne_carnea               98.19%    failed      0.01%
   5  Lottia_gigantea                 11.74%    failed      0.00%
   6  Capitella_teleta                14.85%    passed     18.17%
   7  Salpingoeca_rosetta             17.47%    failed      0.00%
   8  Trichoplax_adhaerans            15.30%    failed      0.00%
   9  Monosiga_brevicollis            20.06%    failed      0.00%
  10  Porites_astreoides              97.73%    failed      0.01%
  11  Drosophila_melanogaster          7.96%    failed      0.75%
  12  Pleurobrachia_bachei            56.02%    passed     13.49%
  13  Beroe_abyssicola                44.59%    failed      0.58%
  14  Coeloplana_astericola           66.96%    failed      0.00%
  15  Carteriospongia_foliascens      98.03%    passed     36.24%
  16  Ixodes_scapularis               59.27%    failed      0.00%
  17  Branchiostoma_floridae           7.11%    failed      0.02%
  18  Pleurobrachia_pileus            77.17%    failed      0.03%
  19  Dryodora_glandiformis_          44.91%    passed     21.10%
  20  Anemonia_viridis                86.25%    failed      0.02%
  21  Euplokamis_dunlapae             65.53%    passed     10.44%
  22  Mertensiidae_sp                 62.97%    passed      5.13%
  23  Daphnia_pulex                    9.78%    passed     65.75%
  24  Pleurobrachia_sp                33.88%    failed      0.92%
  25  Amphimedon_queenslandica        81.62%    passed      6.47%
  26  Homo_sapiens                     7.87%    failed      0.13%
  27  Strongylocentrotus_purpuratus   11.69%    passed     61.53%
  28  Hydra_vulgaris                  69.85%    failed      0.00%
  29  Vallicula_sp                    60.62%    passed     49.31%
  30  Aplysia_californica             92.57%    passed     43.53%
  31  Sycon_coacturm                  96.46%    passed      5.79%
  32  Hydractinia_echinata            96.73%    failed      1.02%
  33  Monosiga_ovata                  73.94%    failed      0.00%
  34  Oopsacas_minuta                 97.53%    passed     17.03%
  35  Gorgonia_ventalina              18.25%    passed      8.78%
  36  Mnemiopsis_leidyi               49.21%    passed      6.33%
  37  Ciona_intestinalis              12.68%    failed      0.04%
  38  Aphrocallistes_vastus           96.43%    passed     15.64%
  39  Aiptasia_pallida                92.18%    failed      2.83%
  40  Oscarella_carmela               95.32%    failed      0.45%
  41  Clytia_hemisphaerica            73.62%    failed      1.40%
  42  Acropora_digitifera             55.36%    passed     22.68%
  43  Nematostella_vectensis          18.66%    passed     98.32%
  44  Saccoglossus_kowalevskii        72.36%    failed      0.00%
  45  Leucetta_chagosensis            98.34%    failed      1.51%
  46  Heterochone_calyx               97.16%    passed      6.96%
WARNING: 28 sequences contain more than 50% gaps/ambiguity
****  TOTAL                           57.26%  26 sequences failed composition chi2 test (p-value<5%; df=19)

Create initial parsimony tree by phylogenetic likelihood library (PLL)... 0.506 seconds
Generating 1000 samples for ultrafast bootstrap (seed: 45895)...
Model Poisson+C60+F+G is alias for Poisson+POISSON+G+FMIX{C60pi1:1:0.0169698865,C60pi2:1:0.0211683374,C60pi3:1:0.0276589079,C60pi4:1:0.0065675964,C60pi5:1:0.0141221416,C60pi6:1:0.0068774834,C60pi7:1:0.0146909701,C60pi8:1:0.0067225777,C60pi9:1:0.0018396660,C60pi10:1:0.0102547197,C60pi11:1:0.0230896163,C60pi12:1:0.0057941033,C60pi13:1:0.0125394534,C60pi14:1:0.0204526478,C60pi15:1:0.0070629602,C60pi16:1:0.0117982741,C60pi17:1:0.0068334668,C60pi18:1:0.0433775839,C60pi19:1:0.0318278731,C60pi20:1:0.0222546108,C60pi21:1:0.0102264969,C60pi22:1:0.0150545891,C60pi23:1:0.0134159878,C60pi24:1:0.0148552065,C60pi25:1:0.0239111516,C60pi26:1:0.0128776278,C60pi27:1:0.0222318842,C60pi28:1:0.0247444742,C60pi29:1:0.0214274810,C60pi30:1:0.0115001882,C60pi31:1:0.0076017389,C60pi32:1:0.0130258568,C60pi33:1:0.0093701965,C60pi34:1:0.0467194264,C60pi35:1:0.0441940314,C60pi36:1:0.0322263154,C60pi37:1:0.0402999891,C60pi38:1:0.0150234227,C60pi39:1:0.0104589903,C60pi40:1:0.0214742395,C60pi41:1:0.0154957836,C60pi42:1:0.0101789953,C60pi43:1:0.0227980379,C60pi44:1:0.0123204539,C60pi45:1:0.0066777583,C60pi46:1:0.0004150083,C60pi47:1:0.0344385130,C60pi48:1:0.0113663379,C60pi49:1:0.0127143049,C60pi50:1:0.0124323741,C60pi51:1:0.0262124415,C60pi52:1:0.0064994957,C60pi53:1:0.0103203293,C60pi54:1:0.0142463512,C60pi55:1:0.0215600067,C60pi56:1:0.0199150700,C60pi57:1:0.0038964200,C60pi58:1:0.0113448855,C60pi59:1:0.0128595846,C60pi60:1:0.0117656776}+F+G

NOTE: 36794 MB RAM (35 GB) is required!
Estimate model parameters (epsilon = 0.100)
1. Initial log-likelihood: -509804.910
2. Current log-likelihood: -497185.335
3. Current log-likelihood: -497100.125
4. Current log-likelihood: -497090.970
5. Current log-likelihood: -497085.668
6. Current log-likelihood: -497082.211
7. Current log-likelihood: -497079.927
8. Current log-likelihood: -497078.456
9. Current log-likelihood: -497078.201
Optimal log-likelihood: -497078.162
Mixture weights: 0.010 0.020 0.019 0.018 0.018 0.018 0.011 0.011 0.014 0.001 0.006 0.030 0.008 0.012 0.013 0.000 0.004 0.011 0.045 0.021 0.016 0.010 0.010 0.016 0.020 0.027 0.008 0.025 0.024 0.019 0.016 0.015 0.019 0.010 0.047 0.047 0.030 0.033 0.018 0.014 0.029 0.007 0.006 0.047 0.003 0.005 0.000 0.012 0.006 0.018 0.002 0.029 0.014 0.009 0.019 0.017 0.026 0.002 0.008 0.008 0.017
Gamma shape alpha: 0.644
Parameters optimization took 9 rounds (322.786 sec)
Computing ML distances based on estimated model parameters... 1.068 sec
WARNING: Some pairwise ML distances are too long (saturated)
Computing BIONJ tree...
0.003 seconds
Log-likelihood of BIONJ tree: -498699.114
--------------------------------------------------------------------
|             INITIALIZING CANDIDATE TREE SET                      |
--------------------------------------------------------------------
Generating 98 parsimony trees... 49.620 second
Computing log-likelihood of 98 initial trees ... 2129.597 seconds
Current best score: -497078.162

Do NNI search on 20 best initial trees
Estimate model parameters (epsilon = 0.100)
BETTER TREE FOUND at iteration 1: -496989.172
Estimate model parameters (epsilon = 0.100)
BETTER TREE FOUND at iteration 2: -496987.386
Iteration 10 / LogL: -497012.305 / Time: 1h:22m:3s
Iteration 20 / LogL: -496989.393 / Time: 1h:54m:11s
Finish initializing candidate tree set (6)
Current best tree score: -496987.386 / CPU time: 6060.704
Number of iterations: 20
--------------------------------------------------------------------
|               OPTIMIZING CANDIDATE TREE SET                      |
--------------------------------------------------------------------
Estimate model parameters (epsilon = 0.100)
BETTER TREE FOUND at iteration 22: -496987.252
Iteration 30 / LogL: -496995.525 / Time: 2h:45m:30s (8h:45m:1s left)
Iteration 40 / LogL: -496989.465 / Time: 3h:34m:38s (7h:31m:17s left)
Iteration 50 / LogL: -497004.080 / Time: 4h:26m:39s (6h:31m:49s left)
Log-likelihood cutoff on original alignment: -497030.986
Iteration 60 / LogL: -496988.101 / Time: 5h:18m:34s (5h:34m:46s left)
Iteration 70 / LogL: -497002.629 / Time: 6h:10m:51s (4h:39m:29s left)
Iteration 80 / LogL: -496988.485 / Time: 6h:58m:53s (3h:42m:41s left)
Iteration 90 / LogL: -496987.584 / Time: 7h:47m:10s (2h:47m:58s left)
Iteration 100 / LogL: -496996.227 / Time: 8h:36m:43s (1h:54m:49s left)
Log-likelihood cutoff on original alignment: -497030.986
NOTE: Bootstrap correlation coefficient of split occurrence frequencies: 0.998
Estimate model parameters (epsilon = 0.100)
UPDATE BEST LOG-LIKELIHOOD: -496986.973
Iteration 110 / LogL: -496987.697 / Time: 9h:28m:43s (7h:49m:34s left)
Estimate model parameters (epsilon = 0.100)
UPDATE BEST LOG-LIKELIHOOD: -496986.901
Iteration 120 / LogL: -496994.331 / Time: 10h:15m:16s (6h:53m:37s left)
TREE SEARCH COMPLETED AFTER 123 ITERATIONS / Time: 10h:28m:50s

--------------------------------------------------------------------
|                    FINALIZING TREE SEARCH                        |
--------------------------------------------------------------------
Performs final model parameters optimization
Estimate model parameters (epsilon = 0.010)
1. Initial log-likelihood: -496986.901
2. Current log-likelihood: -496986.862
3. Current log-likelihood: -496986.836
4. Current log-likelihood: -496986.814
5. Current log-likelihood: -496986.793
6. Current log-likelihood: -496986.774
7. Current log-likelihood: -496986.757
8. Current log-likelihood: -496986.741
9. Current log-likelihood: -496986.727
10. Current log-likelihood: -496986.713
11. Current log-likelihood: -496986.700
12. Current log-likelihood: -496986.688
13. Current log-likelihood: -496986.677
14. Current log-likelihood: -496986.666
15. Current log-likelihood: -496986.656
Optimal log-likelihood: -496986.645
Mixture weights: 0.010 0.020 0.019 0.018 0.018 0.018 0.011 0.011 0.014 0.001 0.006 0.030 0.008 0.012 0.013 0.000 0.004 0.011 0.045 0.021 0.016 0.010 0.010 0.016 0.021 0.027 0.008 0.025 0.025 0.019 0.016 0.015 0.019 0.010 0.047 0.047 0.030 0.033 0.018 0.014 0.029 0.007 0.006 0.047 0.003 0.005 0.000 0.012 0.006 0.017 0.001 0.029 0.014 0.009 0.019 0.017 0.026 0.002 0.008 0.008 0.017
Gamma shape alpha: 0.644
Parameters optimization took 15 rounds (284.977 sec)
BEST SCORE FOUND : -496986.645
Creating bootstrap support values...
Split supports printed to NEXUS file Moroz2014-3D.poisson_C60.splits.nex
Total tree length: 15.296

Total number of iterations: 123
CPU time used for tree search: 736884.587 sec (204h:41m:24s)
Wall-clock time used for tree search: 36939.848 sec (10h:15m:39s)
Total CPU time used: 758356.861 sec (210h:39m:16s)
Total wall-clock time used: 38015.865 sec (10h:33m:35s)

Computing bootstrap consensus tree...
Reading input file Moroz2014-3D.poisson_C60.splits.nex...
46 taxa and 195 splits.
Consensus tree written to Moroz2014-3D.poisson_C60.contree
Reading input trees file Moroz2014-3D.poisson_C60.contree
Log-likelihood of consensus tree: -496988.643

Analysis results written to: 
  IQ-TREE report:                Moroz2014-3D.poisson_C60.iqtree
  Maximum-likelihood tree:       Moroz2014-3D.poisson_C60.treefile
  Likelihood distances:          Moroz2014-3D.poisson_C60.mldist

Ultrafast bootstrap approximation results written to:
  Split support values:          Moroz2014-3D.poisson_C60.splits.nex
  Consensus tree:                Moroz2014-3D.poisson_C60.contree
  Screen log file:               Moroz2014-3D.poisson_C60.log

Date and Time: Wed Oct 31 16:45:01 2018
