IQ-TREE multicore version 1.6.7 for Linux 64-bit built Aug 23 2018
Developed by Bui Quang Minh, Nguyen Lam Tung, Olga Chernomor,
Heiko Schmidt, Dominik Schrempf, Michael Woodhams.

Host:    c27n01.farnam.hpc.yale.internal (AVX2, FMA3, 251 GB RAM)
Command: iqtree -s Moroz2014_ED3d.phy -nt 20 -bb 1000 -m GTR20+F+G -pre Moroz2014-3D.GTR20
Seed:    385463 (Using SPRNG - Scalable Parallel Random Number Generator)
Time:    Wed Nov  7 13:23:15 2018
Kernel:  AVX+FMA - 20 threads (28 CPU cores detected)

Reading alignment file Moroz2014_ED3d.phy ... Phylip format detected
Alignment most likely contains protein sequences
Alignment has 46 sequences with 22772 columns, 21150 distinct patterns
13258 parsimony-informative, 4858 singleton sites, 4656 constant sites
                               Gap/Ambiguity  Composition  p-value
   1  Crassostrea_gigas               11.00%    passed     10.97%
   2  Bolinopsis_infundibulum         63.08%    failed      0.02%
   3  Ephydatia_muelleri              95.64%    failed      0.02%
   4  Podocoryne_carnea               98.19%    failed      0.01%
   5  Lottia_gigantea                 11.74%    failed      0.00%
   6  Capitella_teleta                14.85%    passed     18.17%
   7  Salpingoeca_rosetta             17.47%    failed      0.00%
   8  Trichoplax_adhaerans            15.30%    failed      0.00%
   9  Monosiga_brevicollis            20.06%    failed      0.00%
  10  Porites_astreoides              97.73%    failed      0.01%
  11  Drosophila_melanogaster          7.96%    failed      0.75%
  12  Pleurobrachia_bachei            56.02%    passed     13.49%
  13  Beroe_abyssicola                44.59%    failed      0.58%
  14  Coeloplana_astericola           66.96%    failed      0.00%
  15  Carteriospongia_foliascens      98.03%    passed     36.24%
  16  Ixodes_scapularis               59.27%    failed      0.00%
  17  Branchiostoma_floridae           7.11%    failed      0.02%
  18  Pleurobrachia_pileus            77.17%    failed      0.03%
  19  Dryodora_glandiformis_          44.91%    passed     21.10%
  20  Anemonia_viridis                86.25%    failed      0.02%
  21  Euplokamis_dunlapae             65.53%    passed     10.44%
  22  Mertensiidae_sp                 62.97%    passed      5.13%
  23  Daphnia_pulex                    9.78%    passed     65.75%
  24  Pleurobrachia_sp                33.88%    failed      0.92%
  25  Amphimedon_queenslandica        81.62%    passed      6.47%
  26  Homo_sapiens                     7.87%    failed      0.13%
  27  Strongylocentrotus_purpuratus   11.69%    passed     61.53%
  28  Hydra_vulgaris                  69.85%    failed      0.00%
  29  Vallicula_sp                    60.62%    passed     49.31%
  30  Aplysia_californica             92.57%    passed     43.53%
  31  Sycon_coacturm                  96.46%    passed      5.79%
  32  Hydractinia_echinata            96.73%    failed      1.02%
  33  Monosiga_ovata                  73.94%    failed      0.00%
  34  Oopsacas_minuta                 97.53%    passed     17.03%
  35  Gorgonia_ventalina              18.25%    passed      8.78%
  36  Mnemiopsis_leidyi               49.21%    passed      6.33%
  37  Ciona_intestinalis              12.68%    failed      0.04%
  38  Aphrocallistes_vastus           96.43%    passed     15.64%
  39  Aiptasia_pallida                92.18%    failed      2.83%
  40  Oscarella_carmela               95.32%    failed      0.45%
  41  Clytia_hemisphaerica            73.62%    failed      1.40%
  42  Acropora_digitifera             55.36%    passed     22.68%
  43  Nematostella_vectensis          18.66%    passed     98.32%
  44  Saccoglossus_kowalevskii        72.36%    failed      0.00%
  45  Leucetta_chagosensis            98.34%    failed      1.51%
  46  Heterochone_calyx               97.16%    passed      6.96%
WARNING: 28 sequences contain more than 50% gaps/ambiguity
****  TOTAL                           57.26%  26 sequences failed composition chi2 test (p-value<5%; df=19)

Create initial parsimony tree by phylogenetic likelihood library (PLL)... 0.629 seconds
Generating 1000 samples for ultrafast bootstrap (seed: 385463)...
WARNING: GTR20 model will estimate 189 substitution rates that might be overfitting!
WARNING: Please only use GTR20 with very large data and always test for model fit!

NOTE: 682 MB RAM (0 GB) is required!
Estimate model parameters (epsilon = 0.100)
1. Initial log-likelihood: -519171.149
2. Current log-likelihood: -501380.882
3. Current log-likelihood: -501278.928
4. Current log-likelihood: -501269.362
5. Current log-likelihood: -501265.688
6. Current log-likelihood: -501263.455
7. Current log-likelihood: -501262.178
8. Current log-likelihood: -501261.229
9. Current log-likelihood: -501260.522
10. Current log-likelihood: -501260.009
11. Current log-likelihood: -501259.647
Optimal log-likelihood: -501259.469
Gamma shape alpha: 0.723
Parameters optimization took 11 rounds (554.194 sec)
Computing ML distances based on estimated model parameters... 1.007 sec
WARNING: Some pairwise ML distances are too long (saturated)
Computing BIONJ tree...
0.002 seconds
Log-likelihood of BIONJ tree: -503412.071
--------------------------------------------------------------------
|             INITIALIZING CANDIDATE TREE SET                      |
--------------------------------------------------------------------
Generating 98 parsimony trees... 47.487 second
Computing log-likelihood of 98 initial trees ... 21.204 seconds
Current best score: -501219.142

Do NNI search on 20 best initial trees
Estimate model parameters (epsilon = 0.100)
BETTER TREE FOUND at iteration 1: -501106.250
Estimate model parameters (epsilon = 0.100)
BETTER TREE FOUND at iteration 4: -501102.228
Iteration 10 / LogL: -501104.702 / Time: 0h:12m:17s
Estimate model parameters (epsilon = 0.100)
UPDATE BEST LOG-LIKELIHOOD: -501100.957
Iteration 20 / LogL: -501112.360 / Time: 0h:13m:6s
Finish initializing candidate tree set (14)
Current best tree score: -501100.957 / CPU time: 222.741
Number of iterations: 20
--------------------------------------------------------------------
|               OPTIMIZING CANDIDATE TREE SET                      |
--------------------------------------------------------------------
Iteration 30 / LogL: -501101.651 / Time: 0h:13m:34s (0h:34m:35s left)
Iteration 40 / LogL: -501103.226 / Time: 0h:13m:58s (0h:22m:55s left)
Iteration 50 / LogL: -501107.128 / Time: 0h:14m:26s (0h:15m:53s left)
Log-likelihood cutoff on original alignment: -501151.687
Iteration 60 / LogL: -501121.322 / Time: 0h:14m:53s (0h:11m:5s left)
Iteration 70 / LogL: -501110.578 / Time: 0h:15m:19s (0h:7m:32s left)
Iteration 80 / LogL: -501110.662 / Time: 0h:15m:44s (0h:4m:46s left)
Iteration 90 / LogL: -501103.284 / Time: 0h:16m:10s (0h:2m:32s left)
Iteration 100 / LogL: -501101.205 / Time: 0h:16m:34s (0h:0m:40s left)
Log-likelihood cutoff on original alignment: -501151.536
NOTE: Bootstrap correlation coefficient of split occurrence frequencies: 0.995
Estimate model parameters (epsilon = 0.100)
BETTER TREE FOUND at iteration 103: -501100.629
Estimate model parameters (epsilon = 0.100)
UPDATE BEST LOG-LIKELIHOOD: -501098.960
Iteration 110 / LogL: -501107.221 / Time: 0h:17m:38s (0h:15m:2s left)
Iteration 120 / LogL: -501101.364 / Time: 0h:18m:5s (0h:12m:36s left)
Iteration 130 / LogL: -501106.869 / Time: 0h:18m:29s (0h:10m:27s left)
Iteration 140 / LogL: -501102.234 / Time: 0h:18m:51s (0h:8m:32s left)
Iteration 150 / LogL: -501105.950 / Time: 0h:19m:18s (0h:6m:51s left)
Log-likelihood cutoff on original alignment: -501150.742
Iteration 160 / LogL: -501100.768 / Time: 0h:19m:45s (0h:5m:20s left)
Iteration 170 / LogL: -501105.940 / Time: 0h:20m:9s (0h:3m:56s left)
Iteration 180 / LogL: -501108.594 / Time: 0h:20m:33s (0h:2m:38s left)
Iteration 190 / LogL: -501103.069 / Time: 0h:20m:55s (0h:1m:26s left)
Iteration 200 / LogL: -501105.187 / Time: 0h:21m:19s (0h:0m:19s left)
Log-likelihood cutoff on original alignment: -501150.742
NOTE: Bootstrap correlation coefficient of split occurrence frequencies: 0.991
TREE SEARCH COMPLETED AFTER 204 ITERATIONS / Time: 0h:21m:29s

--------------------------------------------------------------------
|                    FINALIZING TREE SEARCH                        |
--------------------------------------------------------------------
Performs final model parameters optimization
Estimate model parameters (epsilon = 0.010)
1. Initial log-likelihood: -501098.960
2. Current log-likelihood: -501098.906
3. Current log-likelihood: -501098.878
4. Current log-likelihood: -501098.857
5. Current log-likelihood: -501098.845
6. Current log-likelihood: -501098.835
Optimal log-likelihood: -501098.819
Gamma shape alpha: 0.723
Parameters optimization took 6 rounds (50.897 sec)
BEST SCORE FOUND : -501098.819
Creating bootstrap support values...
Split supports printed to NEXUS file Moroz2014-3D.GTR20.splits.nex
Total tree length: 14.206

Total number of iterations: 204
CPU time used for tree search: 13528.290 sec (3h:45m:28s)
Wall-clock time used for tree search: 725.187 sec (0h:12m:5s)
Total CPU time used: 25753.062 sec (7h:9m:13s)
Total wall-clock time used: 1340.120 sec (0h:22m:20s)

Computing bootstrap consensus tree...
Reading input file Moroz2014-3D.GTR20.splits.nex...
46 taxa and 182 splits.
Consensus tree written to Moroz2014-3D.GTR20.contree
Reading input trees file Moroz2014-3D.GTR20.contree
Log-likelihood of consensus tree: -501102.032

Analysis results written to: 
  IQ-TREE report:                Moroz2014-3D.GTR20.iqtree
  Maximum-likelihood tree:       Moroz2014-3D.GTR20.treefile
  Likelihood distances:          Moroz2014-3D.GTR20.mldist

Ultrafast bootstrap approximation results written to:
  Split support values:          Moroz2014-3D.GTR20.splits.nex
  Consensus tree:                Moroz2014-3D.GTR20.contree
  Screen log file:               Moroz2014-3D.GTR20.log

Date and Time: Wed Nov  7 13:45:38 2018
