IQ-TREE multicore version 1.6.7 for Linux 64-bit built Aug 23 2018
Developed by Bui Quang Minh, Nguyen Lam Tung, Olga Chernomor,
Heiko Schmidt, Dominik Schrempf, Michael Woodhams.

Host:    c26n02.farnam.hpc.yale.internal (AVX2, FMA3, 251 GB RAM)
Command: iqtree -s Nosenko2013_nonribosomal_9187_smatrix.phy -nt 20 -bb 1000 -m GTR20+F+G -pre Nosenko2013_nonribosomal.GTR20
Seed:    130119 (Using SPRNG - Scalable Parallel Random Number Generator)
Time:    Wed Nov  7 13:23:14 2018
Kernel:  AVX+FMA - 20 threads (28 CPU cores detected)

Reading alignment file Nosenko2013_nonribosomal_9187_smatrix.phy ... Phylip format detected
Alignment most likely contains protein sequences
WARNING: 2 sites contain only gaps or ambiguous characters.
Alignment has 71 sequences with 9187 columns, 8521 distinct patterns
5045 parsimony-informative, 1579 singleton sites, 2563 constant sites
                                Gap/Ambiguity  Composition  p-value
   1  Acropora_hyacinthus              24.90%    passed     99.46%
   2  Acropora_millepora                1.04%    passed     98.27%
   3  Acropora_palmate                 53.22%    passed     90.91%
   4  Allomyces_macrogynus             13.62%    failed      0.00%
   5  Amoebidium_parasiticum           75.54%    passed     57.76%
   6  Amphimedon_queenslandica          0.15%    passed     97.60%
   7  Anoplodactylus_eroticus          69.38%    passed     37.27%
   8  Aplysia_californica              24.64%    passed     99.42%
   9  Aphrocallistes_vastus            82.62%    failed      0.42%
  10  Asbestopluma_sp                  28.54%    passed     95.77%
  11  Astrosclera_willeyana            66.13%    passed     55.84%
  12  Batrachochytrium_dendrobatidis    9.84%    passed      7.37%
  13  Beroe_sp                         38.30%    passed     98.40%
  14  Branchiostoma_floridae            1.56%    passed     98.40%
  15  Capitella_sp                      6.16%    passed    100.00%
  16  Capsaspora_owczarzaki            14.50%    passed     13.18%
  17  Carteriospongia_foliascens       58.77%    passed     91.47%
  18  Ciona_intestinalis                5.63%    passed     36.68%
  19  Clytia_hemisphaerica              1.81%    passed     89.44%
  20  Corticium                        85.68%    passed     71.51%
  21  Crassostrea_gigas                21.16%    passed     82.44%
  22  Crateromorpha_meyeri             56.16%    passed     99.21%
  23  Cyanea_capillata                 91.98%    passed     17.38%
  24  Danio_rerio                       0.09%    passed     99.85%
  25  Daphnia_pulex                     0.46%    passed     99.98%
  26  Ephydatia_muelleri               12.01%    passed     54.19%
  27  Euprymna_scolopes                36.67%    passed     47.71%
  28  Helobdella_robusta                0.40%    passed     89.90%
  29  Heterochone_calyx                55.64%    passed     81.83%
  30  Hydra_magnipapillata              0.28%    passed     87.74%
  31  Hydra_vulgaris                   50.91%    passed     67.94%
  32  Hydractinia_echinata             52.64%    passed     46.65%
  33  Ixodes_scapularis                 8.36%    passed     97.98%
  34  Leucetta_chagosensis             45.40%    passed     86.00%
  35  Leucosolenia_sp.                 86.60%    failed      0.36%
  36  Lubomirskia_baicalensis          72.33%    passed     29.11%
  37  Mertensiid_sp                    78.98%    passed      5.56%
  38  Metridium_senile                 17.88%    passed     87.91%
  39  Mnemiopsis_leidyi                31.66%    passed     96.08%
  40  Molgula_tectiformis               2.67%    passed     98.70%
  41  Monosiga_brevicollis             11.64%    passed     96.52%
  42  Monosiga_ovata                    5.17%    passed     26.44%
  43  Montastraea_faveolata            80.45%    passed     78.57%
  44  Nasonia_vitripennis              10.37%    passed     65.73%
  45  Nematostella_vectensis            3.13%    passed     98.77%
  46  Oopsacas_minuta                  66.46%    passed     60.09%
  47  Oscarella_carmela                24.30%    passed     99.92%
  48  Oscarella_lobularis              64.61%    passed      7.95%
  49  Oscarella_sp                     19.94%    passed     99.10%
  50  Pachydictyum_globosum            75.74%    passed     62.40%
  51  Pedicellina_cernua               48.62%    passed     94.60%
  52  Pediculus_humanus_capitis        73.97%    passed     36.08%
  53  Petromyzon_marinus               11.68%    passed     98.67%
  54  Phycomyces_blakesleeanus          9.79%    passed     64.25%
  55  Pleurobrachia_pileus             36.27%    passed     40.71%
  56  Podocoryne_carnea                57.39%    passed     80.30%
  57  Porites                          28.46%    passed     92.06%
  58  Proterospongia_sp.               13.70%    passed     47.20%
  59  Saccoglossus_kowalevskii          1.93%    passed     96.37%
  60  Scutigera_coleoptrata            88.40%    passed     87.11%
  61  Spizellomyces_punctatus          17.45%    passed     17.22%
  62  Sphaeroforma_arctica             53.62%    passed     32.58%
  63  Strongylocentrotus_purpuratus     8.72%    passed     99.93%
  64  Suberites_domuncula               8.77%    passed     99.63%
  65  Sycon_ciliatum                   54.87%    failed      1.99%
  66  Sycon_raphanus                   55.80%    passed     29.51%
  67  Tethya_wilhelma                  36.61%    passed     96.22%
  68  Trichoplax_adhaerens              0.26%    passed     29.76%
  69  Trichoplax_H4                    37.24%    passed     91.13%
  70  Tubifex_tubifex                  40.95%    passed     94.23%
  71  Xenoturbella_bocki               67.88%    passed     22.24%
WARNING: 26 sequences contain more than 50% gaps/ambiguity
****  TOTAL                            35.19%  4 sequences failed composition chi2 test (p-value<5%; df=19)

Create initial parsimony tree by phylogenetic likelihood library (PLL)... 0.206 seconds
Generating 1000 samples for ultrafast bootstrap (seed: 130119)...
WARNING: GTR20 model will estimate 189 substitution rates that might be overfitting!
WARNING: Please only use GTR20 with very large data and always test for model fit!

NOTE: 407 MB RAM (0 GB) is required!
Estimate model parameters (epsilon = 0.100)
1. Initial log-likelihood: -301565.980
2. Current log-likelihood: -292256.278
3. Current log-likelihood: -291729.065
4. Current log-likelihood: -291666.103
5. Current log-likelihood: -291655.603
6. Current log-likelihood: -291654.492
7. Current log-likelihood: -291653.245
8. Current log-likelihood: -291652.733
9. Current log-likelihood: -291652.457
10. Current log-likelihood: -291651.975
11. Current log-likelihood: -291651.739
12. Current log-likelihood: -291651.227
13. Current log-likelihood: -291650.152
14. Current log-likelihood: -291649.924
15. Current log-likelihood: -291649.312
16. Current log-likelihood: -291648.638
17. Current log-likelihood: -291648.416
18. Current log-likelihood: -291648.262
19. Current log-likelihood: -291648.119
20. Current log-likelihood: -291647.076
21. Current log-likelihood: -291645.719
22. Current log-likelihood: -291645.260
23. Current log-likelihood: -291645.147
Optimal log-likelihood: -291645.139
Gamma shape alpha: 0.511
Parameters optimization took 23 rounds (538.677 sec)
Computing ML distances based on estimated model parameters... 1.679 sec
WARNING: Some pairwise ML distances are too long (saturated)
Computing BIONJ tree...
0.003 seconds
Log-likelihood of BIONJ tree: -295710.572
--------------------------------------------------------------------
|             INITIALIZING CANDIDATE TREE SET                      |
--------------------------------------------------------------------
Generating 98 parsimony trees... 25.418 second
Computing log-likelihood of 98 initial trees ... 14.290 seconds
Current best score: -291645.139

Do NNI search on 20 best initial trees
Estimate model parameters (epsilon = 0.100)
BETTER TREE FOUND at iteration 1: -291611.860
Estimate model parameters (epsilon = 0.100)
BETTER TREE FOUND at iteration 3: -291611.447
Iteration 10 / LogL: -291617.759 / Time: 0h:11m:39s
Iteration 20 / LogL: -291655.275 / Time: 0h:11m:48s
Finish initializing candidate tree set (10)
Current best tree score: -291611.447 / CPU time: 164.238
Number of iterations: 20
--------------------------------------------------------------------
|               OPTIMIZING CANDIDATE TREE SET                      |
--------------------------------------------------------------------
Iteration 30 / LogL: -291615.177 / Time: 0h:12m:3s (0h:30m:21s left)
Iteration 40 / LogL: -291611.542 / Time: 0h:12m:20s (0h:19m:55s left)
Iteration 50 / LogL: -291625.978 / Time: 0h:12m:35s (0h:13m:37s left)
Log-likelihood cutoff on original alignment: -291735.477
Iteration 60 / LogL: -291612.163 / Time: 0h:12m:50s (0h:9m:21s left)
Iteration 70 / LogL: -291612.366 / Time: 0h:13m:6s (0h:6m:16s left)
Iteration 80 / LogL: -291614.785 / Time: 0h:13m:22s (0h:3m:53s left)
Iteration 90 / LogL: -291623.841 / Time: 0h:13m:39s (0h:1m:59s left)
Iteration 100 / LogL: -291629.070 / Time: 0h:13m:55s (0h:0m:25s left)
Log-likelihood cutoff on original alignment: -291735.477
NOTE: Bootstrap correlation coefficient of split occurrence frequencies: 0.998
TREE SEARCH COMPLETED AFTER 104 ITERATIONS / Time: 0h:14m:1s

--------------------------------------------------------------------
|                    FINALIZING TREE SEARCH                        |
--------------------------------------------------------------------
Performs final model parameters optimization
Estimate model parameters (epsilon = 0.010)
1. Initial log-likelihood: -291611.447
Optimal log-likelihood: -291611.438
Gamma shape alpha: 0.510
Parameters optimization took 1 rounds (16.002 sec)
BEST SCORE FOUND : -291611.438
Creating bootstrap support values...
Split supports printed to NEXUS file Nosenko2013_nonribosomal.GTR20.splits.nex
Total tree length: 14.065

Total number of iterations: 104
CPU time used for tree search: 5434.522 sec (1h:30m:34s)
Wall-clock time used for tree search: 297.347 sec (0h:4m:57s)
Total CPU time used: 16600.249 sec (4h:36m:40s)
Total wall-clock time used: 858.127 sec (0h:14m:18s)

Computing bootstrap consensus tree...
Reading input file Nosenko2013_nonribosomal.GTR20.splits.nex...
71 taxa and 277 splits.
Consensus tree written to Nosenko2013_nonribosomal.GTR20.contree
Reading input trees file Nosenko2013_nonribosomal.GTR20.contree
Log-likelihood of consensus tree: -291611.435

Analysis results written to: 
  IQ-TREE report:                Nosenko2013_nonribosomal.GTR20.iqtree
  Maximum-likelihood tree:       Nosenko2013_nonribosomal.GTR20.treefile
  Likelihood distances:          Nosenko2013_nonribosomal.GTR20.mldist

Ultrafast bootstrap approximation results written to:
  Split support values:          Nosenko2013_nonribosomal.GTR20.splits.nex
  Consensus tree:                Nosenko2013_nonribosomal.GTR20.contree
  Screen log file:               Nosenko2013_nonribosomal.GTR20.log

Date and Time: Wed Nov  7 13:37:33 2018
