IQ-TREE multicore version 1.6.7 for Linux 64-bit built Aug 23 2018
Developed by Bui Quang Minh, Nguyen Lam Tung, Olga Chernomor,
Heiko Schmidt, Dominik Schrempf, Michael Woodhams.

Host:    c27n11.farnam.hpc.yale.internal (AVX2, FMA3, 251 GB RAM)
Command: iqtree -s Nosenko2013_ribosomal_11057_smatrix.phy -nt 20 -bb 1000 -m Poisson+C60+F+G -pre Nosenko2013_ribosomal_11057.poisson_C60
Seed:    315346 (Using SPRNG - Scalable Parallel Random Number Generator)
Time:    Wed Oct 31 02:30:08 2018
Kernel:  AVX+FMA - 20 threads (28 CPU cores detected)

Reading alignment file Nosenko2013_ribosomal_11057_smatrix.phy ... Phylip format detected
Alignment most likely contains protein sequences
WARNING: 2 sites contain only gaps or ambiguous characters.
Alignment has 50 sequences with 11057 columns, 9701 distinct patterns
6292 parsimony-informative, 1397 singleton sites, 3368 constant sites
                            Gap/Ambiguity  Composition  p-value
   1  Amphimedon_queenslandica      0.45%    passed     97.33%
   2  Astrosclera_willeyana        66.24%    passed     62.77%
   3  Asbestopluma_sp               8.64%    passed     99.33%
   4  Carteriospongia_foliascens   49.62%    passed     56.49%
   5  Ephydatia_muelleri           15.98%    passed     20.10%
   6  Lubomirskia_baicalensis      21.76%    passed     91.67%
   7  Pachydictyum_globosum        44.00%    passed     44.33%
   8  Suberites_domuncula           2.17%    passed     99.98%
   9  Tethya_wilhelma               5.89%    passed     78.07%
  10  Crateromorpha_meyeri         76.11%    passed     14.98%
  11  Heterochone_calyx            82.27%    passed     44.79%
  12  Oopsacas_minuta              84.26%    failed      0.04%
  13  Oscarella_sp                 38.99%    passed     24.26%
  14  Leucetta_chagosensis          7.81%    passed     24.70%
  15  Sycon_ciliatum               13.29%    passed     16.22%
  16  Sycon_raphanus                3.86%    passed     37.84%
  17  Clytia_hemisphaerica         39.03%    passed     40.31%
  18  Hydra_magnipapillata          0.51%    passed     54.02%
  19  Hydra_vulgaris               10.08%    passed     81.49%
  20  Hydractinia_echinata          8.09%    passed     99.35%
  21  Podocoryne_carnea             6.12%    passed     99.61%
  22  Acropora_hyacinthus          15.94%    passed     73.06%
  23  Acropora_millepora            4.07%    passed     95.69%
  24  Acropora_palmate             79.90%    failed      0.62%
  25  Metridium_senile              5.10%    passed     75.52%
  26  Nematostella_vectensis        0.02%    passed     98.53%
  27  Porites                      11.11%    passed     65.58%
  28  Pleurobrachia_pileus         17.06%    passed     13.51%
  29  Beroe_sp                      8.20%    passed     88.83%
  30  Mnemiopsis_leidyi             3.69%    passed     82.18%
  31  Mertensiid_sp                 6.76%    passed     84.87%
  32  Branchiostoma_floridae        0.02%    passed     97.94%
  33  Capitella_sp                  4.18%    passed     97.42%
  34  Ciona_intestinalis            4.41%    passed     83.83%
  35  Danio_rerio                   1.49%    passed     99.99%
  36  Molgula_tectiformis           2.89%    passed     69.30%
  37  Petromyzon_marinus            4.99%    passed     90.77%
  38  Saccoglossus_kowalevskii      0.08%    passed     98.74%
  39  Aplysia_californica           1.60%    passed     99.96%
  40  Crassostrea_gigas             1.94%    passed     84.23%
  41  Daphnia_pulex                 0.26%    passed     87.27%
  42  Helobdella_robusta            4.96%    passed     87.65%
  43  Ixodes_scapularis             0.42%    passed     39.62%
  44  Nasonia_vitripennis           0.76%    passed     95.96%
  45  Tubifex_tubifex               5.97%    passed     92.58%
  46  Trichoplax_H4                14.29%    passed     56.73%
  47  Trichoplax_adhaerens          0.44%    passed     73.75%
  48  Monosiga_ovata                2.35%    failed      0.00%
  49  Monosiga_brevicollis          7.30%    failed      2.11%
  50  Proterospongia_sp.           32.41%    failed      0.48%
WARNING: 5 sequences contain more than 50% gaps/ambiguity
****  TOTAL                        16.56%  5 sequences failed composition chi2 test (p-value<5%; df=19)

Create initial parsimony tree by phylogenetic likelihood library (PLL)... 0.167 seconds
Generating 1000 samples for ultrafast bootstrap (seed: 315346)...
Model Poisson+C60+F+G is alias for Poisson+POISSON+G+FMIX{C60pi1:1:0.0169698865,C60pi2:1:0.0211683374,C60pi3:1:0.0276589079,C60pi4:1:0.0065675964,C60pi5:1:0.0141221416,C60pi6:1:0.0068774834,C60pi7:1:0.0146909701,C60pi8:1:0.0067225777,C60pi9:1:0.0018396660,C60pi10:1:0.0102547197,C60pi11:1:0.0230896163,C60pi12:1:0.0057941033,C60pi13:1:0.0125394534,C60pi14:1:0.0204526478,C60pi15:1:0.0070629602,C60pi16:1:0.0117982741,C60pi17:1:0.0068334668,C60pi18:1:0.0433775839,C60pi19:1:0.0318278731,C60pi20:1:0.0222546108,C60pi21:1:0.0102264969,C60pi22:1:0.0150545891,C60pi23:1:0.0134159878,C60pi24:1:0.0148552065,C60pi25:1:0.0239111516,C60pi26:1:0.0128776278,C60pi27:1:0.0222318842,C60pi28:1:0.0247444742,C60pi29:1:0.0214274810,C60pi30:1:0.0115001882,C60pi31:1:0.0076017389,C60pi32:1:0.0130258568,C60pi33:1:0.0093701965,C60pi34:1:0.0467194264,C60pi35:1:0.0441940314,C60pi36:1:0.0322263154,C60pi37:1:0.0402999891,C60pi38:1:0.0150234227,C60pi39:1:0.0104589903,C60pi40:1:0.0214742395,C60pi41:1:0.0154957836,C60pi42:1:0.0101789953,C60pi43:1:0.0227980379,C60pi44:1:0.0123204539,C60pi45:1:0.0066777583,C60pi46:1:0.0004150083,C60pi47:1:0.0344385130,C60pi48:1:0.0113663379,C60pi49:1:0.0127143049,C60pi50:1:0.0124323741,C60pi51:1:0.0262124415,C60pi52:1:0.0064994957,C60pi53:1:0.0103203293,C60pi54:1:0.0142463512,C60pi55:1:0.0215600067,C60pi56:1:0.0199150700,C60pi57:1:0.0038964200,C60pi58:1:0.0113448855,C60pi59:1:0.0128595846,C60pi60:1:0.0117656776}+F+G

NOTE: 18366 MB RAM (17 GB) is required!
Estimate model parameters (epsilon = 0.100)
1. Initial log-likelihood: -288013.610
2. Current log-likelihood: -281977.877
3. Current log-likelihood: -281935.179
4. Current log-likelihood: -281934.669
Optimal log-likelihood: -281934.632
Mixture weights: 0.000 0.020 0.042 0.026 0.007 0.007 0.001 0.005 0.015 0.000 0.002 0.051 0.014 0.011 0.016 0.000 0.004 0.005 0.014 0.010 0.010 0.005 0.016 0.010 0.003 0.028 0.006 0.026 0.008 0.006 0.007 0.025 0.010 0.005 0.087 0.043 0.049 0.042 0.005 0.013 0.032 0.012 0.002 0.134 0.004 0.004 0.000 0.010 0.009 0.009 0.002 0.039 0.003 0.017 0.016 0.004 0.014 0.001 0.003 0.002 0.027
Gamma shape alpha: 0.489
Parameters optimization took 4 rounds (80.723 sec)
Computing ML distances based on estimated model parameters... 1.344 sec
WARNING: Some pairwise ML distances are too long (saturated)
Computing BIONJ tree...
0.003 seconds
Log-likelihood of BIONJ tree: -281982.211
--------------------------------------------------------------------
|             INITIALIZING CANDIDATE TREE SET                      |
--------------------------------------------------------------------
Generating 98 parsimony trees... 17.677 second
Computing log-likelihood of 98 initial trees ... 1042.951 seconds
Current best score: -281875.137

Do NNI search on 20 best initial trees
Estimate model parameters (epsilon = 0.100)
BETTER TREE FOUND at iteration 1: -281840.425
Iteration 10 / LogL: -281840.461 / Time: 0h:31m:53s
Iteration 20 / LogL: -281840.478 / Time: 0h:45m:27s
Finish initializing candidate tree set (5)
Current best tree score: -281840.425 / CPU time: 2601.124
Number of iterations: 20
--------------------------------------------------------------------
|               OPTIMIZING CANDIDATE TREE SET                      |
--------------------------------------------------------------------
Iteration 30 / LogL: -281853.714 / Time: 1h:6m:21s (2h:42m:26s left)
Iteration 40 / LogL: -281854.719 / Time: 1h:25m:26s (2h:13m:38s left)
Iteration 50 / LogL: -281843.359 / Time: 1h:45m:9s (1h:49m:26s left)
Log-likelihood cutoff on original alignment: -281916.671
Iteration 60 / LogL: -281851.914 / Time: 2h:3m:44s (1h:25m:59s left)
Iteration 70 / LogL: -281847.160 / Time: 2h:22m:59s (1h:4m:14s left)
Iteration 80 / LogL: -281840.828 / Time: 2h:44m:17s (0h:43m:40s left)
Iteration 90 / LogL: -281840.739 / Time: 3h:3m:52s (0h:22m:43s left)
Iteration 100 / LogL: -281841.203 / Time: 3h:25m:44s (0h:2m:4s left)
Log-likelihood cutoff on original alignment: -281916.671
NOTE: Bootstrap correlation coefficient of split occurrence frequencies: 1.000
TREE SEARCH COMPLETED AFTER 102 ITERATIONS / Time: 3h:29m:32s

--------------------------------------------------------------------
|                    FINALIZING TREE SEARCH                        |
--------------------------------------------------------------------
Performs final model parameters optimization
Estimate model parameters (epsilon = 0.010)
1. Initial log-likelihood: -281840.425
2. Current log-likelihood: -281840.408
3. Current log-likelihood: -281840.395
4. Current log-likelihood: -281840.384
Optimal log-likelihood: -281840.375
Mixture weights: 0.000 0.020 0.041 0.027 0.007 0.007 0.001 0.005 0.015 0.000 0.002 0.051 0.014 0.011 0.015 0.000 0.004 0.005 0.014 0.010 0.009 0.005 0.016 0.010 0.003 0.028 0.006 0.026 0.008 0.006 0.007 0.025 0.010 0.005 0.087 0.044 0.049 0.042 0.004 0.013 0.032 0.012 0.002 0.135 0.004 0.004 0.000 0.010 0.009 0.009 0.002 0.038 0.003 0.017 0.016 0.004 0.014 0.001 0.003 0.002 0.027
Gamma shape alpha: 0.489
Parameters optimization took 4 rounds (41.098 sec)
BEST SCORE FOUND : -281840.375
Creating bootstrap support values...
Split supports printed to NEXUS file Nosenko2013_ribosomal_11057.poisson_C60.splits.nex
Total tree length: 7.875

Total number of iterations: 102
CPU time used for tree search: 248050.709 sec (68h:54m:10s)
Wall-clock time used for tree search: 12445.977 sec (3h:27m:25s)
Total CPU time used: 251391.581 sec (69h:49m:51s)
Total wall-clock time used: 12613.800 sec (3h:30m:13s)

Computing bootstrap consensus tree...
Reading input file Nosenko2013_ribosomal_11057.poisson_C60.splits.nex...
50 taxa and 163 splits.
Consensus tree written to Nosenko2013_ribosomal_11057.poisson_C60.contree
Reading input trees file Nosenko2013_ribosomal_11057.poisson_C60.contree
Log-likelihood of consensus tree: -281840.376

Analysis results written to: 
  IQ-TREE report:                Nosenko2013_ribosomal_11057.poisson_C60.iqtree
  Maximum-likelihood tree:       Nosenko2013_ribosomal_11057.poisson_C60.treefile
  Likelihood distances:          Nosenko2013_ribosomal_11057.poisson_C60.mldist

Ultrafast bootstrap approximation results written to:
  Split support values:          Nosenko2013_ribosomal_11057.poisson_C60.splits.nex
  Consensus tree:                Nosenko2013_ribosomal_11057.poisson_C60.contree
  Screen log file:               Nosenko2013_ribosomal_11057.poisson_C60.log

Date and Time: Wed Oct 31 06:00:58 2018
