IQ-TREE multicore version 1.6.7 for Linux 64-bit built Aug 23 2018
Developed by Bui Quang Minh, Nguyen Lam Tung, Olga Chernomor,
Heiko Schmidt, Dominik Schrempf, Michael Woodhams.

Host:    c28n12.farnam.hpc.yale.internal (AVX2, FMA3, 251 GB RAM)
Command: iqtree -s Nosenko2013_ribosomal_14615_smatrix.phy -nt 20 -bb 1000 -m GTR20+F+G -pre Nosenko2013_ribosomal_14615.GTR20
Seed:    925099 (Using SPRNG - Scalable Parallel Random Number Generator)
Time:    Wed Oct 31 16:26:58 2018
Kernel:  AVX+FMA - 20 threads (28 CPU cores detected)

Reading alignment file Nosenko2013_ribosomal_14615_smatrix.phy ... Phylip format detected
Alignment most likely contains protein sequences
Alignment has 71 sequences with 14612 columns, 13710 distinct patterns
9092 parsimony-informative, 2548 singleton sites, 2972 constant sites
                                Gap/Ambiguity  Composition  p-value
   1  Acropora_hyacinthus              23.17%    passed     50.27%
   2  Acropora_millepora                7.99%    passed     66.59%
   3  Acropora_palmate                 78.39%    failed      0.06%
   4  Allomyces_macrogynus              6.60%    failed      0.00%
   5  Amoebidium_parasiticum           48.60%    failed      0.45%
   6  Amphimedon_queenslandica          1.27%    passed     91.01%
   7  Anoplodactylus_eroticus          19.63%    passed     37.87%
   8  Aplysia_californica               3.02%    passed     99.96%
   9  Aphrocallistes_vastus            97.24%    failed      2.76%
  10  Asbestopluma_sp                  17.83%    passed     89.49%
  11  Astrosclera_willeyana            70.48%    passed     32.48%
  12  Batrachochytrium_dendrobatidis    5.45%    failed      0.01%
  13  Beroe_sp                         16.34%    passed     51.75%
  14  Branchiostoma_floridae            1.66%    passed     86.30%
  15  Capitella_sp                      3.67%    passed     86.70%
  16  Capsaspora_owczarzaki             1.10%    failed      0.00%
  17  Carteriospongia_foliascens       55.82%    passed     25.31%
  18  Ciona_intestinalis                3.26%    passed     24.86%
  19  Clytia_hemisphaerica             33.27%    failed      1.79%
  20  Corticium                        96.30%    passed     69.37%
  21  Crassostrea_gigas                 8.92%    passed     56.21%
  22  Crateromorpha_meyeri             81.08%    passed     22.38%
  23  Cyanea_capillata                 54.32%    failed      0.07%
  24  Danio_rerio                       3.55%    passed     99.95%
  25  Daphnia_pulex                     0.23%    passed     93.37%
  26  Ephydatia_muelleri               21.67%    passed     18.15%
  27  Euprymna_scolopes                19.08%    passed     24.14%
  28  Helobdella_robusta                4.91%    passed     39.72%
  29  Heterochone_calyx                84.27%    passed     43.03%
  30  Hydra_magnipapillata              0.53%    passed      5.38%
  31  Hydra_vulgaris                   22.30%    passed     69.72%
  32  Hydractinia_echinata             19.08%    passed     97.12%
  33  Ixodes_scapularis                 1.33%    passed     46.14%
  34  Leucetta_chagosensis             18.79%    passed      6.48%
  35  Leucosolenia_sp.                 92.49%    passed     22.76%
  36  Lubomirskia_baicalensis          41.19%    failed      3.61%
  37  Mertensiid_sp                    21.11%    passed     50.93%
  38  Metridium_senile                  9.60%    passed     94.63%
  39  Mnemiopsis_leidyi                15.10%    passed     43.92%
  40  Molgula_tectiformis               4.89%    passed     48.29%
  41  Monosiga_brevicollis              6.23%    failed      1.47%
  42  Monosiga_ovata                    4.86%    failed      0.00%
  43  Montastraea_faveolata            55.50%    passed     34.29%
  44  Nasonia_vitripennis               5.32%    passed     97.40%
  45  Nematostella_vectensis            0.01%    passed     76.12%
  46  Oopsacas_minuta                  87.38%    failed      0.00%
  47  Oscarella_carmela                41.37%    passed      8.80%
  48  Oscarella_lobularis              88.18%    passed     12.15%
  49  Oscarella_sp                     38.91%    failed      1.76%
  50  Pachydictyum_globosum            53.20%    passed      6.61%
  51  Pedicellina_cernua               18.57%    passed     22.67%
  52  Pediculus_humanus_capitis        24.74%    passed     55.45%
  53  Petromyzon_marinus                3.31%    passed     78.39%
  54  Phycomyces_blakesleeanus          4.78%    failed      0.00%
  55  Pleurobrachia_pileus             20.24%    failed      2.58%
  56  Podocoryne_carnea                20.85%    passed     93.01%
  57  Porites                          18.77%    passed     65.61%
  58  Proterospongia_sp.               29.88%    failed      1.16%
  59  Saccoglossus_kowalevskii          0.85%    passed     93.09%
  60  Scutigera_coleoptrata            31.57%    failed      1.32%
  61  Spizellomyces_punctatus           7.83%    failed      0.09%
  62  Sphaeroforma_arctica             24.12%    failed      4.63%
  63  Strongylocentrotus_purpuratus     4.20%    passed     80.94%
  64  Suberites_fuscus                 95.05%    passed     56.90%
  65  Suberites_domuncula              28.20%    failed      4.10%
  66  Sycon_raphanus                   11.16%    passed     18.51%
  67  Tethya_wilhelma                  15.12%    passed     49.74%
  68  Trichoplax_adhaerens              0.41%    passed     27.56%
  69  Trichoplax_H4                    29.37%    passed     10.38%
  70  Tubifex_tubifex                  14.73%    passed     69.12%
  71  Xenoturbella_bocki               23.93%    passed      9.21%
WARNING: 14 sequences contain more than 50% gaps/ambiguity
****  TOTAL                            27.10%  20 sequences failed composition chi2 test (p-value<5%; df=19)

Create initial parsimony tree by phylogenetic likelihood library (PLL)... 0.628 seconds
Generating 1000 samples for ultrafast bootstrap (seed: 925099)...
WARNING: GTR20 model will estimate 189 substitution rates that might be overfitting!
WARNING: Please only use GTR20 with very large data and always test for model fit!

NOTE: 654 MB RAM (0 GB) is required!
Estimate model parameters (epsilon = 0.100)
1. Initial log-likelihood: -532431.900
2. Current log-likelihood: -517265.153
3. Current log-likelihood: -517196.645
4. Current log-likelihood: -517187.086
5. Current log-likelihood: -517185.988
6. Current log-likelihood: -517185.604
Optimal log-likelihood: -517185.544
Gamma shape alpha: 0.643
Parameters optimization took 6 rounds (923.661 sec)
Computing ML distances based on estimated model parameters... 2.218 sec
WARNING: Some pairwise ML distances are too long (saturated)
Computing BIONJ tree...
0.006 seconds
Log-likelihood of BIONJ tree: -517590.040
--------------------------------------------------------------------
|             INITIALIZING CANDIDATE TREE SET                      |
--------------------------------------------------------------------
Generating 98 parsimony trees... 47.139 second
Computing log-likelihood of 98 initial trees ... 22.870 seconds
Current best score: -517049.277

Do NNI search on 20 best initial trees
Estimate model parameters (epsilon = 0.100)
BETTER TREE FOUND at iteration 1: -516913.779
Estimate model parameters (epsilon = 0.100)
BETTER TREE FOUND at iteration 5: -516875.970
Iteration 10 / LogL: -516918.708 / Time: 0h:19m:36s
Iteration 20 / LogL: -516918.903 / Time: 0h:19m:50s
Finish initializing candidate tree set (5)
Current best tree score: -516875.970 / CPU time: 256.320
Number of iterations: 20
--------------------------------------------------------------------
|               OPTIMIZING CANDIDATE TREE SET                      |
--------------------------------------------------------------------
Iteration 30 / LogL: -516893.133 / Time: 0h:20m:11s (0h:52m:12s left)
Iteration 40 / LogL: -516878.537 / Time: 0h:20m:34s (0h:34m:16s left)
Estimate model parameters (epsilon = 0.100)
BETTER TREE FOUND at iteration 44: -516844.600
Iteration 50 / LogL: -516880.128 / Time: 0h:21m:43s (0h:41m:39s left)
Log-likelihood cutoff on original alignment: -517001.827
Iteration 60 / LogL: -516881.225 / Time: 0h:22m:5s (0h:31m:25s left)
Iteration 70 / LogL: -516848.048 / Time: 0h:22m:27s (0h:24m:4s left)
Iteration 80 / LogL: -516869.439 / Time: 0h:22m:50s (0h:18m:29s left)
Estimate model parameters (epsilon = 0.100)
UPDATE BEST LOG-LIKELIHOOD: -516842.273
Iteration 90 / LogL: -516842.551 / Time: 0h:24m:1s (0h:14m:33s left)
Iteration 100 / LogL: -516850.768 / Time: 0h:24m:24s (0h:10m:50s left)
Log-likelihood cutoff on original alignment: -516999.251
NOTE: Bootstrap correlation coefficient of split occurrence frequencies: 0.987
NOTE: UFBoot does not converge, continue at least 100 more iterations
Iteration 110 / LogL: -516854.254 / Time: 0h:24m:47s (0h:20m:27s left)
Iteration 120 / LogL: -516861.798 / Time: 0h:25m:11s (0h:16m:55s left)
Iteration 130 / LogL: -516857.620 / Time: 0h:25m:35s (0h:13m:52s left)
Iteration 140 / LogL: -516846.372 / Time: 0h:25m:57s (0h:11m:12s left)
Iteration 150 / LogL: -516845.156 / Time: 0h:26m:22s (0h:8m:50s left)
Log-likelihood cutoff on original alignment: -516999.251
Iteration 160 / LogL: -516847.176 / Time: 0h:26m:47s (0h:6m:44s left)
Iteration 170 / LogL: -516848.690 / Time: 0h:27m:11s (0h:4m:49s left)
Iteration 180 / LogL: -516849.113 / Time: 0h:27m:34s (0h:3m:4s left)
Iteration 190 / LogL: -516872.878 / Time: 0h:27m:57s (0h:1m:28s left)
Iteration 200 / LogL: -516853.365 / Time: 0h:28m:22s (0h:0m:0s left)
Log-likelihood cutoff on original alignment: -516999.251
NOTE: Bootstrap correlation coefficient of split occurrence frequencies: 0.999
TREE SEARCH COMPLETED AFTER 200 ITERATIONS / Time: 0h:28m:23s

--------------------------------------------------------------------
|                    FINALIZING TREE SEARCH                        |
--------------------------------------------------------------------
Performs final model parameters optimization
Estimate model parameters (epsilon = 0.010)
1. Initial log-likelihood: -516842.273
2. Current log-likelihood: -516842.168
3. Current log-likelihood: -516842.071
4. Current log-likelihood: -516842.008
5. Current log-likelihood: -516841.978
6. Current log-likelihood: -516841.952
7. Current log-likelihood: -516841.929
8. Current log-likelihood: -516841.909
9. Current log-likelihood: -516841.891
10. Current log-likelihood: -516841.875
11. Current log-likelihood: -516841.860
12. Current log-likelihood: -516841.847
13. Current log-likelihood: -516841.835
14. Current log-likelihood: -516841.825
15. Current log-likelihood: -516841.814
Optimal log-likelihood: -516841.804
Gamma shape alpha: 0.643
Parameters optimization took 15 rounds (141.172 sec)
BEST SCORE FOUND : -516841.804
Creating bootstrap support values...
Split supports printed to NEXUS file Nosenko2013_ribosomal_14615.GTR20.splits.nex
Total tree length: 12.915

Total number of iterations: 200
CPU time used for tree search: 14397.821 sec (3h:59m:57s)
Wall-clock time used for tree search: 769.131 sec (0h:12m:49s)
Total CPU time used: 35749.213 sec (9h:55m:49s)
Total wall-clock time used: 1844.422 sec (0h:30m:44s)

Computing bootstrap consensus tree...
Reading input file Nosenko2013_ribosomal_14615.GTR20.splits.nex...
71 taxa and 235 splits.
Consensus tree written to Nosenko2013_ribosomal_14615.GTR20.contree
Reading input trees file Nosenko2013_ribosomal_14615.GTR20.contree
Log-likelihood of consensus tree: -516844.354

Analysis results written to: 
  IQ-TREE report:                Nosenko2013_ribosomal_14615.GTR20.iqtree
  Maximum-likelihood tree:       Nosenko2013_ribosomal_14615.GTR20.treefile
  Likelihood distances:          Nosenko2013_ribosomal_14615.GTR20.mldist

Ultrafast bootstrap approximation results written to:
  Split support values:          Nosenko2013_ribosomal_14615.GTR20.splits.nex
  Consensus tree:                Nosenko2013_ribosomal_14615.GTR20.contree
  Screen log file:               Nosenko2013_ribosomal_14615.GTR20.log

Date and Time: Wed Oct 31 16:57:46 2018
