IQ-TREE multicore version 1.6.7 for Linux 64-bit built Aug 23 2018
Developed by Bui Quang Minh, Nguyen Lam Tung, Olga Chernomor,
Heiko Schmidt, Dominik Schrempf, Michael Woodhams.

Host:    c28n04.farnam.hpc.yale.internal (AVX2, FMA3, 251 GB RAM)
Command: iqtree -s Nosenko2013_ribosomal_14615_smatrix.phy -nt 20 -bb 1000 -m WAG+F+G -pre Nosenko2013_ribosomal_14615.WAG
Seed:    63273 (Using SPRNG - Scalable Parallel Random Number Generator)
Time:    Wed Nov  7 13:23:16 2018
Kernel:  AVX+FMA - 20 threads (28 CPU cores detected)

Reading alignment file Nosenko2013_ribosomal_14615_smatrix.phy ... Phylip format detected
Alignment most likely contains protein sequences
Alignment has 71 sequences with 14612 columns, 13710 distinct patterns
9092 parsimony-informative, 2548 singleton sites, 2972 constant sites
                                Gap/Ambiguity  Composition  p-value
   1  Acropora_hyacinthus              23.17%    passed     50.27%
   2  Acropora_millepora                7.99%    passed     66.59%
   3  Acropora_palmate                 78.39%    failed      0.06%
   4  Allomyces_macrogynus              6.60%    failed      0.00%
   5  Amoebidium_parasiticum           48.60%    failed      0.45%
   6  Amphimedon_queenslandica          1.27%    passed     91.01%
   7  Anoplodactylus_eroticus          19.63%    passed     37.87%
   8  Aplysia_californica               3.02%    passed     99.96%
   9  Aphrocallistes_vastus            97.24%    failed      2.76%
  10  Asbestopluma_sp                  17.83%    passed     89.49%
  11  Astrosclera_willeyana            70.48%    passed     32.48%
  12  Batrachochytrium_dendrobatidis    5.45%    failed      0.01%
  13  Beroe_sp                         16.34%    passed     51.75%
  14  Branchiostoma_floridae            1.66%    passed     86.30%
  15  Capitella_sp                      3.67%    passed     86.70%
  16  Capsaspora_owczarzaki             1.10%    failed      0.00%
  17  Carteriospongia_foliascens       55.82%    passed     25.31%
  18  Ciona_intestinalis                3.26%    passed     24.86%
  19  Clytia_hemisphaerica             33.27%    failed      1.79%
  20  Corticium                        96.30%    passed     69.37%
  21  Crassostrea_gigas                 8.92%    passed     56.21%
  22  Crateromorpha_meyeri             81.08%    passed     22.38%
  23  Cyanea_capillata                 54.32%    failed      0.07%
  24  Danio_rerio                       3.55%    passed     99.95%
  25  Daphnia_pulex                     0.23%    passed     93.37%
  26  Ephydatia_muelleri               21.67%    passed     18.15%
  27  Euprymna_scolopes                19.08%    passed     24.14%
  28  Helobdella_robusta                4.91%    passed     39.72%
  29  Heterochone_calyx                84.27%    passed     43.03%
  30  Hydra_magnipapillata              0.53%    passed      5.38%
  31  Hydra_vulgaris                   22.30%    passed     69.72%
  32  Hydractinia_echinata             19.08%    passed     97.12%
  33  Ixodes_scapularis                 1.33%    passed     46.14%
  34  Leucetta_chagosensis             18.79%    passed      6.48%
  35  Leucosolenia_sp.                 92.49%    passed     22.76%
  36  Lubomirskia_baicalensis          41.19%    failed      3.61%
  37  Mertensiid_sp                    21.11%    passed     50.93%
  38  Metridium_senile                  9.60%    passed     94.63%
  39  Mnemiopsis_leidyi                15.10%    passed     43.92%
  40  Molgula_tectiformis               4.89%    passed     48.29%
  41  Monosiga_brevicollis              6.23%    failed      1.47%
  42  Monosiga_ovata                    4.86%    failed      0.00%
  43  Montastraea_faveolata            55.50%    passed     34.29%
  44  Nasonia_vitripennis               5.32%    passed     97.40%
  45  Nematostella_vectensis            0.01%    passed     76.12%
  46  Oopsacas_minuta                  87.38%    failed      0.00%
  47  Oscarella_carmela                41.37%    passed      8.80%
  48  Oscarella_lobularis              88.18%    passed     12.15%
  49  Oscarella_sp                     38.91%    failed      1.76%
  50  Pachydictyum_globosum            53.20%    passed      6.61%
  51  Pedicellina_cernua               18.57%    passed     22.67%
  52  Pediculus_humanus_capitis        24.74%    passed     55.45%
  53  Petromyzon_marinus                3.31%    passed     78.39%
  54  Phycomyces_blakesleeanus          4.78%    failed      0.00%
  55  Pleurobrachia_pileus             20.24%    failed      2.58%
  56  Podocoryne_carnea                20.85%    passed     93.01%
  57  Porites                          18.77%    passed     65.61%
  58  Proterospongia_sp.               29.88%    failed      1.16%
  59  Saccoglossus_kowalevskii          0.85%    passed     93.09%
  60  Scutigera_coleoptrata            31.57%    failed      1.32%
  61  Spizellomyces_punctatus           7.83%    failed      0.09%
  62  Sphaeroforma_arctica             24.12%    failed      4.63%
  63  Strongylocentrotus_purpuratus     4.20%    passed     80.94%
  64  Suberites_fuscus                 95.05%    passed     56.90%
  65  Suberites_domuncula              28.20%    failed      4.10%
  66  Sycon_raphanus                   11.16%    passed     18.51%
  67  Tethya_wilhelma                  15.12%    passed     49.74%
  68  Trichoplax_adhaerens              0.41%    passed     27.56%
  69  Trichoplax_H4                    29.37%    passed     10.38%
  70  Tubifex_tubifex                  14.73%    passed     69.12%
  71  Xenoturbella_bocki               23.93%    passed      9.21%
WARNING: 14 sequences contain more than 50% gaps/ambiguity
****  TOTAL                            27.10%  20 sequences failed composition chi2 test (p-value<5%; df=19)

Create initial parsimony tree by phylogenetic likelihood library (PLL)... 0.524 seconds
Generating 1000 samples for ultrafast bootstrap (seed: 63273)...

NOTE: 654 MB RAM (0 GB) is required!
Estimate model parameters (epsilon = 0.100)
1. Initial log-likelihood: -536061.777
2. Current log-likelihood: -526803.656
3. Current log-likelihood: -526780.882
4. Current log-likelihood: -526779.984
Optimal log-likelihood: -526779.850
Gamma shape alpha: 0.663
Parameters optimization took 4 rounds (2.285 sec)
Computing ML distances based on estimated model parameters... 2.279 sec
WARNING: Some pairwise ML distances are too long (saturated)
Computing BIONJ tree...
0.004 seconds
Log-likelihood of BIONJ tree: -528559.972
--------------------------------------------------------------------
|             INITIALIZING CANDIDATE TREE SET                      |
--------------------------------------------------------------------
Generating 98 parsimony trees... 47.040 second
Computing log-likelihood of 98 initial trees ... 23.850 seconds
Current best score: -526674.236

Do NNI search on 20 best initial trees
Estimate model parameters (epsilon = 0.100)
BETTER TREE FOUND at iteration 1: -526565.803
Estimate model parameters (epsilon = 0.100)
BETTER TREE FOUND at iteration 4: -526530.430
Iteration 10 / LogL: -526571.378 / Time: 0h:1m:30s
Iteration 20 / LogL: -526600.164 / Time: 0h:1m:43s
Finish initializing candidate tree set (6)
Current best tree score: -526530.430 / CPU time: 98.260
Number of iterations: 20
--------------------------------------------------------------------
|               OPTIMIZING CANDIDATE TREE SET                      |
--------------------------------------------------------------------
Estimate model parameters (epsilon = 0.100)
BETTER TREE FOUND at iteration 29: -526524.903
Iteration 30 / LogL: -526526.675 / Time: 0h:2m:8s (0h:7m:16s left)
Iteration 40 / LogL: -526608.701 / Time: 0h:2m:32s (0h:5m:46s left)
Estimate model parameters (epsilon = 0.100)
BETTER TREE FOUND at iteration 46: -526518.496
Iteration 50 / LogL: -526748.119 / Time: 0h:2m:55s (0h:5m:43s left)
Log-likelihood cutoff on original alignment: -526661.464
Iteration 60 / LogL: -526540.588 / Time: 0h:3m:19s (0h:4m:49s left)
Iteration 70 / LogL: -526527.077 / Time: 0h:3m:44s (0h:4m:6s left)
Iteration 80 / LogL: -526555.966 / Time: 0h:4m:7s (0h:3m:26s left)
Estimate model parameters (epsilon = 0.100)
BETTER TREE FOUND at iteration 81: -526518.057
Estimate model parameters (epsilon = 0.100)
BETTER TREE FOUND at iteration 82: -526514.786
Estimate model parameters (epsilon = 0.100)
BETTER TREE FOUND at iteration 87: -526512.798
Iteration 90 / LogL: -526514.190 / Time: 0h:4m:32s (0h:4m:56s left)
Estimate model parameters (epsilon = 0.100)
UPDATE BEST LOG-LIKELIHOOD: -526508.842
Estimate model parameters (epsilon = 0.100)
BETTER TREE FOUND at iteration 94: -526501.372
Iteration 100 / LogL: -526517.512 / Time: 0h:4m:59s (0h:4m:43s left)
Log-likelihood cutoff on original alignment: -526651.292
NOTE: Bootstrap correlation coefficient of split occurrence frequencies: 0.965
NOTE: UFBoot does not converge, continue at least 100 more iterations
Iteration 110 / LogL: -526515.239 / Time: 0h:5m:22s (0h:4m:25s left)
Iteration 120 / LogL: -526506.574 / Time: 0h:5m:45s (0h:3m:51s left)
Iteration 130 / LogL: -526506.428 / Time: 0h:6m:8s (0h:3m:19s left)
Iteration 140 / LogL: -526515.433 / Time: 0h:6m:32s (0h:2m:49s left)
Iteration 150 / LogL: -526544.411 / Time: 0h:6m:55s (0h:2m:19s left)
Log-likelihood cutoff on original alignment: -526623.608
Iteration 160 / LogL: -526511.829 / Time: 0h:7m:18s (0h:1m:50s left)
Iteration 170 / LogL: -526520.696 / Time: 0h:7m:40s (0h:1m:21s left)
Iteration 180 / LogL: -526511.979 / Time: 0h:8m:5s (0h:0m:54s left)
Iteration 190 / LogL: -526515.279 / Time: 0h:8m:27s (0h:0m:26s left)
Iteration 200 / LogL: -526512.654 / Time: 0h:8m:51s (0h:0m:0s left)
Log-likelihood cutoff on original alignment: -526623.608
NOTE: Bootstrap correlation coefficient of split occurrence frequencies: 0.997
TREE SEARCH COMPLETED AFTER 200 ITERATIONS / Time: 0h:8m:51s

--------------------------------------------------------------------
|                    FINALIZING TREE SEARCH                        |
--------------------------------------------------------------------
Performs final model parameters optimization
Estimate model parameters (epsilon = 0.010)
1. Initial log-likelihood: -526501.372
2. Current log-likelihood: -526501.329
3. Current log-likelihood: -526501.291
Optimal log-likelihood: -526501.276
Gamma shape alpha: 0.663
Parameters optimization took 3 rounds (1.102 sec)
BEST SCORE FOUND : -526501.276
Creating bootstrap support values...
Split supports printed to NEXUS file Nosenko2013_ribosomal_14615.WAG.splits.nex
Total tree length: 11.434

Total number of iterations: 200
CPU time used for tree search: 9566.918 sec (2h:39m:26s)
Wall-clock time used for tree search: 526.092 sec (0h:8m:46s)
Total CPU time used: 9690.700 sec (2h:41m:30s)
Total wall-clock time used: 532.989 sec (0h:8m:52s)

Computing bootstrap consensus tree...
Reading input file Nosenko2013_ribosomal_14615.WAG.splits.nex...
71 taxa and 239 splits.
Consensus tree written to Nosenko2013_ribosomal_14615.WAG.contree
Reading input trees file Nosenko2013_ribosomal_14615.WAG.contree
Log-likelihood of consensus tree: -526508.626

Analysis results written to: 
  IQ-TREE report:                Nosenko2013_ribosomal_14615.WAG.iqtree
  Maximum-likelihood tree:       Nosenko2013_ribosomal_14615.WAG.treefile
  Likelihood distances:          Nosenko2013_ribosomal_14615.WAG.mldist

Ultrafast bootstrap approximation results written to:
  Split support values:          Nosenko2013_ribosomal_14615.WAG.splits.nex
  Consensus tree:                Nosenko2013_ribosomal_14615.WAG.contree
  Screen log file:               Nosenko2013_ribosomal_14615.WAG.log

Date and Time: Wed Nov  7 13:32:11 2018
