IQ-TREE multicore version 1.6.7 for Linux 64-bit built Aug 23 2018
Developed by Bui Quang Minh, Nguyen Lam Tung, Olga Chernomor,
Heiko Schmidt, Dominik Schrempf, Michael Woodhams.

Host:    c28n05.farnam.hpc.yale.internal (AVX2, FMA3, 251 GB RAM)
Command: iqtree -s Nosenko2013_ribosomal_11057_smatrix.phy -nt 20 -bb 1000 -m WAG+F+G -pre Nosenko2013_ribosomal_11057.WAG
Seed:    895967 (Using SPRNG - Scalable Parallel Random Number Generator)
Time:    Wed Nov  7 13:23:15 2018
Kernel:  AVX+FMA - 20 threads (28 CPU cores detected)

Reading alignment file Nosenko2013_ribosomal_11057_smatrix.phy ... Phylip format detected
Alignment most likely contains protein sequences
WARNING: 2 sites contain only gaps or ambiguous characters.
Alignment has 50 sequences with 11057 columns, 9701 distinct patterns
6292 parsimony-informative, 1397 singleton sites, 3368 constant sites
                            Gap/Ambiguity  Composition  p-value
   1  Amphimedon_queenslandica      0.45%    passed     97.33%
   2  Astrosclera_willeyana        66.24%    passed     62.77%
   3  Asbestopluma_sp               8.64%    passed     99.33%
   4  Carteriospongia_foliascens   49.62%    passed     56.49%
   5  Ephydatia_muelleri           15.98%    passed     20.10%
   6  Lubomirskia_baicalensis      21.76%    passed     91.67%
   7  Pachydictyum_globosum        44.00%    passed     44.33%
   8  Suberites_domuncula           2.17%    passed     99.98%
   9  Tethya_wilhelma               5.89%    passed     78.07%
  10  Crateromorpha_meyeri         76.11%    passed     14.98%
  11  Heterochone_calyx            82.27%    passed     44.79%
  12  Oopsacas_minuta              84.26%    failed      0.04%
  13  Oscarella_sp                 38.99%    passed     24.26%
  14  Leucetta_chagosensis          7.81%    passed     24.70%
  15  Sycon_ciliatum               13.29%    passed     16.22%
  16  Sycon_raphanus                3.86%    passed     37.84%
  17  Clytia_hemisphaerica         39.03%    passed     40.31%
  18  Hydra_magnipapillata          0.51%    passed     54.02%
  19  Hydra_vulgaris               10.08%    passed     81.49%
  20  Hydractinia_echinata          8.09%    passed     99.35%
  21  Podocoryne_carnea             6.12%    passed     99.61%
  22  Acropora_hyacinthus          15.94%    passed     73.06%
  23  Acropora_millepora            4.07%    passed     95.69%
  24  Acropora_palmate             79.90%    failed      0.62%
  25  Metridium_senile              5.10%    passed     75.52%
  26  Nematostella_vectensis        0.02%    passed     98.53%
  27  Porites                      11.11%    passed     65.58%
  28  Pleurobrachia_pileus         17.06%    passed     13.51%
  29  Beroe_sp                      8.20%    passed     88.83%
  30  Mnemiopsis_leidyi             3.69%    passed     82.18%
  31  Mertensiid_sp                 6.76%    passed     84.87%
  32  Branchiostoma_floridae        0.02%    passed     97.94%
  33  Capitella_sp                  4.18%    passed     97.42%
  34  Ciona_intestinalis            4.41%    passed     83.83%
  35  Danio_rerio                   1.49%    passed     99.99%
  36  Molgula_tectiformis           2.89%    passed     69.30%
  37  Petromyzon_marinus            4.99%    passed     90.77%
  38  Saccoglossus_kowalevskii      0.08%    passed     98.74%
  39  Aplysia_californica           1.60%    passed     99.96%
  40  Crassostrea_gigas             1.94%    passed     84.23%
  41  Daphnia_pulex                 0.26%    passed     87.27%
  42  Helobdella_robusta            4.96%    passed     87.65%
  43  Ixodes_scapularis             0.42%    passed     39.62%
  44  Nasonia_vitripennis           0.76%    passed     95.96%
  45  Tubifex_tubifex               5.97%    passed     92.58%
  46  Trichoplax_H4                14.29%    passed     56.73%
  47  Trichoplax_adhaerens          0.44%    passed     73.75%
  48  Monosiga_ovata                2.35%    failed      0.00%
  49  Monosiga_brevicollis          7.30%    failed      2.11%
  50  Proterospongia_sp.           32.41%    failed      0.48%
WARNING: 5 sequences contain more than 50% gaps/ambiguity
****  TOTAL                        16.56%  5 sequences failed composition chi2 test (p-value<5%; df=19)

Create initial parsimony tree by phylogenetic likelihood library (PLL)... 0.177 seconds
Generating 1000 samples for ultrafast bootstrap (seed: 895967)...

NOTE: 337 MB RAM (0 GB) is required!
Estimate model parameters (epsilon = 0.100)
1. Initial log-likelihood: -299249.764
2. Current log-likelihood: -294767.453
3. Current log-likelihood: -294740.274
4. Current log-likelihood: -294739.512
Optimal log-likelihood: -294739.482
Gamma shape alpha: 0.553
Parameters optimization took 4 rounds (1.041 sec)
Computing ML distances based on estimated model parameters... 0.864 sec
WARNING: Some pairwise ML distances are too long (saturated)
Computing BIONJ tree...
0.003 seconds
Log-likelihood of BIONJ tree: -294976.663
--------------------------------------------------------------------
|             INITIALIZING CANDIDATE TREE SET                      |
--------------------------------------------------------------------
Generating 98 parsimony trees... 17.548 second
Computing log-likelihood of 98 initial trees ... 11.008 seconds
Current best score: -294644.223

Do NNI search on 20 best initial trees
Estimate model parameters (epsilon = 0.100)
BETTER TREE FOUND at iteration 1: -294625.434
Iteration 10 / LogL: -294637.243 / Time: 0h:0m:36s
Iteration 20 / LogL: -294641.097 / Time: 0h:0m:45s
Finish initializing candidate tree set (9)
Current best tree score: -294625.434 / CPU time: 43.117
Number of iterations: 20
--------------------------------------------------------------------
|               OPTIMIZING CANDIDATE TREE SET                      |
--------------------------------------------------------------------
Iteration 30 / LogL: -294636.773 / Time: 0h:0m:55s (0h:2m:16s left)
Iteration 40 / LogL: -294625.445 / Time: 0h:1m:7s (0h:1m:45s left)
Iteration 50 / LogL: -294637.478 / Time: 0h:1m:19s (0h:1m:22s left)
Log-likelihood cutoff on original alignment: -294752.839
Iteration 60 / LogL: -294688.217 / Time: 0h:1m:30s (0h:1m:2s left)
Iteration 70 / LogL: -294626.395 / Time: 0h:1m:42s (0h:0m:45s left)
Iteration 80 / LogL: -294627.736 / Time: 0h:1m:53s (0h:0m:30s left)
Iteration 90 / LogL: -294626.660 / Time: 0h:2m:4s (0h:0m:15s left)
Iteration 100 / LogL: -294631.636 / Time: 0h:2m:15s (0h:0m:1s left)
Log-likelihood cutoff on original alignment: -294752.839
NOTE: Bootstrap correlation coefficient of split occurrence frequencies: 0.999
TREE SEARCH COMPLETED AFTER 102 ITERATIONS / Time: 0h:2m:17s

--------------------------------------------------------------------
|                    FINALIZING TREE SEARCH                        |
--------------------------------------------------------------------
Performs final model parameters optimization
Estimate model parameters (epsilon = 0.010)
1. Initial log-likelihood: -294625.434
Optimal log-likelihood: -294625.433
Gamma shape alpha: 0.553
Parameters optimization took 1 rounds (0.156 sec)
BEST SCORE FOUND : -294625.433
Creating bootstrap support values...
Split supports printed to NEXUS file Nosenko2013_ribosomal_11057.WAG.splits.nex
Total tree length: 6.934

Total number of iterations: 102
CPU time used for tree search: 2360.552 sec (0h:39m:20s)
Wall-clock time used for tree search: 135.330 sec (0h:2m:15s)
Total CPU time used: 2400.479 sec (0h:40m:0s)
Total wall-clock time used: 137.600 sec (0h:2m:17s)

Computing bootstrap consensus tree...
Reading input file Nosenko2013_ribosomal_11057.WAG.splits.nex...
50 taxa and 163 splits.
Consensus tree written to Nosenko2013_ribosomal_11057.WAG.contree
Reading input trees file Nosenko2013_ribosomal_11057.WAG.contree
Log-likelihood of consensus tree: -294625.873

Analysis results written to: 
  IQ-TREE report:                Nosenko2013_ribosomal_11057.WAG.iqtree
  Maximum-likelihood tree:       Nosenko2013_ribosomal_11057.WAG.treefile
  Likelihood distances:          Nosenko2013_ribosomal_11057.WAG.mldist

Ultrafast bootstrap approximation results written to:
  Split support values:          Nosenko2013_ribosomal_11057.WAG.splits.nex
  Consensus tree:                Nosenko2013_ribosomal_11057.WAG.contree
  Screen log file:               Nosenko2013_ribosomal_11057.WAG.log

Date and Time: Wed Nov  7 13:25:34 2018
