IQ-TREE multicore version 1.6.7 for Linux 64-bit built Aug 23 2018
Developed by Bui Quang Minh, Nguyen Lam Tung, Olga Chernomor,
Heiko Schmidt, Dominik Schrempf, Michael Woodhams.

Host:    c27n06.farnam.hpc.yale.internal (AVX2, FMA3, 251 GB RAM)
Command: iqtree -s Nosenko2013_ribosomal_14615_smatrix.phy -nt 20 -bb 1000 -m Poisson+C60+F+G -pre Nosenko2013_ribosomal_14615.poisson_C60
Seed:    963640 (Using SPRNG - Scalable Parallel Random Number Generator)
Time:    Tue Oct 30 21:38:21 2018
Kernel:  AVX+FMA - 20 threads (28 CPU cores detected)

Reading alignment file Nosenko2013_ribosomal_14615_smatrix.phy ... Phylip format detected
Alignment most likely contains protein sequences
Alignment has 71 sequences with 14612 columns, 13710 distinct patterns
9092 parsimony-informative, 2548 singleton sites, 2972 constant sites
                                Gap/Ambiguity  Composition  p-value
   1  Acropora_hyacinthus              23.17%    passed     50.27%
   2  Acropora_millepora                7.99%    passed     66.59%
   3  Acropora_palmate                 78.39%    failed      0.06%
   4  Allomyces_macrogynus              6.60%    failed      0.00%
   5  Amoebidium_parasiticum           48.60%    failed      0.45%
   6  Amphimedon_queenslandica          1.27%    passed     91.01%
   7  Anoplodactylus_eroticus          19.63%    passed     37.87%
   8  Aplysia_californica               3.02%    passed     99.96%
   9  Aphrocallistes_vastus            97.24%    failed      2.76%
  10  Asbestopluma_sp                  17.83%    passed     89.49%
  11  Astrosclera_willeyana            70.48%    passed     32.48%
  12  Batrachochytrium_dendrobatidis    5.45%    failed      0.01%
  13  Beroe_sp                         16.34%    passed     51.75%
  14  Branchiostoma_floridae            1.66%    passed     86.30%
  15  Capitella_sp                      3.67%    passed     86.70%
  16  Capsaspora_owczarzaki             1.10%    failed      0.00%
  17  Carteriospongia_foliascens       55.82%    passed     25.31%
  18  Ciona_intestinalis                3.26%    passed     24.86%
  19  Clytia_hemisphaerica             33.27%    failed      1.79%
  20  Corticium                        96.30%    passed     69.37%
  21  Crassostrea_gigas                 8.92%    passed     56.21%
  22  Crateromorpha_meyeri             81.08%    passed     22.38%
  23  Cyanea_capillata                 54.32%    failed      0.07%
  24  Danio_rerio                       3.55%    passed     99.95%
  25  Daphnia_pulex                     0.23%    passed     93.37%
  26  Ephydatia_muelleri               21.67%    passed     18.15%
  27  Euprymna_scolopes                19.08%    passed     24.14%
  28  Helobdella_robusta                4.91%    passed     39.72%
  29  Heterochone_calyx                84.27%    passed     43.03%
  30  Hydra_magnipapillata              0.53%    passed      5.38%
  31  Hydra_vulgaris                   22.30%    passed     69.72%
  32  Hydractinia_echinata             19.08%    passed     97.12%
  33  Ixodes_scapularis                 1.33%    passed     46.14%
  34  Leucetta_chagosensis             18.79%    passed      6.48%
  35  Leucosolenia_sp.                 92.49%    passed     22.76%
  36  Lubomirskia_baicalensis          41.19%    failed      3.61%
  37  Mertensiid_sp                    21.11%    passed     50.93%
  38  Metridium_senile                  9.60%    passed     94.63%
  39  Mnemiopsis_leidyi                15.10%    passed     43.92%
  40  Molgula_tectiformis               4.89%    passed     48.29%
  41  Monosiga_brevicollis              6.23%    failed      1.47%
  42  Monosiga_ovata                    4.86%    failed      0.00%
  43  Montastraea_faveolata            55.50%    passed     34.29%
  44  Nasonia_vitripennis               5.32%    passed     97.40%
  45  Nematostella_vectensis            0.01%    passed     76.12%
  46  Oopsacas_minuta                  87.38%    failed      0.00%
  47  Oscarella_carmela                41.37%    passed      8.80%
  48  Oscarella_lobularis              88.18%    passed     12.15%
  49  Oscarella_sp                     38.91%    failed      1.76%
  50  Pachydictyum_globosum            53.20%    passed      6.61%
  51  Pedicellina_cernua               18.57%    passed     22.67%
  52  Pediculus_humanus_capitis        24.74%    passed     55.45%
  53  Petromyzon_marinus                3.31%    passed     78.39%
  54  Phycomyces_blakesleeanus          4.78%    failed      0.00%
  55  Pleurobrachia_pileus             20.24%    failed      2.58%
  56  Podocoryne_carnea                20.85%    passed     93.01%
  57  Porites                          18.77%    passed     65.61%
  58  Proterospongia_sp.               29.88%    failed      1.16%
  59  Saccoglossus_kowalevskii          0.85%    passed     93.09%
  60  Scutigera_coleoptrata            31.57%    failed      1.32%
  61  Spizellomyces_punctatus           7.83%    failed      0.09%
  62  Sphaeroforma_arctica             24.12%    failed      4.63%
  63  Strongylocentrotus_purpuratus     4.20%    passed     80.94%
  64  Suberites_fuscus                 95.05%    passed     56.90%
  65  Suberites_domuncula              28.20%    failed      4.10%
  66  Sycon_raphanus                   11.16%    passed     18.51%
  67  Tethya_wilhelma                  15.12%    passed     49.74%
  68  Trichoplax_adhaerens              0.41%    passed     27.56%
  69  Trichoplax_H4                    29.37%    passed     10.38%
  70  Tubifex_tubifex                  14.73%    passed     69.12%
  71  Xenoturbella_bocki               23.93%    passed      9.21%
WARNING: 14 sequences contain more than 50% gaps/ambiguity
****  TOTAL                            27.10%  20 sequences failed composition chi2 test (p-value<5%; df=19)

Create initial parsimony tree by phylogenetic likelihood library (PLL)... 0.440 seconds
Generating 1000 samples for ultrafast bootstrap (seed: 963640)...
Model Poisson+C60+F+G is alias for Poisson+POISSON+G+FMIX{C60pi1:1:0.0169698865,C60pi2:1:0.0211683374,C60pi3:1:0.0276589079,C60pi4:1:0.0065675964,C60pi5:1:0.0141221416,C60pi6:1:0.0068774834,C60pi7:1:0.0146909701,C60pi8:1:0.0067225777,C60pi9:1:0.0018396660,C60pi10:1:0.0102547197,C60pi11:1:0.0230896163,C60pi12:1:0.0057941033,C60pi13:1:0.0125394534,C60pi14:1:0.0204526478,C60pi15:1:0.0070629602,C60pi16:1:0.0117982741,C60pi17:1:0.0068334668,C60pi18:1:0.0433775839,C60pi19:1:0.0318278731,C60pi20:1:0.0222546108,C60pi21:1:0.0102264969,C60pi22:1:0.0150545891,C60pi23:1:0.0134159878,C60pi24:1:0.0148552065,C60pi25:1:0.0239111516,C60pi26:1:0.0128776278,C60pi27:1:0.0222318842,C60pi28:1:0.0247444742,C60pi29:1:0.0214274810,C60pi30:1:0.0115001882,C60pi31:1:0.0076017389,C60pi32:1:0.0130258568,C60pi33:1:0.0093701965,C60pi34:1:0.0467194264,C60pi35:1:0.0441940314,C60pi36:1:0.0322263154,C60pi37:1:0.0402999891,C60pi38:1:0.0150234227,C60pi39:1:0.0104589903,C60pi40:1:0.0214742395,C60pi41:1:0.0154957836,C60pi42:1:0.0101789953,C60pi43:1:0.0227980379,C60pi44:1:0.0123204539,C60pi45:1:0.0066777583,C60pi46:1:0.0004150083,C60pi47:1:0.0344385130,C60pi48:1:0.0113663379,C60pi49:1:0.0127143049,C60pi50:1:0.0124323741,C60pi51:1:0.0262124415,C60pi52:1:0.0064994957,C60pi53:1:0.0103203293,C60pi54:1:0.0142463512,C60pi55:1:0.0215600067,C60pi56:1:0.0199150700,C60pi57:1:0.0038964200,C60pi58:1:0.0113448855,C60pi59:1:0.0128595846,C60pi60:1:0.0117656776}+F+G

NOTE: 36806 MB RAM (35 GB) is required!
Estimate model parameters (epsilon = 0.100)
1. Initial log-likelihood: -514660.792
2. Current log-likelihood: -504285.840
3. Current log-likelihood: -504205.592
4. Current log-likelihood: -504204.745
5. Current log-likelihood: -504204.634
Optimal log-likelihood: -504204.512
Mixture weights: 0.000 0.020 0.041 0.021 0.008 0.010 0.002 0.005 0.012 0.001 0.003 0.051 0.013 0.016 0.014 0.000 0.003 0.008 0.018 0.012 0.008 0.004 0.020 0.014 0.007 0.025 0.008 0.026 0.019 0.012 0.014 0.023 0.009 0.008 0.079 0.040 0.042 0.032 0.008 0.011 0.030 0.011 0.004 0.112 0.005 0.008 0.000 0.011 0.009 0.010 0.003 0.031 0.006 0.015 0.018 0.008 0.016 0.002 0.004 0.007 0.022
Gamma shape alpha: 0.593
Parameters optimization took 5 rounds (179.695 sec)
WARNING: The mixture model might be overfitting because some mixture weights are estimated close to zero
Computing ML distances based on estimated model parameters... 2.131 sec
WARNING: Some pairwise ML distances are too long (saturated)
Computing BIONJ tree...
0.003 seconds
Log-likelihood of BIONJ tree: -505014.556
--------------------------------------------------------------------
|             INITIALIZING CANDIDATE TREE SET                      |
--------------------------------------------------------------------
Generating 98 parsimony trees... 48.238 second
Computing log-likelihood of 98 initial trees ... 2122.190 seconds
Current best score: -504123.401

Do NNI search on 20 best initial trees
Estimate model parameters (epsilon = 0.100)
WARNING: The mixture model might be overfitting because some mixture weights are estimated close to zero
BETTER TREE FOUND at iteration 1: -503981.950
Iteration 10 / LogL: -504000.843 / Time: 1h:9m:14s
Estimate model parameters (epsilon = 0.100)
WARNING: The mixture model might be overfitting because some mixture weights are estimated close to zero
BETTER TREE FOUND at iteration 17: -503980.937
Iteration 20 / LogL: -503983.256 / Time: 1h:38m:0s
Finish initializing candidate tree set (4)
Current best tree score: -503980.937 / CPU time: 5493.740
Number of iterations: 20
--------------------------------------------------------------------
|               OPTIMIZING CANDIDATE TREE SET                      |
--------------------------------------------------------------------
Estimate model parameters (epsilon = 0.100)
WARNING: The mixture model might be overfitting because some mixture weights are estimated close to zero
BETTER TREE FOUND at iteration 22: -503948.396
Iteration 30 / LogL: -503956.370 / Time: 2h:23m:0s (7h:33m:40s left)
Iteration 40 / LogL: -503952.937 / Time: 2h:59m:5s (6h:16m:31s left)
Iteration 50 / LogL: -503961.871 / Time: 3h:36m:31s (5h:18m:9s left)
Log-likelihood cutoff on original alignment: -504055.367
Iteration 60 / LogL: -503951.710 / Time: 4h:13m:22s (4h:26m:14s left)
Iteration 70 / LogL: -503952.378 / Time: 4h:51m:34s (3h:39m:44s left)
Iteration 80 / LogL: -503949.793 / Time: 5h:29m:50s (2h:55m:21s left)
Iteration 90 / LogL: -503961.237 / Time: 6h:11m:17s (2h:13m:29s left)
Iteration 100 / LogL: -503952.583 / Time: 6h:49m:51s (1h:31m:4s left)
Log-likelihood cutoff on original alignment: -504047.680
NOTE: Bootstrap correlation coefficient of split occurrence frequencies: 0.999
Iteration 110 / LogL: -503957.722 / Time: 7h:29m:21s (6h:11m:0s left)
Iteration 120 / LogL: -503948.758 / Time: 8h:8m:12s (5h:28m:12s left)
TREE SEARCH COMPLETED AFTER 123 ITERATIONS / Time: 8h:20m:57s

--------------------------------------------------------------------
|                    FINALIZING TREE SEARCH                        |
--------------------------------------------------------------------
Performs final model parameters optimization
Estimate model parameters (epsilon = 0.010)
1. Initial log-likelihood: -503948.396
2. Current log-likelihood: -503948.299
3. Current log-likelihood: -503948.213
4. Current log-likelihood: -503948.163
5. Current log-likelihood: -503948.145
6. Current log-likelihood: -503948.129
7. Current log-likelihood: -503948.115
8. Current log-likelihood: -503948.102
9. Current log-likelihood: -503948.092
Optimal log-likelihood: -503948.079
Mixture weights: 0.000 0.021 0.041 0.021 0.008 0.010 0.002 0.005 0.012 0.002 0.003 0.052 0.013 0.015 0.015 0.000 0.002 0.008 0.018 0.012 0.008 0.004 0.020 0.014 0.007 0.025 0.008 0.026 0.019 0.012 0.014 0.023 0.009 0.008 0.079 0.040 0.042 0.031 0.009 0.011 0.030 0.011 0.004 0.112 0.006 0.007 0.000 0.011 0.010 0.010 0.003 0.031 0.006 0.015 0.017 0.008 0.016 0.002 0.004 0.007 0.022
Gamma shape alpha: 0.593
Parameters optimization took 9 rounds (217.488 sec)
WARNING: The mixture model might be overfitting because some mixture weights are estimated close to zero
BEST SCORE FOUND : -503948.079
Creating bootstrap support values...
Split supports printed to NEXUS file Nosenko2013_ribosomal_14615.poisson_C60.splits.nex
Total tree length: 12.763

Total number of iterations: 123
CPU time used for tree search: 591449.507 sec (164h:17m:29s)
Wall-clock time used for tree search: 29670.275 sec (8h:14m:30s)
Total CPU time used: 603501.371 sec (167h:38m:21s)
Total wall-clock time used: 30274.860 sec (8h:24m:34s)

Computing bootstrap consensus tree...
Reading input file Nosenko2013_ribosomal_14615.poisson_C60.splits.nex...
71 taxa and 218 splits.
Consensus tree written to Nosenko2013_ribosomal_14615.poisson_C60.contree
Reading input trees file Nosenko2013_ribosomal_14615.poisson_C60.contree
Log-likelihood of consensus tree: -503947.158

Analysis results written to: 
  IQ-TREE report:                Nosenko2013_ribosomal_14615.poisson_C60.iqtree
  Maximum-likelihood tree:       Nosenko2013_ribosomal_14615.poisson_C60.treefile
  Likelihood distances:          Nosenko2013_ribosomal_14615.poisson_C60.mldist

Ultrafast bootstrap approximation results written to:
  Split support values:          Nosenko2013_ribosomal_14615.poisson_C60.splits.nex
  Consensus tree:                Nosenko2013_ribosomal_14615.poisson_C60.contree
  Screen log file:               Nosenko2013_ribosomal_14615.poisson_C60.log

Date and Time: Wed Oct 31 06:06:48 2018
