IQ-TREE multicore version 1.6.7 for Linux 64-bit built Aug 23 2018
Developed by Bui Quang Minh, Nguyen Lam Tung, Olga Chernomor,
Heiko Schmidt, Dominik Schrempf, Michael Woodhams.

Host:    c28n11.farnam.hpc.yale.internal (AVX2, FMA3, 251 GB RAM)
Command: iqtree -s Nosenko2013_nonribosomal_9187_smatrix.phy -nt 20 -bb 1000 -m Poisson+C60+F+G -pre Nosenko2013_nonribosomal.poisson_C60
Seed:    106650 (Using SPRNG - Scalable Parallel Random Number Generator)
Time:    Wed Oct 31 03:25:19 2018
Kernel:  AVX+FMA - 20 threads (28 CPU cores detected)

Reading alignment file Nosenko2013_nonribosomal_9187_smatrix.phy ... Phylip format detected
Alignment most likely contains protein sequences
WARNING: 2 sites contain only gaps or ambiguous characters.
Alignment has 71 sequences with 9187 columns, 8521 distinct patterns
5045 parsimony-informative, 1579 singleton sites, 2563 constant sites
                                Gap/Ambiguity  Composition  p-value
   1  Acropora_hyacinthus              24.90%    passed     99.46%
   2  Acropora_millepora                1.04%    passed     98.27%
   3  Acropora_palmate                 53.22%    passed     90.91%
   4  Allomyces_macrogynus             13.62%    failed      0.00%
   5  Amoebidium_parasiticum           75.54%    passed     57.76%
   6  Amphimedon_queenslandica          0.15%    passed     97.60%
   7  Anoplodactylus_eroticus          69.38%    passed     37.27%
   8  Aplysia_californica              24.64%    passed     99.42%
   9  Aphrocallistes_vastus            82.62%    failed      0.42%
  10  Asbestopluma_sp                  28.54%    passed     95.77%
  11  Astrosclera_willeyana            66.13%    passed     55.84%
  12  Batrachochytrium_dendrobatidis    9.84%    passed      7.37%
  13  Beroe_sp                         38.30%    passed     98.40%
  14  Branchiostoma_floridae            1.56%    passed     98.40%
  15  Capitella_sp                      6.16%    passed    100.00%
  16  Capsaspora_owczarzaki            14.50%    passed     13.18%
  17  Carteriospongia_foliascens       58.77%    passed     91.47%
  18  Ciona_intestinalis                5.63%    passed     36.68%
  19  Clytia_hemisphaerica              1.81%    passed     89.44%
  20  Corticium                        85.68%    passed     71.51%
  21  Crassostrea_gigas                21.16%    passed     82.44%
  22  Crateromorpha_meyeri             56.16%    passed     99.21%
  23  Cyanea_capillata                 91.98%    passed     17.38%
  24  Danio_rerio                       0.09%    passed     99.85%
  25  Daphnia_pulex                     0.46%    passed     99.98%
  26  Ephydatia_muelleri               12.01%    passed     54.19%
  27  Euprymna_scolopes                36.67%    passed     47.71%
  28  Helobdella_robusta                0.40%    passed     89.90%
  29  Heterochone_calyx                55.64%    passed     81.83%
  30  Hydra_magnipapillata              0.28%    passed     87.74%
  31  Hydra_vulgaris                   50.91%    passed     67.94%
  32  Hydractinia_echinata             52.64%    passed     46.65%
  33  Ixodes_scapularis                 8.36%    passed     97.98%
  34  Leucetta_chagosensis             45.40%    passed     86.00%
  35  Leucosolenia_sp.                 86.60%    failed      0.36%
  36  Lubomirskia_baicalensis          72.33%    passed     29.11%
  37  Mertensiid_sp                    78.98%    passed      5.56%
  38  Metridium_senile                 17.88%    passed     87.91%
  39  Mnemiopsis_leidyi                31.66%    passed     96.08%
  40  Molgula_tectiformis               2.67%    passed     98.70%
  41  Monosiga_brevicollis             11.64%    passed     96.52%
  42  Monosiga_ovata                    5.17%    passed     26.44%
  43  Montastraea_faveolata            80.45%    passed     78.57%
  44  Nasonia_vitripennis              10.37%    passed     65.73%
  45  Nematostella_vectensis            3.13%    passed     98.77%
  46  Oopsacas_minuta                  66.46%    passed     60.09%
  47  Oscarella_carmela                24.30%    passed     99.92%
  48  Oscarella_lobularis              64.61%    passed      7.95%
  49  Oscarella_sp                     19.94%    passed     99.10%
  50  Pachydictyum_globosum            75.74%    passed     62.40%
  51  Pedicellina_cernua               48.62%    passed     94.60%
  52  Pediculus_humanus_capitis        73.97%    passed     36.08%
  53  Petromyzon_marinus               11.68%    passed     98.67%
  54  Phycomyces_blakesleeanus          9.79%    passed     64.25%
  55  Pleurobrachia_pileus             36.27%    passed     40.71%
  56  Podocoryne_carnea                57.39%    passed     80.30%
  57  Porites                          28.46%    passed     92.06%
  58  Proterospongia_sp.               13.70%    passed     47.20%
  59  Saccoglossus_kowalevskii          1.93%    passed     96.37%
  60  Scutigera_coleoptrata            88.40%    passed     87.11%
  61  Spizellomyces_punctatus          17.45%    passed     17.22%
  62  Sphaeroforma_arctica             53.62%    passed     32.58%
  63  Strongylocentrotus_purpuratus     8.72%    passed     99.93%
  64  Suberites_domuncula               8.77%    passed     99.63%
  65  Sycon_ciliatum                   54.87%    failed      1.99%
  66  Sycon_raphanus                   55.80%    passed     29.51%
  67  Tethya_wilhelma                  36.61%    passed     96.22%
  68  Trichoplax_adhaerens              0.26%    passed     29.76%
  69  Trichoplax_H4                    37.24%    passed     91.13%
  70  Tubifex_tubifex                  40.95%    passed     94.23%
  71  Xenoturbella_bocki               67.88%    passed     22.24%
WARNING: 26 sequences contain more than 50% gaps/ambiguity
****  TOTAL                            35.19%  4 sequences failed composition chi2 test (p-value<5%; df=19)

Create initial parsimony tree by phylogenetic likelihood library (PLL)... 0.353 seconds
Generating 1000 samples for ultrafast bootstrap (seed: 106650)...
Model Poisson+C60+F+G is alias for Poisson+POISSON+G+FMIX{C60pi1:1:0.0169698865,C60pi2:1:0.0211683374,C60pi3:1:0.0276589079,C60pi4:1:0.0065675964,C60pi5:1:0.0141221416,C60pi6:1:0.0068774834,C60pi7:1:0.0146909701,C60pi8:1:0.0067225777,C60pi9:1:0.0018396660,C60pi10:1:0.0102547197,C60pi11:1:0.0230896163,C60pi12:1:0.0057941033,C60pi13:1:0.0125394534,C60pi14:1:0.0204526478,C60pi15:1:0.0070629602,C60pi16:1:0.0117982741,C60pi17:1:0.0068334668,C60pi18:1:0.0433775839,C60pi19:1:0.0318278731,C60pi20:1:0.0222546108,C60pi21:1:0.0102264969,C60pi22:1:0.0150545891,C60pi23:1:0.0134159878,C60pi24:1:0.0148552065,C60pi25:1:0.0239111516,C60pi26:1:0.0128776278,C60pi27:1:0.0222318842,C60pi28:1:0.0247444742,C60pi29:1:0.0214274810,C60pi30:1:0.0115001882,C60pi31:1:0.0076017389,C60pi32:1:0.0130258568,C60pi33:1:0.0093701965,C60pi34:1:0.0467194264,C60pi35:1:0.0441940314,C60pi36:1:0.0322263154,C60pi37:1:0.0402999891,C60pi38:1:0.0150234227,C60pi39:1:0.0104589903,C60pi40:1:0.0214742395,C60pi41:1:0.0154957836,C60pi42:1:0.0101789953,C60pi43:1:0.0227980379,C60pi44:1:0.0123204539,C60pi45:1:0.0066777583,C60pi46:1:0.0004150083,C60pi47:1:0.0344385130,C60pi48:1:0.0113663379,C60pi49:1:0.0127143049,C60pi50:1:0.0124323741,C60pi51:1:0.0262124415,C60pi52:1:0.0064994957,C60pi53:1:0.0103203293,C60pi54:1:0.0142463512,C60pi55:1:0.0215600067,C60pi56:1:0.0199150700,C60pi57:1:0.0038964200,C60pi58:1:0.0113448855,C60pi59:1:0.0128595846,C60pi60:1:0.0117656776}+F+G

NOTE: 22901 MB RAM (22 GB) is required!
Estimate model parameters (epsilon = 0.100)
1. Initial log-likelihood: -290774.766
2. Current log-likelihood: -282078.656
3. Current log-likelihood: -282001.836
4. Current log-likelihood: -281998.566
5. Current log-likelihood: -281997.558
6. Current log-likelihood: -281997.197
Optimal log-likelihood: -281997.104
Mixture weights: 0.000 0.019 0.033 0.024 0.007 0.009 0.002 0.013 0.016 0.001 0.004 0.047 0.010 0.009 0.019 0.000 0.007 0.004 0.033 0.027 0.019 0.010 0.018 0.013 0.008 0.040 0.004 0.038 0.008 0.010 0.007 0.014 0.013 0.006 0.068 0.035 0.047 0.039 0.009 0.010 0.029 0.017 0.006 0.033 0.006 0.007 0.000 0.022 0.016 0.016 0.005 0.030 0.006 0.011 0.018 0.007 0.023 0.000 0.009 0.010 0.024
Gamma shape alpha: 0.466
Parameters optimization took 6 rounds (147.098 sec)
WARNING: The mixture model might be overfitting because some mixture weights are estimated close to zero
Computing ML distances based on estimated model parameters... 1.953 sec
WARNING: Some pairwise ML distances are too long (saturated)
Computing BIONJ tree...
0.020 seconds
Log-likelihood of BIONJ tree: -284317.196
--------------------------------------------------------------------
|             INITIALIZING CANDIDATE TREE SET                      |
--------------------------------------------------------------------
Generating 98 parsimony trees... 24.854 second
Computing log-likelihood of 98 initial trees ... 1351.537 seconds
Current best score: -281952.503

Do NNI search on 20 best initial trees
Estimate model parameters (epsilon = 0.100)
WARNING: The mixture model might be overfitting because some mixture weights are estimated close to zero
BETTER TREE FOUND at iteration 1: -281872.085
Estimate model parameters (epsilon = 0.100)
WARNING: The mixture model might be overfitting because some mixture weights are estimated close to zero
BETTER TREE FOUND at iteration 4: -281863.637
Iteration 10 / LogL: -281887.838 / Time: 0h:49m:7s
Iteration 20 / LogL: -281898.039 / Time: 1h:4m:55s
Finish initializing candidate tree set (10)
Current best tree score: -281863.637 / CPU time: 3220.584
Number of iterations: 20
--------------------------------------------------------------------
|               OPTIMIZING CANDIDATE TREE SET                      |
--------------------------------------------------------------------
Iteration 30 / LogL: -281866.397 / Time: 1h:29m:33s (3h:48m:29s left)
Iteration 40 / LogL: -281872.358 / Time: 1h:55m:9s (3h:8m:57s left)
Iteration 50 / LogL: -281868.099 / Time: 2h:21m:16s (2h:35m:41s left)
Log-likelihood cutoff on original alignment: -281916.467
Iteration 60 / LogL: -281869.984 / Time: 2h:46m:52s (2h:4m:26s left)
Iteration 70 / LogL: -281864.211 / Time: 3h:11m:10s (1h:34m:11s left)
Iteration 80 / LogL: -281863.877 / Time: 3h:34m:42s (1h:5m:13s left)
Iteration 90 / LogL: -281876.958 / Time: 3h:59m:37s (0h:37m:41s left)
Iteration 100 / LogL: -281864.410 / Time: 4h:25m:48s (0h:10m:44s left)
Log-likelihood cutoff on original alignment: -281916.689
NOTE: Bootstrap correlation coefficient of split occurrence frequencies: 0.998
TREE SEARCH COMPLETED AFTER 105 ITERATIONS / Time: 4h:37m:43s

--------------------------------------------------------------------
|                    FINALIZING TREE SEARCH                        |
--------------------------------------------------------------------
Performs final model parameters optimization
Estimate model parameters (epsilon = 0.010)
1. Initial log-likelihood: -281863.637
2. Current log-likelihood: -281863.615
3. Current log-likelihood: -281863.599
4. Current log-likelihood: -281863.587
Optimal log-likelihood: -281863.578
Mixture weights: 0.000 0.019 0.033 0.024 0.007 0.009 0.002 0.013 0.016 0.001 0.004 0.047 0.010 0.009 0.020 0.000 0.007 0.004 0.032 0.026 0.019 0.010 0.018 0.013 0.008 0.041 0.004 0.038 0.008 0.010 0.007 0.014 0.013 0.007 0.068 0.035 0.047 0.039 0.009 0.010 0.029 0.018 0.006 0.034 0.006 0.008 0.000 0.022 0.016 0.016 0.004 0.030 0.006 0.011 0.018 0.007 0.023 0.000 0.009 0.010 0.025
Gamma shape alpha: 0.467
Parameters optimization took 4 rounds (52.542 sec)
WARNING: The mixture model might be overfitting because some mixture weights are estimated close to zero
BEST SCORE FOUND : -281863.578
Creating bootstrap support values...
Split supports printed to NEXUS file Nosenko2013_nonribosomal.poisson_C60.splits.nex
Total tree length: 14.483

Total number of iterations: 105
CPU time used for tree search: 318548.389 sec (88h:29m:8s)
Wall-clock time used for tree search: 15988.333 sec (4h:26m:28s)
Total CPU time used: 333057.996 sec (92h:30m:57s)
Total wall-clock time used: 16716.199 sec (4h:38m:36s)

Computing bootstrap consensus tree...
Reading input file Nosenko2013_nonribosomal.poisson_C60.splits.nex...
71 taxa and 288 splits.
Consensus tree written to Nosenko2013_nonribosomal.poisson_C60.contree
Reading input trees file Nosenko2013_nonribosomal.poisson_C60.contree
Log-likelihood of consensus tree: -281863.578

Analysis results written to: 
  IQ-TREE report:                Nosenko2013_nonribosomal.poisson_C60.iqtree
  Maximum-likelihood tree:       Nosenko2013_nonribosomal.poisson_C60.treefile
  Likelihood distances:          Nosenko2013_nonribosomal.poisson_C60.mldist

Ultrafast bootstrap approximation results written to:
  Split support values:          Nosenko2013_nonribosomal.poisson_C60.splits.nex
  Consensus tree:                Nosenko2013_nonribosomal.poisson_C60.contree
  Screen log file:               Nosenko2013_nonribosomal.poisson_C60.log

Date and Time: Wed Oct 31 08:05:31 2018
