IQ-TREE multicore version 1.6.7 for Linux 64-bit built Aug 23 2018
Developed by Bui Quang Minh, Nguyen Lam Tung, Olga Chernomor,
Heiko Schmidt, Dominik Schrempf, Michael Woodhams.

Host:    c27n05.farnam.hpc.yale.internal (AVX2, FMA3, 251 GB RAM)
Command: iqtree -s Nosenko2013_nonribosomal_9187_smatrix.phy -nt 20 -bb 1000 -m WAG+F+G -pre Nosenko2013_nonribosomal.WAG
Seed:    189602 (Using SPRNG - Scalable Parallel Random Number Generator)
Time:    Wed Nov  7 13:23:48 2018
Kernel:  AVX+FMA - 20 threads (28 CPU cores detected)

Reading alignment file Nosenko2013_nonribosomal_9187_smatrix.phy ... Phylip format detected
Alignment most likely contains protein sequences
WARNING: 2 sites contain only gaps or ambiguous characters.
Alignment has 71 sequences with 9187 columns, 8521 distinct patterns
5045 parsimony-informative, 1579 singleton sites, 2563 constant sites
                                Gap/Ambiguity  Composition  p-value
   1  Acropora_hyacinthus              24.90%    passed     99.46%
   2  Acropora_millepora                1.04%    passed     98.27%
   3  Acropora_palmate                 53.22%    passed     90.91%
   4  Allomyces_macrogynus             13.62%    failed      0.00%
   5  Amoebidium_parasiticum           75.54%    passed     57.76%
   6  Amphimedon_queenslandica          0.15%    passed     97.60%
   7  Anoplodactylus_eroticus          69.38%    passed     37.27%
   8  Aplysia_californica              24.64%    passed     99.42%
   9  Aphrocallistes_vastus            82.62%    failed      0.42%
  10  Asbestopluma_sp                  28.54%    passed     95.77%
  11  Astrosclera_willeyana            66.13%    passed     55.84%
  12  Batrachochytrium_dendrobatidis    9.84%    passed      7.37%
  13  Beroe_sp                         38.30%    passed     98.40%
  14  Branchiostoma_floridae            1.56%    passed     98.40%
  15  Capitella_sp                      6.16%    passed    100.00%
  16  Capsaspora_owczarzaki            14.50%    passed     13.18%
  17  Carteriospongia_foliascens       58.77%    passed     91.47%
  18  Ciona_intestinalis                5.63%    passed     36.68%
  19  Clytia_hemisphaerica              1.81%    passed     89.44%
  20  Corticium                        85.68%    passed     71.51%
  21  Crassostrea_gigas                21.16%    passed     82.44%
  22  Crateromorpha_meyeri             56.16%    passed     99.21%
  23  Cyanea_capillata                 91.98%    passed     17.38%
  24  Danio_rerio                       0.09%    passed     99.85%
  25  Daphnia_pulex                     0.46%    passed     99.98%
  26  Ephydatia_muelleri               12.01%    passed     54.19%
  27  Euprymna_scolopes                36.67%    passed     47.71%
  28  Helobdella_robusta                0.40%    passed     89.90%
  29  Heterochone_calyx                55.64%    passed     81.83%
  30  Hydra_magnipapillata              0.28%    passed     87.74%
  31  Hydra_vulgaris                   50.91%    passed     67.94%
  32  Hydractinia_echinata             52.64%    passed     46.65%
  33  Ixodes_scapularis                 8.36%    passed     97.98%
  34  Leucetta_chagosensis             45.40%    passed     86.00%
  35  Leucosolenia_sp.                 86.60%    failed      0.36%
  36  Lubomirskia_baicalensis          72.33%    passed     29.11%
  37  Mertensiid_sp                    78.98%    passed      5.56%
  38  Metridium_senile                 17.88%    passed     87.91%
  39  Mnemiopsis_leidyi                31.66%    passed     96.08%
  40  Molgula_tectiformis               2.67%    passed     98.70%
  41  Monosiga_brevicollis             11.64%    passed     96.52%
  42  Monosiga_ovata                    5.17%    passed     26.44%
  43  Montastraea_faveolata            80.45%    passed     78.57%
  44  Nasonia_vitripennis              10.37%    passed     65.73%
  45  Nematostella_vectensis            3.13%    passed     98.77%
  46  Oopsacas_minuta                  66.46%    passed     60.09%
  47  Oscarella_carmela                24.30%    passed     99.92%
  48  Oscarella_lobularis              64.61%    passed      7.95%
  49  Oscarella_sp                     19.94%    passed     99.10%
  50  Pachydictyum_globosum            75.74%    passed     62.40%
  51  Pedicellina_cernua               48.62%    passed     94.60%
  52  Pediculus_humanus_capitis        73.97%    passed     36.08%
  53  Petromyzon_marinus               11.68%    passed     98.67%
  54  Phycomyces_blakesleeanus          9.79%    passed     64.25%
  55  Pleurobrachia_pileus             36.27%    passed     40.71%
  56  Podocoryne_carnea                57.39%    passed     80.30%
  57  Porites                          28.46%    passed     92.06%
  58  Proterospongia_sp.               13.70%    passed     47.20%
  59  Saccoglossus_kowalevskii          1.93%    passed     96.37%
  60  Scutigera_coleoptrata            88.40%    passed     87.11%
  61  Spizellomyces_punctatus          17.45%    passed     17.22%
  62  Sphaeroforma_arctica             53.62%    passed     32.58%
  63  Strongylocentrotus_purpuratus     8.72%    passed     99.93%
  64  Suberites_domuncula               8.77%    passed     99.63%
  65  Sycon_ciliatum                   54.87%    failed      1.99%
  66  Sycon_raphanus                   55.80%    passed     29.51%
  67  Tethya_wilhelma                  36.61%    passed     96.22%
  68  Trichoplax_adhaerens              0.26%    passed     29.76%
  69  Trichoplax_H4                    37.24%    passed     91.13%
  70  Tubifex_tubifex                  40.95%    passed     94.23%
  71  Xenoturbella_bocki               67.88%    passed     22.24%
WARNING: 26 sequences contain more than 50% gaps/ambiguity
****  TOTAL                            35.19%  4 sequences failed composition chi2 test (p-value<5%; df=19)

Create initial parsimony tree by phylogenetic likelihood library (PLL)... 0.282 seconds
Generating 1000 samples for ultrafast bootstrap (seed: 189602)...

NOTE: 407 MB RAM (0 GB) is required!
Estimate model parameters (epsilon = 0.100)
1. Initial log-likelihood: -303091.361
2. Current log-likelihood: -294340.387
3. Current log-likelihood: -294281.588
4. Current log-likelihood: -294279.923
Optimal log-likelihood: -294279.807
Gamma shape alpha: 0.525
Parameters optimization took 4 rounds (1.458 sec)
Computing ML distances based on estimated model parameters... 1.655 sec
WARNING: Some pairwise ML distances are too long (saturated)
Computing BIONJ tree...
0.004 seconds
Log-likelihood of BIONJ tree: -298335.813
--------------------------------------------------------------------
|             INITIALIZING CANDIDATE TREE SET                      |
--------------------------------------------------------------------
Generating 98 parsimony trees... 25.683 second
Computing log-likelihood of 98 initial trees ... 14.832 seconds
Current best score: -294223.242

Do NNI search on 20 best initial trees
Estimate model parameters (epsilon = 0.100)
BETTER TREE FOUND at iteration 1: -294129.542
Iteration 10 / LogL: -294169.110 / Time: 0h:0m:59s
Iteration 20 / LogL: -294168.917 / Time: 0h:1m:10s
Finish initializing candidate tree set (11)
Current best tree score: -294129.542 / CPU time: 62.392
Number of iterations: 20
--------------------------------------------------------------------
|               OPTIMIZING CANDIDATE TREE SET                      |
--------------------------------------------------------------------
Iteration 30 / LogL: -294133.240 / Time: 0h:1m:25s (0h:3m:27s left)
Iteration 40 / LogL: -294129.545 / Time: 0h:1m:40s (0h:2m:36s left)
Iteration 50 / LogL: -294150.107 / Time: 0h:1m:55s (0h:1m:59s left)
Log-likelihood cutoff on original alignment: -294244.768
Iteration 60 / LogL: -294129.591 / Time: 0h:2m:9s (0h:1m:29s left)
Iteration 70 / LogL: -294177.212 / Time: 0h:2m:25s (0h:1m:5s left)
Iteration 80 / LogL: -294130.226 / Time: 0h:2m:41s (0h:0m:42s left)
Iteration 90 / LogL: -294130.332 / Time: 0h:2m:57s (0h:0m:21s left)
Iteration 100 / LogL: -294130.833 / Time: 0h:3m:11s (0h:0m:1s left)
Log-likelihood cutoff on original alignment: -294239.613
NOTE: Bootstrap correlation coefficient of split occurrence frequencies: 0.999
Estimate model parameters (epsilon = 0.100)
UPDATE BEST LOG-LIKELIHOOD: -294129.489
TREE SEARCH COMPLETED AFTER 102 ITERATIONS / Time: 0h:3m:15s

--------------------------------------------------------------------
|                    FINALIZING TREE SEARCH                        |
--------------------------------------------------------------------
Performs final model parameters optimization
Estimate model parameters (epsilon = 0.010)
1. Initial log-likelihood: -294129.489
Optimal log-likelihood: -294129.488
Gamma shape alpha: 0.523
Parameters optimization took 1 rounds (0.202 sec)
BEST SCORE FOUND : -294129.488
Creating bootstrap support values...
Split supports printed to NEXUS file Nosenko2013_nonribosomal.WAG.splits.nex
Total tree length: 12.567

Total number of iterations: 102
CPU time used for tree search: 3248.552 sec (0h:54m:8s)
Wall-clock time used for tree search: 187.918 sec (0h:3m:7s)
Total CPU time used: 3402.920 sec (0h:56m:42s)
Total wall-clock time used: 196.140 sec (0h:3m:16s)

Computing bootstrap consensus tree...
Reading input file Nosenko2013_nonribosomal.WAG.splits.nex...
71 taxa and 277 splits.
Consensus tree written to Nosenko2013_nonribosomal.WAG.contree
Reading input trees file Nosenko2013_nonribosomal.WAG.contree
Log-likelihood of consensus tree: -294129.490

Analysis results written to: 
  IQ-TREE report:                Nosenko2013_nonribosomal.WAG.iqtree
  Maximum-likelihood tree:       Nosenko2013_nonribosomal.WAG.treefile
  Likelihood distances:          Nosenko2013_nonribosomal.WAG.mldist

Ultrafast bootstrap approximation results written to:
  Split support values:          Nosenko2013_nonribosomal.WAG.splits.nex
  Consensus tree:                Nosenko2013_nonribosomal.WAG.contree
  Screen log file:               Nosenko2013_nonribosomal.WAG.log

Date and Time: Wed Nov  7 13:27:05 2018
