IQ-TREE multicore version 1.6.7 for Linux 64-bit built Aug 23 2018
Developed by Bui Quang Minh, Nguyen Lam Tung, Olga Chernomor,
Heiko Schmidt, Dominik Schrempf, Michael Woodhams.

Host:    c28n04.farnam.hpc.yale.internal (AVX2, FMA3, 251 GB RAM)
Command: iqtree -s Philippe2009_Philippe2009.phy -nt 20 -bb 1000 -m Poisson+C60+F+G -pre Philippe2009.poisson_C60
Seed:    2835 (Using SPRNG - Scalable Parallel Random Number Generator)
Time:    Tue Oct 30 21:38:22 2018
Kernel:  AVX+FMA - 20 threads (28 CPU cores detected)

Reading alignment file Philippe2009_Philippe2009.phy ... Phylip format detected
Alignment most likely contains protein sequences
Alignment has 55 sequences with 30257 columns, 26797 distinct patterns
16770 parsimony-informative, 4020 singleton sites, 9467 constant sites
                                Gap/Ambiguity  Composition  p-value
   1  Acropora_millepora               24.41%    passed     70.68%
   2  Allomyces_macrogynus              1.73%    failed      0.00%
   3  Amoebidium_parasiticum           66.44%    failed      0.00%
   4  Anoplodactylus_eroticus          55.97%    failed      0.00%
   5  Aplysia_californica               2.16%    passed     81.07%
   6  Batrachochytrium_dendrobatidis    6.17%    failed      0.00%
   7  Branchiostoma_floridae            0.02%    failed      4.64%
   8  Capitella_sp                      0.39%    passed     37.25%
   9  Capsaspora_owczarzaki             2.96%    failed      0.00%
  10  Carteriospongia_foliascens       73.47%    failed      0.00%
  11  Ciona_savignyi                    1.04%    passed      7.19%
  12  Clytia_hemisphaerica             32.50%    failed      0.21%
  13  Crassostrea_gigas                17.21%    passed     37.86%
  14  Cyanea_capillata                 75.44%    failed      0.00%
  15  Danio_rerio                       0.63%    passed     33.63%
  16  Daphnia_pulex                     0.23%    passed     22.58%
  17  Ephydatia_muelleri               56.61%    failed      0.00%
  18  Euperipatoides_kanangrensis      59.59%    failed      0.00%
  19  Euprymna_scolopes                25.01%    passed     15.69%
  20  Helobdella_robusta                4.87%    passed      8.34%
  21  Heterochone                      71.37%    failed      0.00%
  22  Hydra_vulgaris                    0.24%    failed      0.01%
  23  Hydractinia_echinata             41.08%    failed      0.02%
  24  Ixodes_scapularis                 2.55%    failed      0.05%
  25  Leucetta_chagosensis             51.06%    failed      0.00%
  26  Metridium_senile                 28.45%    passed     49.79%
  27  Mnemiopsis_leidyi                27.38%    failed      0.34%
  28  Molgula_tectiformis               4.69%    failed      4.73%
  29  Monosiga_brevicollis              0.85%    failed      0.00%
  30  Monosiga_ovata                    4.73%    failed      0.00%
  31  Orbicella_faveolata              78.24%    failed      0.00%
  32  Nasonia_vitripennis               0.43%    passed     50.45%
  33  Nematostella_vectensis            0.02%    passed     20.81%
  34  Oopsacas_minuta                  88.05%    failed      0.02%
  35  Oscarella_carmela                44.16%    failed      0.56%
  36  Pedicellina_cernua               50.81%    failed      0.00%
  37  Pediculus_humanus                 3.26%    passed      8.79%
  38  Petromyzon_marinus                9.25%    passed      5.87%
  39  Phycomyces_blakesleeanus          2.40%    failed      0.00%
  40  Pleurobrachia_pileus             18.74%    failed      0.01%
  41  Podocoryna_carnea                44.17%    failed      0.00%
  42  Proterospongia                   63.73%    failed      0.00%
  43  Reniera_sp                        1.06%    passed      8.35%
  44  Rhizopus_oryzae                   1.25%    failed      0.00%
  45  Saccoglossus_kowalevskii          1.98%    passed     42.99%
  46  Scutigera_coleoptrata            61.62%    failed      0.00%
  47  Sphaeroforma_arctica             30.67%    failed      0.22%
  48  Spizellomyces_punctatus           4.64%    failed      0.00%
  49  Strongylocentrotus_purpuratus     0.16%    passed     46.89%
  50  Suberites_domuncula              60.23%    failed      0.00%
  51  Sycon_raphanus                   55.59%    failed      0.00%
  52  Trichoplax_adhaerens              1.59%    failed      0.14%
  53  Tubifex_tubifex                  19.43%    passed     90.59%
  54  Xenoturbella_bocki               38.63%    failed      0.00%
  55  mertensiid_sp                    59.96%    failed      0.00%
WARNING: 16 sequences contain more than 50% gaps/ambiguity
****  TOTAL                            26.90%  37 sequences failed composition chi2 test (p-value<5%; df=19)

Create initial parsimony tree by phylogenetic likelihood library (PLL)... 1.446 seconds
Generating 1000 samples for ultrafast bootstrap (seed: 2835)...
Model Poisson+C60+F+G is alias for Poisson+POISSON+G+FMIX{C60pi1:1:0.0169698865,C60pi2:1:0.0211683374,C60pi3:1:0.0276589079,C60pi4:1:0.0065675964,C60pi5:1:0.0141221416,C60pi6:1:0.0068774834,C60pi7:1:0.0146909701,C60pi8:1:0.0067225777,C60pi9:1:0.0018396660,C60pi10:1:0.0102547197,C60pi11:1:0.0230896163,C60pi12:1:0.0057941033,C60pi13:1:0.0125394534,C60pi14:1:0.0204526478,C60pi15:1:0.0070629602,C60pi16:1:0.0117982741,C60pi17:1:0.0068334668,C60pi18:1:0.0433775839,C60pi19:1:0.0318278731,C60pi20:1:0.0222546108,C60pi21:1:0.0102264969,C60pi22:1:0.0150545891,C60pi23:1:0.0134159878,C60pi24:1:0.0148552065,C60pi25:1:0.0239111516,C60pi26:1:0.0128776278,C60pi27:1:0.0222318842,C60pi28:1:0.0247444742,C60pi29:1:0.0214274810,C60pi30:1:0.0115001882,C60pi31:1:0.0076017389,C60pi32:1:0.0130258568,C60pi33:1:0.0093701965,C60pi34:1:0.0467194264,C60pi35:1:0.0441940314,C60pi36:1:0.0322263154,C60pi37:1:0.0402999891,C60pi38:1:0.0150234227,C60pi39:1:0.0104589903,C60pi40:1:0.0214742395,C60pi41:1:0.0154957836,C60pi42:1:0.0101789953,C60pi43:1:0.0227980379,C60pi44:1:0.0123204539,C60pi45:1:0.0066777583,C60pi46:1:0.0004150083,C60pi47:1:0.0344385130,C60pi48:1:0.0113663379,C60pi49:1:0.0127143049,C60pi50:1:0.0124323741,C60pi51:1:0.0262124415,C60pi52:1:0.0064994957,C60pi53:1:0.0103203293,C60pi54:1:0.0142463512,C60pi55:1:0.0215600067,C60pi56:1:0.0199150700,C60pi57:1:0.0038964200,C60pi58:1:0.0113448855,C60pi59:1:0.0128595846,C60pi60:1:0.0117656776}+F+G

NOTE: 55709 MB RAM (54 GB) is required!
Estimate model parameters (epsilon = 0.100)
1. Initial log-likelihood: -836970.703
2. Current log-likelihood: -814527.524
3. Current log-likelihood: -814413.427
4. Current log-likelihood: -814411.979
Optimal log-likelihood: -814411.908
Mixture weights: 0.000 0.016 0.040 0.028 0.009 0.005 0.001 0.007 0.014 0.000 0.002 0.063 0.011 0.016 0.016 0.001 0.004 0.004 0.020 0.014 0.014 0.003 0.014 0.010 0.005 0.032 0.003 0.023 0.008 0.006 0.011 0.024 0.010 0.004 0.087 0.039 0.055 0.041 0.006 0.011 0.031 0.011 0.004 0.090 0.003 0.005 0.000 0.013 0.009 0.014 0.002 0.033 0.003 0.013 0.016 0.005 0.020 0.002 0.002 0.008 0.034
Gamma shape alpha: 0.467
Parameters optimization took 4 rounds (241.343 sec)
WARNING: The mixture model might be overfitting because some mixture weights are estimated close to zero
Computing ML distances based on estimated model parameters... 1.710 sec
Computing BIONJ tree...
0.003 seconds
Log-likelihood of BIONJ tree: -814508.840
--------------------------------------------------------------------
|             INITIALIZING CANDIDATE TREE SET                      |
--------------------------------------------------------------------
Generating 98 parsimony trees... 64.574 second
Computing log-likelihood of 98 initial trees ... 3135.861 seconds
Current best score: -814411.908

Do NNI search on 20 best initial trees
Estimate model parameters (epsilon = 0.100)
WARNING: The mixture model might be overfitting because some mixture weights are estimated close to zero
BETTER TREE FOUND at iteration 1: -814321.930
Iteration 10 / LogL: -814323.556 / Time: 1h:30m:35s
Estimate model parameters (epsilon = 0.100)
WARNING: The mixture model might be overfitting because some mixture weights are estimated close to zero
UPDATE BEST LOG-LIKELIHOOD: -814319.155
Iteration 20 / LogL: -814328.080 / Time: 2h:18m:30s
Finish initializing candidate tree set (2)
Current best tree score: -814319.155 / CPU time: 7918.871
Number of iterations: 20
--------------------------------------------------------------------
|               OPTIMIZING CANDIDATE TREE SET                      |
--------------------------------------------------------------------
Iteration 30 / LogL: -814324.510 / Time: 3h:15m:34s (7h:58m:44s left)
Iteration 40 / LogL: -814326.295 / Time: 4h:7m:16s (6h:26m:42s left)
Iteration 50 / LogL: -814348.301 / Time: 5h:9m:27s (5h:22m:4s left)
Log-likelihood cutoff on original alignment: -814393.403
Iteration 60 / LogL: -814323.470 / Time: 6h:7m:24s (4h:15m:17s left)
Iteration 70 / LogL: -814323.864 / Time: 7h:1m:39s (3h:9m:25s left)
Iteration 80 / LogL: -814323.259 / Time: 7h:57m:52s (2h:7m:1s left)
Iteration 90 / LogL: -814338.166 / Time: 8h:48m:36s (1h:5m:19s left)
Iteration 100 / LogL: -814324.729 / Time: 9h:42m:16s (0h:5m:52s left)
Log-likelihood cutoff on original alignment: -814392.067
NOTE: Bootstrap correlation coefficient of split occurrence frequencies: 1.000
TREE SEARCH COMPLETED AFTER 102 ITERATIONS / Time: 9h:52m:20s

--------------------------------------------------------------------
|                    FINALIZING TREE SEARCH                        |
--------------------------------------------------------------------
Performs final model parameters optimization
Estimate model parameters (epsilon = 0.010)
1. Initial log-likelihood: -814319.155
2. Current log-likelihood: -814319.130
3. Current log-likelihood: -814319.111
4. Current log-likelihood: -814319.097
5. Current log-likelihood: -814319.086
Optimal log-likelihood: -814319.077
Mixture weights: 0.000 0.017 0.040 0.028 0.009 0.005 0.002 0.007 0.014 0.000 0.001 0.063 0.011 0.016 0.016 0.001 0.004 0.004 0.020 0.015 0.014 0.003 0.014 0.010 0.005 0.032 0.003 0.023 0.008 0.006 0.011 0.024 0.010 0.004 0.087 0.039 0.055 0.041 0.006 0.011 0.031 0.011 0.004 0.090 0.003 0.005 0.000 0.013 0.009 0.014 0.002 0.033 0.003 0.013 0.016 0.005 0.020 0.002 0.002 0.008 0.034
Gamma shape alpha: 0.467
Parameters optimization took 5 rounds (151.383 sec)
WARNING: The mixture model might be overfitting because some mixture weights are estimated close to zero
BEST SCORE FOUND : -814319.077
Creating bootstrap support values...
Split supports printed to NEXUS file Philippe2009.poisson_C60.splits.nex
Total tree length: 10.169

Total number of iterations: 102
CPU time used for tree search: 701063.265 sec (194h:44m:23s)
Wall-clock time used for tree search: 35149.014 sec (9h:45m:49s)
Total CPU time used: 711855.106 sec (197h:44m:15s)
Total wall-clock time used: 35691.906 sec (9h:54m:51s)

Computing bootstrap consensus tree...
Reading input file Philippe2009.poisson_C60.splits.nex...
55 taxa and 146 splits.
Consensus tree written to Philippe2009.poisson_C60.contree
Reading input trees file Philippe2009.poisson_C60.contree
Log-likelihood of consensus tree: -814321.850

Analysis results written to: 
  IQ-TREE report:                Philippe2009.poisson_C60.iqtree
  Maximum-likelihood tree:       Philippe2009.poisson_C60.treefile
  Likelihood distances:          Philippe2009.poisson_C60.mldist

Ultrafast bootstrap approximation results written to:
  Split support values:          Philippe2009.poisson_C60.splits.nex
  Consensus tree:                Philippe2009.poisson_C60.contree
  Screen log file:               Philippe2009.poisson_C60.log

Date and Time: Wed Oct 31 07:35:15 2018
