IQ-TREE multicore version 1.6.7 for Linux 64-bit built Aug 23 2018
Developed by Bui Quang Minh, Nguyen Lam Tung, Olga Chernomor,
Heiko Schmidt, Dominik Schrempf, Michael Woodhams.

Host:    c27n04.farnam.hpc.yale.internal (AVX2, FMA3, 251 GB RAM)
Command: iqtree -s Ryan2013_genome.opisthokonta.phy -nt 20 -bb 1000 -m GTR20+F+G -pre Ryan2013-genome.GTR20
Seed:    925248 (Using SPRNG - Scalable Parallel Random Number Generator)
Time:    Wed Oct 31 14:46:30 2018
Kernel:  AVX+FMA - 20 threads (28 CPU cores detected)

Reading alignment file Ryan2013_genome.opisthokonta.phy ... Phylip format detected
Alignment most likely contains protein sequences
Alignment has 19 sequences with 104840 columns, 89623 distinct patterns
65629 parsimony-informative, 20225 singleton sites, 18986 constant sites
                               Gap/Ambiguity  Composition  p-value
   1  Homo_sapiens                    12.76%    failed      0.00%
   2  Branchiostoma_floridae          68.00%    failed      0.00%
   3  Strongylocentrotus_purpuratus   33.14%    failed      0.00%
   4  Drosophila_melanogaster          6.68%    failed      0.00%
   5  Caenorhabditis_elegans           7.79%    failed      0.00%
   6  Pristionchus_pacificus          32.52%    failed      0.00%
   7  Lottia_gigantea                 11.03%    failed      0.00%
   8  Capitella_teleta                11.94%    failed      0.00%
   9  Helobdella_robusta              11.89%    failed      0.00%
  10  Nematostella_vectensis          11.98%    failed      0.00%
  11  Trichoplax_adhaerens             8.52%    failed      0.00%
  12  Amphimedon_queenslandica        17.83%    failed      0.00%
  13  Monosiga_brevicollis             8.88%    failed      0.00%
  14  Capsaspora_owczarzaki           12.66%    failed      0.00%
  15  Mnemiopsis_leidyi               21.37%    failed      0.00%
  16  Sphaeroforma_arctica            39.35%    failed      0.00%
  17  Saccharomyces_cerevisiae        29.91%    failed      0.00%
  18  Spizellomyces_punctatus         12.16%    failed      0.00%
  19  Salpingoeca_rosetta             15.09%    failed      0.00%
WARNING: 1 sequences contain more than 50% gaps/ambiguity
****  TOTAL                           19.66%  19 sequences failed composition chi2 test (p-value<5%; df=19)
NOTE: minimal branch length is reduced to 0.000000953834 for long alignment

Create initial parsimony tree by phylogenetic likelihood library (PLL)... 0.801 seconds
Generating 1000 samples for ultrafast bootstrap (seed: 925248)...
WARNING: GTR20 model will estimate 189 substitution rates that might be overfitting!
WARNING: Please only use GTR20 with very large data and always test for model fit!

NOTE: 1394 MB RAM (1 GB) is required!
Estimate model parameters (epsilon = 0.100)
1. Initial log-likelihood: -2411520.611
2. Current log-likelihood: -2361699.476
3. Current log-likelihood: -2361080.564
4. Current log-likelihood: -2360994.202
5. Current log-likelihood: -2360979.282
6. Current log-likelihood: -2360977.894
7. Current log-likelihood: -2360977.148
8. Current log-likelihood: -2360976.534
9. Current log-likelihood: -2360973.627
10. Current log-likelihood: -2360972.791
11. Current log-likelihood: -2360972.590
12. Current log-likelihood: -2360972.419
13. Current log-likelihood: -2360972.308
14. Current log-likelihood: -2360972.191
Optimal log-likelihood: -2360972.118
Gamma shape alpha: 0.825
Parameters optimization took 14 rounds (1008.718 sec)
Computing ML distances based on estimated model parameters... 0.481 sec
Computing BIONJ tree...
0.001 seconds
Log-likelihood of BIONJ tree: -2362740.912
--------------------------------------------------------------------
|             INITIALIZING CANDIDATE TREE SET                      |
--------------------------------------------------------------------
Generating 98 parsimony trees... 72.831 second
Computing log-likelihood of 98 initial trees ... 47.882 seconds
Current best score: -2360972.118

Do NNI search on 20 best initial trees
Estimate model parameters (epsilon = 0.100)
BETTER TREE FOUND at iteration 1: -2360893.019
Iteration 10 / LogL: -2360893.872 / Time: 0h:20m:34s
Iteration 20 / LogL: -2360893.244 / Time: 0h:21m:21s
Finish initializing candidate tree set (6)
Current best tree score: -2360893.019 / CPU time: 267.556
Number of iterations: 20
--------------------------------------------------------------------
|               OPTIMIZING CANDIDATE TREE SET                      |
--------------------------------------------------------------------
Iteration 30 / LogL: -2360893.379 / Time: 0h:22m:8s (0h:54m:11s left)
Iteration 40 / LogL: -2361210.856 / Time: 0h:22m:52s (0h:35m:45s left)
Iteration 50 / LogL: -2361748.767 / Time: 0h:23m:41s (0h:24m:39s left)
Log-likelihood cutoff on original alignment: -2361121.231
Iteration 60 / LogL: -2360897.289 / Time: 0h:24m:28s (0h:16m:59s left)
Iteration 70 / LogL: -2360895.418 / Time: 0h:25m:19s (0h:11m:22s left)
Iteration 80 / LogL: -2360893.755 / Time: 0h:26m:0s (0h:6m:54s left)
Iteration 90 / LogL: -2360906.315 / Time: 0h:26m:46s (0h:3m:18s left)
Iteration 100 / LogL: -2360893.497 / Time: 0h:27m:34s (0h:0m:16s left)
Log-likelihood cutoff on original alignment: -2361121.231
NOTE: Bootstrap correlation coefficient of split occurrence frequencies: 1.000
TREE SEARCH COMPLETED AFTER 102 ITERATIONS / Time: 0h:27m:41s

--------------------------------------------------------------------
|                    FINALIZING TREE SEARCH                        |
--------------------------------------------------------------------
Performs final model parameters optimization
Estimate model parameters (epsilon = 0.010)
1. Initial log-likelihood: -2360893.019
2. Current log-likelihood: -2360892.930
3. Current log-likelihood: -2360892.867
4. Current log-likelihood: -2360892.790
5. Current log-likelihood: -2360892.737
6. Current log-likelihood: -2360892.670
7. Current log-likelihood: -2360892.624
8. Current log-likelihood: -2360892.563
9. Current log-likelihood: -2360892.522
10. Current log-likelihood: -2360892.468
11. Current log-likelihood: -2360892.430
12. Current log-likelihood: -2360892.381
13. Current log-likelihood: -2360892.347
14. Current log-likelihood: -2360892.300
15. Current log-likelihood: -2360892.269
16. Current log-likelihood: -2360892.225
17. Current log-likelihood: -2360892.196
18. Current log-likelihood: -2360892.155
19. Current log-likelihood: -2360892.128
20. Current log-likelihood: -2360892.089
21. Current log-likelihood: -2360892.064
22. Current log-likelihood: -2360892.027
23. Current log-likelihood: -2360892.004
24. Current log-likelihood: -2360891.968
25. Current log-likelihood: -2360891.946
26. Current log-likelihood: -2360891.912
27. Current log-likelihood: -2360891.892
28. Current log-likelihood: -2360891.859
29. Current log-likelihood: -2360891.840
30. Current log-likelihood: -2360891.810
31. Current log-likelihood: -2360891.791
32. Current log-likelihood: -2360891.761
33. Current log-likelihood: -2360891.744
34. Current log-likelihood: -2360891.714
35. Current log-likelihood: -2360891.698
36. Current log-likelihood: -2360891.670
37. Current log-likelihood: -2360891.654
38. Current log-likelihood: -2360891.629
39. Current log-likelihood: -2360891.612
40. Current log-likelihood: -2360891.588
41. Current log-likelihood: -2360891.572
42. Current log-likelihood: -2360891.549
43. Current log-likelihood: -2360891.534
44. Current log-likelihood: -2360891.509
45. Current log-likelihood: -2360891.496
46. Current log-likelihood: -2360891.475
47. Current log-likelihood: -2360891.459
48. Current log-likelihood: -2360891.440
49. Current log-likelihood: -2360891.424
50. Current log-likelihood: -2360891.406
51. Current log-likelihood: -2360891.390
52. Current log-likelihood: -2360891.372
53. Current log-likelihood: -2360891.358
54. Current log-likelihood: -2360891.340
55. Current log-likelihood: -2360891.326
56. Current log-likelihood: -2360891.310
57. Current log-likelihood: -2360891.295
58. Current log-likelihood: -2360891.280
59. Current log-likelihood: -2360891.265
60. Current log-likelihood: -2360891.250
61. Current log-likelihood: -2360891.236
62. Current log-likelihood: -2360891.221
63. Current log-likelihood: -2360891.207
64. Current log-likelihood: -2360891.194
65. Current log-likelihood: -2360891.179
66. Current log-likelihood: -2360891.167
67. Current log-likelihood: -2360891.153
68. Current log-likelihood: -2360891.141
69. Current log-likelihood: -2360891.127
70. Current log-likelihood: -2360891.113
71. Current log-likelihood: -2360891.100
Optimal log-likelihood: -2360891.090
Gamma shape alpha: 0.824
Parameters optimization took 71 rounds (1151.379 sec)
BEST SCORE FOUND : -2360891.090
Creating bootstrap support values...
Split supports printed to NEXUS file Ryan2013-genome.GTR20.splits.nex
Total tree length: 10.324

Total number of iterations: 102
CPU time used for tree search: 11815.831 sec (3h:16m:55s)
Wall-clock time used for tree search: 647.755 sec (0h:10m:47s)
Total CPU time used: 54724.015 sec (15h:12m:4s)
Total wall-clock time used: 2812.834 sec (0h:46m:52s)

Computing bootstrap consensus tree...
Reading input file Ryan2013-genome.GTR20.splits.nex...
19 taxa and 43 splits.
Consensus tree written to Ryan2013-genome.GTR20.contree
Reading input trees file Ryan2013-genome.GTR20.contree
Log-likelihood of consensus tree: -2360892.546

Analysis results written to: 
  IQ-TREE report:                Ryan2013-genome.GTR20.iqtree
  Maximum-likelihood tree:       Ryan2013-genome.GTR20.treefile
  Likelihood distances:          Ryan2013-genome.GTR20.mldist

Ultrafast bootstrap approximation results written to:
  Split support values:          Ryan2013-genome.GTR20.splits.nex
  Consensus tree:                Ryan2013-genome.GTR20.contree
  Screen log file:               Ryan2013-genome.GTR20.log

Date and Time: Wed Oct 31 15:33:26 2018
