IQ-TREE multicore version 1.6.7 for Linux 64-bit built Aug 23 2018
Developed by Bui Quang Minh, Nguyen Lam Tung, Olga Chernomor,
Heiko Schmidt, Dominik Schrempf, Michael Woodhams.

Host:    c27n07.farnam.hpc.yale.internal (AVX2, FMA3, 251 GB RAM)
Command: iqtree -s Simion2017_supermatrix_97sp_401632pos_1719genes.phy -nt 20 -bb 1000 -m WAG+F+G -pre Simion2017.WAG
Seed:    666551 (Using SPRNG - Scalable Parallel Random Number Generator)
Time:    Wed Nov  7 13:23:15 2018
Kernel:  AVX+FMA - 20 threads (28 CPU cores detected)

Reading alignment file Simion2017_supermatrix_97sp_401632pos_1719genes.phy ... Phylip format detected
Alignment most likely contains protein sequences
Alignment has 97 sequences with 401632 columns, 395378 distinct patterns
310886 parsimony-informative, 34104 singleton sites, 56642 constant sites
                               Gap/Ambiguity  Composition  p-value
   1  Abeoforma_whisleri              70.97%    failed      0.00%
   2  Acanthoeca_sp                   32.85%    failed      0.00%
   3  Acanthoeca_spectabilis          28.67%    failed      0.00%
   4  Exaiptasia_pallida              26.81%    failed      0.00%
   5  Alatina_alata                   33.44%    failed      0.00%
   6  Amoebidium_parasiticum          60.96%    failed      0.00%
   7  Amphimedon_queenslandica        21.49%    failed      0.00%
   8  Antipathes_caribbeana           36.50%    failed      0.00%
   9  Aphrocallistes_vastus           62.52%    failed      0.00%
  10  Aplysia_californica             10.44%    failed      0.00%
  11  Atolla_vanhoeffeni              60.73%    failed      0.00%
  12  Aurelia_aurita                  29.79%    failed      0.00%
  13  Beroe_abyssicola                26.21%    failed      0.00%
  14  Beroe                           78.28%    failed      0.00%
  15  Bolinopsis_infundibulum         54.19%    failed      0.00%
  16  Bolocera_tuediae                57.09%    failed      0.00%
  17  Branchiostoma_floridae          17.55%    failed      0.00%
  18  Capitella_teleta                 9.22%    failed      0.00%
  19  Capsaspora_owczarzaki           29.98%    failed      0.00%
  20  Cestum_veneris                  64.28%    failed      0.00%
  21  Choanoeca_perplexa              26.51%    failed      0.00%
  22  Chondrilla_nucula               60.06%    failed      0.00%
  23  Clathrina_coriacea              75.71%    failed      0.00%
  24  Clytia_hemisphaerica            40.50%    failed      0.00%
  25  Codosiga_hollandica             33.48%    failed      0.00%
  26  Coeloplana                      11.01%    failed      0.00%
  27  Corticium_candelabrum           50.49%    failed      0.00%
  28  Craspedacusta_sowerbii          32.23%    failed      0.00%
  29  Crassostrea_gigas               17.61%    failed      0.00%
  30  Creolimax_fragrantissima        71.12%    failed      0.00%
  31  Daphnia_pulex                   21.18%    failed      0.00%
  32  Diaphanoeca_grandis             29.05%    failed      0.00%
  33  Didymoeca_costata               30.00%    failed      0.00%
  34  Dryodora_glandiformis           37.48%    failed      0.00%
  35  Edwardsiella_lineata            38.15%    failed      0.00%
  36  Ephydatia_muelleri              38.71%    failed      0.00%
  37  Euplectella_aspergillum         51.21%    failed      0.00%
  38  Euplokamis_dunlapae             48.92%    failed      0.00%
  39  Gorgonia_ventalina              41.38%    failed      0.00%
  40  Grantia_compressa               61.92%    failed      0.00%
  41  Helobdella_robusta              21.52%    failed      0.00%
  42  Homo_sapiens                    17.03%    failed      0.00%
  43  Hormiphora_californensis        23.69%    failed      0.00%
  44  Hyalonema_populiferum           82.76%    failed      0.00%
  45  Hydra_vulgaris                  33.15%    failed      0.00%
  46  Hydractinia_polyclina           26.42%    failed      0.00%
  47  Sarcotragus_fasciculatus        61.03%    failed      0.00%
  48  Ixodes_scapularis               38.22%    failed      0.00%
  49  Kirkpatrickia_variolosa         40.23%    failed      0.00%
  50  Lampea_pancerina                12.29%    failed      0.00%
  51  Latrunculia_apicalis            47.42%    failed      0.00%
  52  Leuconia_nivea                  66.80%    failed      0.00%
  53  Leucosolenia_complicata         67.92%    failed      0.00%
  54  Liriope_tetraphylla             36.85%    failed      0.00%
  55  Calvadosia_campanulata          39.96%    failed      0.00%
  56  Ministeria_vibrans              76.58%    failed      0.00%
  57  Mnemiopsis_leidyi                8.65%    failed      0.00%
  58  Monosiga_brevicollis            34.51%    failed      0.00%
  59  Orbicella_faveolata             27.80%    failed      0.00%
  60  Mycale_phyllophila              42.72%    failed      0.00%
  61  Mylnosiga_fluctuans             31.96%    failed      0.00%
  62  Nanomia_bijuga                  26.03%    failed      0.00%
  63  Nematostella_vectensis          36.66%    failed      0.00%
  64  Oscarella_carmela               52.49%    failed      0.00%
  65  Oscarella                       25.38%    failed      0.00%
  66  Pelagia_noctiluca               47.63%    failed      0.00%
  67  Pennatula_rubra                 84.36%    failed      0.00%
  68  Periphylla_periphylla           69.99%    failed      0.00%
  69  Petrosia_ficiformis             30.14%    failed      0.00%
  70  Pirum_gemmata                   72.12%    failed      0.00%
  71  Plakina_jani                    48.23%    failed      0.00%
  72  Pleraplysilla_spinifera         52.22%    failed      0.00%
  73  Pleurobrachia                    9.99%    failed      0.00%
  74  Plumapathes_pennacea            36.85%    failed      0.00%
  75  Porites_australiensis           35.82%    failed      0.00%
  76  Rossella_fibulata               45.70%    failed      0.00%
  77  Saccoglossus_kowalevskii        10.24%    failed      0.00%
  78  Salpingoeca_dolichothecata      25.89%    failed      0.00%
  79  Salpingoeca_helianthica         27.80%    failed      0.00%
  80  Salpingoeca_infusionum          30.27%    failed      0.00%
  81  Salpingoeca_macrocollata        25.33%    failed      0.00%
  82  Salpingoeca_punica              30.71%    failed      0.00%
  83  Salpingoeca_kvevrii             25.79%    failed      0.00%
  84  Microstomoeca_roanoka           24.26%    failed      0.00%
  85  Salpingoeca_rosetta             28.06%    failed      0.00%
  86  Salpingoeca_urceolata           25.85%    failed      0.00%
  87  Sphaeroforma_arctica            71.08%    failed      0.00%
  88  Spongilla_lacustris             47.27%    failed      0.00%
  89  Stephanoeca_diplocostata        25.65%    failed      0.00%
  90  Stomolophus_meleagris           29.57%    failed      0.00%
  91  Strongylocentrotus_purpuratus   18.73%    failed      0.00%
  92  Sycon_ciliatum                  64.49%    failed      0.00%
  93  Sycon_coactum                   67.03%    failed      0.00%
  94  Sympagella_nux                  40.40%    failed      0.00%
  95  Tribolium_castaneum             23.61%    failed      0.00%
  96  Trichoplax_adhaerens            14.76%    failed      0.00%
  97  Vallicula_multiformis           10.67%    failed      0.00%
WARNING: 27 sequences contain more than 50% gaps/ambiguity
****  TOTAL                           39.25%  97 sequences failed composition chi2 test (p-value<5%; df=19)
NOTE: minimal branch length is reduced to 0.000000248984 for long alignment

Create initial parsimony tree by phylogenetic likelihood library (PLL)... 31.778 seconds
Generating 1000 samples for ultrafast bootstrap (seed: 666551)...

NOTE: 25210 MB RAM (24 GB) is required!
Estimate model parameters (epsilon = 0.100)
1. Initial log-likelihood: -20767852.699
2. Current log-likelihood: -20294344.088
3. Current log-likelihood: -20291795.490
4. Current log-likelihood: -20291764.898
5. Current log-likelihood: -20291763.839
Optimal log-likelihood: -20291763.809
Gamma shape alpha: 0.803
Parameters optimization took 5 rounds (129.335 sec)
Computing ML distances based on estimated model parameters... 148.684 sec
Computing BIONJ tree...
0.006 seconds
Log-likelihood of BIONJ tree: -20303644.962
--------------------------------------------------------------------
|             INITIALIZING CANDIDATE TREE SET                      |
--------------------------------------------------------------------
Generating 98 parsimony trees... 2543.181 second
Computing log-likelihood of 98 initial trees ... 1375.278 seconds
Current best score: -20291763.809

Do NNI search on 20 best initial trees
Estimate model parameters (epsilon = 0.100)
BETTER TREE FOUND at iteration 1: -20290111.584
Iteration 10 / LogL: -20290255.262 / Time: 1h:28m:48s
Iteration 20 / LogL: -20290122.025 / Time: 1h:51m:15s
Finish initializing candidate tree set (3)
Current best tree score: -20290111.584 / CPU time: 6409.830
Number of iterations: 20
--------------------------------------------------------------------
|               OPTIMIZING CANDIDATE TREE SET                      |
--------------------------------------------------------------------
Iteration 30 / LogL: -20290458.396 / Time: 2h:14m:27s (5h:27m:50s left)
Iteration 40 / LogL: -20291100.692 / Time: 2h:35m:44s (4h:2m:43s left)
Iteration 50 / LogL: -20291086.157 / Time: 2h:59m:9s (3h:5m:53s left)
Log-likelihood cutoff on original alignment: -20290484.346
Iteration 60 / LogL: -20290149.197 / Time: 3h:21m:21s (2h:19m:32s left)
Iteration 70 / LogL: -20290584.439 / Time: 3h:43m:25s (1h:40m:7s left)
Iteration 80 / LogL: -20290197.171 / Time: 4h:7m:1s (1h:5m:30s left)
Iteration 90 / LogL: -20290113.710 / Time: 4h:30m:35s (0h:33m:22s left)
Iteration 100 / LogL: -20291086.776 / Time: 4h:53m:5s (0h:2m:57s left)
Log-likelihood cutoff on original alignment: -20290484.346
NOTE: Bootstrap correlation coefficient of split occurrence frequencies: 1.000
TREE SEARCH COMPLETED AFTER 102 ITERATIONS / Time: 4h:58m:14s

--------------------------------------------------------------------
|                    FINALIZING TREE SEARCH                        |
--------------------------------------------------------------------
Performs final model parameters optimization
Estimate model parameters (epsilon = 0.010)
1. Initial log-likelihood: -20290111.584
Optimal log-likelihood: -20290111.584
Gamma shape alpha: 0.803
Parameters optimization took 1 rounds (17.264 sec)
BEST SCORE FOUND : -20290111.584
Creating bootstrap support values...
Split supports printed to NEXUS file Simion2017.WAG.splits.nex
Total tree length: 19.131

Total number of iterations: 102
CPU time used for tree search: 307060.150 sec (85h:17m:40s)
Wall-clock time used for tree search: 17628.652 sec (4h:53m:48s)
Total CPU time used: 311912.931 sec (86h:38m:32s)
Total wall-clock time used: 17911.549 sec (4h:58m:31s)

Computing bootstrap consensus tree...
Reading input file Simion2017.WAG.splits.nex...
97 taxa and 197 splits.
Consensus tree written to Simion2017.WAG.contree
Reading input trees file Simion2017.WAG.contree
Log-likelihood of consensus tree: -20290111.584

Analysis results written to: 
  IQ-TREE report:                Simion2017.WAG.iqtree
  Maximum-likelihood tree:       Simion2017.WAG.treefile
  Likelihood distances:          Simion2017.WAG.mldist

Ultrafast bootstrap approximation results written to:
  Split support values:          Simion2017.WAG.splits.nex
  Consensus tree:                Simion2017.WAG.contree
  Screen log file:               Simion2017.WAG.log

Date and Time: Wed Nov  7 18:23:25 2018
