IQ-TREE multicore version 1.6.7 for Linux 64-bit built Aug 23 2018
Developed by Bui Quang Minh, Nguyen Lam Tung, Olga Chernomor,
Heiko Schmidt, Dominik Schrempf, Michael Woodhams.

Host:    c28n04.farnam.hpc.yale.internal (AVX2, FMA3, 251 GB RAM)
Command: iqtree -s Simion2017_supermatrix_97sp_401632pos_1719genes.phy -nt 20 -bb 1000 -m GTR20+F+G -pre Simion2017.GTR20
Seed:    767167 (Using SPRNG - Scalable Parallel Random Number Generator)
Time:    Wed Oct 31 07:56:37 2018
Kernel:  AVX+FMA - 20 threads (28 CPU cores detected)

Reading alignment file Simion2017_supermatrix_97sp_401632pos_1719genes.phy ... Phylip format detected
Alignment most likely contains protein sequences
Alignment has 97 sequences with 401632 columns, 395378 distinct patterns
310886 parsimony-informative, 34104 singleton sites, 56642 constant sites
                               Gap/Ambiguity  Composition  p-value
   1  Abeoforma_whisleri              70.97%    failed      0.00%
   2  Acanthoeca_sp                   32.85%    failed      0.00%
   3  Acanthoeca_spectabilis          28.67%    failed      0.00%
   4  Exaiptasia_pallida              26.81%    failed      0.00%
   5  Alatina_alata                   33.44%    failed      0.00%
   6  Amoebidium_parasiticum          60.96%    failed      0.00%
   7  Amphimedon_queenslandica        21.49%    failed      0.00%
   8  Antipathes_caribbeana           36.50%    failed      0.00%
   9  Aphrocallistes_vastus           62.52%    failed      0.00%
  10  Aplysia_californica             10.44%    failed      0.00%
  11  Atolla_vanhoeffeni              60.73%    failed      0.00%
  12  Aurelia_aurita                  29.79%    failed      0.00%
  13  Beroe_abyssicola                26.21%    failed      0.00%
  14  Beroe                           78.28%    failed      0.00%
  15  Bolinopsis_infundibulum         54.19%    failed      0.00%
  16  Bolocera_tuediae                57.09%    failed      0.00%
  17  Branchiostoma_floridae          17.55%    failed      0.00%
  18  Capitella_teleta                 9.22%    failed      0.00%
  19  Capsaspora_owczarzaki           29.98%    failed      0.00%
  20  Cestum_veneris                  64.28%    failed      0.00%
  21  Choanoeca_perplexa              26.51%    failed      0.00%
  22  Chondrilla_nucula               60.06%    failed      0.00%
  23  Clathrina_coriacea              75.71%    failed      0.00%
  24  Clytia_hemisphaerica            40.50%    failed      0.00%
  25  Codosiga_hollandica             33.48%    failed      0.00%
  26  Coeloplana                      11.01%    failed      0.00%
  27  Corticium_candelabrum           50.49%    failed      0.00%
  28  Craspedacusta_sowerbii          32.23%    failed      0.00%
  29  Crassostrea_gigas               17.61%    failed      0.00%
  30  Creolimax_fragrantissima        71.12%    failed      0.00%
  31  Daphnia_pulex                   21.18%    failed      0.00%
  32  Diaphanoeca_grandis             29.05%    failed      0.00%
  33  Didymoeca_costata               30.00%    failed      0.00%
  34  Dryodora_glandiformis           37.48%    failed      0.00%
  35  Edwardsiella_lineata            38.15%    failed      0.00%
  36  Ephydatia_muelleri              38.71%    failed      0.00%
  37  Euplectella_aspergillum         51.21%    failed      0.00%
  38  Euplokamis_dunlapae             48.92%    failed      0.00%
  39  Gorgonia_ventalina              41.38%    failed      0.00%
  40  Grantia_compressa               61.92%    failed      0.00%
  41  Helobdella_robusta              21.52%    failed      0.00%
  42  Homo_sapiens                    17.03%    failed      0.00%
  43  Hormiphora_californensis        23.69%    failed      0.00%
  44  Hyalonema_populiferum           82.76%    failed      0.00%
  45  Hydra_vulgaris                  33.15%    failed      0.00%
  46  Hydractinia_polyclina           26.42%    failed      0.00%
  47  Sarcotragus_fasciculatus        61.03%    failed      0.00%
  48  Ixodes_scapularis               38.22%    failed      0.00%
  49  Kirkpatrickia_variolosa         40.23%    failed      0.00%
  50  Lampea_pancerina                12.29%    failed      0.00%
  51  Latrunculia_apicalis            47.42%    failed      0.00%
  52  Leuconia_nivea                  66.80%    failed      0.00%
  53  Leucosolenia_complicata         67.92%    failed      0.00%
  54  Liriope_tetraphylla             36.85%    failed      0.00%
  55  Calvadosia_campanulata          39.96%    failed      0.00%
  56  Ministeria_vibrans              76.58%    failed      0.00%
  57  Mnemiopsis_leidyi                8.65%    failed      0.00%
  58  Monosiga_brevicollis            34.51%    failed      0.00%
  59  Orbicella_faveolata             27.80%    failed      0.00%
  60  Mycale_phyllophila              42.72%    failed      0.00%
  61  Mylnosiga_fluctuans             31.96%    failed      0.00%
  62  Nanomia_bijuga                  26.03%    failed      0.00%
  63  Nematostella_vectensis          36.66%    failed      0.00%
  64  Oscarella_carmela               52.49%    failed      0.00%
  65  Oscarella                       25.38%    failed      0.00%
  66  Pelagia_noctiluca               47.63%    failed      0.00%
  67  Pennatula_rubra                 84.36%    failed      0.00%
  68  Periphylla_periphylla           69.99%    failed      0.00%
  69  Petrosia_ficiformis             30.14%    failed      0.00%
  70  Pirum_gemmata                   72.12%    failed      0.00%
  71  Plakina_jani                    48.23%    failed      0.00%
  72  Pleraplysilla_spinifera         52.22%    failed      0.00%
  73  Pleurobrachia                    9.99%    failed      0.00%
  74  Plumapathes_pennacea            36.85%    failed      0.00%
  75  Porites_australiensis           35.82%    failed      0.00%
  76  Rossella_fibulata               45.70%    failed      0.00%
  77  Saccoglossus_kowalevskii        10.24%    failed      0.00%
  78  Salpingoeca_dolichothecata      25.89%    failed      0.00%
  79  Salpingoeca_helianthica         27.80%    failed      0.00%
  80  Salpingoeca_infusionum          30.27%    failed      0.00%
  81  Salpingoeca_macrocollata        25.33%    failed      0.00%
  82  Salpingoeca_punica              30.71%    failed      0.00%
  83  Salpingoeca_kvevrii             25.79%    failed      0.00%
  84  Microstomoeca_roanoka           24.26%    failed      0.00%
  85  Salpingoeca_rosetta             28.06%    failed      0.00%
  86  Salpingoeca_urceolata           25.85%    failed      0.00%
  87  Sphaeroforma_arctica            71.08%    failed      0.00%
  88  Spongilla_lacustris             47.27%    failed      0.00%
  89  Stephanoeca_diplocostata        25.65%    failed      0.00%
  90  Stomolophus_meleagris           29.57%    failed      0.00%
  91  Strongylocentrotus_purpuratus   18.73%    failed      0.00%
  92  Sycon_ciliatum                  64.49%    failed      0.00%
  93  Sycon_coactum                   67.03%    failed      0.00%
  94  Sympagella_nux                  40.40%    failed      0.00%
  95  Tribolium_castaneum             23.61%    failed      0.00%
  96  Trichoplax_adhaerens            14.76%    failed      0.00%
  97  Vallicula_multiformis           10.67%    failed      0.00%
WARNING: 27 sequences contain more than 50% gaps/ambiguity
****  TOTAL                           39.25%  97 sequences failed composition chi2 test (p-value<5%; df=19)
NOTE: minimal branch length is reduced to 0.000000248984 for long alignment

Create initial parsimony tree by phylogenetic likelihood library (PLL)... 25.774 seconds
Generating 1000 samples for ultrafast bootstrap (seed: 767167)...
WARNING: GTR20 model will estimate 189 substitution rates that might be overfitting!
WARNING: Please only use GTR20 with very large data and always test for model fit!

NOTE: 25210 MB RAM (24 GB) is required!
Estimate model parameters (epsilon = 0.100)
1. Initial log-likelihood: -20560137.801
2. Current log-likelihood: -20007736.932
3. Current log-likelihood: -20002138.271
4. Current log-likelihood: -20001577.785
5. Current log-likelihood: -20001481.977
6. Current log-likelihood: -20001445.603
7. Current log-likelihood: -20001436.210
8. Current log-likelihood: -20001432.584
9. Current log-likelihood: -20001430.395
10. Current log-likelihood: -20001429.709
11. Current log-likelihood: -20001429.331
12. Current log-likelihood: -20001429.012
13. Current log-likelihood: -20001428.127
14. Current log-likelihood: -20001427.310
15. Current log-likelihood: -20001427.004
16. Current log-likelihood: -20001426.748
17. Current log-likelihood: -20001426.558
18. Current log-likelihood: -20001426.386
19. Current log-likelihood: -20001426.220
20. Current log-likelihood: -20001426.041
21. Current log-likelihood: -20001425.866
22. Current log-likelihood: -20001425.405
23. Current log-likelihood: -20001424.858
24. Current log-likelihood: -20001424.666
25. Current log-likelihood: -20001424.490
26. Current log-likelihood: -20001424.352
27. Current log-likelihood: -20001424.226
28. Current log-likelihood: -20001424.104
29. Current log-likelihood: -20001423.981
30. Current log-likelihood: -20001423.860
31. Current log-likelihood: -20001423.681
32. Current log-likelihood: -20001423.506
33. Current log-likelihood: -20001413.438
34. Current log-likelihood: -20001411.880
35. Current log-likelihood: -20001411.148
36. Current log-likelihood: -20001408.947
37. Current log-likelihood: -20001408.582
38. Current log-likelihood: -20001407.894
39. Current log-likelihood: -20001406.822
40. Current log-likelihood: -20001406.598
41. Current log-likelihood: -20001406.393
42. Current log-likelihood: -20001406.176
43. Current log-likelihood: -20001405.971
44. Current log-likelihood: -20001405.360
45. Current log-likelihood: -20001404.742
46. Current log-likelihood: -20001404.606
47. Current log-likelihood: -20001404.484
48. Current log-likelihood: -20001404.371
49. Current log-likelihood: -20001404.263
50. Current log-likelihood: -20001404.159
51. Current log-likelihood: -20001404.040
52. Current log-likelihood: -20001403.926
53. Current log-likelihood: -20001403.630
54. Current log-likelihood: -20001403.296
55. Current log-likelihood: -20001399.597
56. Current log-likelihood: -20001399.214
57. Current log-likelihood: -20001399.011
58. Current log-likelihood: -20001398.837
59. Current log-likelihood: -20001397.995
60. Current log-likelihood: -20001397.492
Optimal log-likelihood: -20001397.413
Gamma shape alpha: 0.723
Parameters optimization took 60 rounds (95164.955 sec)
Computing ML distances based on estimated model parameters... 135.039 sec
Computing BIONJ tree...
0.006 seconds
Log-likelihood of BIONJ tree: -20013200.936
--------------------------------------------------------------------
|             INITIALIZING CANDIDATE TREE SET                      |
--------------------------------------------------------------------
Generating 98 parsimony trees... 2618.263 second
Computing log-likelihood of 98 initial trees ... 1380.532 seconds
Current best score: -20001397.413

Do NNI search on 20 best initial trees
Estimate model parameters (epsilon = 0.100)
BETTER TREE FOUND at iteration 1: -19999767.443

******************************************************
CHECKPOINT: Resuming analysis from Simion2017.GTR20.ckp.gz

IQ-TREE multicore version 1.6.7 for Linux 64-bit built Aug 23 2018
Developed by Bui Quang Minh, Nguyen Lam Tung, Olga Chernomor,
Heiko Schmidt, Dominik Schrempf, Michael Woodhams.

Host:    c28n03.farnam.hpc.yale.internal (AVX2, FMA3, 251 GB RAM)
Command: iqtree -s Simion2017_supermatrix_97sp_401632pos_1719genes.phy -nt 20 -bb 1000 -m GTR20+F+G -pre Simion2017.GTR20
Seed:    119361 (Using SPRNG - Scalable Parallel Random Number Generator)
Time:    Wed Nov  7 14:40:00 2018
Kernel:  AVX+FMA - 20 threads (28 CPU cores detected)

Reading alignment file Simion2017_supermatrix_97sp_401632pos_1719genes.phy ... Phylip format detected
Alignment most likely contains protein sequences
Alignment has 97 sequences with 401632 columns, 395378 distinct patterns
310886 parsimony-informative, 34104 singleton sites, 56642 constant sites
                               Gap/Ambiguity  Composition  p-value
   1  Abeoforma_whisleri              70.97%    failed      0.00%
   2  Acanthoeca_sp                   32.85%    failed      0.00%
   3  Acanthoeca_spectabilis          28.67%    failed      0.00%
   4  Exaiptasia_pallida              26.81%    failed      0.00%
   5  Alatina_alata                   33.44%    failed      0.00%
   6  Amoebidium_parasiticum          60.96%    failed      0.00%
   7  Amphimedon_queenslandica        21.49%    failed      0.00%
   8  Antipathes_caribbeana           36.50%    failed      0.00%
   9  Aphrocallistes_vastus           62.52%    failed      0.00%
  10  Aplysia_californica             10.44%    failed      0.00%
  11  Atolla_vanhoeffeni              60.73%    failed      0.00%
  12  Aurelia_aurita                  29.79%    failed      0.00%
  13  Beroe_abyssicola                26.21%    failed      0.00%
  14  Beroe                           78.28%    failed      0.00%
  15  Bolinopsis_infundibulum         54.19%    failed      0.00%
  16  Bolocera_tuediae                57.09%    failed      0.00%
  17  Branchiostoma_floridae          17.55%    failed      0.00%
  18  Capitella_teleta                 9.22%    failed      0.00%
  19  Capsaspora_owczarzaki           29.98%    failed      0.00%
  20  Cestum_veneris                  64.28%    failed      0.00%
  21  Choanoeca_perplexa              26.51%    failed      0.00%
  22  Chondrilla_nucula               60.06%    failed      0.00%
  23  Clathrina_coriacea              75.71%    failed      0.00%
  24  Clytia_hemisphaerica            40.50%    failed      0.00%
  25  Codosiga_hollandica             33.48%    failed      0.00%
  26  Coeloplana                      11.01%    failed      0.00%
  27  Corticium_candelabrum           50.49%    failed      0.00%
  28  Craspedacusta_sowerbii          32.23%    failed      0.00%
  29  Crassostrea_gigas               17.61%    failed      0.00%
  30  Creolimax_fragrantissima        71.12%    failed      0.00%
  31  Daphnia_pulex                   21.18%    failed      0.00%
  32  Diaphanoeca_grandis             29.05%    failed      0.00%
  33  Didymoeca_costata               30.00%    failed      0.00%
  34  Dryodora_glandiformis           37.48%    failed      0.00%
  35  Edwardsiella_lineata            38.15%    failed      0.00%
  36  Ephydatia_muelleri              38.71%    failed      0.00%
  37  Euplectella_aspergillum         51.21%    failed      0.00%
  38  Euplokamis_dunlapae             48.92%    failed      0.00%
  39  Gorgonia_ventalina              41.38%    failed      0.00%
  40  Grantia_compressa               61.92%    failed      0.00%
  41  Helobdella_robusta              21.52%    failed      0.00%
  42  Homo_sapiens                    17.03%    failed      0.00%
  43  Hormiphora_californensis        23.69%    failed      0.00%
  44  Hyalonema_populiferum           82.76%    failed      0.00%
  45  Hydra_vulgaris                  33.15%    failed      0.00%
  46  Hydractinia_polyclina           26.42%    failed      0.00%
  47  Sarcotragus_fasciculatus        61.03%    failed      0.00%
  48  Ixodes_scapularis               38.22%    failed      0.00%
  49  Kirkpatrickia_variolosa         40.23%    failed      0.00%
  50  Lampea_pancerina                12.29%    failed      0.00%
  51  Latrunculia_apicalis            47.42%    failed      0.00%
  52  Leuconia_nivea                  66.80%    failed      0.00%
  53  Leucosolenia_complicata         67.92%    failed      0.00%
  54  Liriope_tetraphylla             36.85%    failed      0.00%
  55  Calvadosia_campanulata          39.96%    failed      0.00%
  56  Ministeria_vibrans              76.58%    failed      0.00%
  57  Mnemiopsis_leidyi                8.65%    failed      0.00%
  58  Monosiga_brevicollis            34.51%    failed      0.00%
  59  Orbicella_faveolata             27.80%    failed      0.00%
  60  Mycale_phyllophila              42.72%    failed      0.00%
  61  Mylnosiga_fluctuans             31.96%    failed      0.00%
  62  Nanomia_bijuga                  26.03%    failed      0.00%
  63  Nematostella_vectensis          36.66%    failed      0.00%
  64  Oscarella_carmela               52.49%    failed      0.00%
  65  Oscarella                       25.38%    failed      0.00%
  66  Pelagia_noctiluca               47.63%    failed      0.00%
  67  Pennatula_rubra                 84.36%    failed      0.00%
  68  Periphylla_periphylla           69.99%    failed      0.00%
  69  Petrosia_ficiformis             30.14%    failed      0.00%
  70  Pirum_gemmata                   72.12%    failed      0.00%
  71  Plakina_jani                    48.23%    failed      0.00%
  72  Pleraplysilla_spinifera         52.22%    failed      0.00%
  73  Pleurobrachia                    9.99%    failed      0.00%
  74  Plumapathes_pennacea            36.85%    failed      0.00%
  75  Porites_australiensis           35.82%    failed      0.00%
  76  Rossella_fibulata               45.70%    failed      0.00%
  77  Saccoglossus_kowalevskii        10.24%    failed      0.00%
  78  Salpingoeca_dolichothecata      25.89%    failed      0.00%
  79  Salpingoeca_helianthica         27.80%    failed      0.00%
  80  Salpingoeca_infusionum          30.27%    failed      0.00%
  81  Salpingoeca_macrocollata        25.33%    failed      0.00%
  82  Salpingoeca_punica              30.71%    failed      0.00%
  83  Salpingoeca_kvevrii             25.79%    failed      0.00%
  84  Microstomoeca_roanoka           24.26%    failed      0.00%
  85  Salpingoeca_rosetta             28.06%    failed      0.00%
  86  Salpingoeca_urceolata           25.85%    failed      0.00%
  87  Sphaeroforma_arctica            71.08%    failed      0.00%
  88  Spongilla_lacustris             47.27%    failed      0.00%
  89  Stephanoeca_diplocostata        25.65%    failed      0.00%
  90  Stomolophus_meleagris           29.57%    failed      0.00%
  91  Strongylocentrotus_purpuratus   18.73%    failed      0.00%
  92  Sycon_ciliatum                  64.49%    failed      0.00%
  93  Sycon_coactum                   67.03%    failed      0.00%
  94  Sympagella_nux                  40.40%    failed      0.00%
  95  Tribolium_castaneum             23.61%    failed      0.00%
  96  Trichoplax_adhaerens            14.76%    failed      0.00%
  97  Vallicula_multiformis           10.67%    failed      0.00%
WARNING: 27 sequences contain more than 50% gaps/ambiguity
****  TOTAL                           39.25%  97 sequences failed composition chi2 test (p-value<5%; df=19)
NOTE: minimal branch length is reduced to 0.000000248984 for long alignment

CHECKPOINT: Initial tree restored
Generating 1000 samples for ultrafast bootstrap (seed: 119361)...
WARNING: GTR20 model will estimate 189 substitution rates that might be overfitting!
WARNING: Please only use GTR20 with very large data and always test for model fit!

NOTE: 25210 MB RAM (24 GB) is required!
CHECKPOINT: Model parameters restored, LogL: -20001397.413
Computing ML distances based on estimated model parameters... 153.621 sec
Computing BIONJ tree...
0.014 seconds
Log-likelihood of BIONJ tree: -20013200.936
--------------------------------------------------------------------
|             INITIALIZING CANDIDATE TREE SET                      |
--------------------------------------------------------------------
Generating 98 parsimony trees... 2592.538 second
Computing log-likelihood of 98 initial trees ... 1380.022 seconds
Current best score: -20001397.413

Do NNI search on 20 best initial trees
Estimate model parameters (epsilon = 0.100)
BETTER TREE FOUND at iteration 1: -19999767.443
Iteration 10 / LogL: -19999780.563 / Time: 1h:46m:27s
Iteration 20 / LogL: -19999947.016 / Time: 2h:7m:3s
Finish initializing candidate tree set (2)
Current best tree score: -19999767.443 / CPU time: 7499.940
Number of iterations: 20
--------------------------------------------------------------------
|               OPTIMIZING CANDIDATE TREE SET                      |
--------------------------------------------------------------------
Iteration 30 / LogL: -19999913.503 / Time: 2h:31m:7s (6h:9m:58s left)
Iteration 40 / LogL: -19999801.146 / Time: 2h:54m:14s (4h:32m:32s left)
Iteration 50 / LogL: -20001127.271 / Time: 3h:17m:2s (3h:25m:4s left)
Log-likelihood cutoff on original alignment: -20000078.339
Iteration 60 / LogL: -19999855.992 / Time: 3h:39m:2s (2h:32m:12s left)
Iteration 70 / LogL: -20000381.400 / Time: 4h:0m:51s (1h:48m:12s left)
Iteration 80 / LogL: -20000836.621 / Time: 4h:22m:36s (1h:9m:48s left)
Iteration 90 / LogL: -20000371.391 / Time: 4h:45m:11s (0h:35m:14s left)
Iteration 100 / LogL: -19999777.306 / Time: 5h:7m:16s (0h:3m:6s left)
Log-likelihood cutoff on original alignment: -20000078.920
NOTE: Bootstrap correlation coefficient of split occurrence frequencies: 1.000
TREE SEARCH COMPLETED AFTER 102 ITERATIONS / Time: 5h:12m:46s

--------------------------------------------------------------------
|                    FINALIZING TREE SEARCH                        |
--------------------------------------------------------------------
Performs final model parameters optimization
Estimate model parameters (epsilon = 0.010)
1. Initial log-likelihood: -19999767.443
2. Current log-likelihood: -19999767.332
3. Current log-likelihood: -19999767.178
4. Current log-likelihood: -19999766.991
5. Current log-likelihood: -19999766.929
6. Current log-likelihood: -19999766.869
7. Current log-likelihood: -19999766.814
8. Current log-likelihood: -19999766.760
9. Current log-likelihood: -19999766.709
10. Current log-likelihood: -19999766.660
11. Current log-likelihood: -19999766.612
12. Current log-likelihood: -19999766.564
13. Current log-likelihood: -19999766.516
14. Current log-likelihood: -19999766.466
15. Current log-likelihood: -19999766.417
16. Current log-likelihood: -19999766.352
17. Current log-likelihood: -19999766.288
18. Current log-likelihood: -19999765.944
19. Current log-likelihood: -19999765.616
20. Current log-likelihood: -19999765.575
21. Current log-likelihood: -19999765.529
22. Current log-likelihood: -19999765.484
23. Current log-likelihood: -19999765.473
24. Current log-likelihood: -19999765.245
25. Current log-likelihood: -19999765.067
26. Current log-likelihood: -19999764.939
27. Current log-likelihood: -19999764.890
28. Current log-likelihood: -19999764.841
29. Current log-likelihood: -19999764.796
30. Current log-likelihood: -19999764.751
31. Current log-likelihood: -19999764.709
32. Current log-likelihood: -19999764.666
33. Current log-likelihood: -19999764.625
34. Current log-likelihood: -19999764.583
35. Current log-likelihood: -19999764.543
36. Current log-likelihood: -19999764.503
37. Current log-likelihood: -19999764.465
38. Current log-likelihood: -19999764.426
39. Current log-likelihood: -19999764.388
40. Current log-likelihood: -19999764.351
41. Current log-likelihood: -19999764.314
42. Current log-likelihood: -19999764.277
43. Current log-likelihood: -19999764.241
44. Current log-likelihood: -19999764.204
45. Current log-likelihood: -19999764.167
46. Current log-likelihood: -19999764.127
47. Current log-likelihood: -19999764.088
48. Current log-likelihood: -19999764.038
49. Current log-likelihood: -19999763.988
50. Current log-likelihood: -19999763.820
51. Current log-likelihood: -19999763.637
52. Current log-likelihood: -19999748.558
53. Current log-likelihood: -19999746.393
54. Current log-likelihood: -19999746.126
55. Current log-likelihood: -19999746.026
56. Current log-likelihood: -19999745.965
57. Current log-likelihood: -19999745.922
58. Current log-likelihood: -19999745.880
59. Current log-likelihood: -19999745.836
60. Current log-likelihood: -19999745.794
61. Current log-likelihood: -19999745.737
62. Current log-likelihood: -19999745.683
63. Current log-likelihood: -19999745.447
64. Current log-likelihood: -19999745.240
65. Current log-likelihood: -19999744.721
66. Current log-likelihood: -19999744.286
67. Current log-likelihood: -19999744.272
68. Current log-likelihood: -19999744.262
Optimal log-likelihood: -19999744.252
Gamma shape alpha: 0.723
Parameters optimization took 68 rounds (27513.423 sec)
BEST SCORE FOUND : -19999744.252
Creating bootstrap support values...
Split supports printed to NEXUS file Simion2017.GTR20.splits.nex
Total tree length: 23.951

Total number of iterations: 102
CPU time used for tree search: 326757.629 sec (90h:45m:57s)
Wall-clock time used for tree search: 18642.513 sec (5h:10m:42s)
Total CPU time used: 877024.815 sec (243h:37m:4s)
Total wall-clock time used: 46280.015 sec (12h:51m:20s)

Computing bootstrap consensus tree...
Reading input file Simion2017.GTR20.splits.nex...
97 taxa and 194 splits.
Consensus tree written to Simion2017.GTR20.contree
Reading input trees file Simion2017.GTR20.contree
Log-likelihood of consensus tree: -19999744.253

Analysis results written to: 
  IQ-TREE report:                Simion2017.GTR20.iqtree
  Maximum-likelihood tree:       Simion2017.GTR20.treefile
  Likelihood distances:          Simion2017.GTR20.mldist

Ultrafast bootstrap approximation results written to:
  Split support values:          Simion2017.GTR20.splits.nex
  Consensus tree:                Simion2017.GTR20.contree
  Screen log file:               Simion2017.GTR20.log

Date and Time: Thu Nov  8 03:33:06 2018
