IQ-TREE multicore version 1.6.7 for Linux 64-bit built Aug 23 2018
Developed by Bui Quang Minh, Nguyen Lam Tung, Olga Chernomor,
Heiko Schmidt, Dominik Schrempf, Michael Woodhams.

Host:    c27n09.farnam.hpc.yale.internal (AVX2, FMA3, 251 GB RAM)
Command: iqtree -s Whelan2017_Metazoa_Choano_RCFV_strict.phy -nt 20 -bb 1000 -m WAG+F+G -pre Whelan2017_Ctenophore_Metazoa_Choano_RCFV_Strict.WAG
Seed:    684494 (Using SPRNG - Scalable Parallel Random Number Generator)
Time:    Wed Nov  7 13:23:15 2018
Kernel:  AVX+FMA - 20 threads (28 CPU cores detected)

Reading alignment file Whelan2017_Metazoa_Choano_RCFV_strict.phy ... Phylip format detected
Alignment most likely contains protein sequences
Alignment has 76 sequences with 49388 columns, 47424 distinct patterns
35590 parsimony-informative, 6650 singleton sites, 7148 constant sites
                                     Gap/Ambiguity  Composition  p-value
   1  Beroe_sp._Antarctica                  94.18%    passed     48.97%
   2  Mertensiidae_sp_Washington_USA        87.98%    passed     12.19%
   3  Ctenophora_sp_Florida_USA             95.80%    failed      0.88%
   4  Bolocera_tuediae                      75.56%    failed      0.00%
   5  Vallicula                             80.04%    passed     11.30%
   6  Drosophila_melanogaster                2.18%    failed      0.00%
   7  Ocyropsis_sp_Florida_USA              92.76%    failed      1.01%
   8  Rossella_fibulata                     20.50%    failed      0.00%
   9  Abylopsis_tetragona                   30.14%    failed      0.00%
  10  Pleurobrachia_pileus                  68.09%    failed      0.03%
  11  Ocyropsis_crystallina                 71.54%    failed      0.00%
  12  Eunicella_verrucosa                   19.14%    failed      0.00%
  13  Dryodora_glandiformis                 76.62%    failed      0.81%
  14  Euplokamis_dunlapae                   82.42%    failed      0.03%
  15  Daphnia_pulex                          6.06%    failed      3.90%
  16  Eurhamphaea_vexilligera               86.37%    passed     23.02%
  17  Exaiptasia_pallida                     6.93%    passed     11.13%
  18  Homo_sapiens                           0.39%    failed      0.00%
  19  Amphimedon_queenslandica              12.63%    failed      0.00%
  20  Petrosia_ficiformis                   44.46%    failed      0.05%
  21  Strongylocentrotus_purpatus           24.47%    passed     10.50%
  22  Physalia_physalia                     43.40%    failed      0.00%
  23  Hydra_vulgaris                        13.56%    failed      0.00%
  24  Beroe_sp_Queensland_Australia         85.78%    failed      0.48%
  25  Corticium_candelabrum                 60.50%    failed      1.14%
  26  Beroe_forskalii                       84.24%    failed      2.54%
  27  Nanomia_bijuga                        39.23%    failed      0.00%
  28  Lobata_sp_Punta_Arenas_Argentina      94.97%    failed      0.45%
  29  Acanthoeca                            11.14%    failed      0.00%
  30  Sycon_ciliatum                         6.25%    failed      0.00%
  31  Sympagella_nux                        14.56%    failed      0.00%
  32  Spongilla_lacustris                   47.18%    failed      0.02%
  33  Monosiga_ovata                        62.01%    failed      0.00%
  34  Crella_elegans                        62.10%    failed      0.07%
  35  Cydippida_sp_Maryland_USA             64.72%    failed      0.02%
  36  Ocyropsis_sp_Bimini_Bahamas           83.30%    failed      2.14%
  37  Mnemiopsis_leidyi                     76.92%    failed      0.00%
  38  Mycale_phylophylla                    32.72%    failed      0.02%
  39  Hemithris_psittacea                   22.99%    failed      2.73%
  40  Callianira_antarctica                 88.04%    failed      0.24%
  41  Agalma_elegans                        28.37%    failed      0.00%
  42  Cestum_veneris                        91.73%    failed      0.01%
  43  Cydippida                             90.39%    passed      8.43%
  44  Capitella_teleta                       5.68%    passed     13.47%
  45  Salpingoeca_pyxidium                  65.88%    failed      0.00%
  46  Salpingoeca_rosetta                    5.26%    failed      0.00%
  47  Chondrilla_nucula                     47.63%    failed      0.26%
  48  Trichoplax_adhaerens                   9.68%    failed      0.00%
  49  Pleurobrachia_bachei                  77.14%    failed      0.00%
  50  Monosiga_brevicolis                    9.99%    failed      0.00%
  51  Lobatolampea_tetragona                94.49%    failed      3.04%
  52  Beroe_abyssicola                      78.33%    failed      0.02%
  53  Hydra_viridissima                     57.14%    failed      0.00%
  54  Acropora_digitifera                   57.32%    failed      0.95%
  55  Bolinopsis_infundibulum               96.19%    passed     28.11%
  56  Cliona_varians                        32.02%    failed      0.54%
  57  Kirkpatrickia_variolosa               26.67%    passed     15.00%
  58  Latrunculia_apicalis                  21.22%    failed      0.00%
  59  Hormiphora_palmata                    88.25%    passed      7.38%
  60  Hyalonema_populiferum                 57.26%    failed      0.00%
  61  Coeloplana_astericola                 77.65%    failed      0.00%
  62  Periphyla_periphyla                   56.39%    failed      0.00%
  63  Mertensiidae_sp._Antarctica           87.95%    failed      0.00%
  64  Hormathia_digitata                    61.70%    failed      0.00%
  65  Hydra_oligactis                       62.51%    failed      0.00%
  66  Pseudospongosorites_suberitoides      73.94%    failed      0.00%
  67  Sycon_coactum                         24.17%    failed      0.00%
  68  Sarcotragus_fasciculatus              63.73%    failed      0.00%
  69  Bolinopsis_ashleyi                    84.40%    failed      0.00%
  70  Pleurobrachia_sp_South_Carolina_USA   90.88%    failed      1.76%
  71  Aphrocallistes_vastus                  6.27%    failed      0.00%
  72  Oscarella_carmela                      2.26%    failed      0.00%
  73  Beroe_ovata                           95.26%    passed     28.61%
  74  Craseo_lathetica                      43.33%    failed      0.00%
  75  Nematostella_vectensis                13.18%    passed     29.40%
  76  Hormiphora_californica                57.25%    failed      0.00%
WARNING: 43 sequences contain more than 50% gaps/ambiguity
****  TOTAL                                 52.81%  63 sequences failed composition chi2 test (p-value<5%; df=19)

Create initial parsimony tree by phylogenetic likelihood library (PLL)... 3.318 seconds
Generating 1000 samples for ultrafast bootstrap (seed: 684494)...

NOTE: 2409 MB RAM (2 GB) is required!
Estimate model parameters (epsilon = 0.100)
1. Initial log-likelihood: -1834264.200
2. Current log-likelihood: -1786159.203
3. Current log-likelihood: -1786007.189
4. Current log-likelihood: -1786006.060
Optimal log-likelihood: -1786005.943
Gamma shape alpha: 0.786
Parameters optimization took 4 rounds (9.158 sec)
Computing ML distances based on estimated model parameters... 4.796 sec
WARNING: Some pairwise ML distances are too long (saturated)
Computing BIONJ tree...
0.003 seconds
Log-likelihood of BIONJ tree: -1790863.974
--------------------------------------------------------------------
|             INITIALIZING CANDIDATE TREE SET                      |
--------------------------------------------------------------------
Generating 98 parsimony trees... 336.180 second
Computing log-likelihood of 98 initial trees ... 106.670 seconds
Current best score: -1785859.502

Do NNI search on 20 best initial trees
Estimate model parameters (epsilon = 0.100)
BETTER TREE FOUND at iteration 1: -1785324.140
Iteration 10 / LogL: -1785332.008 / Time: 0h:9m:10s
Iteration 20 / LogL: -1785324.968 / Time: 0h:10m:21s
Finish initializing candidate tree set (3)
Current best tree score: -1785324.140 / CPU time: 586.981
Number of iterations: 20
--------------------------------------------------------------------
|               OPTIMIZING CANDIDATE TREE SET                      |
--------------------------------------------------------------------
Iteration 30 / LogL: -1785324.312 / Time: 0h:12m:8s (0h:29m:35s left)
Iteration 40 / LogL: -1785337.420 / Time: 0h:14m:5s (0h:21m:57s left)
Iteration 50 / LogL: -1785337.475 / Time: 0h:16m:1s (0h:16m:37s left)
Log-likelihood cutoff on original alignment: -1785440.086
Iteration 60 / LogL: -1785326.798 / Time: 0h:17m:58s (0h:12m:27s left)
Estimate model parameters (epsilon = 0.100)
UPDATE BEST LOG-LIKELIHOOD: -1785323.152
Iteration 70 / LogL: -1785329.303 / Time: 0h:20m:5s (0h:9m:0s left)
Iteration 80 / LogL: -1785323.976 / Time: 0h:21m:52s (0h:5m:48s left)
Iteration 90 / LogL: -1785325.481 / Time: 0h:23m:46s (0h:2m:55s left)
Iteration 100 / LogL: -1785338.193 / Time: 0h:25m:43s (0h:0m:15s left)
Log-likelihood cutoff on original alignment: -1785440.086
NOTE: Bootstrap correlation coefficient of split occurrence frequencies: 1.000
TREE SEARCH COMPLETED AFTER 102 ITERATIONS / Time: 0h:26m:4s

--------------------------------------------------------------------
|                    FINALIZING TREE SEARCH                        |
--------------------------------------------------------------------
Performs final model parameters optimization
Estimate model parameters (epsilon = 0.010)
1. Initial log-likelihood: -1785323.152
Optimal log-likelihood: -1785323.151
Gamma shape alpha: 0.785
Parameters optimization took 1 rounds (1.637 sec)
BEST SCORE FOUND : -1785323.151
Creating bootstrap support values...
Split supports printed to NEXUS file Whelan2017_Ctenophore_Metazoa_Choano_RCFV_Strict.WAG.splits.nex
Total tree length: 15.862

Total number of iterations: 102
CPU time used for tree search: 24060.559 sec (6h:41m:0s)
Wall-clock time used for tree search: 1529.901 sec (0h:25m:29s)
Total CPU time used: 24704.622 sec (6h:51m:44s)
Total wall-clock time used: 1566.352 sec (0h:26m:6s)

Computing bootstrap consensus tree...
Reading input file Whelan2017_Ctenophore_Metazoa_Choano_RCFV_Strict.WAG.splits.nex...
76 taxa and 182 splits.
Consensus tree written to Whelan2017_Ctenophore_Metazoa_Choano_RCFV_Strict.WAG.contree
Reading input trees file Whelan2017_Ctenophore_Metazoa_Choano_RCFV_Strict.WAG.contree
Log-likelihood of consensus tree: -1785323.151

Analysis results written to: 
  IQ-TREE report:                Whelan2017_Ctenophore_Metazoa_Choano_RCFV_Strict.WAG.iqtree
  Maximum-likelihood tree:       Whelan2017_Ctenophore_Metazoa_Choano_RCFV_Strict.WAG.treefile
  Likelihood distances:          Whelan2017_Ctenophore_Metazoa_Choano_RCFV_Strict.WAG.mldist

Ultrafast bootstrap approximation results written to:
  Split support values:          Whelan2017_Ctenophore_Metazoa_Choano_RCFV_Strict.WAG.splits.nex
  Consensus tree:                Whelan2017_Ctenophore_Metazoa_Choano_RCFV_Strict.WAG.contree
  Screen log file:               Whelan2017_Ctenophore_Metazoa_Choano_RCFV_Strict.WAG.log

Date and Time: Wed Nov  7 13:49:30 2018
