IQ-TREE multicore version 1.6.7 for Linux 64-bit built Aug 23 2018
Developed by Bui Quang Minh, Nguyen Lam Tung, Olga Chernomor,
Heiko Schmidt, Dominik Schrempf, Michael Woodhams.

Host:    c27n03.farnam.hpc.yale.internal (AVX2, FMA3, 251 GB RAM)
Command: iqtree -s Whelan2015_Dataset1_FullData.phy -nt 20 -bb 1000 -m GTR20+F+G -pre Whelan2015-D1.GTR20
Seed:    590502 (Using SPRNG - Scalable Parallel Random Number Generator)
Time:    Wed Oct 31 12:35:55 2018
Kernel:  AVX+FMA - 20 threads (28 CPU cores detected)

Reading alignment file Whelan2015_Dataset1_FullData.phy ... Phylip format detected
Alignment most likely contains protein sequences
WARNING: 2 sites contain only gaps or ambiguous characters.
Alignment has 76 sequences with 81008 columns, 79734 distinct patterns
65524 parsimony-informative, 9100 singleton sites, 6383 constant sites
                                  Gap/Ambiguity  Composition  p-value
   1  Aurelia_aurita                     72.01%    failed      0.00%
   2  Lottia_gigantea                     8.47%    failed      0.00%
   3  Acanthoeca_spectabilis             90.23%    failed      0.00%
   4  Sphaeroforma_arctica               42.94%    failed      0.00%
   5  Aspergillus_fumigatus              10.41%    failed      0.00%
   6  Bolocera_tuediae                   85.07%    failed      0.01%
   7  Drosophila_melanogaster             1.97%    failed      0.00%
   8  Rossella_fibulata                  33.25%    failed      0.00%
   9  Tubulanus_polymorphus              28.33%    failed      0.00%
  10  Amoebidium_parasiticum              8.21%    failed      0.00%
  11  Abylopsis_tetragona                31.45%    failed      0.00%
  12  Eunicella_verrucosa                32.87%    failed      0.00%
  13  Dryodora_glandiformis              51.82%    failed      0.00%
  14  Euplokamis_dunlapae                66.89%    failed      0.00%
  15  Lithobius_forficatus               30.79%    failed      0.59%
  16  Daphnia_pulex                       9.05%    failed      0.00%
  17  Pleurobrachia_pileus-A             36.50%    failed      0.00%
  18  Neurospora_crassa                   8.04%    failed      0.00%
  19  Exaiptasia_pallida                 51.38%    failed      0.00%
  20  Mortierella_verticillata            4.99%    failed      0.00%
  21  Homo_sapiens                        1.22%    failed      0.00%
  22  Amphimedon_queenslandica           17.82%    failed      0.00%
  23  Petrosia_ficiformis                52.68%    failed      0.00%
  24  Strongylocentrotus_purpuratus      25.03%    failed      2.09%
  25  Physalia_physalis                  46.65%    failed      0.00%
  26  Hydra_vulgaris                     24.74%    failed      0.00%
  27  Corticium_candelabrum              58.38%    failed      0.00%
  28  Nanomia_bijuga                     48.94%    failed      0.00%
  29  Sympagella_nux                     20.72%    failed      0.00%
  30  Spongilla_lacustris                67.99%    failed      0.04%
  31  Monosiga_ovata                     78.95%    failed      0.00%
  32  Crella_elegans                     72.40%    failed      0.01%
  33  Ministeria_vibrans                 48.41%    failed      0.00%
  34  Mnemiopsis_leidyi                  54.13%    failed      0.00%
  35  Petromyzon_marinus                 50.05%    failed      0.00%
  36  Allomyces_macrogynus                8.75%    failed      0.00%
  37  Hemithiris_psittacea               31.82%    failed      0.00%
  38  Agalma_elegans                     30.61%    failed      0.00%
  39  Tethya_wilhelma                    90.54%    failed      0.00%
  40  Bolinopsis_infundibulum            72.27%    failed      0.00%
  41  Ephydatia_muelleri                  9.85%    failed      0.00%
  42  Capitella_teleta                    9.57%    failed      0.00%
  43  Platygyra_carnosa                  44.78%    failed      0.00%
  44  Salpingoeca_pyxidium               71.35%    failed      0.00%
  45  Salpingoeca_rosetta                15.35%    failed      0.00%
  46  Chondrilla_nucula                  56.41%    failed      0.00%
  47  Trichoplax_adhaerens               15.26%    failed      0.00%
  48  Pleurobrachia_bachei               57.31%    failed      0.00%
  49  Monosiga_brevicollis               18.60%    failed      0.00%
  50  Beroe_abyssicola                   38.10%    failed      0.00%
  51  Hydra_viridissima                  63.51%    failed      0.00%
  52  Acropora_digitifera                32.22%    failed      0.00%
  53  Kirkpatrickia_variolosa            30.95%    failed      0.00%
  54  Latrunculia_apicalis               23.56%    failed      0.00%
  55  Hyalonema_populiferum              74.40%    failed      0.00%
  56  Rhizopus_oryzae                    25.32%    failed      0.00%
  57  Coeloplana_astericola              67.21%    failed      0.00%
  58  Periphylla_periphylla              69.26%    failed      0.00%
  59  Vallicula                          61.00%    failed      0.00%
  60  Hormathia_digitata                 75.36%    failed      0.00%
  61  Hydra_oligactis                    72.02%    failed      0.00%
  62  Mertensiidae                       69.58%    failed      0.00%
  63  Pseudospongosorites_suberitoides   82.63%    failed      0.00%
  64  Sycon_ciliatum                      6.09%    failed      0.00%
  65  Sycon_coactum                      33.27%    failed      0.00%
  66  Sarcotragus_fasciculatus           77.29%    failed      0.00%
  67  Saccharomyces_cerevisiae            5.95%    failed      0.00%
  68  Spizellomyces_punctatus             9.77%    failed      0.00%
  69  Capsaspora_owczarzaki               8.15%    failed      0.00%
  70  Aphrocallistes_vastus              15.18%    failed      0.00%
  71  Oscarella_carmela                  11.75%    failed      0.00%
  72  Danio_rerio                         3.67%    failed      0.00%
  73  Craseoa_lathetica                  46.37%    failed      0.00%
  74  Nematostella_vectensis             18.73%    failed      0.22%
  75  Saccoglossus_kowalevskii           75.91%    failed      0.00%
  76  Priapulus_caudatus                 68.85%    failed      0.00%
WARNING: 30 sequences contain more than 50% gaps/ambiguity
****  TOTAL                              40.41%  76 sequences failed composition chi2 test (p-value<5%; df=19)

Create initial parsimony tree by phylogenetic likelihood library (PLL)... 5.941 seconds
Generating 1000 samples for ultrafast bootstrap (seed: 590502)...
WARNING: GTR20 model will estimate 189 substitution rates that might be overfitting!
WARNING: Please only use GTR20 with very large data and always test for model fit!

NOTE: 4050 MB RAM (3 GB) is required!
Estimate model parameters (epsilon = 0.100)
1. Initial log-likelihood: -4460442.257
2. Current log-likelihood: -4332876.047
3. Current log-likelihood: -4332273.282
4. Current log-likelihood: -4332248.715
5. Current log-likelihood: -4332233.988
6. Current log-likelihood: -4332231.363
7. Current log-likelihood: -4332230.473
8. Current log-likelihood: -4332229.894
9. Current log-likelihood: -4332229.159
10. Current log-likelihood: -4332228.282
11. Current log-likelihood: -4332227.826
12. Current log-likelihood: -4332227.604
13. Current log-likelihood: -4332227.413
14. Current log-likelihood: -4332227.234
15. Current log-likelihood: -4332227.063
16. Current log-likelihood: -4332226.900
17. Current log-likelihood: -4332226.695
18. Current log-likelihood: -4332226.505
19. Current log-likelihood: -4332225.196
20. Current log-likelihood: -4332224.404
21. Current log-likelihood: -4332222.473
22. Current log-likelihood: -4332220.636
23. Current log-likelihood: -4332220.102
24. Current log-likelihood: -4332219.811
25. Current log-likelihood: -4332219.495
26. Current log-likelihood: -4332219.122
27. Current log-likelihood: -4332219.016
Optimal log-likelihood: -4332218.944
Gamma shape alpha: 0.791
Parameters optimization took 27 rounds (7749.558 sec)
Computing ML distances based on estimated model parameters... 8.381 sec
Computing BIONJ tree...
0.062 seconds
Log-likelihood of BIONJ tree: -4334563.573
--------------------------------------------------------------------
|             INITIALIZING CANDIDATE TREE SET                      |
--------------------------------------------------------------------
Generating 98 parsimony trees... 567.886 second
Computing log-likelihood of 98 initial trees ... 189.885 seconds
Current best score: -4332218.944

Do NNI search on 20 best initial trees
Estimate model parameters (epsilon = 0.100)
BETTER TREE FOUND at iteration 1: -4331271.811
Iteration 10 / LogL: -4331284.323 / Time: 2h:30m:50s
Iteration 20 / LogL: -4331274.799 / Time: 2h:34m:38s
Finish initializing candidate tree set (4)
Current best tree score: -4331271.811 / CPU time: 1507.093
Number of iterations: 20
--------------------------------------------------------------------
|               OPTIMIZING CANDIDATE TREE SET                      |
--------------------------------------------------------------------
Iteration 30 / LogL: -4331290.951 / Time: 2h:38m:0s (6h:26m:36s left)
Iteration 40 / LogL: -4331291.740 / Time: 2h:41m:35s (4h:12m:35s left)
Iteration 50 / LogL: -4331295.436 / Time: 2h:45m:7s (2h:51m:44s left)
Log-likelihood cutoff on original alignment: -4331472.114
Iteration 60 / LogL: -4331304.881 / Time: 2h:48m:17s (1h:56m:52s left)
Iteration 70 / LogL: -4331273.470 / Time: 2h:52m:7s (1h:17m:17s left)
Iteration 80 / LogL: -4331515.267 / Time: 2h:55m:41s (0h:46m:40s left)
Iteration 90 / LogL: -4331470.806 / Time: 2h:59m:1s (0h:22m:6s left)
Iteration 100 / LogL: -4331287.077 / Time: 3h:2m:36s (0h:1m:50s left)
Log-likelihood cutoff on original alignment: -4331472.114
NOTE: Bootstrap correlation coefficient of split occurrence frequencies: 0.998
TREE SEARCH COMPLETED AFTER 102 ITERATIONS / Time: 3h:3m:14s

--------------------------------------------------------------------
|                    FINALIZING TREE SEARCH                        |
--------------------------------------------------------------------
Performs final model parameters optimization
Estimate model parameters (epsilon = 0.010)
1. Initial log-likelihood: -4331271.811
2. Current log-likelihood: -4331271.721
3. Current log-likelihood: -4331271.638
4. Current log-likelihood: -4331271.542
5. Current log-likelihood: -4331271.455
6. Current log-likelihood: -4331271.237
7. Current log-likelihood: -4331271.050
8. Current log-likelihood: -4331270.952
9. Current log-likelihood: -4331270.841
10. Current log-likelihood: -4331270.788
11. Current log-likelihood: -4331270.737
12. Current log-likelihood: -4331270.693
13. Current log-likelihood: -4331270.650
14. Current log-likelihood: -4331270.611
15. Current log-likelihood: -4331270.573
16. Current log-likelihood: -4331270.537
17. Current log-likelihood: -4331270.502
18. Current log-likelihood: -4331270.469
19. Current log-likelihood: -4331270.436
20. Current log-likelihood: -4331270.404
21. Current log-likelihood: -4331270.373
22. Current log-likelihood: -4331270.343
23. Current log-likelihood: -4331270.313
24. Current log-likelihood: -4331270.284
25. Current log-likelihood: -4331270.255
26. Current log-likelihood: -4331270.227
27. Current log-likelihood: -4331270.199
28. Current log-likelihood: -4331270.171
29. Current log-likelihood: -4331270.143
30. Current log-likelihood: -4331270.117
31. Current log-likelihood: -4331270.090
32. Current log-likelihood: -4331270.064
33. Current log-likelihood: -4331270.038
34. Current log-likelihood: -4331270.013
35. Current log-likelihood: -4331269.988
36. Current log-likelihood: -4331269.963
37. Current log-likelihood: -4331269.938
38. Current log-likelihood: -4331269.914
39. Current log-likelihood: -4331269.890
40. Current log-likelihood: -4331269.866
41. Current log-likelihood: -4331269.842
42. Current log-likelihood: -4331269.819
43. Current log-likelihood: -4331269.796
44. Current log-likelihood: -4331269.773
45. Current log-likelihood: -4331269.750
46. Current log-likelihood: -4331269.728
47. Current log-likelihood: -4331269.706
48. Current log-likelihood: -4331269.684
49. Current log-likelihood: -4331269.662
50. Current log-likelihood: -4331269.640
51. Current log-likelihood: -4331269.619
52. Current log-likelihood: -4331269.597
53. Current log-likelihood: -4331269.576
54. Current log-likelihood: -4331269.555
55. Current log-likelihood: -4331269.535
56. Current log-likelihood: -4331269.514
57. Current log-likelihood: -4331269.494
58. Current log-likelihood: -4331269.474
59. Current log-likelihood: -4331269.453
60. Current log-likelihood: -4331269.434
61. Current log-likelihood: -4331269.414
62. Current log-likelihood: -4331269.394
63. Current log-likelihood: -4331269.375
64. Current log-likelihood: -4331269.356
65. Current log-likelihood: -4331269.336
66. Current log-likelihood: -4331269.318
67. Current log-likelihood: -4331269.299
68. Current log-likelihood: -4331269.280
69. Current log-likelihood: -4331269.262
70. Current log-likelihood: -4331269.243
71. Current log-likelihood: -4331269.225
72. Current log-likelihood: -4331269.207
73. Current log-likelihood: -4331269.189
74. Current log-likelihood: -4331269.171
75. Current log-likelihood: -4331269.153
76. Current log-likelihood: -4331269.136
77. Current log-likelihood: -4331269.119
78. Current log-likelihood: -4331269.101
79. Current log-likelihood: -4331269.084
80. Current log-likelihood: -4331269.067
81. Current log-likelihood: -4331269.050
82. Current log-likelihood: -4331269.033
83. Current log-likelihood: -4331269.017
84. Current log-likelihood: -4331269.000
85. Current log-likelihood: -4331268.984
86. Current log-likelihood: -4331268.967
87. Current log-likelihood: -4331268.951
88. Current log-likelihood: -4331268.935
89. Current log-likelihood: -4331268.919
90. Current log-likelihood: -4331268.903
91. Current log-likelihood: -4331268.887
92. Current log-likelihood: -4331268.872
93. Current log-likelihood: -4331268.856
94. Current log-likelihood: -4331268.841
95. Current log-likelihood: -4331268.825
96. Current log-likelihood: -4331268.810
97. Current log-likelihood: -4331268.795
98. Current log-likelihood: -4331268.780
99. Current log-likelihood: -4331268.765
Optimal log-likelihood: -4331268.765
Gamma shape alpha: 0.792
Parameters optimization took 99 rounds (6584.533 sec)
BEST SCORE FOUND : -4331268.765
Creating bootstrap support values...
Split supports printed to NEXUS file Whelan2015-D1.GTR20.splits.nex
Total tree length: 30.724

Total number of iterations: 102
CPU time used for tree search: 53982.987 sec (14h:59m:42s)
Wall-clock time used for tree search: 3222.604 sec (0h:53m:42s)
Total CPU time used: 338696.162 sec (94h:4m:56s)
Total wall-clock time used: 17579.084 sec (4h:52m:59s)

Computing bootstrap consensus tree...
Reading input file Whelan2015-D1.GTR20.splits.nex...
76 taxa and 164 splits.
Consensus tree written to Whelan2015-D1.GTR20.contree
Reading input trees file Whelan2015-D1.GTR20.contree
Log-likelihood of consensus tree: -4331268.765

Analysis results written to: 
  IQ-TREE report:                Whelan2015-D1.GTR20.iqtree
  Maximum-likelihood tree:       Whelan2015-D1.GTR20.treefile
  Likelihood distances:          Whelan2015-D1.GTR20.mldist

Ultrafast bootstrap approximation results written to:
  Split support values:          Whelan2015-D1.GTR20.splits.nex
  Consensus tree:                Whelan2015-D1.GTR20.contree
  Screen log file:               Whelan2015-D1.GTR20.log

Date and Time: Wed Oct 31 17:29:10 2018
