IQ-TREE multicore version 1.6.7 for Linux 64-bit built Aug 23 2018
Developed by Bui Quang Minh, Nguyen Lam Tung, Olga Chernomor,
Heiko Schmidt, Dominik Schrempf, Michael Woodhams.

Host:    c27n08.farnam.hpc.yale.internal (AVX2, FMA3, 251 GB RAM)
Command: iqtree -s Whelan2015_Datset20_Uncertain_LBAgenesHeteroRemoved_LBAtaxa.phy -nt 20 -bb 1000 -m GTR20+F+G -pre Whelan2015-D20.GTR20
Seed:    85063 (Using SPRNG - Scalable Parallel Random Number Generator)
Time:    Wed Oct 31 10:35:47 2018
Kernel:  AVX+FMA - 20 threads (28 CPU cores detected)

Reading alignment file Whelan2015_Datset20_Uncertain_LBAgenesHeteroRemoved_LBAtaxa.phy ... Phylip format detected
Alignment most likely contains protein sequences
WARNING: 5 sites contain only gaps or ambiguous characters.
Alignment has 70 sequences with 46542 columns, 45582 distinct patterns
36307 parsimony-informative, 5541 singleton sites, 4694 constant sites
                                  Gap/Ambiguity  Composition  p-value
   1  Aurelia_aurita                     61.56%    failed      0.00%
   2  Lottia_gigantea                     6.62%    failed      0.00%
   3  Sphaeroforma_arctica               44.76%    failed      0.00%
   4  Bolocera_tuediae                   81.40%    failed      3.87%
   5  Drosophila_melanogaster             4.48%    failed      0.00%
   6  Rossella_fibulata                  39.46%    failed      0.00%
   7  Tubulanus_polymorphus              17.26%    failed      0.00%
   8  Amoebidium_parasiticum             12.87%    failed      0.00%
   9  Abylopsis_tetragona                27.89%    failed      0.00%
  10  Eunicella_verrucosa                18.49%    failed      0.00%
  11  Dryodora_glandiformis              45.41%    failed      0.01%
  12  Euplokamis_dunlapae                61.05%    failed      0.00%
  13  Lithobius_forficatus               22.81%    passed     23.92%
  14  Daphnia_pulex                       9.34%    failed      4.37%
  15  Pleurobrachia_pileus-A             37.88%    failed      0.78%
  16  Exaiptasia_pallida                 45.06%    failed      0.00%
  17  Mortierella_verticillata            5.87%    failed      0.00%
  18  Homo_sapiens                        5.68%    failed      0.00%
  19  Amphimedon_queenslandica           16.10%    failed      0.00%
  20  Petrosia_ficiformis                48.92%    failed      0.00%
  21  Strongylocentrotus_purpuratus      22.82%    passed     46.56%
  22  Physalia_physalis                  35.89%    failed      0.00%
  23  Hydra_vulgaris                     26.18%    failed      0.00%
  24  Corticium_candelabrum              59.65%    failed      0.16%
  25  Nanomia_bijuga                     40.98%    failed      0.00%
  26  Sympagella_nux                     28.77%    failed      0.00%
  27  Spongilla_lacustris                67.66%    passed     11.05%
  28  Monosiga_ovata                     76.18%    failed      0.00%
  29  Crella_elegans                     69.88%    passed     10.95%
  30  Ministeria_vibrans                 36.28%    failed      0.00%
  31  Mnemiopsis_leidyi                  48.56%    failed      0.00%
  32  Petromyzon_marinus                 52.35%    failed      0.00%
  33  Allomyces_macrogynus                9.75%    failed      0.00%
  34  Hemithiris_psittacea               21.87%    failed      0.25%
  35  Agalma_elegans                     28.33%    failed      0.00%
  36  Tethya_wilhelma                    86.43%    failed      0.00%
  37  Bolinopsis_infundibulum            71.00%    failed      0.00%
  38  Ephydatia_muelleri                 15.90%    failed      0.00%
  39  Capitella_teleta                    6.76%    passed      9.88%
  40  Platygyra_carnosa                  37.37%    failed      0.00%
  41  Salpingoeca_rosetta                17.53%    failed      0.00%
  42  Chondrilla_nucula                  51.67%    failed      0.01%
  43  Trichoplax_adhaerens               15.35%    failed      0.00%
  44  Pleurobrachia_bachei               60.46%    failed      0.13%
  45  Beroe_abyssicola                   29.83%    failed      0.00%
  46  Hydra_viridissima                  63.28%    failed      0.00%
  47  Acropora_digitifera                31.89%    failed      0.17%
  48  Kirkpatrickia_variolosa            24.82%    failed      0.00%
  49  Latrunculia_apicalis               24.01%    failed      0.00%
  50  Hyalonema_populiferum              71.05%    failed      0.00%
  51  Rhizopus_oryzae                    29.05%    failed      0.00%
  52  Coeloplana_astericola              63.01%    failed      0.00%
  53  Periphylla_periphylla              63.97%    failed      0.00%
  54  Vallicula                          58.32%    failed      0.27%
  55  Hormathia_digitata                 70.34%    failed      0.05%
  56  Hydra_oligactis                    72.02%    failed      0.00%
  57  Mertensiidae                       66.36%    failed      0.03%
  58  Pseudospongosorites_suberitoides   77.99%    failed      0.12%
  59  Sycon_ciliatum                     17.74%    failed      0.00%
  60  Sycon_coactum                      38.39%    failed      0.00%
  61  Sarcotragus_fasciculatus           72.49%    failed      0.00%
  62  Spizellomyces_punctatus            11.39%    failed      0.00%
  63  Capsaspora_owczarzaki               7.72%    failed      0.00%
  64  Aphrocallistes_vastus              24.08%    failed      0.00%
  65  Oscarella_carmela                   8.25%    failed      0.00%
  66  Danio_rerio                         8.15%    failed      0.00%
  67  Craseoa_lathetica                  42.38%    failed      0.00%
  68  Nematostella_vectensis             17.68%    passed     22.36%
  69  Saccoglossus_kowalevskii           68.07%    failed      0.00%
  70  Priapulus_caudatus                 62.08%    failed      0.09%
WARNING: 24 sequences contain more than 50% gaps/ambiguity
****  TOTAL                              38.93%  64 sequences failed composition chi2 test (p-value<5%; df=19)

Create initial parsimony tree by phylogenetic likelihood library (PLL)... 2.701 seconds
Generating 1000 samples for ultrafast bootstrap (seed: 85063)...
WARNING: GTR20 model will estimate 189 substitution rates that might be overfitting!
WARNING: Please only use GTR20 with very large data and always test for model fit!

NOTE: 2146 MB RAM (2 GB) is required!
Estimate model parameters (epsilon = 0.100)
1. Initial log-likelihood: -2298898.897
2. Current log-likelihood: -2238405.388
3. Current log-likelihood: -2238098.446
4. Current log-likelihood: -2238084.428
5. Current log-likelihood: -2238083.412
6. Current log-likelihood: -2238082.791
7. Current log-likelihood: -2238082.531
8. Current log-likelihood: -2238082.307
9. Current log-likelihood: -2238082.132
10. Current log-likelihood: -2238081.944
11. Current log-likelihood: -2238081.792
12. Current log-likelihood: -2238081.654
13. Current log-likelihood: -2238081.534
14. Current log-likelihood: -2238081.409
15. Current log-likelihood: -2238081.300
16. Current log-likelihood: -2238081.198
Optimal log-likelihood: -2238081.105
Gamma shape alpha: 0.767
Parameters optimization took 16 rounds (4422.989 sec)
Computing ML distances based on estimated model parameters... 3.731 sec
Computing BIONJ tree...
0.003 seconds
Log-likelihood of BIONJ tree: -2238903.003
--------------------------------------------------------------------
|             INITIALIZING CANDIDATE TREE SET                      |
--------------------------------------------------------------------
Generating 98 parsimony trees... 263.934 second
Computing log-likelihood of 98 initial trees ... 89.339 seconds
Current best score: -2237960.980

Do NNI search on 20 best initial trees
Estimate model parameters (epsilon = 0.100)
BETTER TREE FOUND at iteration 1: -2237554.785
Iteration 10 / LogL: -2237555.394 / Time: 1h:24m:30s
Iteration 20 / LogL: -2237579.997 / Time: 1h:26m:1s
Finish initializing candidate tree set (3)
Current best tree score: -2237554.785 / CPU time: 729.458
Number of iterations: 20
--------------------------------------------------------------------
|               OPTIMIZING CANDIDATE TREE SET                      |
--------------------------------------------------------------------
Iteration 30 / LogL: -2238113.183 / Time: 1h:27m:35s (3h:34m:19s left)
Iteration 40 / LogL: -2237718.255 / Time: 1h:29m:3s (2h:19m:13s left)
Iteration 50 / LogL: -2237588.326 / Time: 1h:30m:27s (1h:34m:6s left)
Log-likelihood cutoff on original alignment: -2237678.705
Iteration 60 / LogL: -2237594.906 / Time: 1h:31m:58s (1h:3m:53s left)
Iteration 70 / LogL: -2237710.102 / Time: 1h:33m:36s (0h:42m:1s left)
Iteration 80 / LogL: -2237562.988 / Time: 1h:35m:8s (0h:25m:16s left)
Iteration 90 / LogL: -2237569.789 / Time: 1h:36m:46s (0h:11m:57s left)
Iteration 100 / LogL: -2237565.508 / Time: 1h:38m:17s (0h:0m:59s left)
Log-likelihood cutoff on original alignment: -2237678.705
NOTE: Bootstrap correlation coefficient of split occurrence frequencies: 1.000
TREE SEARCH COMPLETED AFTER 102 ITERATIONS / Time: 1h:38m:38s

--------------------------------------------------------------------
|                    FINALIZING TREE SEARCH                        |
--------------------------------------------------------------------
Performs final model parameters optimization
Estimate model parameters (epsilon = 0.010)
1. Initial log-likelihood: -2237554.785
2. Current log-likelihood: -2237554.670
3. Current log-likelihood: -2237554.571
4. Current log-likelihood: -2237554.490
5. Current log-likelihood: -2237554.417
6. Current log-likelihood: -2237554.328
7. Current log-likelihood: -2237554.248
8. Current log-likelihood: -2237554.180
9. Current log-likelihood: -2237554.117
10. Current log-likelihood: -2237554.044
11. Current log-likelihood: -2237553.977
12. Current log-likelihood: -2237553.918
13. Current log-likelihood: -2237553.862
14. Current log-likelihood: -2237553.800
15. Current log-likelihood: -2237553.742
16. Current log-likelihood: -2237553.689
17. Current log-likelihood: -2237553.640
18. Current log-likelihood: -2237553.586
19. Current log-likelihood: -2237553.535
20. Current log-likelihood: -2237553.488
21. Current log-likelihood: -2237553.444
22. Current log-likelihood: -2237553.396
23. Current log-likelihood: -2237553.350
24. Current log-likelihood: -2237553.308
25. Current log-likelihood: -2237553.268
26. Current log-likelihood: -2237553.225
27. Current log-likelihood: -2237553.184
28. Current log-likelihood: -2237553.145
29. Current log-likelihood: -2237553.109
30. Current log-likelihood: -2237553.070
31. Current log-likelihood: -2237553.033
32. Current log-likelihood: -2237552.997
33. Current log-likelihood: -2237552.964
34. Current log-likelihood: -2237552.928
35. Current log-likelihood: -2237552.894
36. Current log-likelihood: -2237552.862
37. Current log-likelihood: -2237552.831
38. Current log-likelihood: -2237552.798
39. Current log-likelihood: -2237552.767
40. Current log-likelihood: -2237552.737
41. Current log-likelihood: -2237552.708
42. Current log-likelihood: -2237552.678
43. Current log-likelihood: -2237552.649
44. Current log-likelihood: -2237552.621
45. Current log-likelihood: -2237552.594
46. Current log-likelihood: -2237552.566
47. Current log-likelihood: -2237552.540
48. Current log-likelihood: -2237552.514
49. Current log-likelihood: -2237552.489
50. Current log-likelihood: -2237552.463
51. Current log-likelihood: -2237552.438
52. Current log-likelihood: -2237552.413
53. Current log-likelihood: -2237552.390
54. Current log-likelihood: -2237552.366
55. Current log-likelihood: -2237552.342
56. Current log-likelihood: -2237552.319
57. Current log-likelihood: -2237552.298
58. Current log-likelihood: -2237552.275
59. Current log-likelihood: -2237552.253
60. Current log-likelihood: -2237552.231
61. Current log-likelihood: -2237552.211
62. Current log-likelihood: -2237552.189
63. Current log-likelihood: -2237552.169
64. Current log-likelihood: -2237552.148
65. Current log-likelihood: -2237552.129
66. Current log-likelihood: -2237552.109
67. Current log-likelihood: -2237552.089
68. Current log-likelihood: -2237552.070
69. Current log-likelihood: -2237552.052
70. Current log-likelihood: -2237552.033
71. Current log-likelihood: -2237552.014
72. Current log-likelihood: -2237551.996
73. Current log-likelihood: -2237551.979
74. Current log-likelihood: -2237551.961
75. Current log-likelihood: -2237551.944
76. Current log-likelihood: -2237551.926
77. Current log-likelihood: -2237551.910
78. Current log-likelihood: -2237551.893
79. Current log-likelihood: -2237551.876
80. Current log-likelihood: -2237551.860
81. Current log-likelihood: -2237551.844
82. Current log-likelihood: -2237551.828
83. Current log-likelihood: -2237551.813
84. Current log-likelihood: -2237551.797
85. Current log-likelihood: -2237551.782
86. Current log-likelihood: -2237551.767
87. Current log-likelihood: -2237551.752
88. Current log-likelihood: -2237551.737
89. Current log-likelihood: -2237551.723
90. Current log-likelihood: -2237551.709
91. Current log-likelihood: -2237551.695
92. Current log-likelihood: -2237551.681
93. Current log-likelihood: -2237551.667
94. Current log-likelihood: -2237551.653
95. Current log-likelihood: -2237551.640
96. Current log-likelihood: -2237551.626
97. Current log-likelihood: -2237551.613
98. Current log-likelihood: -2237551.600
99. Current log-likelihood: -2237551.588
Optimal log-likelihood: -2237551.588
Gamma shape alpha: 0.766
Parameters optimization took 99 rounds (3322.274 sec)
BEST SCORE FOUND : -2237551.588
Creating bootstrap support values...
Split supports printed to NEXUS file Whelan2015-D20.GTR20.splits.nex
Total tree length: 24.873

Total number of iterations: 102
CPU time used for tree search: 24563.268 sec (6h:49m:23s)
Wall-clock time used for tree search: 1485.906 sec (0h:24m:45s)
Total CPU time used: 178520.350 sec (49h:35m:20s)
Total wall-clock time used: 9240.721 sec (2h:34m:0s)

Computing bootstrap consensus tree...
Reading input file Whelan2015-D20.GTR20.splits.nex...
70 taxa and 151 splits.
Consensus tree written to Whelan2015-D20.GTR20.contree
Reading input trees file Whelan2015-D20.GTR20.contree
Log-likelihood of consensus tree: -2237551.588

Analysis results written to: 
  IQ-TREE report:                Whelan2015-D20.GTR20.iqtree
  Maximum-likelihood tree:       Whelan2015-D20.GTR20.treefile
  Likelihood distances:          Whelan2015-D20.GTR20.mldist

Ultrafast bootstrap approximation results written to:
  Split support values:          Whelan2015-D20.GTR20.splits.nex
  Consensus tree:                Whelan2015-D20.GTR20.contree
  Screen log file:               Whelan2015-D20.GTR20.log

Date and Time: Wed Oct 31 13:09:52 2018
