IQ-TREE multicore version 1.6.7 for Linux 64-bit built Aug 23 2018
Developed by Bui Quang Minh, Nguyen Lam Tung, Olga Chernomor,
Heiko Schmidt, Dominik Schrempf, Michael Woodhams.

Host:    c27n07.farnam.hpc.yale.internal (AVX2, FMA3, 251 GB RAM)
Command: iqtree -s Whelan2017_Metazoa_full.phy -nt 20 -bb 1000 -m Poisson+C60+F+G -pre Whelan2017-Ctenophore_Metazoa_full.poisson_C60
Seed:    344793 (Using SPRNG - Scalable Parallel Random Number Generator)
Time:    Tue Oct 30 21:35:17 2018
Kernel:  AVX+FMA - 20 threads (28 CPU cores detected)

Reading alignment file Whelan2017_Metazoa_full.phy ... Phylip format detected
Alignment most likely contains protein sequences
Alignment has 80 sequences with 68062 columns, 66017 distinct patterns
51252 parsimony-informative, 8710 singleton sites, 8100 constant sites
                                     Gap/Ambiguity  Composition  p-value
   1  Beroe_sp._Antarctica                  83.72%    failed      0.00%
   2  Mertensiidae_sp_Washington_USA        75.64%    failed      0.97%
   3  Ctenophora_sp_Florida_USA             87.42%    failed      0.03%
   4  Sphaeroforma_arctica                  37.01%    failed      0.00%
   5  Bolocera_tuediae                      78.00%    failed      0.02%
   6  Vallicula                             64.57%    failed      2.04%
   7  Drosophila_melanogaster                1.44%    failed      0.00%
   8  Ocyropsis_sp_Florida_USA              79.76%    failed      0.00%
   9  Rossella_fibulata                     25.22%    failed      0.00%
  10  Amoebidium_parasiticum                 7.53%    failed      0.00%
  11  Abylopsis_tetragona                   24.21%    failed      0.00%
  12  Pleurobrachia_pileus                  53.87%    failed      0.00%
  13  Ocyropsis_crystallina                 52.11%    failed      0.00%
  14  Eunicella_verrucosa                   16.14%    failed      0.00%
  15  Dryodora_glandiformis                 61.05%    failed      0.01%
  16  Euplokamis_dunlapae                   73.09%    failed      0.00%
  17  Daphnia_pulex                          5.27%    failed      1.40%
  18  Eurhamphaea_vexilligera               75.03%    failed      0.03%
  19  Exaiptasia_pallida                     8.79%    failed      0.00%
  20  Homo_sapiens                           0.53%    failed      0.00%
  21  Amphimedon_queenslandica              17.66%    failed      0.00%
  22  Petrosia_ficiformis                   47.86%    failed      0.00%
  23  Strongylocentrotus_purpatus           19.68%    failed      0.15%
  24  Physalia_physalia                     37.62%    failed      0.00%
  25  Hydra_vulgaris                        14.38%    failed      0.00%
  26  Beroe_sp_Queensland_Australia         67.23%    failed      0.01%
  27  Corticium_candelabrum                 59.33%    failed      0.02%
  28  Beroe_forskalii                       68.71%    failed      0.00%
  29  Nanomia_bijuga                        33.57%    failed      0.00%
  30  Lobata_sp_Punta_Arenas_Argentina      80.44%    failed      0.00%
  31  Acanthoeca                            14.90%    failed      0.00%
  32  Sycon_ciliatum                         7.08%    failed      0.00%
  33  Sympagella_nux                        14.49%    failed      0.00%
  34  Spongilla_lacustris                   41.37%    failed      0.00%
  35  Monosiga_ovata                        64.20%    failed      0.00%
  36  Crella_elegans                        62.80%    failed      0.06%
  37  Cydippida_sp_Maryland_USA             48.93%    failed      0.00%
  38  Ocyropsis_sp_Bimini_Bahamas           67.06%    failed      0.02%
  39  Ministeria_vibrans                    30.47%    failed      0.00%
  40  Mnemiopsis_leidyi                     68.91%    failed      0.00%
  41  Mycale_phylophylla                    28.31%    failed      0.00%
  42  Hemithris_psittacea                   20.37%    failed      0.01%
  43  Callianira_antarctica                 77.61%    failed      0.00%
  44  Agalma_elegans                        24.92%    failed      0.00%
  45  Cestum_veneris                        78.43%    failed      0.00%
  46  Cydippida                             77.02%    failed      2.36%
  47  Capitella_teleta                       4.86%    failed      0.17%
  48  Salpingoeca_pyxidium                  67.79%    failed      0.00%
  49  Salpingoeca_rosetta                   10.67%    failed      0.00%
  50  Chondrilla_nucula                     52.08%    failed      0.00%
  51  Trichoplax_adhaerens                   9.67%    failed      0.00%
  52  Pleurobrachia_bachei                  71.27%    failed      0.00%
  53  Monosiga_brevicolis                   15.70%    failed      0.00%
  54  Lobatolampea_tetragona                87.41%    failed      0.00%
  55  Beroe_abyssicola                      60.39%    failed      0.00%
  56  Capsaspora_owczarzaki                  7.69%    failed      0.00%
  57  Hydra_viridissima                     53.23%    failed      0.00%
  58  Acropora_digitifera                   50.27%    failed      0.07%
  59  Bolinopsis_infundibulum               86.83%    failed      0.41%
  60  Cliona_varians                        33.05%    failed      0.82%
  61  Kirkpatrickia_variolosa               25.58%    failed      0.28%
  62  Latrunculia_apicalis                  19.70%    failed      0.00%
  63  Hormiphora_palmata                    73.09%    passed     34.79%
  64  Hyalonema_populiferum                 54.20%    failed      0.00%
  65  Coeloplana_astericola                 65.97%    failed      0.00%
  66  Periphyla_periphyla                   58.96%    failed      0.00%
  67  Mertensiidae_sp._Antarctica           75.51%    failed      0.00%
  68  Hormathia_digitata                    62.44%    failed      0.00%
  69  Hydra_oligactis                       57.96%    failed      0.00%
  70  Pseudospongosorites_suberitoides      72.35%    failed      0.00%
  71  Sycon_coactum                         30.62%    failed      0.00%
  72  Sarcotragus_fasciculatus              63.86%    failed      0.00%
  73  Bolinopsis_ashleyi                    78.47%    failed      0.00%
  74  Pleurobrachia_sp_South_Carolina_USA   77.18%    passed     24.03%
  75  Aphrocallistes_vastus                  9.70%    failed      0.00%
  76  Oscarella_carmela                      4.87%    failed      0.00%
  77  Beroe_ovata                           82.02%    failed      0.09%
  78  Craseo_lathetica                      39.26%    failed      0.00%
  79  Nematostella_vectensis                10.74%    failed      0.79%
  80  Hormiphora_californica                43.09%    failed      0.00%
WARNING: 42 sequences contain more than 50% gaps/ambiguity
****  TOTAL                                 46.25%  78 sequences failed composition chi2 test (p-value<5%; df=19)

Create initial parsimony tree by phylogenetic likelihood library (PLL)... 3.538 seconds
Generating 1000 samples for ultrafast bootstrap (seed: 344793)...
Model Poisson+C60+F+G is alias for Poisson+POISSON+G+FMIX{C60pi1:1:0.0169698865,C60pi2:1:0.0211683374,C60pi3:1:0.0276589079,C60pi4:1:0.0065675964,C60pi5:1:0.0141221416,C60pi6:1:0.0068774834,C60pi7:1:0.0146909701,C60pi8:1:0.0067225777,C60pi9:1:0.0018396660,C60pi10:1:0.0102547197,C60pi11:1:0.0230896163,C60pi12:1:0.0057941033,C60pi13:1:0.0125394534,C60pi14:1:0.0204526478,C60pi15:1:0.0070629602,C60pi16:1:0.0117982741,C60pi17:1:0.0068334668,C60pi18:1:0.0433775839,C60pi19:1:0.0318278731,C60pi20:1:0.0222546108,C60pi21:1:0.0102264969,C60pi22:1:0.0150545891,C60pi23:1:0.0134159878,C60pi24:1:0.0148552065,C60pi25:1:0.0239111516,C60pi26:1:0.0128776278,C60pi27:1:0.0222318842,C60pi28:1:0.0247444742,C60pi29:1:0.0214274810,C60pi30:1:0.0115001882,C60pi31:1:0.0076017389,C60pi32:1:0.0130258568,C60pi33:1:0.0093701965,C60pi34:1:0.0467194264,C60pi35:1:0.0441940314,C60pi36:1:0.0322263154,C60pi37:1:0.0402999891,C60pi38:1:0.0150234227,C60pi39:1:0.0104589903,C60pi40:1:0.0214742395,C60pi41:1:0.0154957836,C60pi42:1:0.0101789953,C60pi43:1:0.0227980379,C60pi44:1:0.0123204539,C60pi45:1:0.0066777583,C60pi46:1:0.0004150083,C60pi47:1:0.0344385130,C60pi48:1:0.0113663379,C60pi49:1:0.0127143049,C60pi50:1:0.0124323741,C60pi51:1:0.0262124415,C60pi52:1:0.0064994957,C60pi53:1:0.0103203293,C60pi54:1:0.0142463512,C60pi55:1:0.0215600067,C60pi56:1:0.0199150700,C60pi57:1:0.0038964200,C60pi58:1:0.0113448855,C60pi59:1:0.0128595846,C60pi60:1:0.0117656776}+F+G

NOTE: 199412 MB RAM (194 GB) is required!
WARNING: Memory required per CPU-core (9.73695 GB) is higher than your computer RAM per CPU-core (8 GB), thus multiple runs may exceed RAM!
Estimate model parameters (epsilon = 0.100)
1. Initial log-likelihood: -2994677.095
2. Current log-likelihood: -2928315.381
3. Current log-likelihood: -2927747.823
4. Current log-likelihood: -2927737.069
5. Current log-likelihood: -2927736.362
Optimal log-likelihood: -2927736.305
Mixture weights: 0.014 0.029 0.024 0.024 0.013 0.022 0.010 0.010 0.010 0.002 0.011 0.032 0.006 0.014 0.013 0.004 0.011 0.008 0.035 0.022 0.013 0.006 0.012 0.017 0.025 0.022 0.010 0.035 0.033 0.029 0.021 0.015 0.012 0.009 0.047 0.029 0.029 0.018 0.016 0.009 0.025 0.008 0.007 0.039 0.009 0.006 0.000 0.018 0.005 0.013 0.008 0.022 0.013 0.010 0.018 0.019 0.022 0.002 0.010 0.008 0.017
Gamma shape alpha: 0.692
Parameters optimization took 5 rounds (1086.157 sec)
Computing ML distances based on estimated model parameters... 6.526 sec
Computing BIONJ tree...
0.005 seconds
Log-likelihood of BIONJ tree: -2932707.525
--------------------------------------------------------------------
|             INITIALIZING CANDIDATE TREE SET                      |
--------------------------------------------------------------------
Generating 98 parsimony trees... 477.065 second
Computing log-likelihood of 98 initial trees ... 11390.184 seconds
Current best score: -2927736.305

Do NNI search on 20 best initial trees
Estimate model parameters (epsilon = 0.100)
BETTER TREE FOUND at iteration 1: -2927654.745
Iteration 10 / LogL: -2927656.117 / Time: 6h:5m:39s
Iteration 20 / LogL: -2927657.896 / Time: 9h:12m:2s
Finish initializing candidate tree set (7)
Current best tree score: -2927654.745 / CPU time: 31265.237
Number of iterations: 20
--------------------------------------------------------------------
|               OPTIMIZING CANDIDATE TREE SET                      |
--------------------------------------------------------------------
Iteration 30 / LogL: -2927673.269 / Time: 12h:36m:36s (30h:52m:13s left)
Iteration 40 / LogL: -2927656.560 / Time: 15h:53m:20s (24h:51m:1s left)
Iteration 50 / LogL: -2927657.736 / Time: 19h:42m:13s (20h:30m:25s left)
Log-likelihood cutoff on original alignment: -2927740.358
Iteration 60 / LogL: -2927684.158 / Time: 23h:13m:25s (16h:8m:16s left)
Iteration 70 / LogL: -2927656.285 / Time: 26h:39m:44s (11h:58m:41s left)
Iteration 80 / LogL: -2927667.467 / Time: 30h:12m:48s (8h:1m:52s left)
Iteration 90 / LogL: -2927655.243 / Time: 33h:51m:27s (4h:11m:4s left)
Iteration 100 / LogL: -2927656.897 / Time: 37h:13m:33s (0h:22m:33s left)
Log-likelihood cutoff on original alignment: -2927740.358
NOTE: Bootstrap correlation coefficient of split occurrence frequencies: 1.000
TREE SEARCH COMPLETED AFTER 102 ITERATIONS / Time: 37h:51m:59s

--------------------------------------------------------------------
|                    FINALIZING TREE SEARCH                        |
--------------------------------------------------------------------
Performs final model parameters optimization
Estimate model parameters (epsilon = 0.010)
1. Initial log-likelihood: -2927654.745
2. Current log-likelihood: -2927654.729
Optimal log-likelihood: -2927654.720
Mixture weights: 0.014 0.029 0.024 0.024 0.013 0.022 0.010 0.009 0.010 0.002 0.011 0.032 0.006 0.014 0.013 0.004 0.011 0.008 0.035 0.022 0.013 0.006 0.011 0.017 0.025 0.022 0.010 0.035 0.033 0.029 0.021 0.015 0.012 0.009 0.047 0.030 0.029 0.018 0.016 0.009 0.025 0.008 0.007 0.039 0.009 0.006 0.000 0.018 0.005 0.013 0.008 0.022 0.013 0.010 0.018 0.019 0.022 0.002 0.010 0.008 0.017
Gamma shape alpha: 0.692
Parameters optimization took 2 rounds (250.003 sec)
BEST SCORE FOUND : -2927654.720
Creating bootstrap support values...
Split supports printed to NEXUS file Whelan2017-Ctenophore_Metazoa_full.poisson_C60.splits.nex
Total tree length: 22.536

Total number of iterations: 102
CPU time used for tree search: 2678035.527 sec (743h:53m:55s)
Wall-clock time used for tree search: 134462.364 sec (37h:21m:2s)
Total CPU time used: 2720001.755 sec (755h:33m:21s)
Total wall-clock time used: 136570.148 sec (37h:56m:10s)

Computing bootstrap consensus tree...
Reading input file Whelan2017-Ctenophore_Metazoa_full.poisson_C60.splits.nex...
80 taxa and 181 splits.
Consensus tree written to Whelan2017-Ctenophore_Metazoa_full.poisson_C60.contree
Reading input trees file Whelan2017-Ctenophore_Metazoa_full.poisson_C60.contree
Log-likelihood of consensus tree: -2927654.720

Analysis results written to: 
  IQ-TREE report:                Whelan2017-Ctenophore_Metazoa_full.poisson_C60.iqtree
  Maximum-likelihood tree:       Whelan2017-Ctenophore_Metazoa_full.poisson_C60.treefile
  Likelihood distances:          Whelan2017-Ctenophore_Metazoa_full.poisson_C60.mldist

Ultrafast bootstrap approximation results written to:
  Split support values:          Whelan2017-Ctenophore_Metazoa_full.poisson_C60.splits.nex
  Consensus tree:                Whelan2017-Ctenophore_Metazoa_full.poisson_C60.contree
  Screen log file:               Whelan2017-Ctenophore_Metazoa_full.poisson_C60.log

Date and Time: Thu Nov  1 11:42:43 2018
