IQ-TREE version 1.5.3 for Linux 64-bit built Mar 12 2017
Copyright (c) 2011-2016 Nguyen Lam Tung, Olga Chernomor, Arndt von Haeseler and Bui Quang Minh.

Host:    r1015.uppmax.uu.se (AVX2, FMA3, 251 GB RAM)
Command: iqtree -s /proj/metazoa_phylo/private/animal_tree_root_fork/files_mine/fasta/component1.mafft -m LG+C60+F -nt 1 -bb 1000 -redo
Seed:    789716 (Using SPRNG - Scalable Parallel Random Number Generator)
Time:    Fri Aug  5 08:48:42 2022
Kernel:  AVX+FMA

NOTE: Consider using the multicore version because your CPU has 16 cores!

Reading alignment file /proj/metazoa_phylo/private/animal_tree_root_fork/files_mine/fasta/component1.mafft ... Fasta format detected
Alignment most likely contains protein sequences
Alignment has 52 sequences with 248 columns and 225 patterns (164 informative sites, 55 constant sites)
WARNING: Some sequence names are changed as follows:
Philippe2009:Acropora_millepora:45264:Gene_0085 -> Philippe2009_Acropora_millepora_45264_Gene_0085
Philippe2009:Allomyces_macrogynus:28583:Gene_0085 -> Philippe2009_Allomyces_macrogynus_28583_Gene_0085
Philippe2009:Amoebidium_parasiticum:4881:Gene_0085 -> Philippe2009_Amoebidium_parasiticum_4881_Gene_0085
Philippe2009:Anoplodactylus_eroticus:488521:Gene_0085 -> Philippe2009_Anoplodactylus_eroticus_488521_Gene_0085
Philippe2009:Aplysia_californica:6500:Gene_0085 -> Philippe2009_Aplysia_californica_6500_Gene_0085
Philippe2009:Batrachochytrium_dendrobatidis:109871:Gene_0085 -> Philippe2009_Batrachochytrium_dendrobatidis_109871_Gene_0085
Philippe2009:Branchiostoma_floridae:7739:Gene_0085 -> Philippe2009_Branchiostoma_floridae_7739_Gene_0085
Philippe2009:Capitella_teleta:283909:Gene_0085 -> Philippe2009_Capitella_teleta_283909_Gene_0085
Philippe2009:Capsaspora_owczarzaki:192875:Gene_0085 -> Philippe2009_Capsaspora_owczarzaki_192875_Gene_0085
Philippe2009:Carteriospongia_foliascens:593584:Gene_0085 -> Philippe2009_Carteriospongia_foliascens_593584_Gene_0085
Philippe2009:Ciona_savignyi:51511:Gene_0085 -> Philippe2009_Ciona_savignyi_51511_Gene_0085
Philippe2009:Clytia_hemisphaerica:252671:Gene_0085 -> Philippe2009_Clytia_hemisphaerica_252671_Gene_0085
Philippe2009:Crassostrea_gigas:29159:Gene_0085 -> Philippe2009_Crassostrea_gigas_29159_Gene_0085
Philippe2009:Cyanea_capillata:27804:Gene_0085 -> Philippe2009_Cyanea_capillata_27804_Gene_0085
Philippe2009:Danio_rerio:7955:Gene_0085 -> Philippe2009_Danio_rerio_7955_Gene_0085
Philippe2009:Daphnia_pulex:6669:Gene_0085 -> Philippe2009_Daphnia_pulex_6669_Gene_0085
Philippe2009:Ephydatia_muelleri:6052:Gene_0085 -> Philippe2009_Ephydatia_muelleri_6052_Gene_0085
Philippe2009:Euperipatoides_kanangrensis:488523:Gene_0085 -> Philippe2009_Euperipatoides_kanangrensis_488523_Gene_0085
Philippe2009:Euprymna_scolopes:6613:Gene_0085 -> Philippe2009_Euprymna_scolopes_6613_Gene_0085
Philippe2009:Helobdella_robusta:6412:Gene_0085 -> Philippe2009_Helobdella_robusta_6412_Gene_0085
Philippe2009:Hydra_magnipapillata:6087:Gene_0085 -> Philippe2009_Hydra_magnipapillata_6087_Gene_0085
Philippe2009:Hydractinia_echinata:35630:Gene_0085 -> Philippe2009_Hydractinia_echinata_35630_Gene_0085
Philippe2009:Ixodes_scapularis:6945:Gene_0085 -> Philippe2009_Ixodes_scapularis_6945_Gene_0085
Philippe2009:Leucetta_chagosensis:185688:Gene_0085 -> Philippe2009_Leucetta_chagosensis_185688_Gene_0085
Philippe2009:Metridium_senile:6116:Gene_0085 -> Philippe2009_Metridium_senile_6116_Gene_0085
Philippe2009:Mnemiopsis_leidyi:27923:Gene_0085 -> Philippe2009_Mnemiopsis_leidyi_27923_Gene_0085
Philippe2009:Molgula_tectiformis:30286:Gene_0085 -> Philippe2009_Molgula_tectiformis_30286_Gene_0085
Philippe2009:Monosiga_brevicollis:81824:Gene_0085 -> Philippe2009_Monosiga_brevicollis_81824_Gene_0085
Philippe2009:Monosiga_ovata:81526:Gene_0085 -> Philippe2009_Monosiga_ovata_81526_Gene_0085
Philippe2009:Montastraea_faveolata:48498:Gene_0085 -> Philippe2009_Montastraea_faveolata_48498_Gene_0085
Philippe2009:Nasonia_vitripennis:7425:Gene_0085 -> Philippe2009_Nasonia_vitripennis_7425_Gene_0085
Philippe2009:Nematostella_vectensis:45351:Gene_0085 -> Philippe2009_Nematostella_vectensis_45351_Gene_0085
Philippe2009:Oscarella_carmela:386100:Gene_0085 -> Philippe2009_Oscarella_carmela_386100_Gene_0085
Philippe2009:Pedicellina_cernua:43123:Gene_0085 -> Philippe2009_Pedicellina_cernua_43123_Gene_0085
Philippe2009:Pediculus_humanus:121225:Gene_0085 -> Philippe2009_Pediculus_humanus_121225_Gene_0085
Philippe2009:Petromyzon_marinus:7757:Gene_0085 -> Philippe2009_Petromyzon_marinus_7757_Gene_0085
Philippe2009:Phycomyces_blakesleeanus:4837:Gene_0085 -> Philippe2009_Phycomyces_blakesleeanus_4837_Gene_0085
Philippe2009:Pleurobrachia_pileus:140457:Gene_0085 -> Philippe2009_Pleurobrachia_pileus_140457_Gene_0085
Philippe2009:Podocoryne_carnea:6096:Gene_0085 -> Philippe2009_Podocoryne_carnea_6096_Gene_0085
Philippe2009:Amphimedon_queenslandica:400682:Gene_0085 -> Philippe2009_Amphimedon_queenslandica_400682_Gene_0085
Philippe2009:Rhizopus_oryzae:64495:Gene_0085 -> Philippe2009_Rhizopus_oryzae_64495_Gene_0085
Philippe2009:Saccoglossus_kowalevskii:10224:Gene_0085 -> Philippe2009_Saccoglossus_kowalevskii_10224_Gene_0085
Philippe2009:Scutigera_coleoptrata:29022:Gene_0085 -> Philippe2009_Scutigera_coleoptrata_29022_Gene_0085
Philippe2009:Sphaeroforma_arctica:72019:Gene_0085 -> Philippe2009_Sphaeroforma_arctica_72019_Gene_0085
Philippe2009:Spizellomyces_punctatus:109760:Gene_0085 -> Philippe2009_Spizellomyces_punctatus_109760_Gene_0085
Philippe2009:Strongylocentrotus_purpuratus:7668:Gene_0085 -> Philippe2009_Strongylocentrotus_purpuratus_7668_Gene_0085
Philippe2009:Suberites_domuncula:55567:Gene_0085 -> Philippe2009_Suberites_domuncula_55567_Gene_0085
Philippe2009:Sycon_raphanus:56443:Gene_0085 -> Philippe2009_Sycon_raphanus_56443_Gene_0085
Philippe2009:Trichoplax_adhaerens:10228:Gene_0085 -> Philippe2009_Trichoplax_adhaerens_10228_Gene_0085
Philippe2009:Tubifex_tubifex:6386:Gene_0085 -> Philippe2009_Tubifex_tubifex_6386_Gene_0085
Philippe2009:Xenoturbella_bocki:242395:Gene_0085 -> Philippe2009_Xenoturbella_bocki_242395_Gene_0085
Philippe2009:Mertensiid_sp:140499:Gene_0085 -> Philippe2009_Mertensiid_sp_140499_Gene_0085

                                                              Gap/Ambiguity  Composition  p-value
   1  Philippe2009_Acropora_millepora_45264_Gene_0085                 0.00%    passed     99.79%
   2  Philippe2009_Allomyces_macrogynus_28583_Gene_0085               0.40%    passed     85.80%
   3  Philippe2009_Amoebidium_parasiticum_4881_Gene_0085             76.21%    passed      8.00%
   4  Philippe2009_Anoplodactylus_eroticus_488521_Gene_0085           0.00%    passed     99.86%
   5  Philippe2009_Aplysia_californica_6500_Gene_0085                 0.00%    passed     99.99%
   6  Philippe2009_Batrachochytrium_dendrobatidis_109871_Gene_0085    9.68%    passed     61.93%
   7  Philippe2009_Branchiostoma_floridae_7739_Gene_0085              0.00%    passed     99.96%
   8  Philippe2009_Capitella_teleta_283909_Gene_0085                  0.81%    passed     91.47%
   9  Philippe2009_Capsaspora_owczarzaki_192875_Gene_0085             0.40%    passed     72.99%
  10  Philippe2009_Carteriospongia_foliascens_593584_Gene_0085       71.77%    passed     71.43%
  11  Philippe2009_Ciona_savignyi_51511_Gene_0085                     0.00%    passed    100.00%
  12  Philippe2009_Clytia_hemisphaerica_252671_Gene_0085              0.00%    passed     99.87%
  13  Philippe2009_Crassostrea_gigas_29159_Gene_0085                  0.00%    passed     99.94%
  14  Philippe2009_Cyanea_capillata_27804_Gene_0085                  82.26%    passed     18.64%
  15  Philippe2009_Danio_rerio_7955_Gene_0085                         0.00%    passed     99.75%
  16  Philippe2009_Daphnia_pulex_6669_Gene_0085                       0.00%    passed     99.69%
  17  Philippe2009_Ephydatia_muelleri_6052_Gene_0085                  0.00%    passed     80.01%
  18  Philippe2009_Euperipatoides_kanangrensis_488523_Gene_0085       0.40%    passed    100.00%
  19  Philippe2009_Euprymna_scolopes_6613_Gene_0085                   0.00%    passed     96.75%
  20  Philippe2009_Helobdella_robusta_6412_Gene_0085                  0.00%    passed     99.90%
  21  Philippe2009_Hydra_magnipapillata_6087_Gene_0085                0.00%    passed     99.99%
  22  Philippe2009_Hydractinia_echinata_35630_Gene_0085               0.00%    passed     99.77%
  23  Philippe2009_Ixodes_scapularis_6945_Gene_0085                   0.00%    passed     99.97%
  24  Philippe2009_Leucetta_chagosensis_185688_Gene_0085              0.00%    passed     99.90%
  25  Philippe2009_Metridium_senile_6116_Gene_0085                    0.00%    passed     99.19%
  26  Philippe2009_Mnemiopsis_leidyi_27923_Gene_0085                  0.81%    passed     99.36%
  27  Philippe2009_Molgula_tectiformis_30286_Gene_0085                0.00%    passed     99.63%
  28  Philippe2009_Monosiga_brevicollis_81824_Gene_0085               1.21%    passed     86.87%
  29  Philippe2009_Monosiga_ovata_81526_Gene_0085                     0.00%    passed     74.64%
  30  Philippe2009_Montastraea_faveolata_48498_Gene_0085              0.00%    passed     99.99%
  31  Philippe2009_Nasonia_vitripennis_7425_Gene_0085                 0.00%    passed     99.31%
  32  Philippe2009_Nematostella_vectensis_45351_Gene_0085             0.00%    passed     99.99%
  33  Philippe2009_Oscarella_carmela_386100_Gene_0085                 0.00%    passed     99.64%
  34  Philippe2009_Pedicellina_cernua_43123_Gene_0085                 0.00%    passed     99.71%
  35  Philippe2009_Pediculus_humanus_121225_Gene_0085                 0.00%    passed     94.72%
  36  Philippe2009_Petromyzon_marinus_7757_Gene_0085                  0.00%    passed     99.79%
  37  Philippe2009_Phycomyces_blakesleeanus_4837_Gene_0085            0.40%    passed     98.25%
  38  Philippe2009_Pleurobrachia_pileus_140457_Gene_0085              0.81%    passed     99.48%
  39  Philippe2009_Podocoryne_carnea_6096_Gene_0085                  12.90%    passed     91.86%
  40  Philippe2009_Amphimedon_queenslandica_400682_Gene_0085          0.00%    passed     96.66%
  41  Philippe2009_Rhizopus_oryzae_64495_Gene_0085                    0.40%    passed     90.80%
  42  Philippe2009_Saccoglossus_kowalevskii_10224_Gene_0085           0.00%    passed     99.99%
  43  Philippe2009_Scutigera_coleoptrata_29022_Gene_0085              0.00%    passed     99.99%
  44  Philippe2009_Sphaeroforma_arctica_72019_Gene_0085               0.00%    passed      5.20%
  45  Philippe2009_Spizellomyces_punctatus_109760_Gene_0085           1.21%    failed      0.62%
  46  Philippe2009_Strongylocentrotus_purpuratus_7668_Gene_0085       0.00%    passed    100.00%
  47  Philippe2009_Suberites_domuncula_55567_Gene_0085                0.00%    passed    100.00%
  48  Philippe2009_Sycon_raphanus_56443_Gene_0085                     0.00%    passed     98.09%
  49  Philippe2009_Trichoplax_adhaerens_10228_Gene_0085               0.00%    passed     97.42%
  50  Philippe2009_Tubifex_tubifex_6386_Gene_0085                     0.00%    passed     92.86%
  51  Philippe2009_Xenoturbella_bocki_242395_Gene_0085                0.00%    passed     97.50%
  52  Philippe2009_Mertensiid_sp_140499_Gene_0085                     1.21%    passed     91.89%
WARNING: 3 sequences contain more than 50% gaps/ambiguity
****  TOTAL                                                           5.02%  1 sequences failed composition chi2 test (p-value<5%; df=19)

Create initial parsimony tree by phylogenetic likelihood library (PLL)... 0.012 seconds
Generating 1000 samples for ultrafast bootstrap (seed: 789716)...
Model LG+C60+F is alias for LG+POISSON+G+FMIX{C60pi1:1:0.0169698865,C60pi2:1:0.0211683374,C60pi3:1:0.0276589079,C60pi4:1:0.0065675964,C60pi5:1:0.0141221416,C60pi6:1:0.0068774834,C60pi7:1:0.0146909701,C60pi8:1:0.0067225777,C60pi9:1:0.0018396660,C60pi10:1:0.0102547197,C60pi11:1:0.0230896163,C60pi12:1:0.0057941033,C60pi13:1:0.0125394534,C60pi14:1:0.0204526478,C60pi15:1:0.0070629602,C60pi16:1:0.0117982741,C60pi17:1:0.0068334668,C60pi18:1:0.0433775839,C60pi19:1:0.0318278731,C60pi20:1:0.0222546108,C60pi21:1:0.0102264969,C60pi22:1:0.0150545891,C60pi23:1:0.0134159878,C60pi24:1:0.0148552065,C60pi25:1:0.0239111516,C60pi26:1:0.0128776278,C60pi27:1:0.0222318842,C60pi28:1:0.0247444742,C60pi29:1:0.0214274810,C60pi30:1:0.0115001882,C60pi31:1:0.0076017389,C60pi32:1:0.0130258568,C60pi33:1:0.0093701965,C60pi34:1:0.0467194264,C60pi35:1:0.0441940314,C60pi36:1:0.0322263154,C60pi37:1:0.0402999891,C60pi38:1:0.0150234227,C60pi39:1:0.0104589903,C60pi40:1:0.0214742395,C60pi41:1:0.0154957836,C60pi42:1:0.0101789953,C60pi43:1:0.0227980379,C60pi44:1:0.0123204539,C60pi45:1:0.0066777583,C60pi46:1:0.0004150083,C60pi47:1:0.0344385130,C60pi48:1:0.0113663379,C60pi49:1:0.0127143049,C60pi50:1:0.0124323741,C60pi51:1:0.0262124415,C60pi52:1:0.0064994957,C60pi53:1:0.0103203293,C60pi54:1:0.0142463512,C60pi55:1:0.0215600067,C60pi56:1:0.0199150700,C60pi57:1:0.0038964200,C60pi58:1:0.0113448855,C60pi59:1:0.0128595846,C60pi60:1:0.0117656776}+F

NOTE: 487 MB RAM (0 GB) is required!
Estimate model parameters (epsilon = 0.100)
1. Initial log-likelihood: -9284.753
2. Current log-likelihood: -9080.070
3. Current log-likelihood: -9071.957
4. Current log-likelihood: -9070.938
Optimal log-likelihood: -9070.817
Mixture weights: 0.128 0.039 0.000 0.007 0.011 0.000 0.000 0.000 0.020 0.002 0.049 0.027 0.009 0.000 0.010 0.000 0.016 0.013 0.000 0.000 0.013 0.000 0.062 0.000 0.029 0.018 0.000 0.011 0.083 0.008 0.008 0.000 0.022 0.000 0.029 0.029 0.044 0.007 0.029 0.003 0.015 0.022 0.000 0.035 0.000 0.040 0.004 0.006 0.025 0.000 0.002 0.063 0.000 0.004 0.018 0.000 0.029 0.000 0.006 0.000 0.007
Gamma shape alpha: 0.537
Parameters optimization took 4 rounds (47.759 sec)
WARNING: The mixture model might be overfitting because some mixture weights are estimated close to zero
Computing ML distances based on estimated model parameters... 0.853 sec
WARNING: Some pairwise ML distances are too long (saturated)
Computing BIONJ tree...
0.004 seconds
Log-likelihood of BIONJ tree: -9110.726
--------------------------------------------------------------------
|             INITIALIZING CANDIDATE TREE SET                      |
--------------------------------------------------------------------
Generating 98 parsimony trees... 1.443 second
Computing log-likelihood of 98 initial trees ... 420.906 seconds
Current best score: -9070.817

Do NNI search on 20 best initial trees
Estimate model parameters (epsilon = 0.100)
WARNING: The mixture model might be overfitting because some mixture weights are estimated close to zero
BETTER TREE FOUND at iteration 1: -9037.970
Estimate model parameters (epsilon = 0.100)
WARNING: The mixture model might be overfitting because some mixture weights are estimated close to zero
BETTER TREE FOUND at iteration 3: -9031.780
Estimate model parameters (epsilon = 0.100)
WARNING: The mixture model might be overfitting because some mixture weights are estimated close to zero
BETTER TREE FOUND at iteration 6: -9028.392
Iteration 10 / LogL: -9055.236 / Time: 0h:18m:33s
Iteration 20 / LogL: -9044.660 / Time: 0h:27m:44s
Finish initializing candidate tree set (20)
Current best tree score: -9028.392 / CPU time: 1595.261
Number of iterations: 20
--------------------------------------------------------------------
|               OPTIMIZING CANDIDATE TREE SET                      |
--------------------------------------------------------------------
Estimate model parameters (epsilon = 0.100)
WARNING: The mixture model might be overfitting because some mixture weights are estimated close to zero
BETTER TREE FOUND at iteration 25: -9027.054
Estimate model parameters (epsilon = 0.100)
WARNING: The mixture model might be overfitting because some mixture weights are estimated close to zero
BETTER TREE FOUND at iteration 27: -9026.659
Iteration 30 / LogL: -9033.605 / Time: 0h:36m:35s (2h:2m:22s left)
Estimate model parameters (epsilon = 0.100)
WARNING: The mixture model might be overfitting because some mixture weights are estimated close to zero
BETTER TREE FOUND at iteration 35: -9025.003
Estimate model parameters (epsilon = 0.100)
WARNING: The mixture model might be overfitting because some mixture weights are estimated close to zero
UPDATE BEST LOG-LIKELIHOOD: -9024.974
Estimate model parameters (epsilon = 0.100)
WARNING: The mixture model might be overfitting because some mixture weights are estimated close to zero
BETTER TREE FOUND at iteration 39: -9023.105
Iteration 40 / LogL: -9029.373 / Time: 0h:46m:50s (1h:58m:55s left)
Estimate model parameters (epsilon = 0.100)
WARNING: The mixture model might be overfitting because some mixture weights are estimated close to zero
BETTER TREE FOUND at iteration 48: -9020.602
Iteration 50 / LogL: -9024.157 / Time: 0h:56m:21s (1h:52m:43s left)
Log-likelihood cutoff on original alignment: -9081.335
Estimate model parameters (epsilon = 0.100)
WARNING: The mixture model might be overfitting because some mixture weights are estimated close to zero
BETTER TREE FOUND at iteration 55: -9020.508
Iteration 60 / LogL: -9020.602 / Time: 1h:6m:21s (1h:46m:51s left)
Iteration 70 / LogL: -9020.508 / Time: 1h:15m:26s (1h:32m:56s left)
Iteration 80 / LogL: -9023.756 / Time: 1h:24m:3s (1h:19m:47s left)
Iteration 90 / LogL: -9020.508 / Time: 1h:33m:30s (1h:8m:17s left)
Iteration 100 / LogL: -9020.884 / Time: 1h:42m:38s (0h:57m:1s left)
Log-likelihood cutoff on original alignment: -9081.335
NOTE: Bootstrap correlation coefficient of split occurrence frequencies: 0.994
Iteration 110 / LogL: -9020.508 / Time: 1h:52m:16s (1h:32m:41s left)
Iteration 120 / LogL: -9020.508 / Time: 2h:2m:15s (1h:22m:11s left)
Iteration 130 / LogL: -9023.594 / Time: 2h:11m:25s (1h:11m:18s left)
Iteration 140 / LogL: -9020.508 / Time: 2h:20m:1s (1h:0m:26s left)
Iteration 150 / LogL: -9020.508 / Time: 2h:29m:13s (0h:50m:4s left)
Log-likelihood cutoff on original alignment: -9081.335
TREE SEARCH COMPLETED AFTER 156 ITERATIONS / Time: 2h:34m:58s

--------------------------------------------------------------------
|                    FINALIZING TREE SEARCH                        |
--------------------------------------------------------------------
Performs final model parameters optimization
Estimate model parameters (epsilon = 0.010)
1. Initial log-likelihood: -9020.508
Optimal log-likelihood: -9020.508
Mixture weights: 0.145 0.036 0.000 0.007 0.011 0.000 0.000 0.000 0.017 0.000 0.047 0.034 0.007 0.000 0.008 0.000 0.015 0.010 0.000 0.000 0.013 0.000 0.064 0.000 0.039 0.018 0.000 0.007 0.088 0.000 0.009 0.000 0.022 0.000 0.030 0.028 0.045 0.007 0.031 0.001 0.013 0.023 0.000 0.039 0.000 0.041 0.000 0.004 0.025 0.000 0.000 0.065 0.000 0.003 0.015 0.000 0.029 0.000 0.000 0.000 0.006
Gamma shape alpha: 0.534
Parameters optimization took 1 rounds (6.779 sec)
WARNING: The mixture model might be overfitting because some mixture weights are estimated close to zero
BEST SCORE FOUND : -9020.508
Creating bootstrap support values...
Split supports printed to NEXUS file /proj/metazoa_phylo/private/animal_tree_root_fork/files_mine/fasta/component1.mafft.splits.nex
Total tree length: 17.104

Total number of iterations: 156
CPU time used for tree search: 9208.335 sec (2h:33m:28s)
Wall-clock time used for tree search: 9228.921 sec (2h:33m:48s)
Total CPU time used: 9283.502 sec (2h:34m:43s)
Total wall-clock time used: 9305.103 sec (2h:35m:5s)

Computing bootstrap consensus tree...
Reading input file /proj/metazoa_phylo/private/animal_tree_root_fork/files_mine/fasta/component1.mafft.splits.nex...
52 taxa and 817 splits.
Consensus tree written to /proj/metazoa_phylo/private/animal_tree_root_fork/files_mine/fasta/component1.mafft.contree
Reading input trees file /proj/metazoa_phylo/private/animal_tree_root_fork/files_mine/fasta/component1.mafft.contree
Log-likelihood of consensus tree: -9022.932

Analysis results written to: 
  IQ-TREE report:                /proj/metazoa_phylo/private/animal_tree_root_fork/files_mine/fasta/component1.mafft.iqtree
  Maximum-likelihood tree:       /proj/metazoa_phylo/private/animal_tree_root_fork/files_mine/fasta/component1.mafft.treefile
  Likelihood distances:          /proj/metazoa_phylo/private/animal_tree_root_fork/files_mine/fasta/component1.mafft.mldist

Ultrafast bootstrap approximation results written to:
  Split support values:          /proj/metazoa_phylo/private/animal_tree_root_fork/files_mine/fasta/component1.mafft.splits.nex
  Consensus tree:                /proj/metazoa_phylo/private/animal_tree_root_fork/files_mine/fasta/component1.mafft.contree
  Screen log file:               /proj/metazoa_phylo/private/animal_tree_root_fork/files_mine/fasta/component1.mafft.log

Date and Time: Fri Aug  5 11:24:06 2022
